[0.014s] Invoking command in '/home/chris/git/Mobile_robotsystem/robot_code/cpp/ros2_ws_gazebo/build/turtlebot3_simulations': /usr/bin/cmake /home/chris/git/Mobile_robotsystem/robot_code/cpp/ros2_ws_gazebo/src/turtlebot3_simulations/turtlebot3_simulations -DCMAKE_INSTALL_PREFIX=/home/chris/git/Mobile_robotsystem/robot_code/cpp/ros2_ws_gazebo/install/turtlebot3_simulations
[0.086s] -- The C compiler identification is GNU 11.4.0
[0.163s] -- The CXX compiler identification is GNU 11.4.0
[0.173s] -- Detecting C compiler ABI info
[0.286s] -- Detecting C compiler ABI info - done
[0.293s] -- Check for working C compiler: /usr/bin/cc - skipped
[0.293s] -- Detecting C compile features
[0.294s] -- Detecting C compile features - done
[0.297s] -- Detecting CXX compiler ABI info
[0.410s] -- Detecting CXX compiler ABI info - done
[0.417s] -- Check for working CXX compiler: /usr/bin/c++ - skipped
[0.417s] -- Detecting CXX compile features
[0.418s] -- Detecting CXX compile features - done
[0.422s] -- Found ament_cmake: 1.3.10 (/opt/ros/humble/share/ament_cmake/cmake)
[0.601s] -- Found Python3: /usr/bin/python3 (found version "3.10.12") found components: Interpreter 
[0.773s] -- Configuring done
[0.778s] -- Generating done
[0.780s] -- Build files have been written to: /home/chris/git/Mobile_robotsystem/robot_code/cpp/ros2_ws_gazebo/build/turtlebot3_simulations
[0.786s] Invoked command in '/home/chris/git/Mobile_robotsystem/robot_code/cpp/ros2_ws_gazebo/build/turtlebot3_simulations' returned '0': /usr/bin/cmake /home/chris/git/Mobile_robotsystem/robot_code/cpp/ros2_ws_gazebo/src/turtlebot3_simulations/turtlebot3_simulations -DCMAKE_INSTALL_PREFIX=/home/chris/git/Mobile_robotsystem/robot_code/cpp/ros2_ws_gazebo/install/turtlebot3_simulations
[0.788s] Invoking command in '/home/chris/git/Mobile_robotsystem/robot_code/cpp/ros2_ws_gazebo/build/turtlebot3_simulations': /usr/bin/cmake --build /home/chris/git/Mobile_robotsystem/robot_code/cpp/ros2_ws_gazebo/build/turtlebot3_simulations -- -j16 -l16
[0.838s] Invoked command in '/home/chris/git/Mobile_robotsystem/robot_code/cpp/ros2_ws_gazebo/build/turtlebot3_simulations' returned '0': /usr/bin/cmake --build /home/chris/git/Mobile_robotsystem/robot_code/cpp/ros2_ws_gazebo/build/turtlebot3_simulations -- -j16 -l16
[0.888s] Invoking command in '/home/chris/git/Mobile_robotsystem/robot_code/cpp/ros2_ws_gazebo/build/turtlebot3_simulations': /usr/bin/cmake --install /home/chris/git/Mobile_robotsystem/robot_code/cpp/ros2_ws_gazebo/build/turtlebot3_simulations
[0.896s] -- Install configuration: ""
[0.896s] -- Installing: /home/chris/git/Mobile_robotsystem/robot_code/cpp/ros2_ws_gazebo/install/turtlebot3_simulations/share/ament_index/resource_index/package_run_dependencies/turtlebot3_simulations
[0.896s] -- Installing: /home/chris/git/Mobile_robotsystem/robot_code/cpp/ros2_ws_gazebo/install/turtlebot3_simulations/share/ament_index/resource_index/parent_prefix_path/turtlebot3_simulations
[0.897s] -- Installing: /home/chris/git/Mobile_robotsystem/robot_code/cpp/ros2_ws_gazebo/install/turtlebot3_simulations/share/turtlebot3_simulations/environment/ament_prefix_path.sh
[0.897s] -- Installing: /home/chris/git/Mobile_robotsystem/robot_code/cpp/ros2_ws_gazebo/install/turtlebot3_simulations/share/turtlebot3_simulations/environment/ament_prefix_path.dsv
[0.897s] -- Installing: /home/chris/git/Mobile_robotsystem/robot_code/cpp/ros2_ws_gazebo/install/turtlebot3_simulations/share/turtlebot3_simulations/environment/path.sh
[0.897s] -- Installing: /home/chris/git/Mobile_robotsystem/robot_code/cpp/ros2_ws_gazebo/install/turtlebot3_simulations/share/turtlebot3_simulations/environment/path.dsv
[0.897s] -- Installing: /home/chris/git/Mobile_robotsystem/robot_code/cpp/ros2_ws_gazebo/install/turtlebot3_simulations/share/turtlebot3_simulations/local_setup.bash
[0.898s] -- Installing: /home/chris/git/Mobile_robotsystem/robot_code/cpp/ros2_ws_gazebo/install/turtlebot3_simulations/share/turtlebot3_simulations/local_setup.sh
[0.898s] -- Installing: /home/chris/git/Mobile_robotsystem/robot_code/cpp/ros2_ws_gazebo/install/turtlebot3_simulations/share/turtlebot3_simulations/local_setup.zsh
[0.898s] -- Installing: /home/chris/git/Mobile_robotsystem/robot_code/cpp/ros2_ws_gazebo/install/turtlebot3_simulations/share/turtlebot3_simulations/local_setup.dsv
[0.898s] -- Installing: /home/chris/git/Mobile_robotsystem/robot_code/cpp/ros2_ws_gazebo/install/turtlebot3_simulations/share/turtlebot3_simulations/package.dsv
[0.899s] -- Installing: /home/chris/git/Mobile_robotsystem/robot_code/cpp/ros2_ws_gazebo/install/turtlebot3_simulations/share/ament_index/resource_index/packages/turtlebot3_simulations
[0.899s] -- Installing: /home/chris/git/Mobile_robotsystem/robot_code/cpp/ros2_ws_gazebo/install/turtlebot3_simulations/share/turtlebot3_simulations/cmake/turtlebot3_simulationsConfig.cmake
[0.899s] -- Installing: /home/chris/git/Mobile_robotsystem/robot_code/cpp/ros2_ws_gazebo/install/turtlebot3_simulations/share/turtlebot3_simulations/cmake/turtlebot3_simulationsConfig-version.cmake
[0.899s] -- Installing: /home/chris/git/Mobile_robotsystem/robot_code/cpp/ros2_ws_gazebo/install/turtlebot3_simulations/share/turtlebot3_simulations/package.xml
[0.903s] Invoked command in '/home/chris/git/Mobile_robotsystem/robot_code/cpp/ros2_ws_gazebo/build/turtlebot3_simulations' returned '0': /usr/bin/cmake --install /home/chris/git/Mobile_robotsystem/robot_code/cpp/ros2_ws_gazebo/build/turtlebot3_simulations
