[1.078s] DEBUG:colcon:Command line arguments: ['/usr/bin/colcon', 'build', '--packages-select', 'turtlebot3_control']
[1.079s] DEBUG:colcon:Parsed command line arguments: Namespace(log_base=None, log_level=None, verb_name='build', build_base='build', install_base='install', merge_install=False, symlink_install=False, test_result_base=None, continue_on_error=False, executor='parallel', parallel_workers=4, event_handlers=None, ignore_user_meta=False, metas=['./colcon.meta'], base_paths=['.'], packages_ignore=None, packages_ignore_regex=None, paths=None, packages_up_to=None, packages_up_to_regex=None, packages_above=None, packages_above_and_dependencies=None, packages_above_depth=None, packages_select_by_dep=None, packages_skip_by_dep=None, packages_skip_up_to=None, packages_select_build_failed=False, packages_skip_build_finished=False, packages_select_test_failures=False, packages_skip_test_passed=False, packages_select=['turtlebot3_control'], packages_skip=None, packages_select_regex=None, packages_skip_regex=None, packages_start=None, packages_end=None, allow_overriding=[], cmake_args=None, cmake_target=None, cmake_target_skip_unavailable=False, cmake_clean_cache=False, cmake_clean_first=False, cmake_force_configure=False, ament_cmake_args=None, catkin_cmake_args=None, catkin_skip_building_tests=False, verb_parser=<colcon_defaults.argument_parser.defaults.DefaultArgumentsDecorator object at 0xffff86feff10>, verb_extension=<colcon_core.verb.build.BuildVerb object at 0xffff86f31330>, main=<bound method BuildVerb.main of <colcon_core.verb.build.BuildVerb object at 0xffff86f31330>>)
[2.949s] Level 1:colcon.colcon_core.package_discovery:discover_packages(colcon_meta) check parameters
[2.950s] Level 1:colcon.colcon_core.package_discovery:discover_packages(recursive) check parameters
[2.950s] Level 1:colcon.colcon_core.package_discovery:discover_packages(ignore) check parameters
[2.950s] Level 1:colcon.colcon_core.package_discovery:discover_packages(path) check parameters
[2.951s] Level 1:colcon.colcon_core.package_discovery:discover_packages(colcon_meta) discover
[2.951s] Level 1:colcon.colcon_core.package_discovery:discover_packages(recursive) discover
[2.951s] INFO:colcon.colcon_core.package_discovery:Crawling recursively for packages in '/home/pi/Mobile_robotsystem/ros2_ws'
[2.952s] Level 1:colcon.colcon_core.package_identification:_identify(.) by extensions ['ignore', 'ignore_ament_install']
[2.953s] Level 1:colcon.colcon_core.package_identification:_identify(.) by extension 'ignore'
[2.954s] Level 1:colcon.colcon_core.package_identification:_identify(.) by extension 'ignore_ament_install'
[2.954s] Level 1:colcon.colcon_core.package_identification:_identify(.) by extensions ['colcon_pkg']
[2.955s] Level 1:colcon.colcon_core.package_identification:_identify(.) by extension 'colcon_pkg'
[2.955s] Level 1:colcon.colcon_core.package_identification:_identify(.) by extensions ['colcon_meta']
[2.955s] Level 1:colcon.colcon_core.package_identification:_identify(.) by extension 'colcon_meta'
[2.956s] Level 1:colcon.colcon_core.package_identification:_identify(.) by extensions ['ros']
[2.956s] Level 1:colcon.colcon_core.package_identification:_identify(.) by extension 'ros'
[3.085s] Level 1:colcon.colcon_core.package_identification:_identify(.) by extensions ['cmake', 'python']
[3.085s] Level 1:colcon.colcon_core.package_identification:_identify(.) by extension 'cmake'
[3.086s] Level 1:colcon.colcon_core.package_identification:_identify(.) by extension 'python'
[3.086s] Level 1:colcon.colcon_core.package_identification:_identify(.) by extensions ['python_setup_py']
[3.087s] Level 1:colcon.colcon_core.package_identification:_identify(.) by extension 'python_setup_py'
[3.088s] Level 1:colcon.colcon_core.package_identification:_identify(build) by extensions ['ignore', 'ignore_ament_install']
[3.089s] Level 1:colcon.colcon_core.package_identification:_identify(build) by extension 'ignore'
[3.089s] Level 1:colcon.colcon_core.package_identification:_identify(build) ignored
[3.090s] Level 1:colcon.colcon_core.package_identification:_identify(dtmf_sounds) by extensions ['ignore', 'ignore_ament_install']
[3.091s] Level 1:colcon.colcon_core.package_identification:_identify(dtmf_sounds) by extension 'ignore'
[3.092s] Level 1:colcon.colcon_core.package_identification:_identify(dtmf_sounds) by extension 'ignore_ament_install'
[3.092s] Level 1:colcon.colcon_core.package_identification:_identify(dtmf_sounds) by extensions ['colcon_pkg']
[3.093s] Level 1:colcon.colcon_core.package_identification:_identify(dtmf_sounds) by extension 'colcon_pkg'
[3.093s] Level 1:colcon.colcon_core.package_identification:_identify(dtmf_sounds) by extensions ['colcon_meta']
[3.093s] Level 1:colcon.colcon_core.package_identification:_identify(dtmf_sounds) by extension 'colcon_meta'
[3.094s] Level 1:colcon.colcon_core.package_identification:_identify(dtmf_sounds) by extensions ['ros']
[3.094s] Level 1:colcon.colcon_core.package_identification:_identify(dtmf_sounds) by extension 'ros'
[3.095s] Level 1:colcon.colcon_core.package_identification:_identify(dtmf_sounds) by extensions ['cmake', 'python']
[3.095s] Level 1:colcon.colcon_core.package_identification:_identify(dtmf_sounds) by extension 'cmake'
[3.096s] Level 1:colcon.colcon_core.package_identification:_identify(dtmf_sounds) by extension 'python'
[3.096s] Level 1:colcon.colcon_core.package_identification:_identify(dtmf_sounds) by extensions ['python_setup_py']
[3.097s] Level 1:colcon.colcon_core.package_identification:_identify(dtmf_sounds) by extension 'python_setup_py'
[3.098s] Level 1:colcon.colcon_core.package_identification:_identify(install) by extensions ['ignore', 'ignore_ament_install']
[3.099s] Level 1:colcon.colcon_core.package_identification:_identify(install) by extension 'ignore'
[3.099s] Level 1:colcon.colcon_core.package_identification:_identify(install) ignored
[3.102s] Level 1:colcon.colcon_core.package_identification:_identify(log) by extensions ['ignore', 'ignore_ament_install']
[3.103s] Level 1:colcon.colcon_core.package_identification:_identify(log) by extension 'ignore'
[3.103s] Level 1:colcon.colcon_core.package_identification:_identify(log) ignored
[3.104s] Level 1:colcon.colcon_core.package_identification:_identify(src) by extensions ['ignore', 'ignore_ament_install']
[3.105s] Level 1:colcon.colcon_core.package_identification:_identify(src) by extension 'ignore'
[3.105s] Level 1:colcon.colcon_core.package_identification:_identify(src) by extension 'ignore_ament_install'
[3.106s] Level 1:colcon.colcon_core.package_identification:_identify(src) by extensions ['colcon_pkg']
[3.106s] Level 1:colcon.colcon_core.package_identification:_identify(src) by extension 'colcon_pkg'
[3.107s] Level 1:colcon.colcon_core.package_identification:_identify(src) by extensions ['colcon_meta']
[3.107s] Level 1:colcon.colcon_core.package_identification:_identify(src) by extension 'colcon_meta'
[3.108s] Level 1:colcon.colcon_core.package_identification:_identify(src) by extensions ['ros']
[3.108s] Level 1:colcon.colcon_core.package_identification:_identify(src) by extension 'ros'
[3.109s] Level 1:colcon.colcon_core.package_identification:_identify(src) by extensions ['cmake', 'python']
[3.109s] Level 1:colcon.colcon_core.package_identification:_identify(src) by extension 'cmake'
[3.110s] Level 1:colcon.colcon_core.package_identification:_identify(src) by extension 'python'
[3.110s] Level 1:colcon.colcon_core.package_identification:_identify(src) by extensions ['python_setup_py']
[3.110s] Level 1:colcon.colcon_core.package_identification:_identify(src) by extension 'python_setup_py'
[3.112s] Level 1:colcon.colcon_core.package_identification:_identify(src/cpp_pubsub) by extensions ['ignore', 'ignore_ament_install']
[3.112s] Level 1:colcon.colcon_core.package_identification:_identify(src/cpp_pubsub) by extension 'ignore'
[3.113s] Level 1:colcon.colcon_core.package_identification:_identify(src/cpp_pubsub) by extension 'ignore_ament_install'
[3.113s] Level 1:colcon.colcon_core.package_identification:_identify(src/cpp_pubsub) by extensions ['colcon_pkg']
[3.114s] Level 1:colcon.colcon_core.package_identification:_identify(src/cpp_pubsub) by extension 'colcon_pkg'
[3.114s] Level 1:colcon.colcon_core.package_identification:_identify(src/cpp_pubsub) by extensions ['colcon_meta']
[3.115s] Level 1:colcon.colcon_core.package_identification:_identify(src/cpp_pubsub) by extension 'colcon_meta'
[3.115s] Level 1:colcon.colcon_core.package_identification:_identify(src/cpp_pubsub) by extensions ['ros']
[3.115s] Level 1:colcon.colcon_core.package_identification:_identify(src/cpp_pubsub) by extension 'ros'
[3.136s] DEBUG:colcon.colcon_core.package_identification:Package 'src/cpp_pubsub' with type 'ros.ament_cmake' and name 'cpp_pubsub'
[3.137s] Level 1:colcon.colcon_core.package_identification:_identify(src/cpp_srvcli) by extensions ['ignore', 'ignore_ament_install']
[3.138s] Level 1:colcon.colcon_core.package_identification:_identify(src/cpp_srvcli) by extension 'ignore'
[3.138s] Level 1:colcon.colcon_core.package_identification:_identify(src/cpp_srvcli) by extension 'ignore_ament_install'
[3.139s] Level 1:colcon.colcon_core.package_identification:_identify(src/cpp_srvcli) by extensions ['colcon_pkg']
[3.139s] Level 1:colcon.colcon_core.package_identification:_identify(src/cpp_srvcli) by extension 'colcon_pkg'
[3.140s] Level 1:colcon.colcon_core.package_identification:_identify(src/cpp_srvcli) by extensions ['colcon_meta']
[3.140s] Level 1:colcon.colcon_core.package_identification:_identify(src/cpp_srvcli) by extension 'colcon_meta'
[3.140s] Level 1:colcon.colcon_core.package_identification:_identify(src/cpp_srvcli) by extensions ['ros']
[3.141s] Level 1:colcon.colcon_core.package_identification:_identify(src/cpp_srvcli) by extension 'ros'
[3.146s] DEBUG:colcon.colcon_core.package_identification:Package 'src/cpp_srvcli' with type 'ros.ament_cmake' and name 'cpp_srvcli'
[3.148s] Level 1:colcon.colcon_core.package_identification:_identify(src/turtlebot3_control) by extensions ['ignore', 'ignore_ament_install']
[3.148s] Level 1:colcon.colcon_core.package_identification:_identify(src/turtlebot3_control) by extension 'ignore'
[3.149s] Level 1:colcon.colcon_core.package_identification:_identify(src/turtlebot3_control) by extension 'ignore_ament_install'
[3.150s] Level 1:colcon.colcon_core.package_identification:_identify(src/turtlebot3_control) by extensions ['colcon_pkg']
[3.150s] Level 1:colcon.colcon_core.package_identification:_identify(src/turtlebot3_control) by extension 'colcon_pkg'
[3.150s] Level 1:colcon.colcon_core.package_identification:_identify(src/turtlebot3_control) by extensions ['colcon_meta']
[3.151s] Level 1:colcon.colcon_core.package_identification:_identify(src/turtlebot3_control) by extension 'colcon_meta'
[3.151s] Level 1:colcon.colcon_core.package_identification:_identify(src/turtlebot3_control) by extensions ['ros']
[3.151s] Level 1:colcon.colcon_core.package_identification:_identify(src/turtlebot3_control) by extension 'ros'
[3.157s] DEBUG:colcon.colcon_core.package_identification:Package 'src/turtlebot3_control' with type 'ros.ament_cmake' and name 'turtlebot3_control'
[3.157s] Level 1:colcon.colcon_core.package_discovery:discover_packages(recursive) using defaults
[3.158s] Level 1:colcon.colcon_core.package_discovery:discover_packages(ignore) discover
[3.158s] Level 1:colcon.colcon_core.package_discovery:discover_packages(ignore) using defaults
[3.158s] Level 1:colcon.colcon_core.package_discovery:discover_packages(path) discover
[3.159s] Level 1:colcon.colcon_core.package_discovery:discover_packages(path) using defaults
[3.335s] INFO:colcon.colcon_core.package_selection:Skipping not selected package 'cpp_pubsub' in 'src/cpp_pubsub'
[3.336s] INFO:colcon.colcon_core.package_selection:Skipping not selected package 'cpp_srvcli' in 'src/cpp_srvcli'
[3.339s] Level 1:colcon.colcon_core.package_discovery:discover_packages(prefix_path) check parameters
[3.340s] Level 1:colcon.colcon_core.package_discovery:discover_packages(prefix_path) discover
[3.360s] DEBUG:colcon.colcon_installed_package_information.package_discovery:Found 1 installed packages in /home/pi/Mobile_robotsystem/ros2_ws/install
[3.367s] DEBUG:colcon.colcon_installed_package_information.package_discovery:Found 7 installed packages in /home/pi/turtlebot3_ws/install
[3.385s] DEBUG:colcon.colcon_installed_package_information.package_discovery:Found 273 installed packages in /opt/ros/humble
[3.398s] Level 1:colcon.colcon_core.package_discovery:discover_packages(prefix_path) using defaults
[3.913s] Level 5:colcon.colcon_core.verb:set package 'turtlebot3_control' build argument 'cmake_args' from command line to 'None'
[3.914s] Level 5:colcon.colcon_core.verb:set package 'turtlebot3_control' build argument 'cmake_target' from command line to 'None'
[3.914s] Level 5:colcon.colcon_core.verb:set package 'turtlebot3_control' build argument 'cmake_target_skip_unavailable' from command line to 'False'
[3.914s] Level 5:colcon.colcon_core.verb:set package 'turtlebot3_control' build argument 'cmake_clean_cache' from command line to 'False'
[3.914s] Level 5:colcon.colcon_core.verb:set package 'turtlebot3_control' build argument 'cmake_clean_first' from command line to 'False'
[3.915s] Level 5:colcon.colcon_core.verb:set package 'turtlebot3_control' build argument 'cmake_force_configure' from command line to 'False'
[3.915s] Level 5:colcon.colcon_core.verb:set package 'turtlebot3_control' build argument 'ament_cmake_args' from command line to 'None'
[3.915s] Level 5:colcon.colcon_core.verb:set package 'turtlebot3_control' build argument 'catkin_cmake_args' from command line to 'None'
[3.915s] Level 5:colcon.colcon_core.verb:set package 'turtlebot3_control' build argument 'catkin_skip_building_tests' from command line to 'False'
[3.915s] DEBUG:colcon.colcon_core.verb:Building package 'turtlebot3_control' with the following arguments: {'ament_cmake_args': None, 'build_base': '/home/pi/Mobile_robotsystem/ros2_ws/build/turtlebot3_control', 'catkin_cmake_args': None, 'catkin_skip_building_tests': False, 'cmake_args': None, 'cmake_clean_cache': False, 'cmake_clean_first': False, 'cmake_force_configure': False, 'cmake_target': None, 'cmake_target_skip_unavailable': False, 'install_base': '/home/pi/Mobile_robotsystem/ros2_ws/install/turtlebot3_control', 'merge_install': False, 'path': '/home/pi/Mobile_robotsystem/ros2_ws/src/turtlebot3_control', 'symlink_install': False, 'test_result_base': None}
[3.917s] INFO:colcon.colcon_core.executor:Executing jobs using 'parallel' executor
[3.923s] DEBUG:colcon.colcon_parallel_executor.executor.parallel:run_until_complete
[3.925s] INFO:colcon.colcon_ros.task.ament_cmake.build:Building ROS package in '/home/pi/Mobile_robotsystem/ros2_ws/src/turtlebot3_control' with build type 'ament_cmake'
[3.927s] INFO:colcon.colcon_cmake.task.cmake.build:Building CMake package in '/home/pi/Mobile_robotsystem/ros2_ws/src/turtlebot3_control'
[3.949s] INFO:colcon.colcon_core.plugin_system:Skipping extension 'colcon_core.shell.bat': Not used on non-Windows systems
[3.951s] INFO:colcon.colcon_core.shell:Skip shell extension 'powershell' for command environment: Not usable outside of PowerShell
[3.951s] DEBUG:colcon.colcon_core.shell:Skip shell extension 'dsv' for command environment
[4.041s] DEBUG:colcon.colcon_core.event_handler.log_command:Invoking command in '/home/pi/Mobile_robotsystem/ros2_ws/build/turtlebot3_control': CMAKE_PREFIX_PATH=${CMAKE_PREFIX_PATH}:/home/pi/turtlebot3_ws/install/turtlebot3_teleop:/home/pi/turtlebot3_ws/install/turtlebot3_example:/opt/ros/humble /usr/bin/cmake --build /home/pi/Mobile_robotsystem/ros2_ws/build/turtlebot3_control -- -j4 -l4
[47.465s] DEBUG:colcon.colcon_core.event_handler.log_command:Invoked command in '/home/pi/Mobile_robotsystem/ros2_ws/build/turtlebot3_control' returned '0': CMAKE_PREFIX_PATH=${CMAKE_PREFIX_PATH}:/home/pi/turtlebot3_ws/install/turtlebot3_teleop:/home/pi/turtlebot3_ws/install/turtlebot3_example:/opt/ros/humble /usr/bin/cmake --build /home/pi/Mobile_robotsystem/ros2_ws/build/turtlebot3_control -- -j4 -l4
[47.549s] DEBUG:colcon.colcon_core.event_handler.log_command:Invoking command in '/home/pi/Mobile_robotsystem/ros2_ws/build/turtlebot3_control': CMAKE_PREFIX_PATH=${CMAKE_PREFIX_PATH}:/home/pi/turtlebot3_ws/install/turtlebot3_teleop:/home/pi/turtlebot3_ws/install/turtlebot3_example:/opt/ros/humble /usr/bin/cmake --install /home/pi/Mobile_robotsystem/ros2_ws/build/turtlebot3_control
[47.651s] Level 1:colcon.colcon_core.environment:create_environment_scripts_only(turtlebot3_control)
[47.655s] DEBUG:colcon.colcon_core.event_handler.log_command:Invoked command in '/home/pi/Mobile_robotsystem/ros2_ws/build/turtlebot3_control' returned '0': CMAKE_PREFIX_PATH=${CMAKE_PREFIX_PATH}:/home/pi/turtlebot3_ws/install/turtlebot3_teleop:/home/pi/turtlebot3_ws/install/turtlebot3_example:/opt/ros/humble /usr/bin/cmake --install /home/pi/Mobile_robotsystem/ros2_ws/build/turtlebot3_control
[47.682s] Level 1:colcon.colcon_core.environment:checking '/home/pi/Mobile_robotsystem/ros2_ws/install/turtlebot3_control' for CMake module files
[47.688s] Level 1:colcon.colcon_core.environment:checking '/home/pi/Mobile_robotsystem/ros2_ws/install/turtlebot3_control' for CMake config files
[47.692s] Level 1:colcon.colcon_core.shell:create_environment_hook('turtlebot3_control', 'cmake_prefix_path')
[47.694s] INFO:colcon.colcon_core.shell:Creating environment hook '/home/pi/Mobile_robotsystem/ros2_ws/install/turtlebot3_control/share/turtlebot3_control/hook/cmake_prefix_path.ps1'
[47.700s] INFO:colcon.colcon_core.shell:Creating environment descriptor '/home/pi/Mobile_robotsystem/ros2_ws/install/turtlebot3_control/share/turtlebot3_control/hook/cmake_prefix_path.dsv'
[47.705s] INFO:colcon.colcon_core.shell:Creating environment hook '/home/pi/Mobile_robotsystem/ros2_ws/install/turtlebot3_control/share/turtlebot3_control/hook/cmake_prefix_path.sh'
[47.714s] Level 1:colcon.colcon_core.environment:checking '/home/pi/Mobile_robotsystem/ros2_ws/install/turtlebot3_control/lib'
[47.715s] Level 1:colcon.colcon_core.environment:checking '/home/pi/Mobile_robotsystem/ros2_ws/install/turtlebot3_control/bin'
[47.716s] Level 1:colcon.colcon_core.environment:checking '/home/pi/Mobile_robotsystem/ros2_ws/install/turtlebot3_control/lib/pkgconfig/turtlebot3_control.pc'
[47.719s] Level 1:colcon.colcon_core.environment:checking '/home/pi/Mobile_robotsystem/ros2_ws/install/turtlebot3_control/lib/python3.10/site-packages'
[47.721s] Level 1:colcon.colcon_core.environment:checking '/home/pi/Mobile_robotsystem/ros2_ws/install/turtlebot3_control/bin'
[47.724s] INFO:colcon.colcon_core.shell:Creating package script '/home/pi/Mobile_robotsystem/ros2_ws/install/turtlebot3_control/share/turtlebot3_control/package.ps1'
[47.731s] INFO:colcon.colcon_core.shell:Creating package descriptor '/home/pi/Mobile_robotsystem/ros2_ws/install/turtlebot3_control/share/turtlebot3_control/package.dsv'
[47.736s] INFO:colcon.colcon_core.shell:Creating package script '/home/pi/Mobile_robotsystem/ros2_ws/install/turtlebot3_control/share/turtlebot3_control/package.sh'
[47.744s] INFO:colcon.colcon_core.shell:Creating package script '/home/pi/Mobile_robotsystem/ros2_ws/install/turtlebot3_control/share/turtlebot3_control/package.bash'
[47.751s] INFO:colcon.colcon_core.shell:Creating package script '/home/pi/Mobile_robotsystem/ros2_ws/install/turtlebot3_control/share/turtlebot3_control/package.zsh'
[47.760s] Level 1:colcon.colcon_core.environment:create_file_with_runtime_dependencies(/home/pi/Mobile_robotsystem/ros2_ws/install/turtlebot3_control/share/colcon-core/packages/turtlebot3_control)
[47.767s] Level 1:colcon.colcon_core.environment:create_environment_scripts_only(turtlebot3_control)
[47.769s] Level 1:colcon.colcon_core.environment:checking '/home/pi/Mobile_robotsystem/ros2_ws/install/turtlebot3_control' for CMake module files
[47.776s] Level 1:colcon.colcon_core.environment:checking '/home/pi/Mobile_robotsystem/ros2_ws/install/turtlebot3_control' for CMake config files
[47.781s] Level 1:colcon.colcon_core.shell:create_environment_hook('turtlebot3_control', 'cmake_prefix_path')
[47.783s] INFO:colcon.colcon_core.shell:Creating environment hook '/home/pi/Mobile_robotsystem/ros2_ws/install/turtlebot3_control/share/turtlebot3_control/hook/cmake_prefix_path.ps1'
[47.788s] INFO:colcon.colcon_core.shell:Creating environment descriptor '/home/pi/Mobile_robotsystem/ros2_ws/install/turtlebot3_control/share/turtlebot3_control/hook/cmake_prefix_path.dsv'
[47.792s] INFO:colcon.colcon_core.shell:Creating environment hook '/home/pi/Mobile_robotsystem/ros2_ws/install/turtlebot3_control/share/turtlebot3_control/hook/cmake_prefix_path.sh'
[47.797s] Level 1:colcon.colcon_core.environment:checking '/home/pi/Mobile_robotsystem/ros2_ws/install/turtlebot3_control/lib'
[47.799s] Level 1:colcon.colcon_core.environment:checking '/home/pi/Mobile_robotsystem/ros2_ws/install/turtlebot3_control/bin'
[47.799s] Level 1:colcon.colcon_core.environment:checking '/home/pi/Mobile_robotsystem/ros2_ws/install/turtlebot3_control/lib/pkgconfig/turtlebot3_control.pc'
[47.801s] Level 1:colcon.colcon_core.environment:checking '/home/pi/Mobile_robotsystem/ros2_ws/install/turtlebot3_control/lib/python3.10/site-packages'
[47.804s] Level 1:colcon.colcon_core.environment:checking '/home/pi/Mobile_robotsystem/ros2_ws/install/turtlebot3_control/bin'
[47.806s] INFO:colcon.colcon_core.shell:Creating package script '/home/pi/Mobile_robotsystem/ros2_ws/install/turtlebot3_control/share/turtlebot3_control/package.ps1'
[47.811s] INFO:colcon.colcon_core.shell:Creating package descriptor '/home/pi/Mobile_robotsystem/ros2_ws/install/turtlebot3_control/share/turtlebot3_control/package.dsv'
[47.816s] INFO:colcon.colcon_core.shell:Creating package script '/home/pi/Mobile_robotsystem/ros2_ws/install/turtlebot3_control/share/turtlebot3_control/package.sh'
[47.821s] INFO:colcon.colcon_core.shell:Creating package script '/home/pi/Mobile_robotsystem/ros2_ws/install/turtlebot3_control/share/turtlebot3_control/package.bash'
[47.826s] INFO:colcon.colcon_core.shell:Creating package script '/home/pi/Mobile_robotsystem/ros2_ws/install/turtlebot3_control/share/turtlebot3_control/package.zsh'
[47.831s] Level 1:colcon.colcon_core.environment:create_file_with_runtime_dependencies(/home/pi/Mobile_robotsystem/ros2_ws/install/turtlebot3_control/share/colcon-core/packages/turtlebot3_control)
[47.834s] DEBUG:colcon.colcon_parallel_executor.executor.parallel:closing loop
[47.836s] DEBUG:colcon.colcon_parallel_executor.executor.parallel:loop closed
[47.837s] DEBUG:colcon.colcon_parallel_executor.executor.parallel:run_until_complete finished with '0'
[47.838s] DEBUG:colcon.colcon_core.event_reactor:joining thread
[47.907s] INFO:colcon.colcon_core.plugin_system:Skipping extension 'colcon_notification.desktop_notification.notify_send': Could not find 'notify-send'
[47.907s] INFO:colcon.colcon_core.plugin_system:Skipping extension 'colcon_notification.desktop_notification.terminal_notifier': Not used on non-Darwin systems
[47.908s] INFO:colcon.colcon_core.plugin_system:Skipping extension 'colcon_notification.desktop_notification.win32': Not used on non-Windows systems
[47.908s] INFO:colcon.colcon_notification.desktop_notification:Sending desktop notification using 'notify2'
[47.914s] DEBUG:colcon.colcon_notification.desktop_notification.notify2:Failed to initialize notify2: org.freedesktop.DBus.Error.ServiceUnknown: The name org.freedesktop.Notifications was not provided by any .service files
[47.915s] DEBUG:colcon.colcon_core.event_reactor:joined thread
[47.918s] INFO:colcon.colcon_core.shell:Creating prefix script '/home/pi/Mobile_robotsystem/ros2_ws/install/local_setup.ps1'
[47.926s] INFO:colcon.colcon_core.shell:Creating prefix util module '/home/pi/Mobile_robotsystem/ros2_ws/install/_local_setup_util_ps1.py'
[47.941s] INFO:colcon.colcon_core.shell:Creating prefix chain script '/home/pi/Mobile_robotsystem/ros2_ws/install/setup.ps1'
[47.955s] INFO:colcon.colcon_core.shell:Creating prefix script '/home/pi/Mobile_robotsystem/ros2_ws/install/local_setup.sh'
[47.961s] INFO:colcon.colcon_core.shell:Creating prefix util module '/home/pi/Mobile_robotsystem/ros2_ws/install/_local_setup_util_sh.py'
[47.967s] INFO:colcon.colcon_core.shell:Creating prefix chain script '/home/pi/Mobile_robotsystem/ros2_ws/install/setup.sh'
[47.981s] INFO:colcon.colcon_core.shell:Creating prefix script '/home/pi/Mobile_robotsystem/ros2_ws/install/local_setup.bash'
[47.986s] INFO:colcon.colcon_core.shell:Creating prefix chain script '/home/pi/Mobile_robotsystem/ros2_ws/install/setup.bash'
[47.999s] INFO:colcon.colcon_core.shell:Creating prefix script '/home/pi/Mobile_robotsystem/ros2_ws/install/local_setup.zsh'
[48.004s] INFO:colcon.colcon_core.shell:Creating prefix chain script '/home/pi/Mobile_robotsystem/ros2_ws/install/setup.zsh'
