[0.159s] Invoking command in '/home/pi/ros2_ws/build/turtlebot3_control': CMAKE_PREFIX_PATH=${CMAKE_PREFIX_PATH}:/home/pi/turtlebot3_ws/install/turtlebot3_teleop:/home/pi/turtlebot3_ws/install/turtlebot3_example:/opt/ros/humble /usr/bin/cmake --build /home/pi/ros2_ws/build/turtlebot3_control -- -j4 -l4
[1.512s] [35m[1mConsolidate compiler generated dependencies of target move_turtlebot[0m
[2.074s] [ 16%] [32mBuilding CXX object CMakeFiles/move_turtlebot.dir/src/main.cpp.o[0m
[2.081s] [ 33%] [32mBuilding CXX object CMakeFiles/move_turtlebot.dir/src/wave_generator.cpp.o[0m
[34.775s] In file included from [01m[K/home/pi/ros2_ws/src/turtlebot3_control/src/main.cpp:9[m[K:
[34.797s] [01m[K/home/pi/ros2_ws/src/turtlebot3_control/include/audio_input.h:61:12:[m[K [01;35m[Kwarning: [m[K‘[01m[Kint read_mic_callback(const void*, void*, long unsigned int, const PaStreamCallbackTimeInfo*, PaStreamCallbackFlags, void*)[m[K’ declared ‘[01m[Kstatic[m[K’ but never defined [[01;35m[K]8;;https://gcc.gnu.org/onlinedocs/gcc/Warning-Options.html#index-Wunused-function-Wunused-function]8;;[m[K]
[34.798s]    61 | static int [01;35m[Kread_mic_callback[m[K(const void *input_buffer, void *output_buffer,
[34.799s]       |            [01;35m[K^~~~~~~~~~~~~~~~~[m[K
[45.062s] [ 50%] [32m[1mLinking CXX executable move_turtlebot[0m
[49.000s] [100%] Built target move_turtlebot
[49.130s] Invoked command in '/home/pi/ros2_ws/build/turtlebot3_control' returned '0': CMAKE_PREFIX_PATH=${CMAKE_PREFIX_PATH}:/home/pi/turtlebot3_ws/install/turtlebot3_teleop:/home/pi/turtlebot3_ws/install/turtlebot3_example:/opt/ros/humble /usr/bin/cmake --build /home/pi/ros2_ws/build/turtlebot3_control -- -j4 -l4
[49.237s] Invoking command in '/home/pi/ros2_ws/build/turtlebot3_control': CMAKE_PREFIX_PATH=${CMAKE_PREFIX_PATH}:/home/pi/turtlebot3_ws/install/turtlebot3_teleop:/home/pi/turtlebot3_ws/install/turtlebot3_example:/opt/ros/humble /usr/bin/cmake --install /home/pi/ros2_ws/build/turtlebot3_control
[49.360s] -- Install configuration: ""
[49.386s] -- Installing: /home/pi/ros2_ws/install/turtlebot3_control/lib/turtlebot3_control/move_turtlebot
[49.407s] -- Set runtime path of "/home/pi/ros2_ws/install/turtlebot3_control/lib/turtlebot3_control/move_turtlebot" to ""
[49.425s] -- Up-to-date: /home/pi/ros2_ws/install/turtlebot3_control/share/ament_index/resource_index/package_run_dependencies/turtlebot3_control
[49.428s] -- Up-to-date: /home/pi/ros2_ws/install/turtlebot3_control/share/ament_index/resource_index/parent_prefix_path/turtlebot3_control
[49.437s] -- Up-to-date: /home/pi/ros2_ws/install/turtlebot3_control/share/turtlebot3_control/environment/ament_prefix_path.sh
[49.439s] -- Up-to-date: /home/pi/ros2_ws/install/turtlebot3_control/share/turtlebot3_control/environment/ament_prefix_path.dsv
[49.441s] -- Up-to-date: /home/pi/ros2_ws/install/turtlebot3_control/share/turtlebot3_control/environment/path.sh
[49.443s] -- Up-to-date: /home/pi/ros2_ws/install/turtlebot3_control/share/turtlebot3_control/environment/path.dsv
[49.445s] -- Up-to-date: /home/pi/ros2_ws/install/turtlebot3_control/share/turtlebot3_control/local_setup.bash
[49.447s] -- Up-to-date: /home/pi/ros2_ws/install/turtlebot3_control/share/turtlebot3_control/local_setup.sh
[49.449s] -- Up-to-date: /home/pi/ros2_ws/install/turtlebot3_control/share/turtlebot3_control/local_setup.zsh
[49.450s] -- Up-to-date: /home/pi/ros2_ws/install/turtlebot3_control/share/turtlebot3_control/local_setup.dsv
[49.451s] -- Installing: /home/pi/ros2_ws/install/turtlebot3_control/share/turtlebot3_control/package.dsv
[49.455s] -- Up-to-date: /home/pi/ros2_ws/install/turtlebot3_control/share/ament_index/resource_index/packages/turtlebot3_control
[49.459s] -- Up-to-date: /home/pi/ros2_ws/install/turtlebot3_control/share/turtlebot3_control/cmake/turtlebot3_controlConfig.cmake
[49.461s] -- Up-to-date: /home/pi/ros2_ws/install/turtlebot3_control/share/turtlebot3_control/cmake/turtlebot3_controlConfig-version.cmake
[49.462s] -- Up-to-date: /home/pi/ros2_ws/install/turtlebot3_control/share/turtlebot3_control/package.xml
[49.477s] Invoked command in '/home/pi/ros2_ws/build/turtlebot3_control' returned '0': CMAKE_PREFIX_PATH=${CMAKE_PREFIX_PATH}:/home/pi/turtlebot3_ws/install/turtlebot3_teleop:/home/pi/turtlebot3_ws/install/turtlebot3_example:/opt/ros/humble /usr/bin/cmake --install /home/pi/ros2_ws/build/turtlebot3_control
