[1.028s] DEBUG:colcon:Command line arguments: ['/usr/bin/colcon', 'build', '--packages-select', 'turtlebot3_control']
[1.029s] DEBUG:colcon:Parsed command line arguments: Namespace(log_base=None, log_level=None, verb_name='build', build_base='build', install_base='install', merge_install=False, symlink_install=False, test_result_base=None, continue_on_error=False, executor='parallel', parallel_workers=4, event_handlers=None, ignore_user_meta=False, metas=['./colcon.meta'], base_paths=['.'], packages_ignore=None, packages_ignore_regex=None, paths=None, packages_up_to=None, packages_up_to_regex=None, packages_above=None, packages_above_and_dependencies=None, packages_above_depth=None, packages_select_by_dep=None, packages_skip_by_dep=None, packages_skip_up_to=None, packages_select_build_failed=False, packages_skip_build_finished=False, packages_select_test_failures=False, packages_skip_test_passed=False, packages_select=['turtlebot3_control'], packages_skip=None, packages_select_regex=None, packages_skip_regex=None, packages_start=None, packages_end=None, allow_overriding=[], cmake_args=None, cmake_target=None, cmake_target_skip_unavailable=False, cmake_clean_cache=False, cmake_clean_first=False, cmake_force_configure=False, ament_cmake_args=None, catkin_cmake_args=None, catkin_skip_building_tests=False, verb_parser=<colcon_defaults.argument_parser.defaults.DefaultArgumentsDecorator object at 0xffffb6dcff10>, verb_extension=<colcon_core.verb.build.BuildVerb object at 0xffffb6d11330>, main=<bound method BuildVerb.main of <colcon_core.verb.build.BuildVerb object at 0xffffb6d11330>>)
[2.865s] Level 1:colcon.colcon_core.package_discovery:discover_packages(colcon_meta) check parameters
[2.866s] Level 1:colcon.colcon_core.package_discovery:discover_packages(recursive) check parameters
[2.866s] Level 1:colcon.colcon_core.package_discovery:discover_packages(ignore) check parameters
[2.866s] Level 1:colcon.colcon_core.package_discovery:discover_packages(path) check parameters
[2.867s] Level 1:colcon.colcon_core.package_discovery:discover_packages(colcon_meta) discover
[2.867s] Level 1:colcon.colcon_core.package_discovery:discover_packages(recursive) discover
[2.867s] INFO:colcon.colcon_core.package_discovery:Crawling recursively for packages in '/home/pi/Mobile_robotsystem/ros2_ws'
[2.868s] Level 1:colcon.colcon_core.package_identification:_identify(.) by extensions ['ignore', 'ignore_ament_install']
[2.869s] Level 1:colcon.colcon_core.package_identification:_identify(.) by extension 'ignore'
[2.869s] Level 1:colcon.colcon_core.package_identification:_identify(.) by extension 'ignore_ament_install'
[2.870s] Level 1:colcon.colcon_core.package_identification:_identify(.) by extensions ['colcon_pkg']
[2.870s] Level 1:colcon.colcon_core.package_identification:_identify(.) by extension 'colcon_pkg'
[2.871s] Level 1:colcon.colcon_core.package_identification:_identify(.) by extensions ['colcon_meta']
[2.871s] Level 1:colcon.colcon_core.package_identification:_identify(.) by extension 'colcon_meta'
[2.871s] Level 1:colcon.colcon_core.package_identification:_identify(.) by extensions ['ros']
[2.872s] Level 1:colcon.colcon_core.package_identification:_identify(.) by extension 'ros'
[2.979s] Level 1:colcon.colcon_core.package_identification:_identify(.) by extensions ['cmake', 'python']
[2.979s] Level 1:colcon.colcon_core.package_identification:_identify(.) by extension 'cmake'
[2.980s] Level 1:colcon.colcon_core.package_identification:_identify(.) by extension 'python'
[2.980s] Level 1:colcon.colcon_core.package_identification:_identify(.) by extensions ['python_setup_py']
[2.980s] Level 1:colcon.colcon_core.package_identification:_identify(.) by extension 'python_setup_py'
[2.982s] Level 1:colcon.colcon_core.package_identification:_identify(build) by extensions ['ignore', 'ignore_ament_install']
[2.982s] Level 1:colcon.colcon_core.package_identification:_identify(build) by extension 'ignore'
[2.983s] Level 1:colcon.colcon_core.package_identification:_identify(build) ignored
[2.984s] Level 1:colcon.colcon_core.package_identification:_identify(dtmf_sounds) by extensions ['ignore', 'ignore_ament_install']
[2.985s] Level 1:colcon.colcon_core.package_identification:_identify(dtmf_sounds) by extension 'ignore'
[2.985s] Level 1:colcon.colcon_core.package_identification:_identify(dtmf_sounds) by extension 'ignore_ament_install'
[2.986s] Level 1:colcon.colcon_core.package_identification:_identify(dtmf_sounds) by extensions ['colcon_pkg']
[2.986s] Level 1:colcon.colcon_core.package_identification:_identify(dtmf_sounds) by extension 'colcon_pkg'
[2.987s] Level 1:colcon.colcon_core.package_identification:_identify(dtmf_sounds) by extensions ['colcon_meta']
[2.987s] Level 1:colcon.colcon_core.package_identification:_identify(dtmf_sounds) by extension 'colcon_meta'
[2.987s] Level 1:colcon.colcon_core.package_identification:_identify(dtmf_sounds) by extensions ['ros']
[2.987s] Level 1:colcon.colcon_core.package_identification:_identify(dtmf_sounds) by extension 'ros'
[2.988s] Level 1:colcon.colcon_core.package_identification:_identify(dtmf_sounds) by extensions ['cmake', 'python']
[2.989s] Level 1:colcon.colcon_core.package_identification:_identify(dtmf_sounds) by extension 'cmake'
[2.989s] Level 1:colcon.colcon_core.package_identification:_identify(dtmf_sounds) by extension 'python'
[2.989s] Level 1:colcon.colcon_core.package_identification:_identify(dtmf_sounds) by extensions ['python_setup_py']
[2.990s] Level 1:colcon.colcon_core.package_identification:_identify(dtmf_sounds) by extension 'python_setup_py'
[2.991s] Level 1:colcon.colcon_core.package_identification:_identify(install) by extensions ['ignore', 'ignore_ament_install']
[2.992s] Level 1:colcon.colcon_core.package_identification:_identify(install) by extension 'ignore'
[2.992s] Level 1:colcon.colcon_core.package_identification:_identify(install) ignored
[2.995s] Level 1:colcon.colcon_core.package_identification:_identify(log) by extensions ['ignore', 'ignore_ament_install']
[2.996s] Level 1:colcon.colcon_core.package_identification:_identify(log) by extension 'ignore'
[2.996s] Level 1:colcon.colcon_core.package_identification:_identify(log) ignored
[2.997s] Level 1:colcon.colcon_core.package_identification:_identify(src) by extensions ['ignore', 'ignore_ament_install']
[2.998s] Level 1:colcon.colcon_core.package_identification:_identify(src) by extension 'ignore'
[2.998s] Level 1:colcon.colcon_core.package_identification:_identify(src) by extension 'ignore_ament_install'
[2.999s] Level 1:colcon.colcon_core.package_identification:_identify(src) by extensions ['colcon_pkg']
[2.999s] Level 1:colcon.colcon_core.package_identification:_identify(src) by extension 'colcon_pkg'
[3.000s] Level 1:colcon.colcon_core.package_identification:_identify(src) by extensions ['colcon_meta']
[3.000s] Level 1:colcon.colcon_core.package_identification:_identify(src) by extension 'colcon_meta'
[3.000s] Level 1:colcon.colcon_core.package_identification:_identify(src) by extensions ['ros']
[3.001s] Level 1:colcon.colcon_core.package_identification:_identify(src) by extension 'ros'
[3.001s] Level 1:colcon.colcon_core.package_identification:_identify(src) by extensions ['cmake', 'python']
[3.002s] Level 1:colcon.colcon_core.package_identification:_identify(src) by extension 'cmake'
[3.002s] Level 1:colcon.colcon_core.package_identification:_identify(src) by extension 'python'
[3.002s] Level 1:colcon.colcon_core.package_identification:_identify(src) by extensions ['python_setup_py']
[3.003s] Level 1:colcon.colcon_core.package_identification:_identify(src) by extension 'python_setup_py'
[3.004s] Level 1:colcon.colcon_core.package_identification:_identify(src/cpp_pubsub) by extensions ['ignore', 'ignore_ament_install']
[3.005s] Level 1:colcon.colcon_core.package_identification:_identify(src/cpp_pubsub) by extension 'ignore'
[3.005s] Level 1:colcon.colcon_core.package_identification:_identify(src/cpp_pubsub) by extension 'ignore_ament_install'
[3.006s] Level 1:colcon.colcon_core.package_identification:_identify(src/cpp_pubsub) by extensions ['colcon_pkg']
[3.006s] Level 1:colcon.colcon_core.package_identification:_identify(src/cpp_pubsub) by extension 'colcon_pkg'
[3.007s] Level 1:colcon.colcon_core.package_identification:_identify(src/cpp_pubsub) by extensions ['colcon_meta']
[3.007s] Level 1:colcon.colcon_core.package_identification:_identify(src/cpp_pubsub) by extension 'colcon_meta'
[3.007s] Level 1:colcon.colcon_core.package_identification:_identify(src/cpp_pubsub) by extensions ['ros']
[3.008s] Level 1:colcon.colcon_core.package_identification:_identify(src/cpp_pubsub) by extension 'ros'
[3.028s] DEBUG:colcon.colcon_core.package_identification:Package 'src/cpp_pubsub' with type 'ros.ament_cmake' and name 'cpp_pubsub'
[3.029s] Level 1:colcon.colcon_core.package_identification:_identify(src/cpp_srvcli) by extensions ['ignore', 'ignore_ament_install']
[3.030s] Level 1:colcon.colcon_core.package_identification:_identify(src/cpp_srvcli) by extension 'ignore'
[3.030s] Level 1:colcon.colcon_core.package_identification:_identify(src/cpp_srvcli) by extension 'ignore_ament_install'
[3.031s] Level 1:colcon.colcon_core.package_identification:_identify(src/cpp_srvcli) by extensions ['colcon_pkg']
[3.031s] Level 1:colcon.colcon_core.package_identification:_identify(src/cpp_srvcli) by extension 'colcon_pkg'
[3.032s] Level 1:colcon.colcon_core.package_identification:_identify(src/cpp_srvcli) by extensions ['colcon_meta']
[3.032s] Level 1:colcon.colcon_core.package_identification:_identify(src/cpp_srvcli) by extension 'colcon_meta'
[3.032s] Level 1:colcon.colcon_core.package_identification:_identify(src/cpp_srvcli) by extensions ['ros']
[3.033s] Level 1:colcon.colcon_core.package_identification:_identify(src/cpp_srvcli) by extension 'ros'
[3.038s] DEBUG:colcon.colcon_core.package_identification:Package 'src/cpp_srvcli' with type 'ros.ament_cmake' and name 'cpp_srvcli'
[3.040s] Level 1:colcon.colcon_core.package_identification:_identify(src/turtlebot3_control) by extensions ['ignore', 'ignore_ament_install']
[3.040s] Level 1:colcon.colcon_core.package_identification:_identify(src/turtlebot3_control) by extension 'ignore'
[3.041s] Level 1:colcon.colcon_core.package_identification:_identify(src/turtlebot3_control) by extension 'ignore_ament_install'
[3.042s] Level 1:colcon.colcon_core.package_identification:_identify(src/turtlebot3_control) by extensions ['colcon_pkg']
[3.042s] Level 1:colcon.colcon_core.package_identification:_identify(src/turtlebot3_control) by extension 'colcon_pkg'
[3.042s] Level 1:colcon.colcon_core.package_identification:_identify(src/turtlebot3_control) by extensions ['colcon_meta']
[3.043s] Level 1:colcon.colcon_core.package_identification:_identify(src/turtlebot3_control) by extension 'colcon_meta'
[3.043s] Level 1:colcon.colcon_core.package_identification:_identify(src/turtlebot3_control) by extensions ['ros']
[3.043s] Level 1:colcon.colcon_core.package_identification:_identify(src/turtlebot3_control) by extension 'ros'
[3.049s] DEBUG:colcon.colcon_core.package_identification:Package 'src/turtlebot3_control' with type 'ros.ament_cmake' and name 'turtlebot3_control'
[3.049s] Level 1:colcon.colcon_core.package_discovery:discover_packages(recursive) using defaults
[3.050s] Level 1:colcon.colcon_core.package_discovery:discover_packages(ignore) discover
[3.050s] Level 1:colcon.colcon_core.package_discovery:discover_packages(ignore) using defaults
[3.050s] Level 1:colcon.colcon_core.package_discovery:discover_packages(path) discover
[3.050s] Level 1:colcon.colcon_core.package_discovery:discover_packages(path) using defaults
[3.222s] INFO:colcon.colcon_core.package_selection:Skipping not selected package 'cpp_pubsub' in 'src/cpp_pubsub'
[3.222s] INFO:colcon.colcon_core.package_selection:Skipping not selected package 'cpp_srvcli' in 'src/cpp_srvcli'
[3.226s] Level 1:colcon.colcon_core.package_discovery:discover_packages(prefix_path) check parameters
[3.227s] Level 1:colcon.colcon_core.package_discovery:discover_packages(prefix_path) discover
[3.249s] DEBUG:colcon.colcon_installed_package_information.package_discovery:Found 1 installed packages in /home/pi/Mobile_robotsystem/ros2_ws/install
[3.256s] DEBUG:colcon.colcon_installed_package_information.package_discovery:Found 7 installed packages in /home/pi/turtlebot3_ws/install
[3.275s] DEBUG:colcon.colcon_installed_package_information.package_discovery:Found 273 installed packages in /opt/ros/humble
[3.289s] Level 1:colcon.colcon_core.package_discovery:discover_packages(prefix_path) using defaults
[3.804s] Level 5:colcon.colcon_core.verb:set package 'turtlebot3_control' build argument 'cmake_args' from command line to 'None'
[3.804s] Level 5:colcon.colcon_core.verb:set package 'turtlebot3_control' build argument 'cmake_target' from command line to 'None'
[3.804s] Level 5:colcon.colcon_core.verb:set package 'turtlebot3_control' build argument 'cmake_target_skip_unavailable' from command line to 'False'
[3.805s] Level 5:colcon.colcon_core.verb:set package 'turtlebot3_control' build argument 'cmake_clean_cache' from command line to 'False'
[3.805s] Level 5:colcon.colcon_core.verb:set package 'turtlebot3_control' build argument 'cmake_clean_first' from command line to 'False'
[3.805s] Level 5:colcon.colcon_core.verb:set package 'turtlebot3_control' build argument 'cmake_force_configure' from command line to 'False'
[3.805s] Level 5:colcon.colcon_core.verb:set package 'turtlebot3_control' build argument 'ament_cmake_args' from command line to 'None'
[3.805s] Level 5:colcon.colcon_core.verb:set package 'turtlebot3_control' build argument 'catkin_cmake_args' from command line to 'None'
[3.806s] Level 5:colcon.colcon_core.verb:set package 'turtlebot3_control' build argument 'catkin_skip_building_tests' from command line to 'False'
[3.806s] DEBUG:colcon.colcon_core.verb:Building package 'turtlebot3_control' with the following arguments: {'ament_cmake_args': None, 'build_base': '/home/pi/Mobile_robotsystem/ros2_ws/build/turtlebot3_control', 'catkin_cmake_args': None, 'catkin_skip_building_tests': False, 'cmake_args': None, 'cmake_clean_cache': False, 'cmake_clean_first': False, 'cmake_force_configure': False, 'cmake_target': None, 'cmake_target_skip_unavailable': False, 'install_base': '/home/pi/Mobile_robotsystem/ros2_ws/install/turtlebot3_control', 'merge_install': False, 'path': '/home/pi/Mobile_robotsystem/ros2_ws/src/turtlebot3_control', 'symlink_install': False, 'test_result_base': None}
[3.807s] INFO:colcon.colcon_core.executor:Executing jobs using 'parallel' executor
[3.815s] DEBUG:colcon.colcon_parallel_executor.executor.parallel:run_until_complete
[3.817s] INFO:colcon.colcon_ros.task.ament_cmake.build:Building ROS package in '/home/pi/Mobile_robotsystem/ros2_ws/src/turtlebot3_control' with build type 'ament_cmake'
[3.819s] INFO:colcon.colcon_cmake.task.cmake.build:Building CMake package in '/home/pi/Mobile_robotsystem/ros2_ws/src/turtlebot3_control'
[3.842s] INFO:colcon.colcon_core.plugin_system:Skipping extension 'colcon_core.shell.bat': Not used on non-Windows systems
[3.844s] INFO:colcon.colcon_core.shell:Skip shell extension 'powershell' for command environment: Not usable outside of PowerShell
[3.845s] DEBUG:colcon.colcon_core.shell:Skip shell extension 'dsv' for command environment
[3.937s] DEBUG:colcon.colcon_core.event_handler.log_command:Invoking command in '/home/pi/Mobile_robotsystem/ros2_ws/build/turtlebot3_control': CMAKE_PREFIX_PATH=${CMAKE_PREFIX_PATH}:/home/pi/turtlebot3_ws/install/turtlebot3_teleop:/home/pi/turtlebot3_ws/install/turtlebot3_example:/opt/ros/humble /usr/bin/cmake --build /home/pi/Mobile_robotsystem/ros2_ws/build/turtlebot3_control -- -j4 -l4
[47.601s] DEBUG:colcon.colcon_core.event_handler.log_command:Invoked command in '/home/pi/Mobile_robotsystem/ros2_ws/build/turtlebot3_control' returned '0': CMAKE_PREFIX_PATH=${CMAKE_PREFIX_PATH}:/home/pi/turtlebot3_ws/install/turtlebot3_teleop:/home/pi/turtlebot3_ws/install/turtlebot3_example:/opt/ros/humble /usr/bin/cmake --build /home/pi/Mobile_robotsystem/ros2_ws/build/turtlebot3_control -- -j4 -l4
[47.685s] DEBUG:colcon.colcon_core.event_handler.log_command:Invoking command in '/home/pi/Mobile_robotsystem/ros2_ws/build/turtlebot3_control': CMAKE_PREFIX_PATH=${CMAKE_PREFIX_PATH}:/home/pi/turtlebot3_ws/install/turtlebot3_teleop:/home/pi/turtlebot3_ws/install/turtlebot3_example:/opt/ros/humble /usr/bin/cmake --install /home/pi/Mobile_robotsystem/ros2_ws/build/turtlebot3_control
[47.782s] Level 1:colcon.colcon_core.environment:create_environment_scripts_only(turtlebot3_control)
[47.786s] DEBUG:colcon.colcon_core.event_handler.log_command:Invoked command in '/home/pi/Mobile_robotsystem/ros2_ws/build/turtlebot3_control' returned '0': CMAKE_PREFIX_PATH=${CMAKE_PREFIX_PATH}:/home/pi/turtlebot3_ws/install/turtlebot3_teleop:/home/pi/turtlebot3_ws/install/turtlebot3_example:/opt/ros/humble /usr/bin/cmake --install /home/pi/Mobile_robotsystem/ros2_ws/build/turtlebot3_control
[47.813s] Level 1:colcon.colcon_core.environment:checking '/home/pi/Mobile_robotsystem/ros2_ws/install/turtlebot3_control' for CMake module files
[47.819s] Level 1:colcon.colcon_core.environment:checking '/home/pi/Mobile_robotsystem/ros2_ws/install/turtlebot3_control' for CMake config files
[47.823s] Level 1:colcon.colcon_core.shell:create_environment_hook('turtlebot3_control', 'cmake_prefix_path')
[47.826s] INFO:colcon.colcon_core.shell:Creating environment hook '/home/pi/Mobile_robotsystem/ros2_ws/install/turtlebot3_control/share/turtlebot3_control/hook/cmake_prefix_path.ps1'
[47.832s] INFO:colcon.colcon_core.shell:Creating environment descriptor '/home/pi/Mobile_robotsystem/ros2_ws/install/turtlebot3_control/share/turtlebot3_control/hook/cmake_prefix_path.dsv'
[47.837s] INFO:colcon.colcon_core.shell:Creating environment hook '/home/pi/Mobile_robotsystem/ros2_ws/install/turtlebot3_control/share/turtlebot3_control/hook/cmake_prefix_path.sh'
[47.847s] Level 1:colcon.colcon_core.environment:checking '/home/pi/Mobile_robotsystem/ros2_ws/install/turtlebot3_control/lib'
[47.848s] Level 1:colcon.colcon_core.environment:checking '/home/pi/Mobile_robotsystem/ros2_ws/install/turtlebot3_control/bin'
[47.849s] Level 1:colcon.colcon_core.environment:checking '/home/pi/Mobile_robotsystem/ros2_ws/install/turtlebot3_control/lib/pkgconfig/turtlebot3_control.pc'
[47.852s] Level 1:colcon.colcon_core.environment:checking '/home/pi/Mobile_robotsystem/ros2_ws/install/turtlebot3_control/lib/python3.10/site-packages'
[47.855s] Level 1:colcon.colcon_core.environment:checking '/home/pi/Mobile_robotsystem/ros2_ws/install/turtlebot3_control/bin'
[47.858s] INFO:colcon.colcon_core.shell:Creating package script '/home/pi/Mobile_robotsystem/ros2_ws/install/turtlebot3_control/share/turtlebot3_control/package.ps1'
[47.865s] INFO:colcon.colcon_core.shell:Creating package descriptor '/home/pi/Mobile_robotsystem/ros2_ws/install/turtlebot3_control/share/turtlebot3_control/package.dsv'
[47.871s] INFO:colcon.colcon_core.shell:Creating package script '/home/pi/Mobile_robotsystem/ros2_ws/install/turtlebot3_control/share/turtlebot3_control/package.sh'
[47.878s] INFO:colcon.colcon_core.shell:Creating package script '/home/pi/Mobile_robotsystem/ros2_ws/install/turtlebot3_control/share/turtlebot3_control/package.bash'
[47.886s] INFO:colcon.colcon_core.shell:Creating package script '/home/pi/Mobile_robotsystem/ros2_ws/install/turtlebot3_control/share/turtlebot3_control/package.zsh'
[47.894s] Level 1:colcon.colcon_core.environment:create_file_with_runtime_dependencies(/home/pi/Mobile_robotsystem/ros2_ws/install/turtlebot3_control/share/colcon-core/packages/turtlebot3_control)
[47.900s] Level 1:colcon.colcon_core.environment:create_environment_scripts_only(turtlebot3_control)
[47.902s] Level 1:colcon.colcon_core.environment:checking '/home/pi/Mobile_robotsystem/ros2_ws/install/turtlebot3_control' for CMake module files
[47.908s] Level 1:colcon.colcon_core.environment:checking '/home/pi/Mobile_robotsystem/ros2_ws/install/turtlebot3_control' for CMake config files
[47.912s] Level 1:colcon.colcon_core.shell:create_environment_hook('turtlebot3_control', 'cmake_prefix_path')
[47.914s] INFO:colcon.colcon_core.shell:Creating environment hook '/home/pi/Mobile_robotsystem/ros2_ws/install/turtlebot3_control/share/turtlebot3_control/hook/cmake_prefix_path.ps1'
[47.918s] INFO:colcon.colcon_core.shell:Creating environment descriptor '/home/pi/Mobile_robotsystem/ros2_ws/install/turtlebot3_control/share/turtlebot3_control/hook/cmake_prefix_path.dsv'
[47.922s] INFO:colcon.colcon_core.shell:Creating environment hook '/home/pi/Mobile_robotsystem/ros2_ws/install/turtlebot3_control/share/turtlebot3_control/hook/cmake_prefix_path.sh'
[47.928s] Level 1:colcon.colcon_core.environment:checking '/home/pi/Mobile_robotsystem/ros2_ws/install/turtlebot3_control/lib'
[47.929s] Level 1:colcon.colcon_core.environment:checking '/home/pi/Mobile_robotsystem/ros2_ws/install/turtlebot3_control/bin'
[47.930s] Level 1:colcon.colcon_core.environment:checking '/home/pi/Mobile_robotsystem/ros2_ws/install/turtlebot3_control/lib/pkgconfig/turtlebot3_control.pc'
[47.932s] Level 1:colcon.colcon_core.environment:checking '/home/pi/Mobile_robotsystem/ros2_ws/install/turtlebot3_control/lib/python3.10/site-packages'
[47.935s] Level 1:colcon.colcon_core.environment:checking '/home/pi/Mobile_robotsystem/ros2_ws/install/turtlebot3_control/bin'
[47.938s] INFO:colcon.colcon_core.shell:Creating package script '/home/pi/Mobile_robotsystem/ros2_ws/install/turtlebot3_control/share/turtlebot3_control/package.ps1'
[47.942s] INFO:colcon.colcon_core.shell:Creating package descriptor '/home/pi/Mobile_robotsystem/ros2_ws/install/turtlebot3_control/share/turtlebot3_control/package.dsv'
[47.949s] INFO:colcon.colcon_core.shell:Creating package script '/home/pi/Mobile_robotsystem/ros2_ws/install/turtlebot3_control/share/turtlebot3_control/package.sh'
[47.953s] INFO:colcon.colcon_core.shell:Creating package script '/home/pi/Mobile_robotsystem/ros2_ws/install/turtlebot3_control/share/turtlebot3_control/package.bash'
[47.958s] INFO:colcon.colcon_core.shell:Creating package script '/home/pi/Mobile_robotsystem/ros2_ws/install/turtlebot3_control/share/turtlebot3_control/package.zsh'
[47.963s] Level 1:colcon.colcon_core.environment:create_file_with_runtime_dependencies(/home/pi/Mobile_robotsystem/ros2_ws/install/turtlebot3_control/share/colcon-core/packages/turtlebot3_control)
[47.965s] DEBUG:colcon.colcon_parallel_executor.executor.parallel:closing loop
[47.968s] DEBUG:colcon.colcon_parallel_executor.executor.parallel:loop closed
[47.969s] DEBUG:colcon.colcon_parallel_executor.executor.parallel:run_until_complete finished with '0'
[47.970s] DEBUG:colcon.colcon_core.event_reactor:joining thread
[48.040s] INFO:colcon.colcon_core.plugin_system:Skipping extension 'colcon_notification.desktop_notification.notify_send': Could not find 'notify-send'
[48.041s] INFO:colcon.colcon_core.plugin_system:Skipping extension 'colcon_notification.desktop_notification.terminal_notifier': Not used on non-Darwin systems
[48.042s] INFO:colcon.colcon_core.plugin_system:Skipping extension 'colcon_notification.desktop_notification.win32': Not used on non-Windows systems
[48.042s] INFO:colcon.colcon_notification.desktop_notification:Sending desktop notification using 'notify2'
[48.048s] DEBUG:colcon.colcon_notification.desktop_notification.notify2:Failed to initialize notify2: org.freedesktop.DBus.Error.ServiceUnknown: The name org.freedesktop.Notifications was not provided by any .service files
[48.049s] DEBUG:colcon.colcon_core.event_reactor:joined thread
[48.051s] INFO:colcon.colcon_core.shell:Creating prefix script '/home/pi/Mobile_robotsystem/ros2_ws/install/local_setup.ps1'
[48.059s] INFO:colcon.colcon_core.shell:Creating prefix util module '/home/pi/Mobile_robotsystem/ros2_ws/install/_local_setup_util_ps1.py'
[48.074s] INFO:colcon.colcon_core.shell:Creating prefix chain script '/home/pi/Mobile_robotsystem/ros2_ws/install/setup.ps1'
[48.088s] INFO:colcon.colcon_core.shell:Creating prefix script '/home/pi/Mobile_robotsystem/ros2_ws/install/local_setup.sh'
[48.093s] INFO:colcon.colcon_core.shell:Creating prefix util module '/home/pi/Mobile_robotsystem/ros2_ws/install/_local_setup_util_sh.py'
[48.099s] INFO:colcon.colcon_core.shell:Creating prefix chain script '/home/pi/Mobile_robotsystem/ros2_ws/install/setup.sh'
[48.113s] INFO:colcon.colcon_core.shell:Creating prefix script '/home/pi/Mobile_robotsystem/ros2_ws/install/local_setup.bash'
[48.118s] INFO:colcon.colcon_core.shell:Creating prefix chain script '/home/pi/Mobile_robotsystem/ros2_ws/install/setup.bash'
[48.132s] INFO:colcon.colcon_core.shell:Creating prefix script '/home/pi/Mobile_robotsystem/ros2_ws/install/local_setup.zsh'
[48.137s] INFO:colcon.colcon_core.shell:Creating prefix chain script '/home/pi/Mobile_robotsystem/ros2_ws/install/setup.zsh'
