[1.094s] DEBUG:colcon:Command line arguments: ['/usr/bin/colcon', 'build', '--packages-select', 'turtlebot3_control']
[1.094s] DEBUG:colcon:Parsed command line arguments: Namespace(log_base=None, log_level=None, verb_name='build', build_base='build', install_base='install', merge_install=False, symlink_install=False, test_result_base=None, continue_on_error=False, executor='parallel', parallel_workers=4, event_handlers=None, ignore_user_meta=False, metas=['./colcon.meta'], base_paths=['.'], packages_ignore=None, packages_ignore_regex=None, paths=None, packages_up_to=None, packages_up_to_regex=None, packages_above=None, packages_above_and_dependencies=None, packages_above_depth=None, packages_select_by_dep=None, packages_skip_by_dep=None, packages_skip_up_to=None, packages_select_build_failed=False, packages_skip_build_finished=False, packages_select_test_failures=False, packages_skip_test_passed=False, packages_select=['turtlebot3_control'], packages_skip=None, packages_select_regex=None, packages_skip_regex=None, packages_start=None, packages_end=None, allow_overriding=[], cmake_args=None, cmake_target=None, cmake_target_skip_unavailable=False, cmake_clean_cache=False, cmake_clean_first=False, cmake_force_configure=False, ament_cmake_args=None, catkin_cmake_args=None, catkin_skip_building_tests=False, verb_parser=<colcon_defaults.argument_parser.defaults.DefaultArgumentsDecorator object at 0xffff9898ff10>, verb_extension=<colcon_core.verb.build.BuildVerb object at 0xffff988d1330>, main=<bound method BuildVerb.main of <colcon_core.verb.build.BuildVerb object at 0xffff988d1330>>)
[4.098s] Level 1:colcon.colcon_core.package_discovery:discover_packages(colcon_meta) check parameters
[4.099s] Level 1:colcon.colcon_core.package_discovery:discover_packages(recursive) check parameters
[4.100s] Level 1:colcon.colcon_core.package_discovery:discover_packages(ignore) check parameters
[4.101s] Level 1:colcon.colcon_core.package_discovery:discover_packages(path) check parameters
[4.101s] Level 1:colcon.colcon_core.package_discovery:discover_packages(colcon_meta) discover
[4.102s] Level 1:colcon.colcon_core.package_discovery:discover_packages(recursive) discover
[4.102s] INFO:colcon.colcon_core.package_discovery:Crawling recursively for packages in '/home/pi/ros2_ws'
[4.104s] Level 1:colcon.colcon_core.package_identification:_identify(.) by extensions ['ignore', 'ignore_ament_install']
[4.105s] Level 1:colcon.colcon_core.package_identification:_identify(.) by extension 'ignore'
[4.106s] Level 1:colcon.colcon_core.package_identification:_identify(.) by extension 'ignore_ament_install'
[4.107s] Level 1:colcon.colcon_core.package_identification:_identify(.) by extensions ['colcon_pkg']
[4.108s] Level 1:colcon.colcon_core.package_identification:_identify(.) by extension 'colcon_pkg'
[4.109s] Level 1:colcon.colcon_core.package_identification:_identify(.) by extensions ['colcon_meta']
[4.109s] Level 1:colcon.colcon_core.package_identification:_identify(.) by extension 'colcon_meta'
[4.110s] Level 1:colcon.colcon_core.package_identification:_identify(.) by extensions ['ros']
[4.111s] Level 1:colcon.colcon_core.package_identification:_identify(.) by extension 'ros'
[4.287s] Level 1:colcon.colcon_core.package_identification:_identify(.) by extensions ['cmake', 'python']
[4.288s] Level 1:colcon.colcon_core.package_identification:_identify(.) by extension 'cmake'
[4.288s] Level 1:colcon.colcon_core.package_identification:_identify(.) by extension 'python'
[4.289s] Level 1:colcon.colcon_core.package_identification:_identify(.) by extensions ['python_setup_py']
[4.289s] Level 1:colcon.colcon_core.package_identification:_identify(.) by extension 'python_setup_py'
[4.290s] Level 1:colcon.colcon_core.package_identification:_identify(build) by extensions ['ignore', 'ignore_ament_install']
[4.291s] Level 1:colcon.colcon_core.package_identification:_identify(build) by extension 'ignore'
[4.292s] Level 1:colcon.colcon_core.package_identification:_identify(build) ignored
[4.294s] Level 1:colcon.colcon_core.package_identification:_identify(dtmf_sounds) by extensions ['ignore', 'ignore_ament_install']
[4.295s] Level 1:colcon.colcon_core.package_identification:_identify(dtmf_sounds) by extension 'ignore'
[4.296s] Level 1:colcon.colcon_core.package_identification:_identify(dtmf_sounds) by extension 'ignore_ament_install'
[4.296s] Level 1:colcon.colcon_core.package_identification:_identify(dtmf_sounds) by extensions ['colcon_pkg']
[4.297s] Level 1:colcon.colcon_core.package_identification:_identify(dtmf_sounds) by extension 'colcon_pkg'
[4.297s] Level 1:colcon.colcon_core.package_identification:_identify(dtmf_sounds) by extensions ['colcon_meta']
[4.297s] Level 1:colcon.colcon_core.package_identification:_identify(dtmf_sounds) by extension 'colcon_meta'
[4.298s] Level 1:colcon.colcon_core.package_identification:_identify(dtmf_sounds) by extensions ['ros']
[4.298s] Level 1:colcon.colcon_core.package_identification:_identify(dtmf_sounds) by extension 'ros'
[4.299s] Level 1:colcon.colcon_core.package_identification:_identify(dtmf_sounds) by extensions ['cmake', 'python']
[4.300s] Level 1:colcon.colcon_core.package_identification:_identify(dtmf_sounds) by extension 'cmake'
[4.300s] Level 1:colcon.colcon_core.package_identification:_identify(dtmf_sounds) by extension 'python'
[4.300s] Level 1:colcon.colcon_core.package_identification:_identify(dtmf_sounds) by extensions ['python_setup_py']
[4.301s] Level 1:colcon.colcon_core.package_identification:_identify(dtmf_sounds) by extension 'python_setup_py'
[4.302s] Level 1:colcon.colcon_core.package_identification:_identify(install) by extensions ['ignore', 'ignore_ament_install']
[4.303s] Level 1:colcon.colcon_core.package_identification:_identify(install) by extension 'ignore'
[4.304s] Level 1:colcon.colcon_core.package_identification:_identify(install) ignored
[4.305s] Level 1:colcon.colcon_core.package_identification:_identify(log) by extensions ['ignore', 'ignore_ament_install']
[4.307s] Level 1:colcon.colcon_core.package_identification:_identify(log) by extension 'ignore'
[4.308s] Level 1:colcon.colcon_core.package_identification:_identify(log) ignored
[4.309s] Level 1:colcon.colcon_core.package_identification:_identify(src) by extensions ['ignore', 'ignore_ament_install']
[4.310s] Level 1:colcon.colcon_core.package_identification:_identify(src) by extension 'ignore'
[4.311s] Level 1:colcon.colcon_core.package_identification:_identify(src) by extension 'ignore_ament_install'
[4.311s] Level 1:colcon.colcon_core.package_identification:_identify(src) by extensions ['colcon_pkg']
[4.312s] Level 1:colcon.colcon_core.package_identification:_identify(src) by extension 'colcon_pkg'
[4.312s] Level 1:colcon.colcon_core.package_identification:_identify(src) by extensions ['colcon_meta']
[4.312s] Level 1:colcon.colcon_core.package_identification:_identify(src) by extension 'colcon_meta'
[4.313s] Level 1:colcon.colcon_core.package_identification:_identify(src) by extensions ['ros']
[4.313s] Level 1:colcon.colcon_core.package_identification:_identify(src) by extension 'ros'
[4.314s] Level 1:colcon.colcon_core.package_identification:_identify(src) by extensions ['cmake', 'python']
[4.315s] Level 1:colcon.colcon_core.package_identification:_identify(src) by extension 'cmake'
[4.315s] Level 1:colcon.colcon_core.package_identification:_identify(src) by extension 'python'
[4.316s] Level 1:colcon.colcon_core.package_identification:_identify(src) by extensions ['python_setup_py']
[4.316s] Level 1:colcon.colcon_core.package_identification:_identify(src) by extension 'python_setup_py'
[4.319s] Level 1:colcon.colcon_core.package_identification:_identify(src/cpp_pubsub) by extensions ['ignore', 'ignore_ament_install']
[4.320s] Level 1:colcon.colcon_core.package_identification:_identify(src/cpp_pubsub) by extension 'ignore'
[4.320s] Level 1:colcon.colcon_core.package_identification:_identify(src/cpp_pubsub) by extension 'ignore_ament_install'
[4.321s] Level 1:colcon.colcon_core.package_identification:_identify(src/cpp_pubsub) by extensions ['colcon_pkg']
[4.321s] Level 1:colcon.colcon_core.package_identification:_identify(src/cpp_pubsub) by extension 'colcon_pkg'
[4.322s] Level 1:colcon.colcon_core.package_identification:_identify(src/cpp_pubsub) by extensions ['colcon_meta']
[4.322s] Level 1:colcon.colcon_core.package_identification:_identify(src/cpp_pubsub) by extension 'colcon_meta'
[4.323s] Level 1:colcon.colcon_core.package_identification:_identify(src/cpp_pubsub) by extensions ['ros']
[4.323s] Level 1:colcon.colcon_core.package_identification:_identify(src/cpp_pubsub) by extension 'ros'
[4.356s] DEBUG:colcon.colcon_core.package_identification:Package 'src/cpp_pubsub' with type 'ros.ament_cmake' and name 'cpp_pubsub'
[4.359s] Level 1:colcon.colcon_core.package_identification:_identify(src/cpp_srvcli) by extensions ['ignore', 'ignore_ament_install']
[4.360s] Level 1:colcon.colcon_core.package_identification:_identify(src/cpp_srvcli) by extension 'ignore'
[4.361s] Level 1:colcon.colcon_core.package_identification:_identify(src/cpp_srvcli) by extension 'ignore_ament_install'
[4.362s] Level 1:colcon.colcon_core.package_identification:_identify(src/cpp_srvcli) by extensions ['colcon_pkg']
[4.362s] Level 1:colcon.colcon_core.package_identification:_identify(src/cpp_srvcli) by extension 'colcon_pkg'
[4.363s] Level 1:colcon.colcon_core.package_identification:_identify(src/cpp_srvcli) by extensions ['colcon_meta']
[4.363s] Level 1:colcon.colcon_core.package_identification:_identify(src/cpp_srvcli) by extension 'colcon_meta'
[4.363s] Level 1:colcon.colcon_core.package_identification:_identify(src/cpp_srvcli) by extensions ['ros']
[4.364s] Level 1:colcon.colcon_core.package_identification:_identify(src/cpp_srvcli) by extension 'ros'
[4.372s] DEBUG:colcon.colcon_core.package_identification:Package 'src/cpp_srvcli' with type 'ros.ament_cmake' and name 'cpp_srvcli'
[4.373s] Level 1:colcon.colcon_core.package_identification:_identify(src/turtlebot3_control) by extensions ['ignore', 'ignore_ament_install']
[4.374s] Level 1:colcon.colcon_core.package_identification:_identify(src/turtlebot3_control) by extension 'ignore'
[4.375s] Level 1:colcon.colcon_core.package_identification:_identify(src/turtlebot3_control) by extension 'ignore_ament_install'
[4.376s] Level 1:colcon.colcon_core.package_identification:_identify(src/turtlebot3_control) by extensions ['colcon_pkg']
[4.376s] Level 1:colcon.colcon_core.package_identification:_identify(src/turtlebot3_control) by extension 'colcon_pkg'
[4.377s] Level 1:colcon.colcon_core.package_identification:_identify(src/turtlebot3_control) by extensions ['colcon_meta']
[4.377s] Level 1:colcon.colcon_core.package_identification:_identify(src/turtlebot3_control) by extension 'colcon_meta'
[4.378s] Level 1:colcon.colcon_core.package_identification:_identify(src/turtlebot3_control) by extensions ['ros']
[4.378s] Level 1:colcon.colcon_core.package_identification:_identify(src/turtlebot3_control) by extension 'ros'
[4.385s] DEBUG:colcon.colcon_core.package_identification:Package 'src/turtlebot3_control' with type 'ros.ament_cmake' and name 'turtlebot3_control'
[4.386s] Level 1:colcon.colcon_core.package_discovery:discover_packages(recursive) using defaults
[4.386s] Level 1:colcon.colcon_core.package_discovery:discover_packages(ignore) discover
[4.386s] Level 1:colcon.colcon_core.package_discovery:discover_packages(ignore) using defaults
[4.387s] Level 1:colcon.colcon_core.package_discovery:discover_packages(path) discover
[4.387s] Level 1:colcon.colcon_core.package_discovery:discover_packages(path) using defaults
[4.662s] INFO:colcon.colcon_core.package_selection:Skipping not selected package 'cpp_pubsub' in 'src/cpp_pubsub'
[4.663s] INFO:colcon.colcon_core.package_selection:Skipping not selected package 'cpp_srvcli' in 'src/cpp_srvcli'
[4.669s] Level 1:colcon.colcon_core.package_discovery:discover_packages(prefix_path) check parameters
[4.669s] Level 1:colcon.colcon_core.package_discovery:discover_packages(prefix_path) discover
[4.713s] DEBUG:colcon.colcon_installed_package_information.package_discovery:Found 7 installed packages in /home/pi/turtlebot3_ws/install
[4.732s] DEBUG:colcon.colcon_installed_package_information.package_discovery:Found 273 installed packages in /opt/ros/humble
[4.746s] Level 1:colcon.colcon_core.package_discovery:discover_packages(prefix_path) using defaults
[5.331s] Level 5:colcon.colcon_core.verb:set package 'turtlebot3_control' build argument 'cmake_args' from command line to 'None'
[5.332s] Level 5:colcon.colcon_core.verb:set package 'turtlebot3_control' build argument 'cmake_target' from command line to 'None'
[5.332s] Level 5:colcon.colcon_core.verb:set package 'turtlebot3_control' build argument 'cmake_target_skip_unavailable' from command line to 'False'
[5.332s] Level 5:colcon.colcon_core.verb:set package 'turtlebot3_control' build argument 'cmake_clean_cache' from command line to 'False'
[5.333s] Level 5:colcon.colcon_core.verb:set package 'turtlebot3_control' build argument 'cmake_clean_first' from command line to 'False'
[5.333s] Level 5:colcon.colcon_core.verb:set package 'turtlebot3_control' build argument 'cmake_force_configure' from command line to 'False'
[5.333s] Level 5:colcon.colcon_core.verb:set package 'turtlebot3_control' build argument 'ament_cmake_args' from command line to 'None'
[5.333s] Level 5:colcon.colcon_core.verb:set package 'turtlebot3_control' build argument 'catkin_cmake_args' from command line to 'None'
[5.333s] Level 5:colcon.colcon_core.verb:set package 'turtlebot3_control' build argument 'catkin_skip_building_tests' from command line to 'False'
[5.334s] DEBUG:colcon.colcon_core.verb:Building package 'turtlebot3_control' with the following arguments: {'ament_cmake_args': None, 'build_base': '/home/pi/ros2_ws/build/turtlebot3_control', 'catkin_cmake_args': None, 'catkin_skip_building_tests': False, 'cmake_args': None, 'cmake_clean_cache': False, 'cmake_clean_first': False, 'cmake_force_configure': False, 'cmake_target': None, 'cmake_target_skip_unavailable': False, 'install_base': '/home/pi/ros2_ws/install/turtlebot3_control', 'merge_install': False, 'path': '/home/pi/ros2_ws/src/turtlebot3_control', 'symlink_install': False, 'test_result_base': None}
[5.335s] INFO:colcon.colcon_core.executor:Executing jobs using 'parallel' executor
[5.342s] DEBUG:colcon.colcon_parallel_executor.executor.parallel:run_until_complete
[5.345s] INFO:colcon.colcon_ros.task.ament_cmake.build:Building ROS package in '/home/pi/ros2_ws/src/turtlebot3_control' with build type 'ament_cmake'
[5.346s] INFO:colcon.colcon_cmake.task.cmake.build:Building CMake package in '/home/pi/ros2_ws/src/turtlebot3_control'
[5.401s] INFO:colcon.colcon_core.plugin_system:Skipping extension 'colcon_core.shell.bat': Not used on non-Windows systems
[5.404s] INFO:colcon.colcon_core.shell:Skip shell extension 'powershell' for command environment: Not usable outside of PowerShell
[5.404s] DEBUG:colcon.colcon_core.shell:Skip shell extension 'dsv' for command environment
[5.509s] DEBUG:colcon.colcon_core.event_handler.log_command:Invoking command in '/home/pi/ros2_ws/build/turtlebot3_control': CMAKE_PREFIX_PATH=${CMAKE_PREFIX_PATH}:/home/pi/turtlebot3_ws/install/turtlebot3_teleop:/home/pi/turtlebot3_ws/install/turtlebot3_example:/opt/ros/humble /usr/bin/cmake --build /home/pi/ros2_ws/build/turtlebot3_control -- -j4 -l4
[54.481s] DEBUG:colcon.colcon_core.event_handler.log_command:Invoked command in '/home/pi/ros2_ws/build/turtlebot3_control' returned '0': CMAKE_PREFIX_PATH=${CMAKE_PREFIX_PATH}:/home/pi/turtlebot3_ws/install/turtlebot3_teleop:/home/pi/turtlebot3_ws/install/turtlebot3_example:/opt/ros/humble /usr/bin/cmake --build /home/pi/ros2_ws/build/turtlebot3_control -- -j4 -l4
[54.587s] DEBUG:colcon.colcon_core.event_handler.log_command:Invoking command in '/home/pi/ros2_ws/build/turtlebot3_control': CMAKE_PREFIX_PATH=${CMAKE_PREFIX_PATH}:/home/pi/turtlebot3_ws/install/turtlebot3_teleop:/home/pi/turtlebot3_ws/install/turtlebot3_example:/opt/ros/humble /usr/bin/cmake --install /home/pi/ros2_ws/build/turtlebot3_control
[54.821s] Level 1:colcon.colcon_core.environment:create_environment_scripts_only(turtlebot3_control)
[54.826s] DEBUG:colcon.colcon_core.event_handler.log_command:Invoked command in '/home/pi/ros2_ws/build/turtlebot3_control' returned '0': CMAKE_PREFIX_PATH=${CMAKE_PREFIX_PATH}:/home/pi/turtlebot3_ws/install/turtlebot3_teleop:/home/pi/turtlebot3_ws/install/turtlebot3_example:/opt/ros/humble /usr/bin/cmake --install /home/pi/ros2_ws/build/turtlebot3_control
[54.944s] Level 1:colcon.colcon_core.environment:checking '/home/pi/ros2_ws/install/turtlebot3_control' for CMake module files
[54.951s] Level 1:colcon.colcon_core.environment:checking '/home/pi/ros2_ws/install/turtlebot3_control' for CMake config files
[54.960s] Level 1:colcon.colcon_core.shell:create_environment_hook('turtlebot3_control', 'cmake_prefix_path')
[54.963s] INFO:colcon.colcon_core.shell:Creating environment hook '/home/pi/ros2_ws/install/turtlebot3_control/share/turtlebot3_control/hook/cmake_prefix_path.ps1'
[54.978s] INFO:colcon.colcon_core.shell:Creating environment descriptor '/home/pi/ros2_ws/install/turtlebot3_control/share/turtlebot3_control/hook/cmake_prefix_path.dsv'
[54.989s] INFO:colcon.colcon_core.shell:Creating environment hook '/home/pi/ros2_ws/install/turtlebot3_control/share/turtlebot3_control/hook/cmake_prefix_path.sh'
[55.004s] Level 1:colcon.colcon_core.environment:checking '/home/pi/ros2_ws/install/turtlebot3_control/lib'
[55.007s] Level 1:colcon.colcon_core.environment:checking '/home/pi/ros2_ws/install/turtlebot3_control/bin'
[55.008s] Level 1:colcon.colcon_core.environment:checking '/home/pi/ros2_ws/install/turtlebot3_control/lib/pkgconfig/turtlebot3_control.pc'
[55.011s] Level 1:colcon.colcon_core.environment:checking '/home/pi/ros2_ws/install/turtlebot3_control/lib/python3.10/site-packages'
[55.013s] Level 1:colcon.colcon_core.environment:checking '/home/pi/ros2_ws/install/turtlebot3_control/bin'
[55.017s] INFO:colcon.colcon_core.shell:Creating package script '/home/pi/ros2_ws/install/turtlebot3_control/share/turtlebot3_control/package.ps1'
[55.027s] INFO:colcon.colcon_core.shell:Creating package descriptor '/home/pi/ros2_ws/install/turtlebot3_control/share/turtlebot3_control/package.dsv'
[55.037s] INFO:colcon.colcon_core.shell:Creating package script '/home/pi/ros2_ws/install/turtlebot3_control/share/turtlebot3_control/package.sh'
[55.050s] INFO:colcon.colcon_core.shell:Creating package script '/home/pi/ros2_ws/install/turtlebot3_control/share/turtlebot3_control/package.bash'
[55.066s] INFO:colcon.colcon_core.shell:Creating package script '/home/pi/ros2_ws/install/turtlebot3_control/share/turtlebot3_control/package.zsh'
[55.080s] Level 1:colcon.colcon_core.environment:create_file_with_runtime_dependencies(/home/pi/ros2_ws/install/turtlebot3_control/share/colcon-core/packages/turtlebot3_control)
[55.088s] Level 1:colcon.colcon_core.environment:create_environment_scripts_only(turtlebot3_control)
[55.091s] Level 1:colcon.colcon_core.environment:checking '/home/pi/ros2_ws/install/turtlebot3_control' for CMake module files
[55.097s] Level 1:colcon.colcon_core.environment:checking '/home/pi/ros2_ws/install/turtlebot3_control' for CMake config files
[55.101s] Level 1:colcon.colcon_core.shell:create_environment_hook('turtlebot3_control', 'cmake_prefix_path')
[55.103s] INFO:colcon.colcon_core.shell:Creating environment hook '/home/pi/ros2_ws/install/turtlebot3_control/share/turtlebot3_control/hook/cmake_prefix_path.ps1'
[55.110s] INFO:colcon.colcon_core.shell:Creating environment descriptor '/home/pi/ros2_ws/install/turtlebot3_control/share/turtlebot3_control/hook/cmake_prefix_path.dsv'
[55.114s] INFO:colcon.colcon_core.shell:Creating environment hook '/home/pi/ros2_ws/install/turtlebot3_control/share/turtlebot3_control/hook/cmake_prefix_path.sh'
[55.119s] Level 1:colcon.colcon_core.environment:checking '/home/pi/ros2_ws/install/turtlebot3_control/lib'
[55.121s] Level 1:colcon.colcon_core.environment:checking '/home/pi/ros2_ws/install/turtlebot3_control/bin'
[55.121s] Level 1:colcon.colcon_core.environment:checking '/home/pi/ros2_ws/install/turtlebot3_control/lib/pkgconfig/turtlebot3_control.pc'
[55.124s] Level 1:colcon.colcon_core.environment:checking '/home/pi/ros2_ws/install/turtlebot3_control/lib/python3.10/site-packages'
[55.126s] Level 1:colcon.colcon_core.environment:checking '/home/pi/ros2_ws/install/turtlebot3_control/bin'
[55.129s] INFO:colcon.colcon_core.shell:Creating package script '/home/pi/ros2_ws/install/turtlebot3_control/share/turtlebot3_control/package.ps1'
[55.134s] INFO:colcon.colcon_core.shell:Creating package descriptor '/home/pi/ros2_ws/install/turtlebot3_control/share/turtlebot3_control/package.dsv'
[55.139s] INFO:colcon.colcon_core.shell:Creating package script '/home/pi/ros2_ws/install/turtlebot3_control/share/turtlebot3_control/package.sh'
[55.143s] INFO:colcon.colcon_core.shell:Creating package script '/home/pi/ros2_ws/install/turtlebot3_control/share/turtlebot3_control/package.bash'
[55.148s] INFO:colcon.colcon_core.shell:Creating package script '/home/pi/ros2_ws/install/turtlebot3_control/share/turtlebot3_control/package.zsh'
[55.153s] Level 1:colcon.colcon_core.environment:create_file_with_runtime_dependencies(/home/pi/ros2_ws/install/turtlebot3_control/share/colcon-core/packages/turtlebot3_control)
[55.157s] DEBUG:colcon.colcon_parallel_executor.executor.parallel:closing loop
[55.160s] DEBUG:colcon.colcon_parallel_executor.executor.parallel:loop closed
[55.161s] DEBUG:colcon.colcon_parallel_executor.executor.parallel:run_until_complete finished with '0'
[55.162s] DEBUG:colcon.colcon_core.event_reactor:joining thread
[55.273s] INFO:colcon.colcon_core.plugin_system:Skipping extension 'colcon_notification.desktop_notification.notify_send': Could not find 'notify-send'
[55.275s] INFO:colcon.colcon_core.plugin_system:Skipping extension 'colcon_notification.desktop_notification.terminal_notifier': Not used on non-Darwin systems
[55.275s] INFO:colcon.colcon_core.plugin_system:Skipping extension 'colcon_notification.desktop_notification.win32': Not used on non-Windows systems
[55.276s] INFO:colcon.colcon_notification.desktop_notification:Sending desktop notification using 'notify2'
[55.515s] DEBUG:colcon.colcon_notification.desktop_notification.notify2:Failed to initialize notify2: org.freedesktop.DBus.Error.ServiceUnknown: The name org.freedesktop.Notifications was not provided by any .service files
[55.515s] DEBUG:colcon.colcon_core.event_reactor:joined thread
[55.518s] INFO:colcon.colcon_core.shell:Creating prefix script '/home/pi/ros2_ws/install/local_setup.ps1'
[55.530s] INFO:colcon.colcon_core.shell:Creating prefix util module '/home/pi/ros2_ws/install/_local_setup_util_ps1.py'
[55.549s] INFO:colcon.colcon_core.shell:Creating prefix chain script '/home/pi/ros2_ws/install/setup.ps1'
[55.573s] INFO:colcon.colcon_core.shell:Creating prefix script '/home/pi/ros2_ws/install/local_setup.sh'
[55.584s] INFO:colcon.colcon_core.shell:Creating prefix util module '/home/pi/ros2_ws/install/_local_setup_util_sh.py'
[55.591s] INFO:colcon.colcon_core.shell:Creating prefix chain script '/home/pi/ros2_ws/install/setup.sh'
[55.608s] INFO:colcon.colcon_core.shell:Creating prefix script '/home/pi/ros2_ws/install/local_setup.bash'
[55.617s] INFO:colcon.colcon_core.shell:Creating prefix chain script '/home/pi/ros2_ws/install/setup.bash'
[55.633s] INFO:colcon.colcon_core.shell:Creating prefix script '/home/pi/ros2_ws/install/local_setup.zsh'
[55.643s] INFO:colcon.colcon_core.shell:Creating prefix chain script '/home/pi/ros2_ws/install/setup.zsh'
