-- The C compiler identification is GNU 11.4.0
-- The CXX compiler identification is GNU 11.4.0
-- Detecting C compiler ABI info
-- Detecting C compiler ABI info - done
-- Check for working C compiler: /usr/bin/cc - skipped
-- Detecting C compile features
-- Detecting C compile features - done
-- Detecting CXX compiler ABI info
-- Detecting CXX compiler ABI info - done
-- Check for working CXX compiler: /usr/bin/c++ - skipped
-- Detecting CXX compile features
-- Detecting CXX compile features - done
-- Found ament_cmake: 1.3.10 (/opt/ros/humble/share/ament_cmake/cmake)
-- Found Python3: /usr/bin/python3 (found version "3.10.12") found components: Interpreter 
-- Found rclcpp: 16.0.10 (/opt/ros/humble/share/rclcpp/cmake)
-- Found rosidl_generator_c: 3.1.5 (/opt/ros/humble/share/rosidl_generator_c/cmake)
-- Found rosidl_adapter: 3.1.5 (/opt/ros/humble/share/rosidl_adapter/cmake)
-- Found rosidl_generator_cpp: 3.1.5 (/opt/ros/humble/share/rosidl_generator_cpp/cmake)
-- Using all available rosidl_typesupport_c: rosidl_typesupport_fastrtps_c;rosidl_typesupport_introspection_c
-- Using all available rosidl_typesupport_cpp: rosidl_typesupport_fastrtps_cpp;rosidl_typesupport_introspection_cpp
-- Found rmw_implementation_cmake: 6.1.2 (/opt/ros/humble/share/rmw_implementation_cmake/cmake)
-- Found rmw_fastrtps_cpp: 6.2.7 (/opt/ros/humble/share/rmw_fastrtps_cpp/cmake)
-- Found OpenSSL: /usr/lib/aarch64-linux-gnu/libcrypto.so (found version "3.0.2")  
-- Found FastRTPS: /opt/ros/humble/include  
-- Using RMW implementation 'rmw_fastrtps_cpp' as default
-- Looking for pthread.h
-- Looking for pthread.h - found
-- Performing Test CMAKE_HAVE_LIBC_PTHREAD
-- Performing Test CMAKE_HAVE_LIBC_PTHREAD - Success
-- Found Threads: TRUE  
-- Found geometry_msgs: 4.2.4 (/opt/ros/humble/share/geometry_msgs/cmake)
-- Found nav_msgs: 4.2.4 (/opt/ros/humble/share/nav_msgs/cmake)
-- Found tf2: 0.25.8 (/opt/ros/humble/share/tf2/cmake)
-- Found tf2_geometry_msgs: 0.25.8 (/opt/ros/humble/share/tf2_geometry_msgs/cmake)
-- Found eigen3_cmake_module: 0.1.1 (/opt/ros/humble/share/eigen3_cmake_module/cmake)
-- Found Eigen3: TRUE (found version "3.4.0") 
-- Ensuring Eigen3 include directory is part of orocos-kdl CMake target
-- Found rosidl_default_generators: 1.2.0 (/opt/ros/humble/share/rosidl_default_generators/cmake)
-- Found PortAudio: /usr/local/lib/libportaudio.so
-- Found PortAudio headers: /usr/local/include
-- Found SFML 2.5.1 in /usr/lib/aarch64-linux-gnu/cmake/SFML
-- SFML found: 
-- Configuring done
-- Generating done
-- Build files have been written to: /home/pi/ros2_ws/build/turtlebot3_control
[ 20%] [32mBuilding CXX object CMakeFiles/move_turtlebot.dir/src/move_turtlebot.cpp.o[0m
[ 40%] [32mBuilding CXX object CMakeFiles/move_turtlebot.dir/src/goertzel.cpp.o[0m
[ 60%] [32mBuilding CXX object CMakeFiles/move_turtlebot.dir/src/main.cpp.o[0m
[ 80%] [32mBuilding CXX object CMakeFiles/move_turtlebot.dir/src/audio_input.cpp.o[0m
[100%] [32m[1mLinking CXX executable move_turtlebot[0m
[100%] Built target move_turtlebot
-- Install configuration: ""
-- Installing: /home/pi/ros2_ws/install/turtlebot3_control/lib/turtlebot3_control/move_turtlebot
-- Set runtime path of "/home/pi/ros2_ws/install/turtlebot3_control/lib/turtlebot3_control/move_turtlebot" to ""
-- Installing: /home/pi/ros2_ws/install/turtlebot3_control/share/ament_index/resource_index/package_run_dependencies/turtlebot3_control
-- Installing: /home/pi/ros2_ws/install/turtlebot3_control/share/ament_index/resource_index/parent_prefix_path/turtlebot3_control
-- Installing: /home/pi/ros2_ws/install/turtlebot3_control/share/turtlebot3_control/environment/ament_prefix_path.sh
-- Installing: /home/pi/ros2_ws/install/turtlebot3_control/share/turtlebot3_control/environment/ament_prefix_path.dsv
-- Installing: /home/pi/ros2_ws/install/turtlebot3_control/share/turtlebot3_control/environment/path.sh
-- Installing: /home/pi/ros2_ws/install/turtlebot3_control/share/turtlebot3_control/environment/path.dsv
-- Installing: /home/pi/ros2_ws/install/turtlebot3_control/share/turtlebot3_control/local_setup.bash
-- Installing: /home/pi/ros2_ws/install/turtlebot3_control/share/turtlebot3_control/local_setup.sh
-- Installing: /home/pi/ros2_ws/install/turtlebot3_control/share/turtlebot3_control/local_setup.zsh
-- Installing: /home/pi/ros2_ws/install/turtlebot3_control/share/turtlebot3_control/local_setup.dsv
-- Installing: /home/pi/ros2_ws/install/turtlebot3_control/share/turtlebot3_control/package.dsv
-- Installing: /home/pi/ros2_ws/install/turtlebot3_control/share/ament_index/resource_index/packages/turtlebot3_control
-- Installing: /home/pi/ros2_ws/install/turtlebot3_control/share/turtlebot3_control/cmake/turtlebot3_controlConfig.cmake
-- Installing: /home/pi/ros2_ws/install/turtlebot3_control/share/turtlebot3_control/cmake/turtlebot3_controlConfig-version.cmake
-- Installing: /home/pi/ros2_ws/install/turtlebot3_control/share/turtlebot3_control/package.xml
