[3.108s] DEBUG:colcon:Command line arguments: ['/usr/bin/colcon', 'build', '--packages-select', 'turtlebot3_control']
[3.109s] DEBUG:colcon:Parsed command line arguments: Namespace(log_base=None, log_level=None, verb_name='build', build_base='build', install_base='install', merge_install=False, symlink_install=False, test_result_base=None, continue_on_error=False, executor='parallel', parallel_workers=4, event_handlers=None, ignore_user_meta=False, metas=['./colcon.meta'], base_paths=['.'], packages_ignore=None, packages_ignore_regex=None, paths=None, packages_up_to=None, packages_up_to_regex=None, packages_above=None, packages_above_and_dependencies=None, packages_above_depth=None, packages_select_by_dep=None, packages_skip_by_dep=None, packages_skip_up_to=None, packages_select_build_failed=False, packages_skip_build_finished=False, packages_select_test_failures=False, packages_skip_test_passed=False, packages_select=['turtlebot3_control'], packages_skip=None, packages_select_regex=None, packages_skip_regex=None, packages_start=None, packages_end=None, allow_overriding=[], cmake_args=None, cmake_target=None, cmake_target_skip_unavailable=False, cmake_clean_cache=False, cmake_clean_first=False, cmake_force_configure=False, ament_cmake_args=None, catkin_cmake_args=None, catkin_skip_building_tests=False, verb_parser=<colcon_defaults.argument_parser.defaults.DefaultArgumentsDecorator object at 0xffff8768fee0>, verb_extension=<colcon_core.verb.build.BuildVerb object at 0xffff875d1300>, main=<bound method BuildVerb.main of <colcon_core.verb.build.BuildVerb object at 0xffff875d1300>>)
[6.223s] Level 1:colcon.colcon_core.package_discovery:discover_packages(colcon_meta) check parameters
[6.224s] Level 1:colcon.colcon_core.package_discovery:discover_packages(recursive) check parameters
[6.224s] Level 1:colcon.colcon_core.package_discovery:discover_packages(ignore) check parameters
[6.225s] Level 1:colcon.colcon_core.package_discovery:discover_packages(path) check parameters
[6.225s] Level 1:colcon.colcon_core.package_discovery:discover_packages(colcon_meta) discover
[6.226s] Level 1:colcon.colcon_core.package_discovery:discover_packages(recursive) discover
[6.226s] INFO:colcon.colcon_core.package_discovery:Crawling recursively for packages in '/home/pi/Mobile_robotsystem/ros2_ws'
[6.227s] Level 1:colcon.colcon_core.package_identification:_identify(.) by extensions ['ignore', 'ignore_ament_install']
[6.228s] Level 1:colcon.colcon_core.package_identification:_identify(.) by extension 'ignore'
[6.229s] Level 1:colcon.colcon_core.package_identification:_identify(.) by extension 'ignore_ament_install'
[6.230s] Level 1:colcon.colcon_core.package_identification:_identify(.) by extensions ['colcon_pkg']
[6.230s] Level 1:colcon.colcon_core.package_identification:_identify(.) by extension 'colcon_pkg'
[6.231s] Level 1:colcon.colcon_core.package_identification:_identify(.) by extensions ['colcon_meta']
[6.231s] Level 1:colcon.colcon_core.package_identification:_identify(.) by extension 'colcon_meta'
[6.232s] Level 1:colcon.colcon_core.package_identification:_identify(.) by extensions ['ros']
[6.232s] Level 1:colcon.colcon_core.package_identification:_identify(.) by extension 'ros'
[6.371s] Level 1:colcon.colcon_core.package_identification:_identify(.) by extensions ['cmake', 'python']
[6.371s] Level 1:colcon.colcon_core.package_identification:_identify(.) by extension 'cmake'
[6.372s] Level 1:colcon.colcon_core.package_identification:_identify(.) by extension 'python'
[6.372s] Level 1:colcon.colcon_core.package_identification:_identify(.) by extensions ['python_setup_py']
[6.372s] Level 1:colcon.colcon_core.package_identification:_identify(.) by extension 'python_setup_py'
[6.374s] Level 1:colcon.colcon_core.package_identification:_identify(build) by extensions ['ignore', 'ignore_ament_install']
[6.375s] Level 1:colcon.colcon_core.package_identification:_identify(build) by extension 'ignore'
[6.375s] Level 1:colcon.colcon_core.package_identification:_identify(build) ignored
[6.377s] Level 1:colcon.colcon_core.package_identification:_identify(dtmf_sounds) by extensions ['ignore', 'ignore_ament_install']
[6.378s] Level 1:colcon.colcon_core.package_identification:_identify(dtmf_sounds) by extension 'ignore'
[6.378s] Level 1:colcon.colcon_core.package_identification:_identify(dtmf_sounds) by extension 'ignore_ament_install'
[6.379s] Level 1:colcon.colcon_core.package_identification:_identify(dtmf_sounds) by extensions ['colcon_pkg']
[6.379s] Level 1:colcon.colcon_core.package_identification:_identify(dtmf_sounds) by extension 'colcon_pkg'
[6.380s] Level 1:colcon.colcon_core.package_identification:_identify(dtmf_sounds) by extensions ['colcon_meta']
[6.380s] Level 1:colcon.colcon_core.package_identification:_identify(dtmf_sounds) by extension 'colcon_meta'
[6.381s] Level 1:colcon.colcon_core.package_identification:_identify(dtmf_sounds) by extensions ['ros']
[6.381s] Level 1:colcon.colcon_core.package_identification:_identify(dtmf_sounds) by extension 'ros'
[6.382s] Level 1:colcon.colcon_core.package_identification:_identify(dtmf_sounds) by extensions ['cmake', 'python']
[6.383s] Level 1:colcon.colcon_core.package_identification:_identify(dtmf_sounds) by extension 'cmake'
[6.383s] Level 1:colcon.colcon_core.package_identification:_identify(dtmf_sounds) by extension 'python'
[6.384s] Level 1:colcon.colcon_core.package_identification:_identify(dtmf_sounds) by extensions ['python_setup_py']
[6.384s] Level 1:colcon.colcon_core.package_identification:_identify(dtmf_sounds) by extension 'python_setup_py'
[6.386s] Level 1:colcon.colcon_core.package_identification:_identify(install) by extensions ['ignore', 'ignore_ament_install']
[6.387s] Level 1:colcon.colcon_core.package_identification:_identify(install) by extension 'ignore'
[6.388s] Level 1:colcon.colcon_core.package_identification:_identify(install) ignored
[6.390s] Level 1:colcon.colcon_core.package_identification:_identify(log) by extensions ['ignore', 'ignore_ament_install']
[6.391s] Level 1:colcon.colcon_core.package_identification:_identify(log) by extension 'ignore'
[6.391s] Level 1:colcon.colcon_core.package_identification:_identify(log) ignored
[6.392s] Level 1:colcon.colcon_core.package_identification:_identify(src) by extensions ['ignore', 'ignore_ament_install']
[6.393s] Level 1:colcon.colcon_core.package_identification:_identify(src) by extension 'ignore'
[6.394s] Level 1:colcon.colcon_core.package_identification:_identify(src) by extension 'ignore_ament_install'
[6.394s] Level 1:colcon.colcon_core.package_identification:_identify(src) by extensions ['colcon_pkg']
[6.395s] Level 1:colcon.colcon_core.package_identification:_identify(src) by extension 'colcon_pkg'
[6.395s] Level 1:colcon.colcon_core.package_identification:_identify(src) by extensions ['colcon_meta']
[6.395s] Level 1:colcon.colcon_core.package_identification:_identify(src) by extension 'colcon_meta'
[6.396s] Level 1:colcon.colcon_core.package_identification:_identify(src) by extensions ['ros']
[6.396s] Level 1:colcon.colcon_core.package_identification:_identify(src) by extension 'ros'
[6.397s] Level 1:colcon.colcon_core.package_identification:_identify(src) by extensions ['cmake', 'python']
[6.398s] Level 1:colcon.colcon_core.package_identification:_identify(src) by extension 'cmake'
[6.398s] Level 1:colcon.colcon_core.package_identification:_identify(src) by extension 'python'
[6.399s] Level 1:colcon.colcon_core.package_identification:_identify(src) by extensions ['python_setup_py']
[6.399s] Level 1:colcon.colcon_core.package_identification:_identify(src) by extension 'python_setup_py'
[6.400s] Level 1:colcon.colcon_core.package_identification:_identify(src/cpp_pubsub) by extensions ['ignore', 'ignore_ament_install']
[6.401s] Level 1:colcon.colcon_core.package_identification:_identify(src/cpp_pubsub) by extension 'ignore'
[6.402s] Level 1:colcon.colcon_core.package_identification:_identify(src/cpp_pubsub) by extension 'ignore_ament_install'
[6.402s] Level 1:colcon.colcon_core.package_identification:_identify(src/cpp_pubsub) by extensions ['colcon_pkg']
[6.403s] Level 1:colcon.colcon_core.package_identification:_identify(src/cpp_pubsub) by extension 'colcon_pkg'
[6.403s] Level 1:colcon.colcon_core.package_identification:_identify(src/cpp_pubsub) by extensions ['colcon_meta']
[6.403s] Level 1:colcon.colcon_core.package_identification:_identify(src/cpp_pubsub) by extension 'colcon_meta'
[6.404s] Level 1:colcon.colcon_core.package_identification:_identify(src/cpp_pubsub) by extensions ['ros']
[6.404s] Level 1:colcon.colcon_core.package_identification:_identify(src/cpp_pubsub) by extension 'ros'
[6.429s] DEBUG:colcon.colcon_core.package_identification:Package 'src/cpp_pubsub' with type 'ros.ament_cmake' and name 'cpp_pubsub'
[6.431s] Level 1:colcon.colcon_core.package_identification:_identify(src/cpp_srvcli) by extensions ['ignore', 'ignore_ament_install']
[6.432s] Level 1:colcon.colcon_core.package_identification:_identify(src/cpp_srvcli) by extension 'ignore'
[6.432s] Level 1:colcon.colcon_core.package_identification:_identify(src/cpp_srvcli) by extension 'ignore_ament_install'
[6.433s] Level 1:colcon.colcon_core.package_identification:_identify(src/cpp_srvcli) by extensions ['colcon_pkg']
[6.433s] Level 1:colcon.colcon_core.package_identification:_identify(src/cpp_srvcli) by extension 'colcon_pkg'
[6.434s] Level 1:colcon.colcon_core.package_identification:_identify(src/cpp_srvcli) by extensions ['colcon_meta']
[6.434s] Level 1:colcon.colcon_core.package_identification:_identify(src/cpp_srvcli) by extension 'colcon_meta'
[6.435s] Level 1:colcon.colcon_core.package_identification:_identify(src/cpp_srvcli) by extensions ['ros']
[6.435s] Level 1:colcon.colcon_core.package_identification:_identify(src/cpp_srvcli) by extension 'ros'
[6.442s] DEBUG:colcon.colcon_core.package_identification:Package 'src/cpp_srvcli' with type 'ros.ament_cmake' and name 'cpp_srvcli'
[6.443s] Level 1:colcon.colcon_core.package_identification:_identify(src/turtlebot3_control) by extensions ['ignore', 'ignore_ament_install']
[6.444s] Level 1:colcon.colcon_core.package_identification:_identify(src/turtlebot3_control) by extension 'ignore'
[6.445s] Level 1:colcon.colcon_core.package_identification:_identify(src/turtlebot3_control) by extension 'ignore_ament_install'
[6.445s] Level 1:colcon.colcon_core.package_identification:_identify(src/turtlebot3_control) by extensions ['colcon_pkg']
[6.446s] Level 1:colcon.colcon_core.package_identification:_identify(src/turtlebot3_control) by extension 'colcon_pkg'
[6.446s] Level 1:colcon.colcon_core.package_identification:_identify(src/turtlebot3_control) by extensions ['colcon_meta']
[6.447s] Level 1:colcon.colcon_core.package_identification:_identify(src/turtlebot3_control) by extension 'colcon_meta'
[6.447s] Level 1:colcon.colcon_core.package_identification:_identify(src/turtlebot3_control) by extensions ['ros']
[6.447s] Level 1:colcon.colcon_core.package_identification:_identify(src/turtlebot3_control) by extension 'ros'
[6.453s] DEBUG:colcon.colcon_core.package_identification:Package 'src/turtlebot3_control' with type 'ros.ament_cmake' and name 'turtlebot3_control'
[6.453s] Level 1:colcon.colcon_core.package_discovery:discover_packages(recursive) using defaults
[6.454s] Level 1:colcon.colcon_core.package_discovery:discover_packages(ignore) discover
[6.454s] Level 1:colcon.colcon_core.package_discovery:discover_packages(ignore) using defaults
[6.454s] Level 1:colcon.colcon_core.package_discovery:discover_packages(path) discover
[6.455s] Level 1:colcon.colcon_core.package_discovery:discover_packages(path) using defaults
[6.742s] INFO:colcon.colcon_core.package_selection:Skipping not selected package 'cpp_pubsub' in 'src/cpp_pubsub'
[6.743s] INFO:colcon.colcon_core.package_selection:Skipping not selected package 'cpp_srvcli' in 'src/cpp_srvcli'
[6.748s] Level 1:colcon.colcon_core.package_discovery:discover_packages(prefix_path) check parameters
[6.749s] Level 1:colcon.colcon_core.package_discovery:discover_packages(prefix_path) discover
[6.788s] DEBUG:colcon.colcon_installed_package_information.package_discovery:Found 1 installed packages in /home/pi/ros2_ws/install
[6.798s] DEBUG:colcon.colcon_installed_package_information.package_discovery:Found 7 installed packages in /home/pi/turtlebot3_ws/install
[6.821s] DEBUG:colcon.colcon_installed_package_information.package_discovery:Found 273 installed packages in /opt/ros/humble
[6.836s] Level 1:colcon.colcon_core.package_discovery:discover_packages(prefix_path) using defaults
[7.858s] Level 5:colcon.colcon_core.verb:set package 'turtlebot3_control' build argument 'cmake_args' from command line to 'None'
[7.858s] Level 5:colcon.colcon_core.verb:set package 'turtlebot3_control' build argument 'cmake_target' from command line to 'None'
[7.859s] Level 5:colcon.colcon_core.verb:set package 'turtlebot3_control' build argument 'cmake_target_skip_unavailable' from command line to 'False'
[7.859s] Level 5:colcon.colcon_core.verb:set package 'turtlebot3_control' build argument 'cmake_clean_cache' from command line to 'False'
[7.859s] Level 5:colcon.colcon_core.verb:set package 'turtlebot3_control' build argument 'cmake_clean_first' from command line to 'False'
[7.859s] Level 5:colcon.colcon_core.verb:set package 'turtlebot3_control' build argument 'cmake_force_configure' from command line to 'False'
[7.859s] Level 5:colcon.colcon_core.verb:set package 'turtlebot3_control' build argument 'ament_cmake_args' from command line to 'None'
[7.860s] Level 5:colcon.colcon_core.verb:set package 'turtlebot3_control' build argument 'catkin_cmake_args' from command line to 'None'
[7.860s] Level 5:colcon.colcon_core.verb:set package 'turtlebot3_control' build argument 'catkin_skip_building_tests' from command line to 'False'
[7.860s] DEBUG:colcon.colcon_core.verb:Building package 'turtlebot3_control' with the following arguments: {'ament_cmake_args': None, 'build_base': '/home/pi/Mobile_robotsystem/ros2_ws/build/turtlebot3_control', 'catkin_cmake_args': None, 'catkin_skip_building_tests': False, 'cmake_args': None, 'cmake_clean_cache': False, 'cmake_clean_first': False, 'cmake_force_configure': False, 'cmake_target': None, 'cmake_target_skip_unavailable': False, 'install_base': '/home/pi/Mobile_robotsystem/ros2_ws/install/turtlebot3_control', 'merge_install': False, 'path': '/home/pi/Mobile_robotsystem/ros2_ws/src/turtlebot3_control', 'symlink_install': False, 'test_result_base': None}
[7.861s] INFO:colcon.colcon_core.executor:Executing jobs using 'parallel' executor
[7.868s] DEBUG:colcon.colcon_parallel_executor.executor.parallel:run_until_complete
[7.870s] INFO:colcon.colcon_ros.task.ament_cmake.build:Building ROS package in '/home/pi/Mobile_robotsystem/ros2_ws/src/turtlebot3_control' with build type 'ament_cmake'
[7.872s] INFO:colcon.colcon_cmake.task.cmake.build:Building CMake package in '/home/pi/Mobile_robotsystem/ros2_ws/src/turtlebot3_control'
[7.911s] INFO:colcon.colcon_core.plugin_system:Skipping extension 'colcon_core.shell.bat': Not used on non-Windows systems
[7.913s] INFO:colcon.colcon_core.shell:Skip shell extension 'powershell' for command environment: Not usable outside of PowerShell
[7.913s] DEBUG:colcon.colcon_core.shell:Skip shell extension 'dsv' for command environment
[8.056s] DEBUG:colcon.colcon_core.event_handler.log_command:Invoking command in '/home/pi/Mobile_robotsystem/ros2_ws/build/turtlebot3_control': CMAKE_PREFIX_PATH=${CMAKE_PREFIX_PATH}:/home/pi/turtlebot3_ws/install/turtlebot3_teleop:/home/pi/turtlebot3_ws/install/turtlebot3_example:/opt/ros/humble /usr/bin/cmake --build /home/pi/Mobile_robotsystem/ros2_ws/build/turtlebot3_control -- -j4 -l4
[20.551s] DEBUG:colcon.colcon_core.event_handler.log_command:Invoked command in '/home/pi/Mobile_robotsystem/ros2_ws/build/turtlebot3_control' returned '2': CMAKE_PREFIX_PATH=${CMAKE_PREFIX_PATH}:/home/pi/turtlebot3_ws/install/turtlebot3_teleop:/home/pi/turtlebot3_ws/install/turtlebot3_example:/opt/ros/humble /usr/bin/cmake --build /home/pi/Mobile_robotsystem/ros2_ws/build/turtlebot3_control -- -j4 -l4
[20.555s] Level 1:colcon.colcon_core.environment:create_environment_scripts_only(turtlebot3_control)
[20.583s] Level 1:colcon.colcon_core.environment:checking '/home/pi/Mobile_robotsystem/ros2_ws/install/turtlebot3_control' for CMake module files
[20.589s] Level 1:colcon.colcon_core.environment:checking '/home/pi/Mobile_robotsystem/ros2_ws/install/turtlebot3_control' for CMake config files
[20.594s] Level 1:colcon.colcon_core.shell:create_environment_hook('turtlebot3_control', 'cmake_prefix_path')
[20.596s] INFO:colcon.colcon_core.shell:Creating environment hook '/home/pi/Mobile_robotsystem/ros2_ws/install/turtlebot3_control/share/turtlebot3_control/hook/cmake_prefix_path.ps1'
[20.601s] INFO:colcon.colcon_core.shell:Creating environment descriptor '/home/pi/Mobile_robotsystem/ros2_ws/install/turtlebot3_control/share/turtlebot3_control/hook/cmake_prefix_path.dsv'
[20.606s] INFO:colcon.colcon_core.shell:Creating environment hook '/home/pi/Mobile_robotsystem/ros2_ws/install/turtlebot3_control/share/turtlebot3_control/hook/cmake_prefix_path.sh'
[20.614s] Level 1:colcon.colcon_core.environment:checking '/home/pi/Mobile_robotsystem/ros2_ws/install/turtlebot3_control/lib'
[20.616s] Level 1:colcon.colcon_core.environment:checking '/home/pi/Mobile_robotsystem/ros2_ws/install/turtlebot3_control/bin'
[20.617s] Level 1:colcon.colcon_core.environment:checking '/home/pi/Mobile_robotsystem/ros2_ws/install/turtlebot3_control/lib/pkgconfig/turtlebot3_control.pc'
[20.619s] Level 1:colcon.colcon_core.environment:checking '/home/pi/Mobile_robotsystem/ros2_ws/install/turtlebot3_control/lib/python3.10/site-packages'
[20.621s] Level 1:colcon.colcon_core.environment:checking '/home/pi/Mobile_robotsystem/ros2_ws/install/turtlebot3_control/bin'
[20.624s] INFO:colcon.colcon_core.shell:Creating package script '/home/pi/Mobile_robotsystem/ros2_ws/install/turtlebot3_control/share/turtlebot3_control/package.ps1'
[20.633s] INFO:colcon.colcon_core.shell:Creating package descriptor '/home/pi/Mobile_robotsystem/ros2_ws/install/turtlebot3_control/share/turtlebot3_control/package.dsv'
[20.640s] INFO:colcon.colcon_core.shell:Creating package script '/home/pi/Mobile_robotsystem/ros2_ws/install/turtlebot3_control/share/turtlebot3_control/package.sh'
[20.647s] INFO:colcon.colcon_core.shell:Creating package script '/home/pi/Mobile_robotsystem/ros2_ws/install/turtlebot3_control/share/turtlebot3_control/package.bash'
[20.655s] INFO:colcon.colcon_core.shell:Creating package script '/home/pi/Mobile_robotsystem/ros2_ws/install/turtlebot3_control/share/turtlebot3_control/package.zsh'
[20.663s] Level 1:colcon.colcon_core.environment:create_file_with_runtime_dependencies(/home/pi/Mobile_robotsystem/ros2_ws/install/turtlebot3_control/share/colcon-core/packages/turtlebot3_control)
[20.677s] DEBUG:colcon.colcon_parallel_executor.executor.parallel:closing loop
[20.678s] DEBUG:colcon.colcon_parallel_executor.executor.parallel:loop closed
[20.679s] DEBUG:colcon.colcon_parallel_executor.executor.parallel:run_until_complete finished with '2'
[20.680s] DEBUG:colcon.colcon_core.event_reactor:joining thread
[20.728s] INFO:colcon.colcon_core.plugin_system:Skipping extension 'colcon_notification.desktop_notification.notify_send': Could not find 'notify-send'
[20.729s] INFO:colcon.colcon_core.plugin_system:Skipping extension 'colcon_notification.desktop_notification.terminal_notifier': Not used on non-Darwin systems
[20.729s] INFO:colcon.colcon_core.plugin_system:Skipping extension 'colcon_notification.desktop_notification.win32': Not used on non-Windows systems
[20.730s] INFO:colcon.colcon_notification.desktop_notification:Sending desktop notification using 'notify2'
[20.736s] DEBUG:colcon.colcon_notification.desktop_notification.notify2:Failed to initialize notify2: org.freedesktop.DBus.Error.ServiceUnknown: The name org.freedesktop.Notifications was not provided by any .service files
[20.737s] DEBUG:colcon.colcon_core.event_reactor:joined thread
[20.740s] INFO:colcon.colcon_core.shell:Creating prefix script '/home/pi/Mobile_robotsystem/ros2_ws/install/local_setup.ps1'
[20.750s] INFO:colcon.colcon_core.shell:Creating prefix util module '/home/pi/Mobile_robotsystem/ros2_ws/install/_local_setup_util_ps1.py'
[20.764s] INFO:colcon.colcon_core.shell:Creating prefix chain script '/home/pi/Mobile_robotsystem/ros2_ws/install/setup.ps1'
[20.778s] INFO:colcon.colcon_core.shell:Creating prefix script '/home/pi/Mobile_robotsystem/ros2_ws/install/local_setup.sh'
[20.784s] INFO:colcon.colcon_core.shell:Creating prefix util module '/home/pi/Mobile_robotsystem/ros2_ws/install/_local_setup_util_sh.py'
[20.791s] INFO:colcon.colcon_core.shell:Creating prefix chain script '/home/pi/Mobile_robotsystem/ros2_ws/install/setup.sh'
[20.805s] INFO:colcon.colcon_core.shell:Creating prefix script '/home/pi/Mobile_robotsystem/ros2_ws/install/local_setup.bash'
[20.811s] INFO:colcon.colcon_core.shell:Creating prefix chain script '/home/pi/Mobile_robotsystem/ros2_ws/install/setup.bash'
[20.826s] INFO:colcon.colcon_core.shell:Creating prefix script '/home/pi/Mobile_robotsystem/ros2_ws/install/local_setup.zsh'
[20.833s] INFO:colcon.colcon_core.shell:Creating prefix chain script '/home/pi/Mobile_robotsystem/ros2_ws/install/setup.zsh'
