[0.114s] Invoking command in '/home/pi/Mobile_robotsystem/ros2_ws/build/turtlebot3_control': CMAKE_PREFIX_PATH=${CMAKE_PREFIX_PATH}:/home/pi/turtlebot3_ws/install/turtlebot3_teleop:/home/pi/turtlebot3_ws/install/turtlebot3_example:/opt/ros/humble /usr/bin/cmake --build /home/pi/Mobile_robotsystem/ros2_ws/build/turtlebot3_control -- -j4 -l4
[0.418s] -- Found SFML 2.5.1 in /usr/lib/aarch64-linux-gnu/cmake/SFML
[0.420s] -- Found ament_cmake: 1.3.10 (/opt/ros/humble/share/ament_cmake/cmake)
[1.732s] -- Found rclcpp: 16.0.10 (/opt/ros/humble/share/rclcpp/cmake)
[2.076s] -- Found rosidl_generator_c: 3.1.5 (/opt/ros/humble/share/rosidl_generator_c/cmake)
[2.087s] -- Found rosidl_adapter: 3.1.5 (/opt/ros/humble/share/rosidl_adapter/cmake)
[2.140s] -- Found rosidl_generator_cpp: 3.1.5 (/opt/ros/humble/share/rosidl_generator_cpp/cmake)
[2.226s] -- Using all available rosidl_typesupport_c: rosidl_typesupport_fastrtps_c;rosidl_typesupport_introspection_c
[2.339s] -- Using all available rosidl_typesupport_cpp: rosidl_typesupport_fastrtps_cpp;rosidl_typesupport_introspection_cpp
[2.633s] -- Found rmw_implementation_cmake: 6.1.2 (/opt/ros/humble/share/rmw_implementation_cmake/cmake)
[2.647s] -- Found rmw_fastrtps_cpp: 6.2.7 (/opt/ros/humble/share/rmw_fastrtps_cpp/cmake)
[4.292s] -- Using RMW implementation 'rmw_fastrtps_cpp' as default
[4.744s] -- Found geometry_msgs: 4.2.4 (/opt/ros/humble/share/geometry_msgs/cmake)
[4.861s] -- Found nav_msgs: 4.2.4 (/opt/ros/humble/share/nav_msgs/cmake)
[5.016s] -- Found tf2: 0.25.8 (/opt/ros/humble/share/tf2/cmake)
[5.049s] -- Found tf2_geometry_msgs: 0.25.8 (/opt/ros/humble/share/tf2_geometry_msgs/cmake)
[5.072s] -- Found eigen3_cmake_module: 0.1.1 (/opt/ros/humble/share/eigen3_cmake_module/cmake)
[5.083s] -- Ensuring Eigen3 include directory is part of orocos-kdl CMake target
[5.816s] -- Found rosidl_default_generators: 1.2.0 (/opt/ros/humble/share/rosidl_default_generators/cmake)
[5.885s] -- Found PortAudio: /usr/local/lib/libportaudio.so
[5.886s] -- Found PortAudio headers: /usr/local/include
[5.898s] -- Found SFML 2.5.1 in /usr/lib/aarch64-linux-gnu/cmake/SFML
[5.899s] -- SFML found: 
[6.602s] -- Configuring done
[6.774s] -- Generating done
[6.864s] -- Build files have been written to: /home/pi/Mobile_robotsystem/ros2_ws/build/turtlebot3_control
[7.093s] [35m[1mConsolidate compiler generated dependencies of target move_turtlebot[0m
[7.271s] [ 16%] [32mBuilding CXX object CMakeFiles/move_turtlebot.dir/src/main.cpp.o[0m
[7.311s] [ 50%] [32mBuilding CXX object CMakeFiles/move_turtlebot.dir/src/move_turtlebot.cpp.o[0m
[7.313s] [ 50%] [32mBuilding CXX object CMakeFiles/move_turtlebot.dir/home/pi/Mobile_robotsystem/cpp/src/algorithms/goertzel.cpp.o[0m
[7.330s] [ 66%] [32mBuilding CXX object CMakeFiles/move_turtlebot.dir/home/pi/Mobile_robotsystem/cpp/src/audio/audio_input.cpp.o[0m
[7.449s] [01m[K/home/pi/Mobile_robotsystem/cpp/src/algorithms/goertzel.cpp:1:10:[m[K [01;31m[Kfatal error: [m[Kalgorithms/goertzel.h: No such file or directory
[7.452s]     1 | #include [01;31m[K"algorithms/goertzel.h"[m[K
[7.463s]       |          [01;31m[K^~~~~~~~~~~~~~~~~~~~~~~[m[K
[7.464s] compilation terminated.
[7.465s] gmake[2]: *** [CMakeFiles/move_turtlebot.dir/build.make:104: CMakeFiles/move_turtlebot.dir/home/pi/Mobile_robotsystem/cpp/src/algorithms/goertzel.cpp.o] Error 1
[7.466s] gmake[2]: *** Waiting for unfinished jobs....
[7.487s] [01m[K/home/pi/Mobile_robotsystem/cpp/src/audio/audio_input.cpp:1:10:[m[K [01;31m[Kfatal error: [m[Kaudio/audio_input.h: No such file or directory
[7.488s]     1 | #include [01;31m[K"audio/audio_input.h"[m[K
[7.489s]       |          [01;31m[K^~~~~~~~~~~~~~~~~~~~~[m[K
[7.490s] compilation terminated.
[7.520s] gmake[2]: *** [CMakeFiles/move_turtlebot.dir/build.make:118: CMakeFiles/move_turtlebot.dir/home/pi/Mobile_robotsystem/cpp/src/audio/audio_input.cpp.o] Error 1
[11.462s] In file included from [01m[K/home/pi/Mobile_robotsystem/ros2_ws/src/turtlebot3_control/src/main.cpp:9[m[K:
[11.464s] [01m[K/home/pi/Mobile_robotsystem/ros2_ws/src/turtlebot3_control/../../../cpp/include/audio/audio_input.h:12:10:[m[K [01;31m[Kfatal error: [m[Kalgorithms/goertzel.h: No such file or directory
[11.465s]    12 | #include [01;31m[K"algorithms/goertzel.h"[m[K
[11.467s]       |          [01;31m[K^~~~~~~~~~~~~~~~~~~~~~~[m[K
[11.468s] compilation terminated.
[11.497s] gmake[2]: *** [CMakeFiles/move_turtlebot.dir/build.make:76: CMakeFiles/move_turtlebot.dir/src/main.cpp.o] Error 1
[37.582s] gmake[1]: *** [CMakeFiles/Makefile2:137: CMakeFiles/move_turtlebot.dir/all] Error 2
[37.584s] gmake: *** [Makefile:146: all] Error 2
[37.600s] Invoked command in '/home/pi/Mobile_robotsystem/ros2_ws/build/turtlebot3_control' returned '2': CMAKE_PREFIX_PATH=${CMAKE_PREFIX_PATH}:/home/pi/turtlebot3_ws/install/turtlebot3_teleop:/home/pi/turtlebot3_ws/install/turtlebot3_example:/opt/ros/humble /usr/bin/cmake --build /home/pi/Mobile_robotsystem/ros2_ws/build/turtlebot3_control -- -j4 -l4
