[0.084s] DEBUG:colcon:Command line arguments: ['/usr/bin/colcon', 'build']
[0.084s] DEBUG:colcon:Parsed command line arguments: Namespace(log_base=None, log_level=None, verb_name='build', build_base='build', install_base='install', merge_install=False, symlink_install=False, test_result_base=None, continue_on_error=False, executor='parallel', parallel_workers=16, event_handlers=None, ignore_user_meta=False, metas=['./colcon.meta'], base_paths=['.'], packages_ignore=None, packages_ignore_regex=None, paths=None, packages_up_to=None, packages_up_to_regex=None, packages_above=None, packages_above_and_dependencies=None, packages_above_depth=None, packages_select_by_dep=None, packages_skip_by_dep=None, packages_skip_up_to=None, packages_select_build_failed=False, packages_skip_build_finished=False, packages_select_test_failures=False, packages_skip_test_passed=False, packages_select=None, packages_skip=None, packages_select_regex=None, packages_skip_regex=None, packages_start=None, packages_end=None, allow_overriding=[], cmake_args=None, cmake_target=None, cmake_target_skip_unavailable=False, cmake_clean_cache=False, cmake_clean_first=False, cmake_force_configure=False, ament_cmake_args=None, catkin_cmake_args=None, catkin_skip_building_tests=False, mixin_files=None, mixin=None, verb_parser=<colcon_mixin.mixin.mixin_argument.MixinArgumentDecorator object at 0x7fd886577490>, verb_extension=<colcon_core.verb.build.BuildVerb object at 0x7fd886576f80>, main=<bound method BuildVerb.main of <colcon_core.verb.build.BuildVerb object at 0x7fd886576f80>>, mixin_verb=('build',))
[0.239s] Level 1:colcon.colcon_core.package_discovery:discover_packages(colcon_meta) check parameters
[0.239s] Level 1:colcon.colcon_core.package_discovery:discover_packages(recursive) check parameters
[0.239s] Level 1:colcon.colcon_core.package_discovery:discover_packages(ignore) check parameters
[0.239s] Level 1:colcon.colcon_core.package_discovery:discover_packages(path) check parameters
[0.239s] Level 1:colcon.colcon_core.package_discovery:discover_packages(colcon_meta) discover
[0.239s] Level 1:colcon.colcon_core.package_discovery:discover_packages(recursive) discover
[0.239s] INFO:colcon.colcon_core.package_discovery:Crawling recursively for packages in '/home/chris/git/Mobile_robotsystem/robot_code/cpp/ros_code'
[0.239s] Level 1:colcon.colcon_core.package_identification:_identify(.) by extensions ['ignore', 'ignore_ament_install']
[0.239s] Level 1:colcon.colcon_core.package_identification:_identify(.) by extension 'ignore'
[0.239s] Level 1:colcon.colcon_core.package_identification:_identify(.) by extension 'ignore_ament_install'
[0.239s] Level 1:colcon.colcon_core.package_identification:_identify(.) by extensions ['colcon_pkg']
[0.240s] Level 1:colcon.colcon_core.package_identification:_identify(.) by extension 'colcon_pkg'
[0.240s] Level 1:colcon.colcon_core.package_identification:_identify(.) by extensions ['colcon_meta']
[0.240s] Level 1:colcon.colcon_core.package_identification:_identify(.) by extension 'colcon_meta'
[0.240s] Level 1:colcon.colcon_core.package_identification:_identify(.) by extensions ['ros']
[0.240s] Level 1:colcon.colcon_core.package_identification:_identify(.) by extension 'ros'
[0.248s] Level 1:colcon.colcon_core.package_identification:_identify(.) by extensions ['cmake', 'python']
[0.248s] Level 1:colcon.colcon_core.package_identification:_identify(.) by extension 'cmake'
[0.248s] Level 1:colcon.colcon_core.package_identification:_identify(.) by extension 'python'
[0.248s] Level 1:colcon.colcon_core.package_identification:_identify(.) by extensions ['python_setup_py']
[0.248s] Level 1:colcon.colcon_core.package_identification:_identify(.) by extension 'python_setup_py'
[0.248s] Level 1:colcon.colcon_core.package_identification:_identify(build) by extensions ['ignore', 'ignore_ament_install']
[0.248s] Level 1:colcon.colcon_core.package_identification:_identify(build) by extension 'ignore'
[0.248s] Level 1:colcon.colcon_core.package_identification:_identify(build) ignored
[0.248s] Level 1:colcon.colcon_core.package_identification:_identify(install) by extensions ['ignore', 'ignore_ament_install']
[0.248s] Level 1:colcon.colcon_core.package_identification:_identify(install) by extension 'ignore'
[0.248s] Level 1:colcon.colcon_core.package_identification:_identify(install) ignored
[0.248s] Level 1:colcon.colcon_core.package_identification:_identify(log) by extensions ['ignore', 'ignore_ament_install']
[0.249s] Level 1:colcon.colcon_core.package_identification:_identify(log) by extension 'ignore'
[0.249s] Level 1:colcon.colcon_core.package_identification:_identify(log) ignored
[0.249s] Level 1:colcon.colcon_core.package_identification:_identify(package_1) by extensions ['ignore', 'ignore_ament_install']
[0.249s] Level 1:colcon.colcon_core.package_identification:_identify(package_1) by extension 'ignore'
[0.249s] Level 1:colcon.colcon_core.package_identification:_identify(package_1) by extension 'ignore_ament_install'
[0.249s] Level 1:colcon.colcon_core.package_identification:_identify(package_1) by extensions ['colcon_pkg']
[0.249s] Level 1:colcon.colcon_core.package_identification:_identify(package_1) by extension 'colcon_pkg'
[0.249s] Level 1:colcon.colcon_core.package_identification:_identify(package_1) by extensions ['colcon_meta']
[0.249s] Level 1:colcon.colcon_core.package_identification:_identify(package_1) by extension 'colcon_meta'
[0.249s] Level 1:colcon.colcon_core.package_identification:_identify(package_1) by extensions ['ros']
[0.249s] Level 1:colcon.colcon_core.package_identification:_identify(package_1) by extension 'ros'
[0.251s] DEBUG:colcon.colcon_core.package_identification:Package 'package_1' with type 'ros.ament_cmake' and name 'package_1'
[0.251s] Level 1:colcon.colcon_core.package_discovery:discover_packages(recursive) using defaults
[0.251s] Level 1:colcon.colcon_core.package_discovery:discover_packages(ignore) discover
[0.251s] Level 1:colcon.colcon_core.package_discovery:discover_packages(ignore) using defaults
[0.251s] Level 1:colcon.colcon_core.package_discovery:discover_packages(path) discover
[0.251s] Level 1:colcon.colcon_core.package_discovery:discover_packages(path) using defaults
[0.275s] Level 1:colcon.colcon_core.package_discovery:discover_packages(prefix_path) check parameters
[0.275s] Level 1:colcon.colcon_core.package_discovery:discover_packages(prefix_path) discover
[0.276s] WARNING:colcon.colcon_core.prefix_path.colcon:The path '/home/chris/git/Mobile_robotsystem/robot_code/cpp/ros2_ws/install' in the environment variable COLCON_PREFIX_PATH doesn't exist
[0.278s] DEBUG:colcon.colcon_installed_package_information.package_discovery:Found 294 installed packages in /opt/ros/humble
[0.279s] Level 1:colcon.colcon_core.package_discovery:discover_packages(prefix_path) using defaults
[0.311s] Level 5:colcon.colcon_core.verb:set package 'package_1' build argument 'cmake_args' from command line to 'None'
[0.312s] Level 5:colcon.colcon_core.verb:set package 'package_1' build argument 'cmake_target' from command line to 'None'
[0.312s] Level 5:colcon.colcon_core.verb:set package 'package_1' build argument 'cmake_target_skip_unavailable' from command line to 'False'
[0.312s] Level 5:colcon.colcon_core.verb:set package 'package_1' build argument 'cmake_clean_cache' from command line to 'False'
[0.312s] Level 5:colcon.colcon_core.verb:set package 'package_1' build argument 'cmake_clean_first' from command line to 'False'
[0.312s] Level 5:colcon.colcon_core.verb:set package 'package_1' build argument 'cmake_force_configure' from command line to 'False'
[0.312s] Level 5:colcon.colcon_core.verb:set package 'package_1' build argument 'ament_cmake_args' from command line to 'None'
[0.312s] Level 5:colcon.colcon_core.verb:set package 'package_1' build argument 'catkin_cmake_args' from command line to 'None'
[0.312s] Level 5:colcon.colcon_core.verb:set package 'package_1' build argument 'catkin_skip_building_tests' from command line to 'False'
[0.312s] DEBUG:colcon.colcon_core.verb:Building package 'package_1' with the following arguments: {'ament_cmake_args': None, 'build_base': '/home/chris/git/Mobile_robotsystem/robot_code/cpp/ros_code/build/package_1', 'catkin_cmake_args': None, 'catkin_skip_building_tests': False, 'cmake_args': None, 'cmake_clean_cache': False, 'cmake_clean_first': False, 'cmake_force_configure': False, 'cmake_target': None, 'cmake_target_skip_unavailable': False, 'install_base': '/home/chris/git/Mobile_robotsystem/robot_code/cpp/ros_code/install/package_1', 'merge_install': False, 'path': '/home/chris/git/Mobile_robotsystem/robot_code/cpp/ros_code/package_1', 'symlink_install': False, 'test_result_base': None}
[0.312s] INFO:colcon.colcon_core.executor:Executing jobs using 'parallel' executor
[0.313s] DEBUG:colcon.colcon_parallel_executor.executor.parallel:run_until_complete
[0.313s] INFO:colcon.colcon_ros.task.ament_cmake.build:Building ROS package in '/home/chris/git/Mobile_robotsystem/robot_code/cpp/ros_code/package_1' with build type 'ament_cmake'
[0.313s] INFO:colcon.colcon_cmake.task.cmake.build:Building CMake package in '/home/chris/git/Mobile_robotsystem/robot_code/cpp/ros_code/package_1'
[0.315s] INFO:colcon.colcon_core.plugin_system:Skipping extension 'colcon_core.shell.bat': Not used on non-Windows systems
[0.315s] INFO:colcon.colcon_core.shell:Skip shell extension 'powershell' for command environment: Not usable outside of PowerShell
[0.315s] DEBUG:colcon.colcon_core.shell:Skip shell extension 'dsv' for command environment
[0.323s] DEBUG:colcon.colcon_core.event_handler.log_command:Invoking command in '/home/chris/git/Mobile_robotsystem/robot_code/cpp/ros_code/build/package_1': CMAKE_PREFIX_PATH=/opt/ros/humble /usr/bin/cmake /home/chris/git/Mobile_robotsystem/robot_code/cpp/ros_code/package_1 -DCMAKE_INSTALL_PREFIX=/home/chris/git/Mobile_robotsystem/robot_code/cpp/ros_code/install/package_1
[1.040s] DEBUG:colcon.colcon_core.event_handler.log_command:Invoked command in '/home/chris/git/Mobile_robotsystem/robot_code/cpp/ros_code/build/package_1' returned '0': CMAKE_PREFIX_PATH=/opt/ros/humble /usr/bin/cmake /home/chris/git/Mobile_robotsystem/robot_code/cpp/ros_code/package_1 -DCMAKE_INSTALL_PREFIX=/home/chris/git/Mobile_robotsystem/robot_code/cpp/ros_code/install/package_1
[1.042s] DEBUG:colcon.colcon_core.event_handler.log_command:Invoking command in '/home/chris/git/Mobile_robotsystem/robot_code/cpp/ros_code/build/package_1': CMAKE_PREFIX_PATH=/opt/ros/humble /usr/bin/cmake --build /home/chris/git/Mobile_robotsystem/robot_code/cpp/ros_code/build/package_1 -- -j16 -l16
[1.092s] DEBUG:colcon.colcon_core.event_handler.log_command:Invoked command in '/home/chris/git/Mobile_robotsystem/robot_code/cpp/ros_code/build/package_1' returned '0': CMAKE_PREFIX_PATH=/opt/ros/humble /usr/bin/cmake --build /home/chris/git/Mobile_robotsystem/robot_code/cpp/ros_code/build/package_1 -- -j16 -l16
[1.138s] DEBUG:colcon.colcon_core.event_handler.log_command:Invoking command in '/home/chris/git/Mobile_robotsystem/robot_code/cpp/ros_code/build/package_1': CMAKE_PREFIX_PATH=/opt/ros/humble /usr/bin/cmake --install /home/chris/git/Mobile_robotsystem/robot_code/cpp/ros_code/build/package_1
[1.153s] Level 1:colcon.colcon_core.environment:create_environment_scripts_only(package_1)
[1.154s] DEBUG:colcon.colcon_core.event_handler.log_command:Invoked command in '/home/chris/git/Mobile_robotsystem/robot_code/cpp/ros_code/build/package_1' returned '0': CMAKE_PREFIX_PATH=/opt/ros/humble /usr/bin/cmake --install /home/chris/git/Mobile_robotsystem/robot_code/cpp/ros_code/build/package_1
[1.155s] Level 1:colcon.colcon_core.environment:checking '/home/chris/git/Mobile_robotsystem/robot_code/cpp/ros_code/install/package_1' for CMake module files
[1.156s] Level 1:colcon.colcon_core.environment:checking '/home/chris/git/Mobile_robotsystem/robot_code/cpp/ros_code/install/package_1' for CMake config files
[1.156s] Level 1:colcon.colcon_core.shell:create_environment_hook('package_1', 'cmake_prefix_path')
[1.156s] INFO:colcon.colcon_core.shell:Creating environment hook '/home/chris/git/Mobile_robotsystem/robot_code/cpp/ros_code/install/package_1/share/package_1/hook/cmake_prefix_path.ps1'
[1.157s] INFO:colcon.colcon_core.shell:Creating environment descriptor '/home/chris/git/Mobile_robotsystem/robot_code/cpp/ros_code/install/package_1/share/package_1/hook/cmake_prefix_path.dsv'
[1.157s] INFO:colcon.colcon_core.shell:Creating environment hook '/home/chris/git/Mobile_robotsystem/robot_code/cpp/ros_code/install/package_1/share/package_1/hook/cmake_prefix_path.sh'
[1.158s] Level 1:colcon.colcon_core.environment:checking '/home/chris/git/Mobile_robotsystem/robot_code/cpp/ros_code/install/package_1/bin'
[1.158s] Level 1:colcon.colcon_core.environment:checking '/home/chris/git/Mobile_robotsystem/robot_code/cpp/ros_code/install/package_1/lib/pkgconfig/package_1.pc'
[1.158s] Level 1:colcon.colcon_core.environment:checking '/home/chris/git/Mobile_robotsystem/robot_code/cpp/ros_code/install/package_1/lib/python3.10/site-packages'
[1.158s] Level 1:colcon.colcon_core.environment:checking '/home/chris/git/Mobile_robotsystem/robot_code/cpp/ros_code/install/package_1/bin'
[1.158s] INFO:colcon.colcon_core.shell:Creating package script '/home/chris/git/Mobile_robotsystem/robot_code/cpp/ros_code/install/package_1/share/package_1/package.ps1'
[1.159s] INFO:colcon.colcon_core.shell:Creating package descriptor '/home/chris/git/Mobile_robotsystem/robot_code/cpp/ros_code/install/package_1/share/package_1/package.dsv'
[1.159s] INFO:colcon.colcon_core.shell:Creating package script '/home/chris/git/Mobile_robotsystem/robot_code/cpp/ros_code/install/package_1/share/package_1/package.sh'
[1.160s] INFO:colcon.colcon_core.shell:Creating package script '/home/chris/git/Mobile_robotsystem/robot_code/cpp/ros_code/install/package_1/share/package_1/package.bash'
[1.160s] INFO:colcon.colcon_core.shell:Creating package script '/home/chris/git/Mobile_robotsystem/robot_code/cpp/ros_code/install/package_1/share/package_1/package.zsh'
[1.161s] Level 1:colcon.colcon_core.environment:create_file_with_runtime_dependencies(/home/chris/git/Mobile_robotsystem/robot_code/cpp/ros_code/install/package_1/share/colcon-core/packages/package_1)
[1.196s] Level 1:colcon.colcon_core.environment:create_environment_scripts_only(package_1)
[1.197s] Level 1:colcon.colcon_core.environment:checking '/home/chris/git/Mobile_robotsystem/robot_code/cpp/ros_code/install/package_1' for CMake module files
[1.197s] Level 1:colcon.colcon_core.environment:checking '/home/chris/git/Mobile_robotsystem/robot_code/cpp/ros_code/install/package_1' for CMake config files
[1.197s] Level 1:colcon.colcon_core.shell:create_environment_hook('package_1', 'cmake_prefix_path')
[1.197s] INFO:colcon.colcon_core.shell:Creating environment hook '/home/chris/git/Mobile_robotsystem/robot_code/cpp/ros_code/install/package_1/share/package_1/hook/cmake_prefix_path.ps1'
[1.198s] INFO:colcon.colcon_core.shell:Creating environment descriptor '/home/chris/git/Mobile_robotsystem/robot_code/cpp/ros_code/install/package_1/share/package_1/hook/cmake_prefix_path.dsv'
[1.198s] INFO:colcon.colcon_core.shell:Creating environment hook '/home/chris/git/Mobile_robotsystem/robot_code/cpp/ros_code/install/package_1/share/package_1/hook/cmake_prefix_path.sh'
[1.199s] Level 1:colcon.colcon_core.environment:checking '/home/chris/git/Mobile_robotsystem/robot_code/cpp/ros_code/install/package_1/bin'
[1.199s] Level 1:colcon.colcon_core.environment:checking '/home/chris/git/Mobile_robotsystem/robot_code/cpp/ros_code/install/package_1/lib/pkgconfig/package_1.pc'
[1.199s] Level 1:colcon.colcon_core.environment:checking '/home/chris/git/Mobile_robotsystem/robot_code/cpp/ros_code/install/package_1/lib/python3.10/site-packages'
[1.200s] Level 1:colcon.colcon_core.environment:checking '/home/chris/git/Mobile_robotsystem/robot_code/cpp/ros_code/install/package_1/bin'
[1.200s] INFO:colcon.colcon_core.shell:Creating package script '/home/chris/git/Mobile_robotsystem/robot_code/cpp/ros_code/install/package_1/share/package_1/package.ps1'
[1.200s] INFO:colcon.colcon_core.shell:Creating package descriptor '/home/chris/git/Mobile_robotsystem/robot_code/cpp/ros_code/install/package_1/share/package_1/package.dsv'
[1.201s] INFO:colcon.colcon_core.shell:Creating package script '/home/chris/git/Mobile_robotsystem/robot_code/cpp/ros_code/install/package_1/share/package_1/package.sh'
[1.201s] INFO:colcon.colcon_core.shell:Creating package script '/home/chris/git/Mobile_robotsystem/robot_code/cpp/ros_code/install/package_1/share/package_1/package.bash'
[1.201s] INFO:colcon.colcon_core.shell:Creating package script '/home/chris/git/Mobile_robotsystem/robot_code/cpp/ros_code/install/package_1/share/package_1/package.zsh'
[1.202s] Level 1:colcon.colcon_core.environment:create_file_with_runtime_dependencies(/home/chris/git/Mobile_robotsystem/robot_code/cpp/ros_code/install/package_1/share/colcon-core/packages/package_1)
[1.202s] DEBUG:colcon.colcon_parallel_executor.executor.parallel:closing loop
[1.202s] DEBUG:colcon.colcon_parallel_executor.executor.parallel:loop closed
[1.202s] DEBUG:colcon.colcon_parallel_executor.executor.parallel:run_until_complete finished with '0'
[1.202s] DEBUG:colcon.colcon_core.event_reactor:joining thread
[1.207s] INFO:colcon.colcon_core.plugin_system:Skipping extension 'colcon_notification.desktop_notification.terminal_notifier': Not used on non-Darwin systems
[1.207s] INFO:colcon.colcon_core.plugin_system:Skipping extension 'colcon_notification.desktop_notification.win32': Not used on non-Windows systems
[1.207s] INFO:colcon.colcon_notification.desktop_notification:Sending desktop notification using 'notify2'
[1.221s] DEBUG:colcon.colcon_core.event_reactor:joined thread
[1.221s] INFO:colcon.colcon_core.shell:Creating prefix script '/home/chris/git/Mobile_robotsystem/robot_code/cpp/ros_code/install/local_setup.ps1'
[1.222s] INFO:colcon.colcon_core.shell:Creating prefix util module '/home/chris/git/Mobile_robotsystem/robot_code/cpp/ros_code/install/_local_setup_util_ps1.py'
[1.224s] INFO:colcon.colcon_core.shell:Creating prefix chain script '/home/chris/git/Mobile_robotsystem/robot_code/cpp/ros_code/install/setup.ps1'
[1.224s] INFO:colcon.colcon_core.shell:Creating prefix script '/home/chris/git/Mobile_robotsystem/robot_code/cpp/ros_code/install/local_setup.sh'
[1.225s] INFO:colcon.colcon_core.shell:Creating prefix util module '/home/chris/git/Mobile_robotsystem/robot_code/cpp/ros_code/install/_local_setup_util_sh.py'
[1.225s] INFO:colcon.colcon_core.shell:Creating prefix chain script '/home/chris/git/Mobile_robotsystem/robot_code/cpp/ros_code/install/setup.sh'
[1.226s] INFO:colcon.colcon_core.shell:Creating prefix script '/home/chris/git/Mobile_robotsystem/robot_code/cpp/ros_code/install/local_setup.bash'
[1.227s] INFO:colcon.colcon_core.shell:Creating prefix chain script '/home/chris/git/Mobile_robotsystem/robot_code/cpp/ros_code/install/setup.bash'
[1.228s] INFO:colcon.colcon_core.shell:Creating prefix script '/home/chris/git/Mobile_robotsystem/robot_code/cpp/ros_code/install/local_setup.zsh'
[1.228s] INFO:colcon.colcon_core.shell:Creating prefix chain script '/home/chris/git/Mobile_robotsystem/robot_code/cpp/ros_code/install/setup.zsh'
