[0.012s] Invoking command in '/home/chris/git/Mobile_robotsystem/robot_code/cpp/ros2_ws_gazebo/build/turtlebot3_gazebo': /usr/bin/cmake /home/chris/git/Mobile_robotsystem/robot_code/cpp/ros2_ws_gazebo/src/turtlebot3_simulations/turtlebot3_gazebo -DCMAKE_INSTALL_PREFIX=/home/chris/git/Mobile_robotsystem/robot_code/cpp/ros2_ws_gazebo/install/turtlebot3_gazebo
[0.090s] -- The C compiler identification is GNU 11.4.0
[0.164s] -- The CXX compiler identification is GNU 11.4.0
[0.174s] -- Detecting C compiler ABI info
[0.289s] -- Detecting C compiler ABI info - done
[0.296s] -- Check for working C compiler: /usr/bin/cc - skipped
[0.296s] -- Detecting C compile features
[0.296s] -- Detecting C compile features - done
[0.300s] -- Detecting CXX compiler ABI info
[0.412s] -- Detecting CXX compiler ABI info - done
[0.419s] -- Check for working CXX compiler: /usr/bin/c++ - skipped
[0.419s] -- Detecting CXX compile features
[0.420s] -- Detecting CXX compile features - done
[0.424s] -- Found ament_cmake: 1.3.10 (/opt/ros/humble/share/ament_cmake/cmake)
[0.604s] -- Found Python3: /usr/bin/python3 (found version "3.10.12") found components: Interpreter 
[0.718s] [33mCMake Warning (dev) at /usr/share/cmake-3.22/Modules/FindPackageHandleStandardArgs.cmake:438 (message):
[0.718s]   The package name passed to `find_package_handle_standard_args` (PkgConfig)
[0.718s]   does not match the name of the calling package (gazebo).  This can lead to
[0.718s]   problems in calling code that expects `find_package` result variables
[0.718s]   (e.g., `_FOUND`) to follow a certain pattern.
[0.718s] Call Stack (most recent call first):
[0.718s]   /usr/share/cmake-3.22/Modules/FindPkgConfig.cmake:99 (find_package_handle_standard_args)
[0.718s]   /usr/lib/x86_64-linux-gnu/cmake/gazebo/gazebo-config.cmake:72 (include)
[0.718s]   CMakeLists.txt:23 (find_package)
[0.718s] This warning is for project developers.  Use -Wno-dev to suppress it.
[0.719s] [0m
[0.719s] -- Found PkgConfig: /usr/bin/pkg-config (found version "0.29.2") 
[0.724s] -- Checking for module 'bullet>=2.82'
[0.748s] --   Found bullet, version 3.05
[0.933s] -- Found fcl: /usr/include (found suitable version "0.7.0", minimum required is "0.5.0") 
[1.018s] -- Found assimp: /usr/include (found version "5.2.0") 
[1.036s] -- Found DART: /usr/include (Required is at least version "6.6") found components: dart 
[1.248s] -- Found Boost: /usr/lib/x86_64-linux-gnu/cmake/Boost-1.74.0/BoostConfig.cmake (found suitable version "1.74.0", minimum required is "1.40.0") found components: thread system filesystem program_options regex iostreams date_time 
[1.269s] -- Found Protobuf: /usr/lib/x86_64-linux-gnu/libprotobuf.so (found version "3.12.4") 
[1.275s] -- Looking for ignition-math6 -- found version 6.15.1
[1.282s] -- Searching for dependencies of ignition-math6
[1.283s] -- Looking for OGRE...
[1.284s] -- OGRE_PREFIX_WATCH changed.
[1.291s] -- Checking for module 'OGRE'
[1.313s] --   Found OGRE, version 1.9.0
[1.373s] -- Found Ogre Ghadamon (1.9.0)
[1.386s] -- Found OGRE: optimized;/usr/lib/x86_64-linux-gnu/libOgreMain.so;debug;/usr/lib/x86_64-linux-gnu/libOgreMain.so
[1.394s] -- Looking for OGRE_Paging...
[1.399s] -- Found OGRE_Paging: optimized;/usr/lib/x86_64-linux-gnu/libOgrePaging.so;debug;/usr/lib/x86_64-linux-gnu/libOgrePaging.so
[1.399s] -- Looking for OGRE_Terrain...
[1.403s] -- Found OGRE_Terrain: optimized;/usr/lib/x86_64-linux-gnu/libOgreTerrain.so;debug;/usr/lib/x86_64-linux-gnu/libOgreTerrain.so
[1.403s] -- Looking for OGRE_Property...
[1.408s] -- Found OGRE_Property: optimized;/usr/lib/x86_64-linux-gnu/libOgreProperty.so;debug;/usr/lib/x86_64-linux-gnu/libOgreProperty.so
[1.408s] -- Looking for OGRE_RTShaderSystem...
[1.412s] -- Found OGRE_RTShaderSystem: optimized;/usr/lib/x86_64-linux-gnu/libOgreRTShaderSystem.so;debug;/usr/lib/x86_64-linux-gnu/libOgreRTShaderSystem.so
[1.412s] -- Looking for OGRE_Volume...
[1.416s] -- Found OGRE_Volume: optimized;/usr/lib/x86_64-linux-gnu/libOgreVolume.so;debug;/usr/lib/x86_64-linux-gnu/libOgreVolume.so
[1.416s] -- Looking for OGRE_Overlay...
[1.421s] -- Found OGRE_Overlay: optimized;/usr/lib/x86_64-linux-gnu/libOgreOverlay.so;debug;/usr/lib/x86_64-linux-gnu/libOgreOverlay.so
[1.528s] -- Looking for ignition-math6 -- found version 6.15.1
[1.531s] -- Looking for ignition-transport8 -- found version 8.2.1
[1.531s] -- Searching for dependencies of ignition-transport8
[1.560s] -- Found Protobuf: /usr/lib/x86_64-linux-gnu/libprotobuf.so (found suitable version "3.12.4", minimum required is "3") 
[1.578s] -- Config-file not installed for ZeroMQ -- checking for pkg-config
[1.585s] -- Checking for module 'libzmq >= 4'
[1.607s] --   Found libzmq , version 4.3.4
[1.670s] -- Found ZeroMQ: TRUE (Required is at least version "4") 
[1.676s] -- Checking for module 'uuid'
[1.699s] --   Found uuid, version 2.37.2
[1.756s] -- Found UUID: TRUE  
[1.759s] -- Looking for ignition-msgs5 -- found version 5.8.1
[1.760s] -- Searching for dependencies of ignition-msgs5
[1.790s] -- Looking for ignition-math6 -- found version 6.15.1
[1.795s] -- Checking for module 'tinyxml2'
[1.817s] --   Found tinyxml2, version 9.0.0
[1.876s] -- Looking for ignition-msgs5 -- found version 5.8.1
[1.879s] -- Looking for ignition-common3 -- found version 3.14.0
[1.879s] -- Searching for dependencies of ignition-common3
[1.879s] -- Looking for dlfcn.h - found
[1.880s] -- Looking for libdl - found
[1.882s] -- Found DL: TRUE  
[1.895s] -- Found tinyobjloader: /usr/lib/x86_64-linux-gnu/cmake/tinyobjloader/tinyobjloader-config.cmake (found version "2.0.0") 
[1.895s] -- Searching for <ignition-common3> component [graphics]
[1.898s] -- Looking for ignition-common3-graphics -- found version 3.14.0
[1.899s] -- Searching for dependencies of ignition-common3-graphics
[1.899s] -- Looking for ignition-math6 -- found version 6.15.1
[1.903s] -- Looking for ignition-fuel_tools4 -- found version 4.4.0
[1.903s] -- Searching for dependencies of ignition-fuel_tools4
[2.032s] -- Found CURL: /usr/lib/x86_64-linux-gnu/libcurl.so (found version "7.81.0")  
[2.044s] -- Checking for module 'jsoncpp'
[2.067s] --   Found jsoncpp, version 1.9.5
[2.127s] -- Found JSONCPP: TRUE  
[2.136s] -- Checking for module 'libzip'
[2.158s] --   Found libzip, version 1.7.3
[2.218s] -- Found ZIP: TRUE  
[2.219s] -- Looking for ignition-common3 -- found version 3.14.0
[2.219s] -- Looking for ignition-math6 -- found version 6.15.1
[2.219s] -- Looking for ignition-msgs5 -- found version 5.8.1
[2.226s] -- Found gazebo_ros_pkgs: 3.7.0 (/opt/ros/humble/share/gazebo_ros_pkgs/cmake)
[2.228s] -- Found geometry_msgs: 4.2.4 (/opt/ros/humble/share/geometry_msgs/cmake)
[2.266s] -- Found rosidl_generator_c: 3.1.5 (/opt/ros/humble/share/rosidl_generator_c/cmake)
[2.272s] -- Found rosidl_adapter: 3.1.5 (/opt/ros/humble/share/rosidl_adapter/cmake)
[2.281s] -- Found rosidl_generator_cpp: 3.1.5 (/opt/ros/humble/share/rosidl_generator_cpp/cmake)
[2.293s] -- Using all available rosidl_typesupport_c: rosidl_typesupport_fastrtps_c;rosidl_typesupport_introspection_c
[2.310s] -- Using all available rosidl_typesupport_cpp: rosidl_typesupport_fastrtps_cpp;rosidl_typesupport_introspection_cpp
[2.347s] -- Found nav_msgs: 4.2.4 (/opt/ros/humble/share/nav_msgs/cmake)
[2.362s] -- Found rclcpp: 16.0.10 (/opt/ros/humble/share/rclcpp/cmake)
[2.403s] -- Found rmw_implementation_cmake: 6.1.2 (/opt/ros/humble/share/rmw_implementation_cmake/cmake)
[2.406s] -- Found rmw_fastrtps_cpp: 6.2.7 (/opt/ros/humble/share/rmw_fastrtps_cpp/cmake)
[2.542s] -- Found OpenSSL: /usr/lib/x86_64-linux-gnu/libcrypto.so (found version "3.0.2")  
[2.576s] -- Found FastRTPS: /opt/ros/humble/include  
[2.637s] -- Using RMW implementation 'rmw_fastrtps_cpp' as default
[2.649s] -- Found Threads: TRUE  
[2.686s] -- Found sensor_msgs: 4.2.4 (/opt/ros/humble/share/sensor_msgs/cmake)
[2.701s] -- Found tf2: 0.25.8 (/opt/ros/humble/share/tf2/cmake)
[2.778s] -- Configuring done
[2.821s] -- Generating done
[2.824s] -- Build files have been written to: /home/chris/git/Mobile_robotsystem/robot_code/cpp/ros2_ws_gazebo/build/turtlebot3_gazebo
[2.841s] Invoked command in '/home/chris/git/Mobile_robotsystem/robot_code/cpp/ros2_ws_gazebo/build/turtlebot3_gazebo' returned '0': /usr/bin/cmake /home/chris/git/Mobile_robotsystem/robot_code/cpp/ros2_ws_gazebo/src/turtlebot3_simulations/turtlebot3_gazebo -DCMAKE_INSTALL_PREFIX=/home/chris/git/Mobile_robotsystem/robot_code/cpp/ros2_ws_gazebo/install/turtlebot3_gazebo
[2.844s] Invoking command in '/home/chris/git/Mobile_robotsystem/robot_code/cpp/ros2_ws_gazebo/build/turtlebot3_gazebo': /usr/bin/cmake --build /home/chris/git/Mobile_robotsystem/robot_code/cpp/ros2_ws_gazebo/build/turtlebot3_gazebo -- -j16 -l16
[2.912s] [ 50%] [32mBuilding CXX object CMakeFiles/obstacle2.dir/models/turtlebot3_dqn_world/obstacle_plugin/obstacle2.cc.o[0m
[2.912s] [ 50%] [32mBuilding CXX object CMakeFiles/obstacles.dir/models/turtlebot3_dqn_world/obstacle_plugin/obstacles.cc.o[0m
[2.912s] [ 50%] [32mBuilding CXX object CMakeFiles/obstacle1.dir/models/turtlebot3_dqn_world/obstacle_plugin/obstacle1.cc.o[0m
[2.912s] [ 50%] [32mBuilding CXX object CMakeFiles/turtlebot3_drive.dir/src/turtlebot3_drive.cpp.o[0m
[15.631s] [ 62%] [32m[1mLinking CXX executable turtlebot3_drive[0m
[15.785s] [ 75%] [32m[1mLinking CXX shared library libobstacle1.so[0m
[15.860s] [ 87%] [32m[1mLinking CXX shared library libobstacle2.so[0m
[15.995s] [100%] [32m[1mLinking CXX shared library libobstacles.so[0m
[16.097s] [100%] Built target obstacle1
[16.164s] [100%] Built target obstacle2
[16.282s] [100%] Built target obstacles
[16.300s] [100%] Built target turtlebot3_drive
[16.316s] Invoked command in '/home/chris/git/Mobile_robotsystem/robot_code/cpp/ros2_ws_gazebo/build/turtlebot3_gazebo' returned '0': /usr/bin/cmake --build /home/chris/git/Mobile_robotsystem/robot_code/cpp/ros2_ws_gazebo/build/turtlebot3_gazebo -- -j16 -l16
[16.375s] Invoking command in '/home/chris/git/Mobile_robotsystem/robot_code/cpp/ros2_ws_gazebo/build/turtlebot3_gazebo': /usr/bin/cmake --install /home/chris/git/Mobile_robotsystem/robot_code/cpp/ros2_ws_gazebo/build/turtlebot3_gazebo
[16.383s] -- Install configuration: ""
[16.384s] -- Installing: /home/chris/git/Mobile_robotsystem/robot_code/cpp/ros2_ws_gazebo/install/turtlebot3_gazebo/lib/turtlebot3_gazebo/turtlebot3_drive
[16.397s] -- Set runtime path of "/home/chris/git/Mobile_robotsystem/robot_code/cpp/ros2_ws_gazebo/install/turtlebot3_gazebo/lib/turtlebot3_gazebo/turtlebot3_drive" to ""
[16.397s] -- Installing: /home/chris/git/Mobile_robotsystem/robot_code/cpp/ros2_ws_gazebo/install/turtlebot3_gazebo/share/turtlebot3_gazebo//launch
[16.397s] -- Installing: /home/chris/git/Mobile_robotsystem/robot_code/cpp/ros2_ws_gazebo/install/turtlebot3_gazebo/share/turtlebot3_gazebo//launch/turtlebot3_dqn_stage4.launch.py
[16.397s] -- Installing: /home/chris/git/Mobile_robotsystem/robot_code/cpp/ros2_ws_gazebo/install/turtlebot3_gazebo/share/turtlebot3_gazebo//launch/spawn_turtlebot3.launch.py
[16.397s] -- Installing: /home/chris/git/Mobile_robotsystem/robot_code/cpp/ros2_ws_gazebo/install/turtlebot3_gazebo/share/turtlebot3_gazebo//launch/turtlebot3_dqn_stage2.launch.py
[16.398s] -- Installing: /home/chris/git/Mobile_robotsystem/robot_code/cpp/ros2_ws_gazebo/install/turtlebot3_gazebo/share/turtlebot3_gazebo//launch/robot_state_publisher.launch.py
[16.398s] -- Installing: /home/chris/git/Mobile_robotsystem/robot_code/cpp/ros2_ws_gazebo/install/turtlebot3_gazebo/share/turtlebot3_gazebo//launch/empty_world.launch.py
[16.398s] -- Installing: /home/chris/git/Mobile_robotsystem/robot_code/cpp/ros2_ws_gazebo/install/turtlebot3_gazebo/share/turtlebot3_gazebo//launch/turtlebot3_world.launch.py
[16.398s] -- Installing: /home/chris/git/Mobile_robotsystem/robot_code/cpp/ros2_ws_gazebo/install/turtlebot3_gazebo/share/turtlebot3_gazebo//launch/turtlebot3_dqn_stage3.launch.py
[16.398s] -- Installing: /home/chris/git/Mobile_robotsystem/robot_code/cpp/ros2_ws_gazebo/install/turtlebot3_gazebo/share/turtlebot3_gazebo//launch/turtlebot3_dqn_stage1.launch.py
[16.399s] -- Installing: /home/chris/git/Mobile_robotsystem/robot_code/cpp/ros2_ws_gazebo/install/turtlebot3_gazebo/share/turtlebot3_gazebo//launch/turtlebot3_house.launch.py
[16.399s] -- Installing: /home/chris/git/Mobile_robotsystem/robot_code/cpp/ros2_ws_gazebo/install/turtlebot3_gazebo/share/turtlebot3_gazebo//models
[16.399s] -- Installing: /home/chris/git/Mobile_robotsystem/robot_code/cpp/ros2_ws_gazebo/install/turtlebot3_gazebo/share/turtlebot3_gazebo//models/turtlebot3_common
[16.399s] -- Installing: /home/chris/git/Mobile_robotsystem/robot_code/cpp/ros2_ws_gazebo/install/turtlebot3_gazebo/share/turtlebot3_gazebo//models/turtlebot3_common/meshes
[16.399s] -- Installing: /home/chris/git/Mobile_robotsystem/robot_code/cpp/ros2_ws_gazebo/install/turtlebot3_gazebo/share/turtlebot3_gazebo//models/turtlebot3_common/meshes/burger_base.dae
[16.399s] -- Installing: /home/chris/git/Mobile_robotsystem/robot_code/cpp/ros2_ws_gazebo/install/turtlebot3_gazebo/share/turtlebot3_gazebo//models/turtlebot3_common/meshes/waffle_base.dae
[16.400s] -- Installing: /home/chris/git/Mobile_robotsystem/robot_code/cpp/ros2_ws_gazebo/install/turtlebot3_gazebo/share/turtlebot3_gazebo//models/turtlebot3_common/meshes/lds.dae
[16.400s] -- Installing: /home/chris/git/Mobile_robotsystem/robot_code/cpp/ros2_ws_gazebo/install/turtlebot3_gazebo/share/turtlebot3_gazebo//models/turtlebot3_common/meshes/tire.dae
[16.400s] -- Installing: /home/chris/git/Mobile_robotsystem/robot_code/cpp/ros2_ws_gazebo/install/turtlebot3_gazebo/share/turtlebot3_gazebo//models/turtlebot3_common/meshes/waffle_pi_base.dae
[16.400s] -- Installing: /home/chris/git/Mobile_robotsystem/robot_code/cpp/ros2_ws_gazebo/install/turtlebot3_gazebo/share/turtlebot3_gazebo//models/turtlebot3_common/meshes/r200.dae
[16.401s] -- Installing: /home/chris/git/Mobile_robotsystem/robot_code/cpp/ros2_ws_gazebo/install/turtlebot3_gazebo/share/turtlebot3_gazebo//models/turtlebot3_common/model.config
[16.401s] -- Installing: /home/chris/git/Mobile_robotsystem/robot_code/cpp/ros2_ws_gazebo/install/turtlebot3_gazebo/share/turtlebot3_gazebo//models/turtlebot3_burger
[16.401s] -- Installing: /home/chris/git/Mobile_robotsystem/robot_code/cpp/ros2_ws_gazebo/install/turtlebot3_gazebo/share/turtlebot3_gazebo//models/turtlebot3_burger/model.sdf
[16.402s] -- Installing: /home/chris/git/Mobile_robotsystem/robot_code/cpp/ros2_ws_gazebo/install/turtlebot3_gazebo/share/turtlebot3_gazebo//models/turtlebot3_burger/model-1_4.sdf
[16.402s] -- Installing: /home/chris/git/Mobile_robotsystem/robot_code/cpp/ros2_ws_gazebo/install/turtlebot3_gazebo/share/turtlebot3_gazebo//models/turtlebot3_burger/model.config
[16.402s] -- Installing: /home/chris/git/Mobile_robotsystem/robot_code/cpp/ros2_ws_gazebo/install/turtlebot3_gazebo/share/turtlebot3_gazebo//models/turtlebot3_waffle_pi
[16.402s] -- Installing: /home/chris/git/Mobile_robotsystem/robot_code/cpp/ros2_ws_gazebo/install/turtlebot3_gazebo/share/turtlebot3_gazebo//models/turtlebot3_waffle_pi/model.sdf
[16.402s] -- Installing: /home/chris/git/Mobile_robotsystem/robot_code/cpp/ros2_ws_gazebo/install/turtlebot3_gazebo/share/turtlebot3_gazebo//models/turtlebot3_waffle_pi/model-1_4_.sdf
[16.403s] -- Installing: /home/chris/git/Mobile_robotsystem/robot_code/cpp/ros2_ws_gazebo/install/turtlebot3_gazebo/share/turtlebot3_gazebo//models/turtlebot3_waffle_pi/model.config
[16.403s] -- Installing: /home/chris/git/Mobile_robotsystem/robot_code/cpp/ros2_ws_gazebo/install/turtlebot3_gazebo/share/turtlebot3_gazebo//models/turtlebot3_dqn_world
[16.403s] -- Installing: /home/chris/git/Mobile_robotsystem/robot_code/cpp/ros2_ws_gazebo/install/turtlebot3_gazebo/share/turtlebot3_gazebo//models/turtlebot3_dqn_world/model.sdf
[16.403s] -- Installing: /home/chris/git/Mobile_robotsystem/robot_code/cpp/ros2_ws_gazebo/install/turtlebot3_gazebo/share/turtlebot3_gazebo//models/turtlebot3_dqn_world/obstacles
[16.403s] -- Installing: /home/chris/git/Mobile_robotsystem/robot_code/cpp/ros2_ws_gazebo/install/turtlebot3_gazebo/share/turtlebot3_gazebo//models/turtlebot3_dqn_world/obstacles/model.sdf
[16.404s] -- Installing: /home/chris/git/Mobile_robotsystem/robot_code/cpp/ros2_ws_gazebo/install/turtlebot3_gazebo/share/turtlebot3_gazebo//models/turtlebot3_dqn_world/obstacles/model.config
[16.404s] -- Installing: /home/chris/git/Mobile_robotsystem/robot_code/cpp/ros2_ws_gazebo/install/turtlebot3_gazebo/share/turtlebot3_gazebo//models/turtlebot3_dqn_world/obstacle1
[16.404s] -- Installing: /home/chris/git/Mobile_robotsystem/robot_code/cpp/ros2_ws_gazebo/install/turtlebot3_gazebo/share/turtlebot3_gazebo//models/turtlebot3_dqn_world/obstacle1/model.sdf
[16.404s] -- Installing: /home/chris/git/Mobile_robotsystem/robot_code/cpp/ros2_ws_gazebo/install/turtlebot3_gazebo/share/turtlebot3_gazebo//models/turtlebot3_dqn_world/obstacle1/model.config
[16.404s] -- Installing: /home/chris/git/Mobile_robotsystem/robot_code/cpp/ros2_ws_gazebo/install/turtlebot3_gazebo/share/turtlebot3_gazebo//models/turtlebot3_dqn_world/inner_walls
[16.404s] -- Installing: /home/chris/git/Mobile_robotsystem/robot_code/cpp/ros2_ws_gazebo/install/turtlebot3_gazebo/share/turtlebot3_gazebo//models/turtlebot3_dqn_world/inner_walls/model.sdf
[16.405s] -- Installing: /home/chris/git/Mobile_robotsystem/robot_code/cpp/ros2_ws_gazebo/install/turtlebot3_gazebo/share/turtlebot3_gazebo//models/turtlebot3_dqn_world/inner_walls/model.config
[16.405s] -- Installing: /home/chris/git/Mobile_robotsystem/robot_code/cpp/ros2_ws_gazebo/install/turtlebot3_gazebo/share/turtlebot3_gazebo//models/turtlebot3_dqn_world/obstacle_plugin
[16.405s] -- Installing: /home/chris/git/Mobile_robotsystem/robot_code/cpp/ros2_ws_gazebo/install/turtlebot3_gazebo/share/turtlebot3_gazebo//models/turtlebot3_dqn_world/obstacle_plugin/obstacle1.cc
[16.405s] -- Installing: /home/chris/git/Mobile_robotsystem/robot_code/cpp/ros2_ws_gazebo/install/turtlebot3_gazebo/share/turtlebot3_gazebo//models/turtlebot3_dqn_world/obstacle_plugin/obstacles.cc
[16.405s] -- Installing: /home/chris/git/Mobile_robotsystem/robot_code/cpp/ros2_ws_gazebo/install/turtlebot3_gazebo/share/turtlebot3_gazebo//models/turtlebot3_dqn_world/obstacle_plugin/CMakeLists.txt
[16.406s] -- Installing: /home/chris/git/Mobile_robotsystem/robot_code/cpp/ros2_ws_gazebo/install/turtlebot3_gazebo/share/turtlebot3_gazebo//models/turtlebot3_dqn_world/obstacle_plugin/obstacle2.cc
[16.406s] -- Installing: /home/chris/git/Mobile_robotsystem/robot_code/cpp/ros2_ws_gazebo/install/turtlebot3_gazebo/share/turtlebot3_gazebo//models/turtlebot3_dqn_world/obstacle2
[16.406s] -- Installing: /home/chris/git/Mobile_robotsystem/robot_code/cpp/ros2_ws_gazebo/install/turtlebot3_gazebo/share/turtlebot3_gazebo//models/turtlebot3_dqn_world/obstacle2/model.sdf
[16.406s] -- Installing: /home/chris/git/Mobile_robotsystem/robot_code/cpp/ros2_ws_gazebo/install/turtlebot3_gazebo/share/turtlebot3_gazebo//models/turtlebot3_dqn_world/obstacle2/model.config
[16.406s] -- Installing: /home/chris/git/Mobile_robotsystem/robot_code/cpp/ros2_ws_gazebo/install/turtlebot3_gazebo/share/turtlebot3_gazebo//models/turtlebot3_dqn_world/model.config
[16.406s] -- Installing: /home/chris/git/Mobile_robotsystem/robot_code/cpp/ros2_ws_gazebo/install/turtlebot3_gazebo/share/turtlebot3_gazebo//models/turtlebot3_dqn_world/goal_box
[16.406s] -- Installing: /home/chris/git/Mobile_robotsystem/robot_code/cpp/ros2_ws_gazebo/install/turtlebot3_gazebo/share/turtlebot3_gazebo//models/turtlebot3_dqn_world/goal_box/model.sdf
[16.407s] -- Installing: /home/chris/git/Mobile_robotsystem/robot_code/cpp/ros2_ws_gazebo/install/turtlebot3_gazebo/share/turtlebot3_gazebo//models/turtlebot3_dqn_world/goal_box/model.config
[16.407s] -- Installing: /home/chris/git/Mobile_robotsystem/robot_code/cpp/ros2_ws_gazebo/install/turtlebot3_gazebo/share/turtlebot3_gazebo//models/turtlebot3_world
[16.407s] -- Installing: /home/chris/git/Mobile_robotsystem/robot_code/cpp/ros2_ws_gazebo/install/turtlebot3_gazebo/share/turtlebot3_gazebo//models/turtlebot3_world/model.sdf
[16.407s] -- Installing: /home/chris/git/Mobile_robotsystem/robot_code/cpp/ros2_ws_gazebo/install/turtlebot3_gazebo/share/turtlebot3_gazebo//models/turtlebot3_world/meshes
[16.408s] -- Installing: /home/chris/git/Mobile_robotsystem/robot_code/cpp/ros2_ws_gazebo/install/turtlebot3_gazebo/share/turtlebot3_gazebo//models/turtlebot3_world/meshes/hexagon.dae
[16.408s] -- Installing: /home/chris/git/Mobile_robotsystem/robot_code/cpp/ros2_ws_gazebo/install/turtlebot3_gazebo/share/turtlebot3_gazebo//models/turtlebot3_world/meshes/wall.dae
[16.408s] -- Installing: /home/chris/git/Mobile_robotsystem/robot_code/cpp/ros2_ws_gazebo/install/turtlebot3_gazebo/share/turtlebot3_gazebo//models/turtlebot3_world/model-1_4.sdf
[16.408s] -- Installing: /home/chris/git/Mobile_robotsystem/robot_code/cpp/ros2_ws_gazebo/install/turtlebot3_gazebo/share/turtlebot3_gazebo//models/turtlebot3_world/model.config
[16.408s] -- Installing: /home/chris/git/Mobile_robotsystem/robot_code/cpp/ros2_ws_gazebo/install/turtlebot3_gazebo/share/turtlebot3_gazebo//models/turtlebot3_waffle
[16.409s] -- Installing: /home/chris/git/Mobile_robotsystem/robot_code/cpp/ros2_ws_gazebo/install/turtlebot3_gazebo/share/turtlebot3_gazebo//models/turtlebot3_waffle/model.sdf
[16.409s] -- Installing: /home/chris/git/Mobile_robotsystem/robot_code/cpp/ros2_ws_gazebo/install/turtlebot3_gazebo/share/turtlebot3_gazebo//models/turtlebot3_waffle/model-1_4.sdf
[16.409s] -- Installing: /home/chris/git/Mobile_robotsystem/robot_code/cpp/ros2_ws_gazebo/install/turtlebot3_gazebo/share/turtlebot3_gazebo//models/turtlebot3_waffle/model.config
[16.409s] -- Installing: /home/chris/git/Mobile_robotsystem/robot_code/cpp/ros2_ws_gazebo/install/turtlebot3_gazebo/share/turtlebot3_gazebo//models/turtlebot3_house
[16.409s] -- Installing: /home/chris/git/Mobile_robotsystem/robot_code/cpp/ros2_ws_gazebo/install/turtlebot3_gazebo/share/turtlebot3_gazebo//models/turtlebot3_house/model.sdf
[16.410s] -- Installing: /home/chris/git/Mobile_robotsystem/robot_code/cpp/ros2_ws_gazebo/install/turtlebot3_gazebo/share/turtlebot3_gazebo//models/turtlebot3_house/model.config
[16.410s] -- Installing: /home/chris/git/Mobile_robotsystem/robot_code/cpp/ros2_ws_gazebo/install/turtlebot3_gazebo/share/turtlebot3_gazebo//rviz
[16.410s] -- Installing: /home/chris/git/Mobile_robotsystem/robot_code/cpp/ros2_ws_gazebo/install/turtlebot3_gazebo/share/turtlebot3_gazebo//rviz/tb3_gazebo.rviz
[16.410s] -- Installing: /home/chris/git/Mobile_robotsystem/robot_code/cpp/ros2_ws_gazebo/install/turtlebot3_gazebo/share/turtlebot3_gazebo//urdf
[16.411s] -- Installing: /home/chris/git/Mobile_robotsystem/robot_code/cpp/ros2_ws_gazebo/install/turtlebot3_gazebo/share/turtlebot3_gazebo//urdf/turtlebot3_burger.urdf
[16.411s] -- Installing: /home/chris/git/Mobile_robotsystem/robot_code/cpp/ros2_ws_gazebo/install/turtlebot3_gazebo/share/turtlebot3_gazebo//urdf/turtlebot3_waffle_pi.urdf
[16.411s] -- Installing: /home/chris/git/Mobile_robotsystem/robot_code/cpp/ros2_ws_gazebo/install/turtlebot3_gazebo/share/turtlebot3_gazebo//urdf/common_properties.urdf
[16.411s] -- Installing: /home/chris/git/Mobile_robotsystem/robot_code/cpp/ros2_ws_gazebo/install/turtlebot3_gazebo/share/turtlebot3_gazebo//urdf/turtlebot3_waffle.urdf
[16.411s] -- Installing: /home/chris/git/Mobile_robotsystem/robot_code/cpp/ros2_ws_gazebo/install/turtlebot3_gazebo/share/turtlebot3_gazebo//worlds
[16.411s] -- Installing: /home/chris/git/Mobile_robotsystem/robot_code/cpp/ros2_ws_gazebo/install/turtlebot3_gazebo/share/turtlebot3_gazebo//worlds/turtlebot3_dqn_stage4.world
[16.412s] -- Installing: /home/chris/git/Mobile_robotsystem/robot_code/cpp/ros2_ws_gazebo/install/turtlebot3_gazebo/share/turtlebot3_gazebo//worlds/turtlebot3_dqn_stage3.world
[16.412s] -- Installing: /home/chris/git/Mobile_robotsystem/robot_code/cpp/ros2_ws_gazebo/install/turtlebot3_gazebo/share/turtlebot3_gazebo//worlds/turtlebot3_house.world
[16.412s] -- Installing: /home/chris/git/Mobile_robotsystem/robot_code/cpp/ros2_ws_gazebo/install/turtlebot3_gazebo/share/turtlebot3_gazebo//worlds/turtlebot3_dqn_stage1.world
[16.412s] -- Installing: /home/chris/git/Mobile_robotsystem/robot_code/cpp/ros2_ws_gazebo/install/turtlebot3_gazebo/share/turtlebot3_gazebo//worlds/turtlebot3_dqn_stage2.world
[16.412s] -- Installing: /home/chris/git/Mobile_robotsystem/robot_code/cpp/ros2_ws_gazebo/install/turtlebot3_gazebo/share/turtlebot3_gazebo//worlds/turtlebot3_world.world
[16.412s] -- Installing: /home/chris/git/Mobile_robotsystem/robot_code/cpp/ros2_ws_gazebo/install/turtlebot3_gazebo/share/turtlebot3_gazebo//worlds/empty_world.world
[16.413s] -- Installing: /home/chris/git/Mobile_robotsystem/robot_code/cpp/ros2_ws_gazebo/install/turtlebot3_gazebo/include/
[16.413s] -- Installing: /home/chris/git/Mobile_robotsystem/robot_code/cpp/ros2_ws_gazebo/install/turtlebot3_gazebo/include//turtlebot3_gazebo
[16.413s] -- Installing: /home/chris/git/Mobile_robotsystem/robot_code/cpp/ros2_ws_gazebo/install/turtlebot3_gazebo/include//turtlebot3_gazebo/turtlebot3_drive.hpp
[16.413s] -- Installing: /home/chris/git/Mobile_robotsystem/robot_code/cpp/ros2_ws_gazebo/install/turtlebot3_gazebo/share/ament_index/resource_index/package_run_dependencies/turtlebot3_gazebo
[16.414s] -- Installing: /home/chris/git/Mobile_robotsystem/robot_code/cpp/ros2_ws_gazebo/install/turtlebot3_gazebo/share/ament_index/resource_index/parent_prefix_path/turtlebot3_gazebo
[16.414s] -- Installing: /home/chris/git/Mobile_robotsystem/robot_code/cpp/ros2_ws_gazebo/install/turtlebot3_gazebo/share/turtlebot3_gazebo/environment/ament_prefix_path.sh
[16.414s] -- Installing: /home/chris/git/Mobile_robotsystem/robot_code/cpp/ros2_ws_gazebo/install/turtlebot3_gazebo/share/turtlebot3_gazebo/environment/ament_prefix_path.dsv
[16.414s] -- Installing: /home/chris/git/Mobile_robotsystem/robot_code/cpp/ros2_ws_gazebo/install/turtlebot3_gazebo/share/turtlebot3_gazebo/environment/path.sh
[16.414s] -- Installing: /home/chris/git/Mobile_robotsystem/robot_code/cpp/ros2_ws_gazebo/install/turtlebot3_gazebo/share/turtlebot3_gazebo/environment/path.dsv
[16.415s] -- Installing: /home/chris/git/Mobile_robotsystem/robot_code/cpp/ros2_ws_gazebo/install/turtlebot3_gazebo/share/turtlebot3_gazebo/local_setup.bash
[16.415s] -- Installing: /home/chris/git/Mobile_robotsystem/robot_code/cpp/ros2_ws_gazebo/install/turtlebot3_gazebo/share/turtlebot3_gazebo/local_setup.sh
[16.415s] -- Installing: /home/chris/git/Mobile_robotsystem/robot_code/cpp/ros2_ws_gazebo/install/turtlebot3_gazebo/share/turtlebot3_gazebo/local_setup.zsh
[16.415s] -- Installing: /home/chris/git/Mobile_robotsystem/robot_code/cpp/ros2_ws_gazebo/install/turtlebot3_gazebo/share/turtlebot3_gazebo/local_setup.dsv
[16.416s] -- Installing: /home/chris/git/Mobile_robotsystem/robot_code/cpp/ros2_ws_gazebo/install/turtlebot3_gazebo/share/turtlebot3_gazebo/package.dsv
[16.416s] -- Installing: /home/chris/git/Mobile_robotsystem/robot_code/cpp/ros2_ws_gazebo/install/turtlebot3_gazebo/share/ament_index/resource_index/packages/turtlebot3_gazebo
[16.416s] -- Installing: /home/chris/git/Mobile_robotsystem/robot_code/cpp/ros2_ws_gazebo/install/turtlebot3_gazebo/share/turtlebot3_gazebo/cmake/ament_cmake_export_include_directories-extras.cmake
[16.416s] -- Installing: /home/chris/git/Mobile_robotsystem/robot_code/cpp/ros2_ws_gazebo/install/turtlebot3_gazebo/share/turtlebot3_gazebo/cmake/ament_cmake_export_dependencies-extras.cmake
[16.416s] -- Installing: /home/chris/git/Mobile_robotsystem/robot_code/cpp/ros2_ws_gazebo/install/turtlebot3_gazebo/share/turtlebot3_gazebo/cmake/turtlebot3_gazeboConfig.cmake
[16.417s] -- Installing: /home/chris/git/Mobile_robotsystem/robot_code/cpp/ros2_ws_gazebo/install/turtlebot3_gazebo/share/turtlebot3_gazebo/cmake/turtlebot3_gazeboConfig-version.cmake
[16.417s] -- Installing: /home/chris/git/Mobile_robotsystem/robot_code/cpp/ros2_ws_gazebo/install/turtlebot3_gazebo/share/turtlebot3_gazebo/package.xml
[16.421s] Invoked command in '/home/chris/git/Mobile_robotsystem/robot_code/cpp/ros2_ws_gazebo/build/turtlebot3_gazebo' returned '0': /usr/bin/cmake --install /home/chris/git/Mobile_robotsystem/robot_code/cpp/ros2_ws_gazebo/build/turtlebot3_gazebo
