[0.109s] DEBUG:colcon:Command line arguments: ['/usr/bin/colcon', 'build', '--event-handlers', 'console_cohesion+', '--packages-up-to', 'turtlebot3_control']
[0.109s] DEBUG:colcon:Parsed command line arguments: Namespace(log_base=None, log_level=None, verb_name='build', build_base='build', install_base='install', merge_install=False, symlink_install=False, test_result_base=None, continue_on_error=False, executor='parallel', parallel_workers=16, event_handlers=['console_cohesion+'], ignore_user_meta=False, metas=['./colcon.meta'], base_paths=['.'], packages_ignore=None, packages_ignore_regex=None, paths=None, packages_up_to=['turtlebot3_control'], packages_up_to_regex=None, packages_above=None, packages_above_and_dependencies=None, packages_above_depth=None, packages_select_by_dep=None, packages_skip_by_dep=None, packages_skip_up_to=None, packages_select_build_failed=False, packages_skip_build_finished=False, packages_select_test_failures=False, packages_skip_test_passed=False, packages_select=None, packages_skip=None, packages_select_regex=None, packages_skip_regex=None, packages_start=None, packages_end=None, allow_overriding=[], cmake_args=None, cmake_target=None, cmake_target_skip_unavailable=False, cmake_clean_cache=False, cmake_clean_first=False, cmake_force_configure=False, mixin_files=None, mixin=None, verb_parser=<colcon_mixin.mixin.mixin_argument.MixinArgumentDecorator object at 0x7f6943262500>, verb_extension=<colcon_core.verb.build.BuildVerb object at 0x7f6943261ff0>, main=<bound method BuildVerb.main of <colcon_core.verb.build.BuildVerb object at 0x7f6943261ff0>>, mixin_verb=('build',))
[0.289s] Level 1:colcon.colcon_core.package_discovery:discover_packages(colcon_meta) check parameters
[0.289s] Level 1:colcon.colcon_core.package_discovery:discover_packages(recursive) check parameters
[0.289s] Level 1:colcon.colcon_core.package_discovery:discover_packages(ignore) check parameters
[0.289s] Level 1:colcon.colcon_core.package_discovery:discover_packages(path) check parameters
[0.289s] Level 1:colcon.colcon_core.package_discovery:discover_packages(colcon_meta) discover
[0.289s] Level 1:colcon.colcon_core.package_discovery:discover_packages(recursive) discover
[0.289s] INFO:colcon.colcon_core.package_discovery:Crawling recursively for packages in '/home/chris/git/Mobile_robotsystem/robot_code/cpp/ros2_ws'
[0.289s] Level 1:colcon.colcon_core.package_identification:_identify(.) by extensions ['ignore']
[0.289s] Level 1:colcon.colcon_core.package_identification:_identify(.) by extension 'ignore'
[0.289s] Level 1:colcon.colcon_core.package_identification:_identify(.) by extensions ['colcon_pkg']
[0.289s] Level 1:colcon.colcon_core.package_identification:_identify(.) by extension 'colcon_pkg'
[0.289s] Level 1:colcon.colcon_core.package_identification:_identify(.) by extensions ['colcon_meta']
[0.289s] Level 1:colcon.colcon_core.package_identification:_identify(.) by extension 'colcon_meta'
[0.289s] Level 1:colcon.colcon_core.package_identification:_identify(.) by extensions ['cmake', 'python']
[0.289s] Level 1:colcon.colcon_core.package_identification:_identify(.) by extension 'cmake'
[0.289s] Level 1:colcon.colcon_core.package_identification:_identify(.) by extension 'python'
[0.289s] Level 1:colcon.colcon_core.package_identification:_identify(.) by extensions ['python_setup_py']
[0.289s] Level 1:colcon.colcon_core.package_identification:_identify(.) by extension 'python_setup_py'
[0.290s] Level 1:colcon.colcon_core.package_identification:_identify(build) by extensions ['ignore']
[0.290s] Level 1:colcon.colcon_core.package_identification:_identify(build) by extension 'ignore'
[0.290s] Level 1:colcon.colcon_core.package_identification:_identify(build) ignored
[0.290s] Level 1:colcon.colcon_core.package_identification:_identify(install) by extensions ['ignore']
[0.290s] Level 1:colcon.colcon_core.package_identification:_identify(install) by extension 'ignore'
[0.290s] Level 1:colcon.colcon_core.package_identification:_identify(install) ignored
[0.290s] Level 1:colcon.colcon_core.package_identification:_identify(log) by extensions ['ignore']
[0.290s] Level 1:colcon.colcon_core.package_identification:_identify(log) by extension 'ignore'
[0.290s] Level 1:colcon.colcon_core.package_identification:_identify(log) ignored
[0.290s] Level 1:colcon.colcon_core.package_identification:_identify(src) by extensions ['ignore']
[0.290s] Level 1:colcon.colcon_core.package_identification:_identify(src) by extension 'ignore'
[0.290s] Level 1:colcon.colcon_core.package_identification:_identify(src) by extensions ['colcon_pkg']
[0.290s] Level 1:colcon.colcon_core.package_identification:_identify(src) by extension 'colcon_pkg'
[0.290s] Level 1:colcon.colcon_core.package_identification:_identify(src) by extensions ['colcon_meta']
[0.290s] Level 1:colcon.colcon_core.package_identification:_identify(src) by extension 'colcon_meta'
[0.290s] Level 1:colcon.colcon_core.package_identification:_identify(src) by extensions ['cmake', 'python']
[0.290s] Level 1:colcon.colcon_core.package_identification:_identify(src) by extension 'cmake'
[0.291s] Level 1:colcon.colcon_core.package_identification:_identify(src) by extension 'python'
[0.291s] Level 1:colcon.colcon_core.package_identification:_identify(src) by extensions ['python_setup_py']
[0.291s] Level 1:colcon.colcon_core.package_identification:_identify(src) by extension 'python_setup_py'
[0.291s] Level 1:colcon.colcon_core.package_identification:_identify(src/cpp_pubsub) by extensions ['ignore']
[0.291s] Level 1:colcon.colcon_core.package_identification:_identify(src/cpp_pubsub) by extension 'ignore'
[0.291s] Level 1:colcon.colcon_core.package_identification:_identify(src/cpp_pubsub) by extensions ['colcon_pkg']
[0.291s] Level 1:colcon.colcon_core.package_identification:_identify(src/cpp_pubsub) by extension 'colcon_pkg'
[0.291s] Level 1:colcon.colcon_core.package_identification:_identify(src/cpp_pubsub) by extensions ['colcon_meta']
[0.291s] Level 1:colcon.colcon_core.package_identification:_identify(src/cpp_pubsub) by extension 'colcon_meta'
[0.291s] Level 1:colcon.colcon_core.package_identification:_identify(src/cpp_pubsub) by extensions ['cmake', 'python']
[0.291s] Level 1:colcon.colcon_core.package_identification:_identify(src/cpp_pubsub) by extension 'cmake'
[0.292s] Level 1:colcon.colcon_core.package_identification:_identify(src/cpp_pubsub) by extension 'python'
[0.292s] DEBUG:colcon.colcon_core.package_identification:Package 'src/cpp_pubsub' with type 'cmake' and name 'cpp_pubsub'
[0.293s] Level 1:colcon.colcon_core.package_identification:_identify(src/cpp_srvcli) by extensions ['ignore']
[0.293s] Level 1:colcon.colcon_core.package_identification:_identify(src/cpp_srvcli) by extension 'ignore'
[0.293s] Level 1:colcon.colcon_core.package_identification:_identify(src/cpp_srvcli) by extensions ['colcon_pkg']
[0.293s] Level 1:colcon.colcon_core.package_identification:_identify(src/cpp_srvcli) by extension 'colcon_pkg'
[0.293s] Level 1:colcon.colcon_core.package_identification:_identify(src/cpp_srvcli) by extensions ['colcon_meta']
[0.293s] Level 1:colcon.colcon_core.package_identification:_identify(src/cpp_srvcli) by extension 'colcon_meta'
[0.293s] Level 1:colcon.colcon_core.package_identification:_identify(src/cpp_srvcli) by extensions ['cmake', 'python']
[0.293s] Level 1:colcon.colcon_core.package_identification:_identify(src/cpp_srvcli) by extension 'cmake'
[0.293s] Level 1:colcon.colcon_core.package_identification:_identify(src/cpp_srvcli) by extension 'python'
[0.294s] DEBUG:colcon.colcon_core.package_identification:Package 'src/cpp_srvcli' with type 'cmake' and name 'cpp_srvcli'
[0.294s] Level 1:colcon.colcon_core.package_identification:_identify(src/turtlebot3_control) by extensions ['ignore']
[0.294s] Level 1:colcon.colcon_core.package_identification:_identify(src/turtlebot3_control) by extension 'ignore'
[0.294s] Level 1:colcon.colcon_core.package_identification:_identify(src/turtlebot3_control) by extensions ['colcon_pkg']
[0.294s] Level 1:colcon.colcon_core.package_identification:_identify(src/turtlebot3_control) by extension 'colcon_pkg'
[0.294s] Level 1:colcon.colcon_core.package_identification:_identify(src/turtlebot3_control) by extensions ['colcon_meta']
[0.294s] Level 1:colcon.colcon_core.package_identification:_identify(src/turtlebot3_control) by extension 'colcon_meta'
[0.294s] Level 1:colcon.colcon_core.package_identification:_identify(src/turtlebot3_control) by extensions ['cmake', 'python']
[0.294s] Level 1:colcon.colcon_core.package_identification:_identify(src/turtlebot3_control) by extension 'cmake'
[0.294s] Level 1:colcon.colcon_core.package_identification:_identify(src/turtlebot3_control) by extension 'python'
[0.294s] DEBUG:colcon.colcon_core.package_identification:Package 'src/turtlebot3_control' with type 'cmake' and name 'turtlebot3_control'
[0.295s] Level 1:colcon.colcon_core.package_discovery:discover_packages(recursive) using defaults
[0.295s] Level 1:colcon.colcon_core.package_discovery:discover_packages(ignore) discover
[0.295s] Level 1:colcon.colcon_core.package_discovery:discover_packages(ignore) using defaults
[0.295s] Level 1:colcon.colcon_core.package_discovery:discover_packages(path) discover
[0.295s] Level 1:colcon.colcon_core.package_discovery:discover_packages(path) using defaults
[0.313s] INFO:colcon.colcon_core.package_selection:Skipping package 'cpp_srvcli' in 'src/cpp_srvcli'
[0.313s] INFO:colcon.colcon_core.package_selection:Skipping package 'cpp_pubsub' in 'src/cpp_pubsub'
[0.313s] Level 1:colcon.colcon_core.package_discovery:discover_packages(prefix_path) check parameters
[0.313s] Level 1:colcon.colcon_core.package_discovery:discover_packages(prefix_path) discover
[0.314s] DEBUG:colcon.colcon_installed_package_information.package_discovery:Found 0 installed packages in /home/chris/git/Mobile_robotsystem/robot_code/cpp/ros2_ws/install
[0.314s] DEBUG:colcon.colcon_installed_package_information.package_discovery:Found 3 installed packages in /home/chris/git/Mobile_robotsystem/robot_code/cpp/ros2_ws_gazebo/install
[0.315s] DEBUG:colcon.colcon_installed_package_information.package_discovery:Found 0 installed packages in /home/chris/git/Mobile_robotsystem/robot_code/cpp/ros2_ws/src/cpp_pubsub/src/install
[0.315s] Level 1:colcon.colcon_core.package_discovery:discover_packages(prefix_path) using defaults
[0.316s] Level 5:colcon.colcon_core.verb:set package 'turtlebot3_control' build argument 'cmake_args' from command line to 'None'
[0.316s] Level 5:colcon.colcon_core.verb:set package 'turtlebot3_control' build argument 'cmake_target' from command line to 'None'
[0.316s] Level 5:colcon.colcon_core.verb:set package 'turtlebot3_control' build argument 'cmake_target_skip_unavailable' from command line to 'False'
[0.316s] Level 5:colcon.colcon_core.verb:set package 'turtlebot3_control' build argument 'cmake_clean_cache' from command line to 'False'
[0.316s] Level 5:colcon.colcon_core.verb:set package 'turtlebot3_control' build argument 'cmake_clean_first' from command line to 'False'
[0.316s] Level 5:colcon.colcon_core.verb:set package 'turtlebot3_control' build argument 'cmake_force_configure' from command line to 'False'
[0.316s] DEBUG:colcon.colcon_core.verb:Building package 'turtlebot3_control' with the following arguments: {'build_base': '/home/chris/git/Mobile_robotsystem/robot_code/cpp/ros2_ws/build/turtlebot3_control', 'cmake_args': None, 'cmake_clean_cache': False, 'cmake_clean_first': False, 'cmake_force_configure': False, 'cmake_target': None, 'cmake_target_skip_unavailable': False, 'install_base': '/home/chris/git/Mobile_robotsystem/robot_code/cpp/ros2_ws/install/turtlebot3_control', 'merge_install': False, 'path': '/home/chris/git/Mobile_robotsystem/robot_code/cpp/ros2_ws/src/turtlebot3_control', 'symlink_install': False, 'test_result_base': None}
[0.316s] INFO:colcon.colcon_core.executor:Executing jobs using 'parallel' executor
[0.317s] DEBUG:colcon.colcon_parallel_executor.executor.parallel:run_until_complete
[0.317s] INFO:colcon.colcon_cmake.task.cmake.build:Building CMake package in '/home/chris/git/Mobile_robotsystem/robot_code/cpp/ros2_ws/src/turtlebot3_control'
[0.319s] INFO:colcon.colcon_core.plugin_system:Skipping extension 'colcon_core.shell.bat': Not used on non-Windows systems
[0.319s] INFO:colcon.colcon_core.shell:Skip shell extension 'powershell' for command environment: Not usable outside of PowerShell
[0.319s] DEBUG:colcon.colcon_core.shell:Skip shell extension 'dsv' for command environment
[0.328s] DEBUG:colcon.colcon_core.event_handler.log_command:Invoking command in '/home/chris/git/Mobile_robotsystem/robot_code/cpp/ros2_ws/build/turtlebot3_control': /usr/bin/cmake /home/chris/git/Mobile_robotsystem/robot_code/cpp/ros2_ws/src/turtlebot3_control -DCMAKE_INSTALL_PREFIX=/home/chris/git/Mobile_robotsystem/robot_code/cpp/ros2_ws/install/turtlebot3_control
[2.166s] DEBUG:colcon.colcon_core.event_handler.log_command:Invoked command in '/home/chris/git/Mobile_robotsystem/robot_code/cpp/ros2_ws/build/turtlebot3_control' returned '0': /usr/bin/cmake /home/chris/git/Mobile_robotsystem/robot_code/cpp/ros2_ws/src/turtlebot3_control -DCMAKE_INSTALL_PREFIX=/home/chris/git/Mobile_robotsystem/robot_code/cpp/ros2_ws/install/turtlebot3_control
[2.168s] DEBUG:colcon.colcon_core.event_handler.log_command:Invoking command in '/home/chris/git/Mobile_robotsystem/robot_code/cpp/ros2_ws/build/turtlebot3_control': /usr/bin/cmake --build /home/chris/git/Mobile_robotsystem/robot_code/cpp/ros2_ws/build/turtlebot3_control -- -j16 -l16
[7.638s] DEBUG:colcon.colcon_core.event_handler.log_command:Invoked command in '/home/chris/git/Mobile_robotsystem/robot_code/cpp/ros2_ws/build/turtlebot3_control' returned '0': /usr/bin/cmake --build /home/chris/git/Mobile_robotsystem/robot_code/cpp/ros2_ws/build/turtlebot3_control -- -j16 -l16
[7.712s] DEBUG:colcon.colcon_core.event_handler.log_command:Invoking command in '/home/chris/git/Mobile_robotsystem/robot_code/cpp/ros2_ws/build/turtlebot3_control': /usr/bin/cmake --install /home/chris/git/Mobile_robotsystem/robot_code/cpp/ros2_ws/build/turtlebot3_control
[7.736s] Level 1:colcon.colcon_core.environment:create_environment_scripts_only(turtlebot3_control)
[7.737s] DEBUG:colcon.colcon_core.event_handler.log_command:Invoked command in '/home/chris/git/Mobile_robotsystem/robot_code/cpp/ros2_ws/build/turtlebot3_control' returned '0': /usr/bin/cmake --install /home/chris/git/Mobile_robotsystem/robot_code/cpp/ros2_ws/build/turtlebot3_control
[7.739s] Level 1:colcon.colcon_core.environment:checking '/home/chris/git/Mobile_robotsystem/robot_code/cpp/ros2_ws/install/turtlebot3_control' for CMake module files
[7.740s] Level 1:colcon.colcon_core.environment:checking '/home/chris/git/Mobile_robotsystem/robot_code/cpp/ros2_ws/install/turtlebot3_control' for CMake config files
[7.740s] Level 1:colcon.colcon_core.shell:create_environment_hook('turtlebot3_control', 'cmake_prefix_path')
[7.740s] INFO:colcon.colcon_core.shell:Creating environment hook '/home/chris/git/Mobile_robotsystem/robot_code/cpp/ros2_ws/install/turtlebot3_control/share/turtlebot3_control/hook/cmake_prefix_path.ps1'
[7.741s] INFO:colcon.colcon_core.shell:Creating environment descriptor '/home/chris/git/Mobile_robotsystem/robot_code/cpp/ros2_ws/install/turtlebot3_control/share/turtlebot3_control/hook/cmake_prefix_path.dsv'
[7.741s] INFO:colcon.colcon_core.shell:Creating environment hook '/home/chris/git/Mobile_robotsystem/robot_code/cpp/ros2_ws/install/turtlebot3_control/share/turtlebot3_control/hook/cmake_prefix_path.sh'
[7.742s] Level 1:colcon.colcon_core.environment:checking '/home/chris/git/Mobile_robotsystem/robot_code/cpp/ros2_ws/install/turtlebot3_control/lib'
[7.742s] Level 1:colcon.colcon_core.environment:checking '/home/chris/git/Mobile_robotsystem/robot_code/cpp/ros2_ws/install/turtlebot3_control/bin'
[7.742s] Level 1:colcon.colcon_core.environment:checking '/home/chris/git/Mobile_robotsystem/robot_code/cpp/ros2_ws/install/turtlebot3_control/lib/pkgconfig/turtlebot3_control.pc'
[7.743s] Level 1:colcon.colcon_core.environment:checking '/home/chris/git/Mobile_robotsystem/robot_code/cpp/ros2_ws/install/turtlebot3_control/lib/python3.10/site-packages'
[7.743s] Level 1:colcon.colcon_core.environment:checking '/home/chris/git/Mobile_robotsystem/robot_code/cpp/ros2_ws/install/turtlebot3_control/bin'
[7.744s] INFO:colcon.colcon_core.shell:Creating package script '/home/chris/git/Mobile_robotsystem/robot_code/cpp/ros2_ws/install/turtlebot3_control/share/turtlebot3_control/package.ps1'
[7.744s] INFO:colcon.colcon_core.shell:Creating package descriptor '/home/chris/git/Mobile_robotsystem/robot_code/cpp/ros2_ws/install/turtlebot3_control/share/turtlebot3_control/package.dsv'
[7.745s] INFO:colcon.colcon_core.shell:Creating package script '/home/chris/git/Mobile_robotsystem/robot_code/cpp/ros2_ws/install/turtlebot3_control/share/turtlebot3_control/package.sh'
[7.745s] INFO:colcon.colcon_core.shell:Creating package script '/home/chris/git/Mobile_robotsystem/robot_code/cpp/ros2_ws/install/turtlebot3_control/share/turtlebot3_control/package.bash'
[7.746s] INFO:colcon.colcon_core.shell:Creating package script '/home/chris/git/Mobile_robotsystem/robot_code/cpp/ros2_ws/install/turtlebot3_control/share/turtlebot3_control/package.zsh'
[7.747s] Level 1:colcon.colcon_core.environment:create_file_with_runtime_dependencies(/home/chris/git/Mobile_robotsystem/robot_code/cpp/ros2_ws/install/turtlebot3_control/share/colcon-core/packages/turtlebot3_control)
[7.747s] DEBUG:colcon.colcon_parallel_executor.executor.parallel:closing loop
[7.747s] DEBUG:colcon.colcon_parallel_executor.executor.parallel:loop closed
[7.747s] DEBUG:colcon.colcon_parallel_executor.executor.parallel:run_until_complete finished with '0'
[7.748s] DEBUG:colcon.colcon_core.event_reactor:joining thread
[7.755s] INFO:colcon.colcon_core.plugin_system:Skipping extension 'colcon_notification.desktop_notification.terminal_notifier': Not used on non-Darwin systems
[7.755s] INFO:colcon.colcon_core.plugin_system:Skipping extension 'colcon_notification.desktop_notification.win32': Not used on non-Windows systems
[7.755s] INFO:colcon.colcon_notification.desktop_notification:Sending desktop notification using 'notify2'
[7.769s] DEBUG:colcon.colcon_core.event_reactor:joined thread
[7.769s] INFO:colcon.colcon_core.shell:Creating prefix script '/home/chris/git/Mobile_robotsystem/robot_code/cpp/ros2_ws/install/local_setup.ps1'
[7.771s] INFO:colcon.colcon_core.shell:Creating prefix util module '/home/chris/git/Mobile_robotsystem/robot_code/cpp/ros2_ws/install/_local_setup_util_ps1.py'
[7.772s] INFO:colcon.colcon_core.shell:Creating prefix chain script '/home/chris/git/Mobile_robotsystem/robot_code/cpp/ros2_ws/install/setup.ps1'
[7.773s] INFO:colcon.colcon_core.shell:Creating prefix script '/home/chris/git/Mobile_robotsystem/robot_code/cpp/ros2_ws/install/local_setup.sh'
[7.773s] INFO:colcon.colcon_core.shell:Creating prefix util module '/home/chris/git/Mobile_robotsystem/robot_code/cpp/ros2_ws/install/_local_setup_util_sh.py'
[7.774s] INFO:colcon.colcon_core.shell:Creating prefix chain script '/home/chris/git/Mobile_robotsystem/robot_code/cpp/ros2_ws/install/setup.sh'
[7.775s] INFO:colcon.colcon_core.shell:Creating prefix script '/home/chris/git/Mobile_robotsystem/robot_code/cpp/ros2_ws/install/local_setup.bash'
[7.775s] INFO:colcon.colcon_core.shell:Creating prefix chain script '/home/chris/git/Mobile_robotsystem/robot_code/cpp/ros2_ws/install/setup.bash'
[7.779s] INFO:colcon.colcon_core.shell:Creating prefix script '/home/chris/git/Mobile_robotsystem/robot_code/cpp/ros2_ws/install/local_setup.zsh'
[7.780s] INFO:colcon.colcon_core.shell:Creating prefix chain script '/home/chris/git/Mobile_robotsystem/robot_code/cpp/ros2_ws/install/setup.zsh'
