[0.009s] Invoking command in '/home/chris/git/Mobile_robotsystem/robot_code/cpp/ros_code/build/package_1': CMAKE_PREFIX_PATH=/opt/ros/humble /usr/bin/cmake /home/chris/git/Mobile_robotsystem/robot_code/cpp/ros_code/package_1 -DCMAKE_INSTALL_PREFIX=/home/chris/git/Mobile_robotsystem/robot_code/cpp/ros_code/install/package_1
[0.080s] -- The C compiler identification is GNU 11.4.0
[0.145s] -- The CXX compiler identification is GNU 11.4.0
[0.154s] -- Detecting C compiler ABI info
[0.240s] -- Detecting C compiler ABI info - done
[0.246s] -- Check for working C compiler: /usr/bin/cc - skipped
[0.246s] -- Detecting C compile features
[0.247s] -- Detecting C compile features - done
[0.250s] -- Detecting CXX compiler ABI info
[0.348s] -- Detecting CXX compiler ABI info - done
[0.356s] -- Check for working CXX compiler: /usr/bin/c++ - skipped
[0.356s] -- Detecting CXX compile features
[0.357s] -- Detecting CXX compile features - done
[0.361s] -- Found ament_cmake: 1.3.10 (/opt/ros/humble/share/ament_cmake/cmake)
[0.553s] -- Found Python3: /usr/bin/python3 (found version "3.10.12") found components: Interpreter 
[0.638s] -- Found ament_lint_auto: 0.12.11 (/opt/ros/humble/share/ament_lint_auto/cmake)
[0.709s] -- Added test 'lint_cmake' to check CMake code style
[0.711s] -- Added test 'xmllint' to check XML markup files
[0.712s] -- Configuring done
[0.718s] -- Generating done
[0.720s] -- Build files have been written to: /home/chris/git/Mobile_robotsystem/robot_code/cpp/ros_code/build/package_1
[0.726s] Invoked command in '/home/chris/git/Mobile_robotsystem/robot_code/cpp/ros_code/build/package_1' returned '0': CMAKE_PREFIX_PATH=/opt/ros/humble /usr/bin/cmake /home/chris/git/Mobile_robotsystem/robot_code/cpp/ros_code/package_1 -DCMAKE_INSTALL_PREFIX=/home/chris/git/Mobile_robotsystem/robot_code/cpp/ros_code/install/package_1
[0.728s] Invoking command in '/home/chris/git/Mobile_robotsystem/robot_code/cpp/ros_code/build/package_1': CMAKE_PREFIX_PATH=/opt/ros/humble /usr/bin/cmake --build /home/chris/git/Mobile_robotsystem/robot_code/cpp/ros_code/build/package_1 -- -j16 -l16
[0.778s] Invoked command in '/home/chris/git/Mobile_robotsystem/robot_code/cpp/ros_code/build/package_1' returned '0': CMAKE_PREFIX_PATH=/opt/ros/humble /usr/bin/cmake --build /home/chris/git/Mobile_robotsystem/robot_code/cpp/ros_code/build/package_1 -- -j16 -l16
[0.824s] Invoking command in '/home/chris/git/Mobile_robotsystem/robot_code/cpp/ros_code/build/package_1': CMAKE_PREFIX_PATH=/opt/ros/humble /usr/bin/cmake --install /home/chris/git/Mobile_robotsystem/robot_code/cpp/ros_code/build/package_1
[0.833s] -- Install configuration: ""
[0.833s] -- Installing: /home/chris/git/Mobile_robotsystem/robot_code/cpp/ros_code/install/package_1/share/ament_index/resource_index/package_run_dependencies/package_1
[0.833s] -- Installing: /home/chris/git/Mobile_robotsystem/robot_code/cpp/ros_code/install/package_1/share/ament_index/resource_index/parent_prefix_path/package_1
[0.834s] -- Installing: /home/chris/git/Mobile_robotsystem/robot_code/cpp/ros_code/install/package_1/share/package_1/environment/ament_prefix_path.sh
[0.834s] -- Installing: /home/chris/git/Mobile_robotsystem/robot_code/cpp/ros_code/install/package_1/share/package_1/environment/ament_prefix_path.dsv
[0.834s] -- Installing: /home/chris/git/Mobile_robotsystem/robot_code/cpp/ros_code/install/package_1/share/package_1/environment/path.sh
[0.834s] -- Installing: /home/chris/git/Mobile_robotsystem/robot_code/cpp/ros_code/install/package_1/share/package_1/environment/path.dsv
[0.835s] -- Installing: /home/chris/git/Mobile_robotsystem/robot_code/cpp/ros_code/install/package_1/share/package_1/local_setup.bash
[0.835s] -- Installing: /home/chris/git/Mobile_robotsystem/robot_code/cpp/ros_code/install/package_1/share/package_1/local_setup.sh
[0.835s] -- Installing: /home/chris/git/Mobile_robotsystem/robot_code/cpp/ros_code/install/package_1/share/package_1/local_setup.zsh
[0.835s] -- Installing: /home/chris/git/Mobile_robotsystem/robot_code/cpp/ros_code/install/package_1/share/package_1/local_setup.dsv
[0.835s] -- Installing: /home/chris/git/Mobile_robotsystem/robot_code/cpp/ros_code/install/package_1/share/package_1/package.dsv
[0.836s] -- Installing: /home/chris/git/Mobile_robotsystem/robot_code/cpp/ros_code/install/package_1/share/ament_index/resource_index/packages/package_1
[0.836s] -- Installing: /home/chris/git/Mobile_robotsystem/robot_code/cpp/ros_code/install/package_1/share/package_1/cmake/package_1Config.cmake
[0.836s] -- Installing: /home/chris/git/Mobile_robotsystem/robot_code/cpp/ros_code/install/package_1/share/package_1/cmake/package_1Config-version.cmake
[0.836s] -- Installing: /home/chris/git/Mobile_robotsystem/robot_code/cpp/ros_code/install/package_1/share/package_1/package.xml
[0.840s] Invoked command in '/home/chris/git/Mobile_robotsystem/robot_code/cpp/ros_code/build/package_1' returned '0': CMAKE_PREFIX_PATH=/opt/ros/humble /usr/bin/cmake --install /home/chris/git/Mobile_robotsystem/robot_code/cpp/ros_code/build/package_1
