[0.116s] Invoking command in '/home/pi/ros2_ws/build/turtlebot3_control': CMAKE_PREFIX_PATH=${CMAKE_PREFIX_PATH}:/home/pi/turtlebot3_ws/install/turtlebot3_teleop:/home/pi/turtlebot3_ws/install/turtlebot3_example:/opt/ros/humble /usr/bin/cmake --build /home/pi/ros2_ws/build/turtlebot3_control -- -j4 -l4
[0.477s] [35m[1mConsolidate compiler generated dependencies of target move_turtlebot[0m
[0.712s] [ 16%] [32mBuilding CXX object CMakeFiles/move_turtlebot.dir/src/main.cpp.o[0m
[31.876s] In file included from [01m[K/home/pi/ros2_ws/src/turtlebot3_control/src/main.cpp:9[m[K:
[31.892s] [01m[K/home/pi/ros2_ws/src/turtlebot3_control/include/audio_input.h:61:12:[m[K [01;35m[Kwarning: [m[K‘[01m[Kint read_mic_callback(const void*, void*, long unsigned int, const PaStreamCallbackTimeInfo*, PaStreamCallbackFlags, void*)[m[K’ declared ‘[01m[Kstatic[m[K’ but never defined [[01;35m[K]8;;https://gcc.gnu.org/onlinedocs/gcc/Warning-Options.html#index-Wunused-function-Wunused-function]8;;[m[K]
[31.893s]    61 | static int [01;35m[Kread_mic_callback[m[K(const void *input_buffer, void *output_buffer,
[31.894s]       |            [01;35m[K^~~~~~~~~~~~~~~~~[m[K
[42.356s] [ 33%] [32m[1mLinking CXX executable move_turtlebot[0m
[46.318s] [100%] Built target move_turtlebot
[46.514s] Invoked command in '/home/pi/ros2_ws/build/turtlebot3_control' returned '0': CMAKE_PREFIX_PATH=${CMAKE_PREFIX_PATH}:/home/pi/turtlebot3_ws/install/turtlebot3_teleop:/home/pi/turtlebot3_ws/install/turtlebot3_example:/opt/ros/humble /usr/bin/cmake --build /home/pi/ros2_ws/build/turtlebot3_control -- -j4 -l4
[46.627s] Invoking command in '/home/pi/ros2_ws/build/turtlebot3_control': CMAKE_PREFIX_PATH=${CMAKE_PREFIX_PATH}:/home/pi/turtlebot3_ws/install/turtlebot3_teleop:/home/pi/turtlebot3_ws/install/turtlebot3_example:/opt/ros/humble /usr/bin/cmake --install /home/pi/ros2_ws/build/turtlebot3_control
[46.703s] -- Install configuration: ""
[46.721s] -- Installing: /home/pi/ros2_ws/install/turtlebot3_control/lib/turtlebot3_control/move_turtlebot
[46.743s] -- Set runtime path of "/home/pi/ros2_ws/install/turtlebot3_control/lib/turtlebot3_control/move_turtlebot" to ""
[46.748s] -- Up-to-date: /home/pi/ros2_ws/install/turtlebot3_control/share/ament_index/resource_index/package_run_dependencies/turtlebot3_control
[46.750s] -- Up-to-date: /home/pi/ros2_ws/install/turtlebot3_control/share/ament_index/resource_index/parent_prefix_path/turtlebot3_control
[46.756s] -- Up-to-date: /home/pi/ros2_ws/install/turtlebot3_control/share/turtlebot3_control/environment/ament_prefix_path.sh
[46.758s] -- Up-to-date: /home/pi/ros2_ws/install/turtlebot3_control/share/turtlebot3_control/environment/ament_prefix_path.dsv
[46.759s] -- Up-to-date: /home/pi/ros2_ws/install/turtlebot3_control/share/turtlebot3_control/environment/path.sh
[46.761s] -- Up-to-date: /home/pi/ros2_ws/install/turtlebot3_control/share/turtlebot3_control/environment/path.dsv
[46.763s] -- Up-to-date: /home/pi/ros2_ws/install/turtlebot3_control/share/turtlebot3_control/local_setup.bash
[46.764s] -- Up-to-date: /home/pi/ros2_ws/install/turtlebot3_control/share/turtlebot3_control/local_setup.sh
[46.765s] -- Up-to-date: /home/pi/ros2_ws/install/turtlebot3_control/share/turtlebot3_control/local_setup.zsh
[46.767s] -- Up-to-date: /home/pi/ros2_ws/install/turtlebot3_control/share/turtlebot3_control/local_setup.dsv
[46.768s] -- Installing: /home/pi/ros2_ws/install/turtlebot3_control/share/turtlebot3_control/package.dsv
[46.773s] -- Up-to-date: /home/pi/ros2_ws/install/turtlebot3_control/share/ament_index/resource_index/packages/turtlebot3_control
[46.776s] -- Up-to-date: /home/pi/ros2_ws/install/turtlebot3_control/share/turtlebot3_control/cmake/turtlebot3_controlConfig.cmake
[46.778s] -- Up-to-date: /home/pi/ros2_ws/install/turtlebot3_control/share/turtlebot3_control/cmake/turtlebot3_controlConfig-version.cmake
[46.780s] -- Up-to-date: /home/pi/ros2_ws/install/turtlebot3_control/share/turtlebot3_control/package.xml
[46.794s] Invoked command in '/home/pi/ros2_ws/build/turtlebot3_control' returned '0': CMAKE_PREFIX_PATH=${CMAKE_PREFIX_PATH}:/home/pi/turtlebot3_ws/install/turtlebot3_teleop:/home/pi/turtlebot3_ws/install/turtlebot3_example:/opt/ros/humble /usr/bin/cmake --install /home/pi/ros2_ws/build/turtlebot3_control
