[0.009s] Invoking command in '/home/sarah/git/Mobile_robotsystem/robot_code/cpp/ros2_ws/build/cpp_pubsub': /usr/bin/cmake /home/sarah/git/Mobile_robotsystem/robot_code/cpp/ros2_ws/src/cpp_pubsub -DCMAKE_TOOLCHAIN_FILE=/home/sarah/git/Mobile_robotsystem/robot_code/cpp/ros2_ws/src/turtlebot3_control/toolchain.cmake -DCMAKE_PREFIX_PATH=/opt/ros/arm-humble -DCMAKE_INSTALL_PREFIX=/home/sarah/git/Mobile_robotsystem/robot_code/cpp/ros2_ws/install/cpp_pubsub
[0.110s] -- The C compiler identification is GNU 11.4.0
[0.470s] -- The CXX compiler identification is GNU 11.4.0
[0.780s] -- Detecting C compiler ABI info
[0.888s] -- Detecting C compiler ABI info - done
[0.892s] -- Check for working C compiler: /usr/bin/aarch64-linux-gnu-gcc - skipped
[0.893s] -- Detecting C compile features
[0.893s] -- Detecting C compile features - done
[0.896s] -- Detecting CXX compiler ABI info
[1.000s] -- Detecting CXX compiler ABI info - done
[1.004s] -- Check for working CXX compiler: /usr/bin/aarch64-linux-gnu-g++ - skipped
[1.004s] -- Detecting CXX compile features
[1.004s] -- Detecting CXX compile features - done
[1.005s] [31mCMake Error at CMakeLists.txt:13 (find_package):
[1.005s]   By not providing "Findament_cmake.cmake" in CMAKE_MODULE_PATH this project
[1.005s]   has asked CMake to find a package configuration file provided by
[1.005s]   "ament_cmake", but CMake did not find one.
[1.005s] 
[1.005s]   Could not find a package configuration file provided by "ament_cmake" with
[1.005s]   any of the following names:
[1.005s] 
[1.005s]     ament_cmakeConfig.cmake
[1.005s]     ament_cmake-config.cmake
[1.005s] 
[1.005s]   Add the installation prefix of "ament_cmake" to CMAKE_PREFIX_PATH or set
[1.005s]   "ament_cmake_DIR" to a directory containing one of the above files.  If
[1.005s]   "ament_cmake" provides a separate development package or SDK, be sure it
[1.005s]   has been installed.
[1.005s] 
[1.005s] [0m
[1.005s] -- Configuring incomplete, errors occurred!
[1.005s] See also "/home/sarah/git/Mobile_robotsystem/robot_code/cpp/ros2_ws/build/cpp_pubsub/CMakeFiles/CMakeOutput.log".
