[0.008s] Invoking command in '/home/sarah/git/Mobile_robotsystem/robot_code/cpp/ros2_ws/build/turtlebot3_control': CMAKE_PREFIX_PATH=/opt/ros/humble /usr/bin/cmake /home/sarah/git/Mobile_robotsystem/robot_code/cpp/ros2_ws/src/turtlebot3_control -DCMAKE_INSTALL_PREFIX=/home/sarah/git/Mobile_robotsystem/robot_code/cpp/ros2_ws/install/turtlebot3_control
[0.138s] -- The C compiler identification is GNU 11.4.0
[0.542s] -- The CXX compiler identification is GNU 11.4.0
[0.761s] -- Detecting C compiler ABI info
[0.843s] -- Detecting C compiler ABI info - done
[0.847s] -- Check for working C compiler: /usr/bin/cc - skipped
[0.848s] -- Detecting C compile features
[0.849s] -- Detecting C compile features - done
[0.851s] -- Detecting CXX compiler ABI info
[0.927s] -- Detecting CXX compiler ABI info - done
[0.931s] -- Check for working CXX compiler: /usr/bin/c++ - skipped
[0.932s] -- Detecting CXX compile features
[0.932s] -- Detecting CXX compile features - done
[0.933s] -- Found ament_cmake: 1.3.10 (/opt/ros/humble/share/ament_cmake/cmake)
[1.025s] -- Found Python3: /usr/bin/python3 (found version "3.10.12") found components: Interpreter 
[1.075s] -- Found rclcpp: 16.0.10 (/opt/ros/humble/share/rclcpp/cmake)
[1.180s] -- Found rosidl_generator_c: 3.1.5 (/opt/ros/humble/share/rosidl_generator_c/cmake)
[1.182s] -- Found rosidl_adapter: 3.1.5 (/opt/ros/humble/share/rosidl_adapter/cmake)
[1.186s] -- Found rosidl_generator_cpp: 3.1.5 (/opt/ros/humble/share/rosidl_generator_cpp/cmake)
[1.193s] -- Using all available rosidl_typesupport_c: rosidl_typesupport_fastrtps_c;rosidl_typesupport_introspection_c
[1.201s] -- Using all available rosidl_typesupport_cpp: rosidl_typesupport_fastrtps_cpp;rosidl_typesupport_introspection_cpp
[1.225s] -- Found rmw_implementation_cmake: 6.1.2 (/opt/ros/humble/share/rmw_implementation_cmake/cmake)
[1.226s] -- Found rmw_fastrtps_cpp: 6.2.7 (/opt/ros/humble/share/rmw_fastrtps_cpp/cmake)
[2.038s] -- Found OpenSSL: /usr/lib/x86_64-linux-gnu/libcrypto.so (found version "3.0.2")  
[2.825s] -- Found FastRTPS: /opt/ros/humble/include  
[4.425s] -- Using RMW implementation 'rmw_fastrtps_cpp' as default
[4.432s] -- Looking for pthread.h
[4.535s] -- Looking for pthread.h - found
[4.535s] -- Performing Test CMAKE_HAVE_LIBC_PTHREAD
[4.622s] -- Performing Test CMAKE_HAVE_LIBC_PTHREAD - Success
[4.623s] -- Found Threads: TRUE  
[4.653s] -- Found geometry_msgs: 4.2.4 (/opt/ros/humble/share/geometry_msgs/cmake)
[4.661s] -- Found nav_msgs: 4.2.4 (/opt/ros/humble/share/nav_msgs/cmake)
[4.671s] -- Found tf2: 0.25.8 (/opt/ros/humble/share/tf2/cmake)
[4.675s] -- Found tf2_geometry_msgs: 0.25.8 (/opt/ros/humble/share/tf2_geometry_msgs/cmake)
[4.708s] -- Found eigen3_cmake_module: 0.1.1 (/opt/ros/humble/share/eigen3_cmake_module/cmake)
[4.708s] -- Found Eigen3: TRUE (found version "3.4.0") 
[4.708s] -- Ensuring Eigen3 include directory is part of orocos-kdl CMake target
[4.760s] -- Found rosidl_default_generators: 1.2.0 (/opt/ros/humble/share/rosidl_default_generators/cmake)
[4.804s] -- Configuring done
[4.811s] -- Generating done
[4.812s] -- Build files have been written to: /home/sarah/git/Mobile_robotsystem/robot_code/cpp/ros2_ws/build/turtlebot3_control
[4.821s] Invoked command in '/home/sarah/git/Mobile_robotsystem/robot_code/cpp/ros2_ws/build/turtlebot3_control' returned '0': CMAKE_PREFIX_PATH=/opt/ros/humble /usr/bin/cmake /home/sarah/git/Mobile_robotsystem/robot_code/cpp/ros2_ws/src/turtlebot3_control -DCMAKE_INSTALL_PREFIX=/home/sarah/git/Mobile_robotsystem/robot_code/cpp/ros2_ws/install/turtlebot3_control
[4.822s] Invoking command in '/home/sarah/git/Mobile_robotsystem/robot_code/cpp/ros2_ws/build/turtlebot3_control': CMAKE_PREFIX_PATH=/opt/ros/humble /usr/bin/cmake --build /home/sarah/git/Mobile_robotsystem/robot_code/cpp/ros2_ws/build/turtlebot3_control -- -j16 -l16
[4.852s] [ 66%] [32mBuilding CXX object CMakeFiles/move_turtlebot.dir/src/main.cpp.o[0m
[4.853s] [ 66%] [32mBuilding CXX object CMakeFiles/move_turtlebot.dir/src/move_turtlebot.cpp.o[0m
[7.812s] [100%] [32m[1mLinking CXX executable move_turtlebot[0m
[7.991s] [100%] Built target move_turtlebot
[7.998s] Invoked command in '/home/sarah/git/Mobile_robotsystem/robot_code/cpp/ros2_ws/build/turtlebot3_control' returned '0': CMAKE_PREFIX_PATH=/opt/ros/humble /usr/bin/cmake --build /home/sarah/git/Mobile_robotsystem/robot_code/cpp/ros2_ws/build/turtlebot3_control -- -j16 -l16
[8.016s] Invoking command in '/home/sarah/git/Mobile_robotsystem/robot_code/cpp/ros2_ws/build/turtlebot3_control': CMAKE_PREFIX_PATH=/opt/ros/humble /usr/bin/cmake --install /home/sarah/git/Mobile_robotsystem/robot_code/cpp/ros2_ws/build/turtlebot3_control
[8.019s] -- Install configuration: ""
[8.020s] -- Installing: /home/sarah/git/Mobile_robotsystem/robot_code/cpp/ros2_ws/install/turtlebot3_control/lib/turtlebot3_control/move_turtlebot
[8.021s] -- Set runtime path of "/home/sarah/git/Mobile_robotsystem/robot_code/cpp/ros2_ws/install/turtlebot3_control/lib/turtlebot3_control/move_turtlebot" to ""
[8.021s] -- Installing: /home/sarah/git/Mobile_robotsystem/robot_code/cpp/ros2_ws/install/turtlebot3_control/share/ament_index/resource_index/package_run_dependencies/turtlebot3_control
[8.021s] -- Installing: /home/sarah/git/Mobile_robotsystem/robot_code/cpp/ros2_ws/install/turtlebot3_control/share/ament_index/resource_index/parent_prefix_path/turtlebot3_control
[8.022s] -- Installing: /home/sarah/git/Mobile_robotsystem/robot_code/cpp/ros2_ws/install/turtlebot3_control/share/turtlebot3_control/environment/ament_prefix_path.sh
[8.022s] -- Installing: /home/sarah/git/Mobile_robotsystem/robot_code/cpp/ros2_ws/install/turtlebot3_control/share/turtlebot3_control/environment/ament_prefix_path.dsv
[8.022s] -- Installing: /home/sarah/git/Mobile_robotsystem/robot_code/cpp/ros2_ws/install/turtlebot3_control/share/turtlebot3_control/environment/path.sh
[8.022s] -- Installing: /home/sarah/git/Mobile_robotsystem/robot_code/cpp/ros2_ws/install/turtlebot3_control/share/turtlebot3_control/environment/path.dsv
[8.022s] -- Installing: /home/sarah/git/Mobile_robotsystem/robot_code/cpp/ros2_ws/install/turtlebot3_control/share/turtlebot3_control/local_setup.bash
[8.022s] -- Installing: /home/sarah/git/Mobile_robotsystem/robot_code/cpp/ros2_ws/install/turtlebot3_control/share/turtlebot3_control/local_setup.sh
[8.022s] -- Installing: /home/sarah/git/Mobile_robotsystem/robot_code/cpp/ros2_ws/install/turtlebot3_control/share/turtlebot3_control/local_setup.zsh
[8.022s] -- Installing: /home/sarah/git/Mobile_robotsystem/robot_code/cpp/ros2_ws/install/turtlebot3_control/share/turtlebot3_control/local_setup.dsv
[8.022s] -- Installing: /home/sarah/git/Mobile_robotsystem/robot_code/cpp/ros2_ws/install/turtlebot3_control/share/turtlebot3_control/package.dsv
[8.023s] -- Installing: /home/sarah/git/Mobile_robotsystem/robot_code/cpp/ros2_ws/install/turtlebot3_control/share/ament_index/resource_index/packages/turtlebot3_control
[8.023s] -- Installing: /home/sarah/git/Mobile_robotsystem/robot_code/cpp/ros2_ws/install/turtlebot3_control/share/turtlebot3_control/cmake/turtlebot3_controlConfig.cmake
[8.023s] -- Installing: /home/sarah/git/Mobile_robotsystem/robot_code/cpp/ros2_ws/install/turtlebot3_control/share/turtlebot3_control/cmake/turtlebot3_controlConfig-version.cmake
[8.023s] -- Up-to-date: /home/sarah/git/Mobile_robotsystem/robot_code/cpp/ros2_ws/install/turtlebot3_control/share/turtlebot3_control/package.xml
[8.024s] Invoked command in '/home/sarah/git/Mobile_robotsystem/robot_code/cpp/ros2_ws/build/turtlebot3_control' returned '0': CMAKE_PREFIX_PATH=/opt/ros/humble /usr/bin/cmake --install /home/sarah/git/Mobile_robotsystem/robot_code/cpp/ros2_ws/build/turtlebot3_control
