[0.011s] Invoking command in '/home/chris/git/Mobile_robotsystem/robot_code/cpp/ros2_ws_gazebo/src/build/turtlebot3_gazebo': /usr/bin/cmake /home/chris/git/Mobile_robotsystem/robot_code/cpp/ros2_ws_gazebo/src/turtlebot3_simulations/turtlebot3_gazebo -DCMAKE_INSTALL_PREFIX=/home/chris/git/Mobile_robotsystem/robot_code/cpp/ros2_ws_gazebo/src/install/turtlebot3_gazebo
[0.079s] -- The C compiler identification is GNU 11.4.0
[0.150s] -- The CXX compiler identification is GNU 11.4.0
[0.159s] -- Detecting C compiler ABI info
[0.248s] -- Detecting C compiler ABI info - done
[0.254s] -- Check for working C compiler: /usr/bin/cc - skipped
[0.254s] -- Detecting C compile features
[0.255s] -- Detecting C compile features - done
[0.258s] -- Detecting CXX compiler ABI info
[0.361s] -- Detecting CXX compiler ABI info - done
[0.367s] -- Check for working CXX compiler: /usr/bin/c++ - skipped
[0.368s] -- Detecting CXX compile features
[0.368s] -- Detecting CXX compile features - done
[0.371s] -- Found ament_cmake: 1.3.10 (/opt/ros/humble/share/ament_cmake/cmake)
[0.536s] -- Found Python3: /usr/bin/python3 (found version "3.10.12") found components: Interpreter 
[0.644s] [33mCMake Warning (dev) at /usr/share/cmake-3.22/Modules/FindPackageHandleStandardArgs.cmake:438 (message):
[0.644s]   The package name passed to `find_package_handle_standard_args` (PkgConfig)
[0.644s]   does not match the name of the calling package (gazebo).  This can lead to
[0.644s]   problems in calling code that expects `find_package` result variables
[0.644s]   (e.g., `_FOUND`) to follow a certain pattern.
[0.644s] Call Stack (most recent call first):
[0.644s]   /usr/share/cmake-3.22/Modules/FindPkgConfig.cmake:99 (find_package_handle_standard_args)
[0.645s]   /usr/lib/x86_64-linux-gnu/cmake/gazebo/gazebo-config.cmake:72 (include)
[0.645s]   CMakeLists.txt:23 (find_package)
[0.645s] This warning is for project developers.  Use -Wno-dev to suppress it.
[0.645s] [0m
[0.645s] -- Found PkgConfig: /usr/bin/pkg-config (found version "0.29.2") 
[0.651s] -- Checking for module 'bullet>=2.82'
[0.674s] --   Found bullet, version 3.05
[0.843s] -- Found fcl: /usr/include (found suitable version "0.7.0", minimum required is "0.5.0") 
[0.925s] -- Found assimp: /usr/include (found version "5.2.0") 
[0.944s] -- Found DART: /usr/include (Required is at least version "6.6") found components: dart 
[1.144s] -- Found Boost: /usr/lib/x86_64-linux-gnu/cmake/Boost-1.74.0/BoostConfig.cmake (found suitable version "1.74.0", minimum required is "1.40.0") found components: thread system filesystem program_options regex iostreams date_time 
[1.163s] -- Found Protobuf: /usr/lib/x86_64-linux-gnu/libprotobuf.so (found version "3.12.4") 
[1.168s] -- Looking for ignition-math6 -- found version 6.15.1
[1.174s] -- Searching for dependencies of ignition-math6
[1.175s] -- Looking for OGRE...
[1.175s] -- OGRE_PREFIX_WATCH changed.
[1.182s] -- Checking for module 'OGRE'
[1.203s] --   Found OGRE, version 1.9.0
[1.259s] -- Found Ogre Ghadamon (1.9.0)
[1.270s] -- Found OGRE: optimized;/usr/lib/x86_64-linux-gnu/libOgreMain.so;debug;/usr/lib/x86_64-linux-gnu/libOgreMain.so
[1.278s] -- Looking for OGRE_Paging...
[1.282s] -- Found OGRE_Paging: optimized;/usr/lib/x86_64-linux-gnu/libOgrePaging.so;debug;/usr/lib/x86_64-linux-gnu/libOgrePaging.so
[1.282s] -- Looking for OGRE_Terrain...
[1.286s] -- Found OGRE_Terrain: optimized;/usr/lib/x86_64-linux-gnu/libOgreTerrain.so;debug;/usr/lib/x86_64-linux-gnu/libOgreTerrain.so
[1.286s] -- Looking for OGRE_Property...
[1.291s] -- Found OGRE_Property: optimized;/usr/lib/x86_64-linux-gnu/libOgreProperty.so;debug;/usr/lib/x86_64-linux-gnu/libOgreProperty.so
[1.291s] -- Looking for OGRE_RTShaderSystem...
[1.295s] -- Found OGRE_RTShaderSystem: optimized;/usr/lib/x86_64-linux-gnu/libOgreRTShaderSystem.so;debug;/usr/lib/x86_64-linux-gnu/libOgreRTShaderSystem.so
[1.295s] -- Looking for OGRE_Volume...
[1.299s] -- Found OGRE_Volume: optimized;/usr/lib/x86_64-linux-gnu/libOgreVolume.so;debug;/usr/lib/x86_64-linux-gnu/libOgreVolume.so
[1.300s] -- Looking for OGRE_Overlay...
[1.304s] -- Found OGRE_Overlay: optimized;/usr/lib/x86_64-linux-gnu/libOgreOverlay.so;debug;/usr/lib/x86_64-linux-gnu/libOgreOverlay.so
[1.414s] -- Looking for ignition-math6 -- found version 6.15.1
[1.416s] -- Looking for ignition-transport8 -- found version 8.2.1
[1.416s] -- Searching for dependencies of ignition-transport8
[1.442s] -- Found Protobuf: /usr/lib/x86_64-linux-gnu/libprotobuf.so (found suitable version "3.12.4", minimum required is "3") 
[1.459s] -- Config-file not installed for ZeroMQ -- checking for pkg-config
[1.465s] -- Checking for module 'libzmq >= 4'
[1.486s] --   Found libzmq , version 4.3.4
[1.544s] -- Found ZeroMQ: TRUE (Required is at least version "4") 
[1.550s] -- Checking for module 'uuid'
[1.572s] --   Found uuid, version 2.37.2
[1.627s] -- Found UUID: TRUE  
[1.629s] -- Looking for ignition-msgs5 -- found version 5.8.1
[1.630s] -- Searching for dependencies of ignition-msgs5
[1.656s] -- Looking for ignition-math6 -- found version 6.15.1
[1.662s] -- Checking for module 'tinyxml2'
[1.682s] --   Found tinyxml2, version 9.0.0
[1.738s] -- Looking for ignition-msgs5 -- found version 5.8.1
[1.740s] -- Looking for ignition-common3 -- found version 3.14.0
[1.740s] -- Searching for dependencies of ignition-common3
[1.741s] -- Looking for dlfcn.h - found
[1.742s] -- Looking for libdl - found
[1.743s] -- Found DL: TRUE  
[1.755s] -- Found tinyobjloader: /usr/lib/x86_64-linux-gnu/cmake/tinyobjloader/tinyobjloader-config.cmake (found version "2.0.0") 
[1.756s] -- Searching for <ignition-common3> component [graphics]
[1.758s] -- Looking for ignition-common3-graphics -- found version 3.14.0
[1.758s] -- Searching for dependencies of ignition-common3-graphics
[1.759s] -- Looking for ignition-math6 -- found version 6.15.1
[1.762s] -- Looking for ignition-fuel_tools4 -- found version 4.4.0
[1.762s] -- Searching for dependencies of ignition-fuel_tools4
[1.882s] -- Found CURL: /usr/lib/x86_64-linux-gnu/libcurl.so (found version "7.81.0")  
[1.892s] -- Checking for module 'jsoncpp'
[1.913s] --   Found jsoncpp, version 1.9.5
[1.969s] -- Found JSONCPP: TRUE  
[1.977s] -- Checking for module 'libzip'
[1.998s] --   Found libzip, version 1.7.3
[2.055s] -- Found ZIP: TRUE  
[2.056s] -- Looking for ignition-common3 -- found version 3.14.0
[2.056s] -- Looking for ignition-math6 -- found version 6.15.1
[2.056s] -- Looking for ignition-msgs5 -- found version 5.8.1
[2.077s] [31mCMake Error at CMakeLists.txt:24 (find_package):
[2.077s]   By not providing "Findgazebo_ros_pkgs.cmake" in CMAKE_MODULE_PATH this
[2.077s]   project has asked CMake to find a package configuration file provided by
[2.077s]   "gazebo_ros_pkgs", but CMake did not find one.
[2.077s] 
[2.077s]   Could not find a package configuration file provided by "gazebo_ros_pkgs"
[2.077s]   with any of the following names:
[2.077s] 
[2.078s]     gazebo_ros_pkgsConfig.cmake
[2.078s]     gazebo_ros_pkgs-config.cmake
[2.078s] 
[2.078s]   Add the installation prefix of "gazebo_ros_pkgs" to CMAKE_PREFIX_PATH or
[2.078s]   set "gazebo_ros_pkgs_DIR" to a directory containing one of the above files.
[2.078s]   If "gazebo_ros_pkgs" provides a separate development package or SDK, be
[2.078s]   sure it has been installed.
[2.078s] 
[2.078s] [0m
[2.078s] -- Configuring incomplete, errors occurred!
[2.078s] See also "/home/chris/git/Mobile_robotsystem/robot_code/cpp/ros2_ws_gazebo/src/build/turtlebot3_gazebo/CMakeFiles/CMakeOutput.log".
