[0.179s] Invoking command in '/home/pi/Mobile_robotsystem/ros2_ws/build/turtlebot3_control': CMAKE_PREFIX_PATH=${CMAKE_PREFIX_PATH}:/home/pi/turtlebot3_ws/install/turtlebot3_teleop:/home/pi/turtlebot3_ws/install/turtlebot3_example:/opt/ros/humble /usr/bin/cmake --build /home/pi/Mobile_robotsystem/ros2_ws/build/turtlebot3_control -- -j4 -l4
[0.640s] -- Found SFML 2.5.1 in /usr/lib/aarch64-linux-gnu/cmake/SFML
[0.644s] -- Found ament_cmake: 1.3.10 (/opt/ros/humble/share/ament_cmake/cmake)
[2.148s] -- Found rclcpp: 16.0.10 (/opt/ros/humble/share/rclcpp/cmake)
[2.587s] -- Found rosidl_generator_c: 3.1.5 (/opt/ros/humble/share/rosidl_generator_c/cmake)
[2.622s] -- Found rosidl_adapter: 3.1.5 (/opt/ros/humble/share/rosidl_adapter/cmake)
[2.704s] -- Found rosidl_generator_cpp: 3.1.5 (/opt/ros/humble/share/rosidl_generator_cpp/cmake)
[2.828s] -- Using all available rosidl_typesupport_c: rosidl_typesupport_fastrtps_c;rosidl_typesupport_introspection_c
[2.976s] -- Using all available rosidl_typesupport_cpp: rosidl_typesupport_fastrtps_cpp;rosidl_typesupport_introspection_cpp
[3.380s] -- Found rmw_implementation_cmake: 6.1.2 (/opt/ros/humble/share/rmw_implementation_cmake/cmake)
[3.403s] -- Found rmw_fastrtps_cpp: 6.2.7 (/opt/ros/humble/share/rmw_fastrtps_cpp/cmake)
[5.170s] -- Using RMW implementation 'rmw_fastrtps_cpp' as default
[5.781s] -- Found geometry_msgs: 4.2.4 (/opt/ros/humble/share/geometry_msgs/cmake)
[5.925s] -- Found nav_msgs: 4.2.4 (/opt/ros/humble/share/nav_msgs/cmake)
[6.107s] -- Found tf2: 0.25.8 (/opt/ros/humble/share/tf2/cmake)
[6.160s] -- Found tf2_geometry_msgs: 0.25.8 (/opt/ros/humble/share/tf2_geometry_msgs/cmake)
[6.200s] -- Found eigen3_cmake_module: 0.1.1 (/opt/ros/humble/share/eigen3_cmake_module/cmake)
[6.216s] -- Ensuring Eigen3 include directory is part of orocos-kdl CMake target
[7.166s] -- Found rosidl_default_generators: 1.2.0 (/opt/ros/humble/share/rosidl_default_generators/cmake)
[7.253s] -- Found PortAudio: /usr/local/lib/libportaudio.so
[7.254s] -- Found PortAudio headers: /usr/local/include
[7.266s] -- Found SFML 2.5.1 in /usr/lib/aarch64-linux-gnu/cmake/SFML
[7.267s] -- SFML found: 
[8.007s] -- Configuring done
[8.211s] -- Generating done
[8.269s] -- Build files have been written to: /home/pi/Mobile_robotsystem/ros2_ws/build/turtlebot3_control
[8.511s] [35m[1mConsolidate compiler generated dependencies of target move_turtlebot[0m
[8.682s] [ 16%] [32mBuilding CXX object CMakeFiles/move_turtlebot.dir/src/main.cpp.o[0m
[8.721s] [ 33%] [32mBuilding CXX object CMakeFiles/move_turtlebot.dir/home/pi/Mobile_robotsystem/cpp/src/audio/wave_generator.cpp.o[0m
[8.841s] [01m[K/home/pi/Mobile_robotsystem/cpp/src/audio/wave_generator.cpp:1:10:[m[K [01;31m[Kfatal error: [m[Kwave_generator.h: No such file or directory
[8.843s]     1 | #include [01;31m[K"wave_generator.h"[m[K
[8.844s]       |          [01;31m[K^~~~~~~~~~~~~~~~~~[m[K
[8.845s] compilation terminated.
[8.852s] gmake[2]: *** [CMakeFiles/move_turtlebot.dir/build.make:132: CMakeFiles/move_turtlebot.dir/home/pi/Mobile_robotsystem/cpp/src/audio/wave_generator.cpp.o] Error 1
[8.853s] gmake[2]: *** Waiting for unfinished jobs....
[12.627s] [01m[K/home/pi/Mobile_robotsystem/ros2_ws/src/turtlebot3_control/src/main.cpp:8:10:[m[K [01;31m[Kfatal error: [m[Kgoertzel.h: No such file or directory
[12.628s]     8 | #include [01;31m[K"goertzel.h"[m[K
[12.628s]       |          [01;31m[K^~~~~~~~~~~~[m[K
[12.629s] compilation terminated.
[12.652s] gmake[2]: *** [CMakeFiles/move_turtlebot.dir/build.make:76: CMakeFiles/move_turtlebot.dir/src/main.cpp.o] Error 1
[12.656s] gmake[1]: *** [CMakeFiles/Makefile2:137: CMakeFiles/move_turtlebot.dir/all] Error 2
[12.657s] gmake: *** [Makefile:146: all] Error 2
[12.674s] Invoked command in '/home/pi/Mobile_robotsystem/ros2_ws/build/turtlebot3_control' returned '2': CMAKE_PREFIX_PATH=${CMAKE_PREFIX_PATH}:/home/pi/turtlebot3_ws/install/turtlebot3_teleop:/home/pi/turtlebot3_ws/install/turtlebot3_example:/opt/ros/humble /usr/bin/cmake --build /home/pi/Mobile_robotsystem/ros2_ws/build/turtlebot3_control -- -j4 -l4
