[1.307s] DEBUG:colcon:Command line arguments: ['/usr/bin/colcon', 'build', '--packages-select', 'turtlebot3_control']
[1.308s] DEBUG:colcon:Parsed command line arguments: Namespace(log_base=None, log_level=None, verb_name='build', build_base='build', install_base='install', merge_install=False, symlink_install=False, test_result_base=None, continue_on_error=False, executor='parallel', parallel_workers=4, event_handlers=None, ignore_user_meta=False, metas=['./colcon.meta'], base_paths=['.'], packages_ignore=None, packages_ignore_regex=None, paths=None, packages_up_to=None, packages_up_to_regex=None, packages_above=None, packages_above_and_dependencies=None, packages_above_depth=None, packages_select_by_dep=None, packages_skip_by_dep=None, packages_skip_up_to=None, packages_select_build_failed=False, packages_skip_build_finished=False, packages_select_test_failures=False, packages_skip_test_passed=False, packages_select=['turtlebot3_control'], packages_skip=None, packages_select_regex=None, packages_skip_regex=None, packages_start=None, packages_end=None, allow_overriding=[], cmake_args=None, cmake_target=None, cmake_target_skip_unavailable=False, cmake_clean_cache=False, cmake_clean_first=False, cmake_force_configure=False, ament_cmake_args=None, catkin_cmake_args=None, catkin_skip_building_tests=False, verb_parser=<colcon_defaults.argument_parser.defaults.DefaultArgumentsDecorator object at 0xffffa2a13f10>, verb_extension=<colcon_core.verb.build.BuildVerb object at 0xffffa2bf1330>, main=<bound method BuildVerb.main of <colcon_core.verb.build.BuildVerb object at 0xffffa2bf1330>>)
[4.081s] Level 1:colcon.colcon_core.package_discovery:discover_packages(colcon_meta) check parameters
[4.082s] Level 1:colcon.colcon_core.package_discovery:discover_packages(recursive) check parameters
[4.082s] Level 1:colcon.colcon_core.package_discovery:discover_packages(ignore) check parameters
[4.082s] Level 1:colcon.colcon_core.package_discovery:discover_packages(path) check parameters
[4.082s] Level 1:colcon.colcon_core.package_discovery:discover_packages(colcon_meta) discover
[4.083s] Level 1:colcon.colcon_core.package_discovery:discover_packages(recursive) discover
[4.083s] INFO:colcon.colcon_core.package_discovery:Crawling recursively for packages in '/home/pi/Mobile_robotsystem/ros2_ws'
[4.084s] Level 1:colcon.colcon_core.package_identification:_identify(.) by extensions ['ignore', 'ignore_ament_install']
[4.085s] Level 1:colcon.colcon_core.package_identification:_identify(.) by extension 'ignore'
[4.085s] Level 1:colcon.colcon_core.package_identification:_identify(.) by extension 'ignore_ament_install'
[4.086s] Level 1:colcon.colcon_core.package_identification:_identify(.) by extensions ['colcon_pkg']
[4.086s] Level 1:colcon.colcon_core.package_identification:_identify(.) by extension 'colcon_pkg'
[4.087s] Level 1:colcon.colcon_core.package_identification:_identify(.) by extensions ['colcon_meta']
[4.087s] Level 1:colcon.colcon_core.package_identification:_identify(.) by extension 'colcon_meta'
[4.087s] Level 1:colcon.colcon_core.package_identification:_identify(.) by extensions ['ros']
[4.087s] Level 1:colcon.colcon_core.package_identification:_identify(.) by extension 'ros'
[4.252s] Level 1:colcon.colcon_core.package_identification:_identify(.) by extensions ['cmake', 'python']
[4.252s] Level 1:colcon.colcon_core.package_identification:_identify(.) by extension 'cmake'
[4.253s] Level 1:colcon.colcon_core.package_identification:_identify(.) by extension 'python'
[4.253s] Level 1:colcon.colcon_core.package_identification:_identify(.) by extensions ['python_setup_py']
[4.253s] Level 1:colcon.colcon_core.package_identification:_identify(.) by extension 'python_setup_py'
[4.254s] Level 1:colcon.colcon_core.package_identification:_identify(build) by extensions ['ignore', 'ignore_ament_install']
[4.255s] Level 1:colcon.colcon_core.package_identification:_identify(build) by extension 'ignore'
[4.256s] Level 1:colcon.colcon_core.package_identification:_identify(build) ignored
[4.258s] Level 1:colcon.colcon_core.package_identification:_identify(dtmf_sounds) by extensions ['ignore', 'ignore_ament_install']
[4.259s] Level 1:colcon.colcon_core.package_identification:_identify(dtmf_sounds) by extension 'ignore'
[4.260s] Level 1:colcon.colcon_core.package_identification:_identify(dtmf_sounds) by extension 'ignore_ament_install'
[4.260s] Level 1:colcon.colcon_core.package_identification:_identify(dtmf_sounds) by extensions ['colcon_pkg']
[4.261s] Level 1:colcon.colcon_core.package_identification:_identify(dtmf_sounds) by extension 'colcon_pkg'
[4.261s] Level 1:colcon.colcon_core.package_identification:_identify(dtmf_sounds) by extensions ['colcon_meta']
[4.261s] Level 1:colcon.colcon_core.package_identification:_identify(dtmf_sounds) by extension 'colcon_meta'
[4.262s] Level 1:colcon.colcon_core.package_identification:_identify(dtmf_sounds) by extensions ['ros']
[4.262s] Level 1:colcon.colcon_core.package_identification:_identify(dtmf_sounds) by extension 'ros'
[4.263s] Level 1:colcon.colcon_core.package_identification:_identify(dtmf_sounds) by extensions ['cmake', 'python']
[4.263s] Level 1:colcon.colcon_core.package_identification:_identify(dtmf_sounds) by extension 'cmake'
[4.264s] Level 1:colcon.colcon_core.package_identification:_identify(dtmf_sounds) by extension 'python'
[4.264s] Level 1:colcon.colcon_core.package_identification:_identify(dtmf_sounds) by extensions ['python_setup_py']
[4.265s] Level 1:colcon.colcon_core.package_identification:_identify(dtmf_sounds) by extension 'python_setup_py'
[4.266s] Level 1:colcon.colcon_core.package_identification:_identify(install) by extensions ['ignore', 'ignore_ament_install']
[4.267s] Level 1:colcon.colcon_core.package_identification:_identify(install) by extension 'ignore'
[4.268s] Level 1:colcon.colcon_core.package_identification:_identify(install) ignored
[4.271s] Level 1:colcon.colcon_core.package_identification:_identify(log) by extensions ['ignore', 'ignore_ament_install']
[4.272s] Level 1:colcon.colcon_core.package_identification:_identify(log) by extension 'ignore'
[4.273s] Level 1:colcon.colcon_core.package_identification:_identify(log) ignored
[4.274s] Level 1:colcon.colcon_core.package_identification:_identify(src) by extensions ['ignore', 'ignore_ament_install']
[4.275s] Level 1:colcon.colcon_core.package_identification:_identify(src) by extension 'ignore'
[4.276s] Level 1:colcon.colcon_core.package_identification:_identify(src) by extension 'ignore_ament_install'
[4.277s] Level 1:colcon.colcon_core.package_identification:_identify(src) by extensions ['colcon_pkg']
[4.277s] Level 1:colcon.colcon_core.package_identification:_identify(src) by extension 'colcon_pkg'
[4.277s] Level 1:colcon.colcon_core.package_identification:_identify(src) by extensions ['colcon_meta']
[4.278s] Level 1:colcon.colcon_core.package_identification:_identify(src) by extension 'colcon_meta'
[4.278s] Level 1:colcon.colcon_core.package_identification:_identify(src) by extensions ['ros']
[4.278s] Level 1:colcon.colcon_core.package_identification:_identify(src) by extension 'ros'
[4.279s] Level 1:colcon.colcon_core.package_identification:_identify(src) by extensions ['cmake', 'python']
[4.279s] Level 1:colcon.colcon_core.package_identification:_identify(src) by extension 'cmake'
[4.280s] Level 1:colcon.colcon_core.package_identification:_identify(src) by extension 'python'
[4.280s] Level 1:colcon.colcon_core.package_identification:_identify(src) by extensions ['python_setup_py']
[4.281s] Level 1:colcon.colcon_core.package_identification:_identify(src) by extension 'python_setup_py'
[4.283s] Level 1:colcon.colcon_core.package_identification:_identify(src/cpp_pubsub) by extensions ['ignore', 'ignore_ament_install']
[4.284s] Level 1:colcon.colcon_core.package_identification:_identify(src/cpp_pubsub) by extension 'ignore'
[4.284s] Level 1:colcon.colcon_core.package_identification:_identify(src/cpp_pubsub) by extension 'ignore_ament_install'
[4.285s] Level 1:colcon.colcon_core.package_identification:_identify(src/cpp_pubsub) by extensions ['colcon_pkg']
[4.285s] Level 1:colcon.colcon_core.package_identification:_identify(src/cpp_pubsub) by extension 'colcon_pkg'
[4.286s] Level 1:colcon.colcon_core.package_identification:_identify(src/cpp_pubsub) by extensions ['colcon_meta']
[4.286s] Level 1:colcon.colcon_core.package_identification:_identify(src/cpp_pubsub) by extension 'colcon_meta'
[4.286s] Level 1:colcon.colcon_core.package_identification:_identify(src/cpp_pubsub) by extensions ['ros']
[4.287s] Level 1:colcon.colcon_core.package_identification:_identify(src/cpp_pubsub) by extension 'ros'
[4.314s] DEBUG:colcon.colcon_core.package_identification:Package 'src/cpp_pubsub' with type 'ros.ament_cmake' and name 'cpp_pubsub'
[4.318s] Level 1:colcon.colcon_core.package_identification:_identify(src/cpp_srvcli) by extensions ['ignore', 'ignore_ament_install']
[4.319s] Level 1:colcon.colcon_core.package_identification:_identify(src/cpp_srvcli) by extension 'ignore'
[4.319s] Level 1:colcon.colcon_core.package_identification:_identify(src/cpp_srvcli) by extension 'ignore_ament_install'
[4.320s] Level 1:colcon.colcon_core.package_identification:_identify(src/cpp_srvcli) by extensions ['colcon_pkg']
[4.320s] Level 1:colcon.colcon_core.package_identification:_identify(src/cpp_srvcli) by extension 'colcon_pkg'
[4.321s] Level 1:colcon.colcon_core.package_identification:_identify(src/cpp_srvcli) by extensions ['colcon_meta']
[4.321s] Level 1:colcon.colcon_core.package_identification:_identify(src/cpp_srvcli) by extension 'colcon_meta'
[4.321s] Level 1:colcon.colcon_core.package_identification:_identify(src/cpp_srvcli) by extensions ['ros']
[4.322s] Level 1:colcon.colcon_core.package_identification:_identify(src/cpp_srvcli) by extension 'ros'
[4.329s] DEBUG:colcon.colcon_core.package_identification:Package 'src/cpp_srvcli' with type 'ros.ament_cmake' and name 'cpp_srvcli'
[4.330s] Level 1:colcon.colcon_core.package_identification:_identify(src/turtlebot3_control) by extensions ['ignore', 'ignore_ament_install']
[4.331s] Level 1:colcon.colcon_core.package_identification:_identify(src/turtlebot3_control) by extension 'ignore'
[4.332s] Level 1:colcon.colcon_core.package_identification:_identify(src/turtlebot3_control) by extension 'ignore_ament_install'
[4.333s] Level 1:colcon.colcon_core.package_identification:_identify(src/turtlebot3_control) by extensions ['colcon_pkg']
[4.333s] Level 1:colcon.colcon_core.package_identification:_identify(src/turtlebot3_control) by extension 'colcon_pkg'
[4.333s] Level 1:colcon.colcon_core.package_identification:_identify(src/turtlebot3_control) by extensions ['colcon_meta']
[4.334s] Level 1:colcon.colcon_core.package_identification:_identify(src/turtlebot3_control) by extension 'colcon_meta'
[4.334s] Level 1:colcon.colcon_core.package_identification:_identify(src/turtlebot3_control) by extensions ['ros']
[4.334s] Level 1:colcon.colcon_core.package_identification:_identify(src/turtlebot3_control) by extension 'ros'
[4.342s] DEBUG:colcon.colcon_core.package_identification:Package 'src/turtlebot3_control' with type 'ros.ament_cmake' and name 'turtlebot3_control'
[4.343s] Level 1:colcon.colcon_core.package_discovery:discover_packages(recursive) using defaults
[4.343s] Level 1:colcon.colcon_core.package_discovery:discover_packages(ignore) discover
[4.343s] Level 1:colcon.colcon_core.package_discovery:discover_packages(ignore) using defaults
[4.344s] Level 1:colcon.colcon_core.package_discovery:discover_packages(path) discover
[4.344s] Level 1:colcon.colcon_core.package_discovery:discover_packages(path) using defaults
[4.584s] INFO:colcon.colcon_core.package_selection:Skipping not selected package 'cpp_pubsub' in 'src/cpp_pubsub'
[4.585s] INFO:colcon.colcon_core.package_selection:Skipping not selected package 'cpp_srvcli' in 'src/cpp_srvcli'
[4.590s] Level 1:colcon.colcon_core.package_discovery:discover_packages(prefix_path) check parameters
[4.590s] Level 1:colcon.colcon_core.package_discovery:discover_packages(prefix_path) discover
[4.625s] DEBUG:colcon.colcon_installed_package_information.package_discovery:Found 1 installed packages in /home/pi/Mobile_robotsystem/ros2_ws/install
[4.632s] DEBUG:colcon.colcon_installed_package_information.package_discovery:Found 7 installed packages in /home/pi/turtlebot3_ws/install
[4.651s] DEBUG:colcon.colcon_installed_package_information.package_discovery:Found 273 installed packages in /opt/ros/humble
[4.665s] Level 1:colcon.colcon_core.package_discovery:discover_packages(prefix_path) using defaults
[5.219s] Level 5:colcon.colcon_core.verb:set package 'turtlebot3_control' build argument 'cmake_args' from command line to 'None'
[5.219s] Level 5:colcon.colcon_core.verb:set package 'turtlebot3_control' build argument 'cmake_target' from command line to 'None'
[5.220s] Level 5:colcon.colcon_core.verb:set package 'turtlebot3_control' build argument 'cmake_target_skip_unavailable' from command line to 'False'
[5.220s] Level 5:colcon.colcon_core.verb:set package 'turtlebot3_control' build argument 'cmake_clean_cache' from command line to 'False'
[5.220s] Level 5:colcon.colcon_core.verb:set package 'turtlebot3_control' build argument 'cmake_clean_first' from command line to 'False'
[5.220s] Level 5:colcon.colcon_core.verb:set package 'turtlebot3_control' build argument 'cmake_force_configure' from command line to 'False'
[5.220s] Level 5:colcon.colcon_core.verb:set package 'turtlebot3_control' build argument 'ament_cmake_args' from command line to 'None'
[5.221s] Level 5:colcon.colcon_core.verb:set package 'turtlebot3_control' build argument 'catkin_cmake_args' from command line to 'None'
[5.221s] Level 5:colcon.colcon_core.verb:set package 'turtlebot3_control' build argument 'catkin_skip_building_tests' from command line to 'False'
[5.221s] DEBUG:colcon.colcon_core.verb:Building package 'turtlebot3_control' with the following arguments: {'ament_cmake_args': None, 'build_base': '/home/pi/Mobile_robotsystem/ros2_ws/build/turtlebot3_control', 'catkin_cmake_args': None, 'catkin_skip_building_tests': False, 'cmake_args': None, 'cmake_clean_cache': False, 'cmake_clean_first': False, 'cmake_force_configure': False, 'cmake_target': None, 'cmake_target_skip_unavailable': False, 'install_base': '/home/pi/Mobile_robotsystem/ros2_ws/install/turtlebot3_control', 'merge_install': False, 'path': '/home/pi/Mobile_robotsystem/ros2_ws/src/turtlebot3_control', 'symlink_install': False, 'test_result_base': None}
[5.223s] INFO:colcon.colcon_core.executor:Executing jobs using 'parallel' executor
[5.230s] DEBUG:colcon.colcon_parallel_executor.executor.parallel:run_until_complete
[5.232s] INFO:colcon.colcon_ros.task.ament_cmake.build:Building ROS package in '/home/pi/Mobile_robotsystem/ros2_ws/src/turtlebot3_control' with build type 'ament_cmake'
[5.233s] INFO:colcon.colcon_cmake.task.cmake.build:Building CMake package in '/home/pi/Mobile_robotsystem/ros2_ws/src/turtlebot3_control'
[5.266s] INFO:colcon.colcon_core.plugin_system:Skipping extension 'colcon_core.shell.bat': Not used on non-Windows systems
[5.268s] INFO:colcon.colcon_core.shell:Skip shell extension 'powershell' for command environment: Not usable outside of PowerShell
[5.269s] DEBUG:colcon.colcon_core.shell:Skip shell extension 'dsv' for command environment
[5.365s] DEBUG:colcon.colcon_core.event_handler.log_command:Invoking command in '/home/pi/Mobile_robotsystem/ros2_ws/build/turtlebot3_control': CMAKE_PREFIX_PATH=${CMAKE_PREFIX_PATH}:/home/pi/turtlebot3_ws/install/turtlebot3_teleop:/home/pi/turtlebot3_ws/install/turtlebot3_example:/opt/ros/humble /usr/bin/cmake --build /home/pi/Mobile_robotsystem/ros2_ws/build/turtlebot3_control -- -j4 -l4
[53.026s] DEBUG:colcon.colcon_core.event_handler.log_command:Invoked command in '/home/pi/Mobile_robotsystem/ros2_ws/build/turtlebot3_control' returned '0': CMAKE_PREFIX_PATH=${CMAKE_PREFIX_PATH}:/home/pi/turtlebot3_ws/install/turtlebot3_teleop:/home/pi/turtlebot3_ws/install/turtlebot3_example:/opt/ros/humble /usr/bin/cmake --build /home/pi/Mobile_robotsystem/ros2_ws/build/turtlebot3_control -- -j4 -l4
[53.557s] DEBUG:colcon.colcon_core.event_handler.log_command:Invoking command in '/home/pi/Mobile_robotsystem/ros2_ws/build/turtlebot3_control': CMAKE_PREFIX_PATH=${CMAKE_PREFIX_PATH}:/home/pi/turtlebot3_ws/install/turtlebot3_teleop:/home/pi/turtlebot3_ws/install/turtlebot3_example:/opt/ros/humble /usr/bin/cmake --install /home/pi/Mobile_robotsystem/ros2_ws/build/turtlebot3_control
[53.821s] DEBUG:colcon.colcon_core.event_handler.log_command:Invoked command in '/home/pi/Mobile_robotsystem/ros2_ws/build/turtlebot3_control' returned '0': CMAKE_PREFIX_PATH=${CMAKE_PREFIX_PATH}:/home/pi/turtlebot3_ws/install/turtlebot3_teleop:/home/pi/turtlebot3_ws/install/turtlebot3_example:/opt/ros/humble /usr/bin/cmake --install /home/pi/Mobile_robotsystem/ros2_ws/build/turtlebot3_control
[53.812s] Level 1:colcon.colcon_core.environment:create_environment_scripts_only(turtlebot3_control)
[54.145s] Level 1:colcon.colcon_core.environment:checking '/home/pi/Mobile_robotsystem/ros2_ws/install/turtlebot3_control' for CMake module files
[54.165s] Level 1:colcon.colcon_core.environment:checking '/home/pi/Mobile_robotsystem/ros2_ws/install/turtlebot3_control' for CMake config files
[54.183s] Level 1:colcon.colcon_core.shell:create_environment_hook('turtlebot3_control', 'cmake_prefix_path')
[54.202s] INFO:colcon.colcon_core.shell:Creating environment hook '/home/pi/Mobile_robotsystem/ros2_ws/install/turtlebot3_control/share/turtlebot3_control/hook/cmake_prefix_path.ps1'
[54.318s] INFO:colcon.colcon_core.shell:Creating environment descriptor '/home/pi/Mobile_robotsystem/ros2_ws/install/turtlebot3_control/share/turtlebot3_control/hook/cmake_prefix_path.dsv'
[54.335s] INFO:colcon.colcon_core.shell:Creating environment hook '/home/pi/Mobile_robotsystem/ros2_ws/install/turtlebot3_control/share/turtlebot3_control/hook/cmake_prefix_path.sh'
[54.382s] Level 1:colcon.colcon_core.environment:checking '/home/pi/Mobile_robotsystem/ros2_ws/install/turtlebot3_control/lib'
[54.387s] Level 1:colcon.colcon_core.environment:checking '/home/pi/Mobile_robotsystem/ros2_ws/install/turtlebot3_control/bin'
[54.388s] Level 1:colcon.colcon_core.environment:checking '/home/pi/Mobile_robotsystem/ros2_ws/install/turtlebot3_control/lib/pkgconfig/turtlebot3_control.pc'
[54.466s] Level 1:colcon.colcon_core.environment:checking '/home/pi/Mobile_robotsystem/ros2_ws/install/turtlebot3_control/lib/python3.10/site-packages'
[54.472s] Level 1:colcon.colcon_core.environment:checking '/home/pi/Mobile_robotsystem/ros2_ws/install/turtlebot3_control/bin'
[54.479s] INFO:colcon.colcon_core.shell:Creating package script '/home/pi/Mobile_robotsystem/ros2_ws/install/turtlebot3_control/share/turtlebot3_control/package.ps1'
[54.506s] INFO:colcon.colcon_core.shell:Creating package descriptor '/home/pi/Mobile_robotsystem/ros2_ws/install/turtlebot3_control/share/turtlebot3_control/package.dsv'
[54.517s] INFO:colcon.colcon_core.shell:Creating package script '/home/pi/Mobile_robotsystem/ros2_ws/install/turtlebot3_control/share/turtlebot3_control/package.sh'
[54.540s] INFO:colcon.colcon_core.shell:Creating package script '/home/pi/Mobile_robotsystem/ros2_ws/install/turtlebot3_control/share/turtlebot3_control/package.bash'
[54.581s] INFO:colcon.colcon_core.shell:Creating package script '/home/pi/Mobile_robotsystem/ros2_ws/install/turtlebot3_control/share/turtlebot3_control/package.zsh'
[54.625s] Level 1:colcon.colcon_core.environment:create_file_with_runtime_dependencies(/home/pi/Mobile_robotsystem/ros2_ws/install/turtlebot3_control/share/colcon-core/packages/turtlebot3_control)
[54.683s] Level 1:colcon.colcon_core.environment:create_environment_scripts_only(turtlebot3_control)
[54.686s] Level 1:colcon.colcon_core.environment:checking '/home/pi/Mobile_robotsystem/ros2_ws/install/turtlebot3_control' for CMake module files
[54.695s] Level 1:colcon.colcon_core.environment:checking '/home/pi/Mobile_robotsystem/ros2_ws/install/turtlebot3_control' for CMake config files
[54.700s] Level 1:colcon.colcon_core.shell:create_environment_hook('turtlebot3_control', 'cmake_prefix_path')
[54.702s] INFO:colcon.colcon_core.shell:Creating environment hook '/home/pi/Mobile_robotsystem/ros2_ws/install/turtlebot3_control/share/turtlebot3_control/hook/cmake_prefix_path.ps1'
[54.709s] INFO:colcon.colcon_core.shell:Creating environment descriptor '/home/pi/Mobile_robotsystem/ros2_ws/install/turtlebot3_control/share/turtlebot3_control/hook/cmake_prefix_path.dsv'
[54.716s] INFO:colcon.colcon_core.shell:Creating environment hook '/home/pi/Mobile_robotsystem/ros2_ws/install/turtlebot3_control/share/turtlebot3_control/hook/cmake_prefix_path.sh'
[54.727s] Level 1:colcon.colcon_core.environment:checking '/home/pi/Mobile_robotsystem/ros2_ws/install/turtlebot3_control/lib'
[54.728s] Level 1:colcon.colcon_core.environment:checking '/home/pi/Mobile_robotsystem/ros2_ws/install/turtlebot3_control/bin'
[54.729s] Level 1:colcon.colcon_core.environment:checking '/home/pi/Mobile_robotsystem/ros2_ws/install/turtlebot3_control/lib/pkgconfig/turtlebot3_control.pc'
[54.732s] Level 1:colcon.colcon_core.environment:checking '/home/pi/Mobile_robotsystem/ros2_ws/install/turtlebot3_control/lib/python3.10/site-packages'
[54.735s] Level 1:colcon.colcon_core.environment:checking '/home/pi/Mobile_robotsystem/ros2_ws/install/turtlebot3_control/bin'
[54.739s] INFO:colcon.colcon_core.shell:Creating package script '/home/pi/Mobile_robotsystem/ros2_ws/install/turtlebot3_control/share/turtlebot3_control/package.ps1'
[54.744s] INFO:colcon.colcon_core.shell:Creating package descriptor '/home/pi/Mobile_robotsystem/ros2_ws/install/turtlebot3_control/share/turtlebot3_control/package.dsv'
[54.750s] INFO:colcon.colcon_core.shell:Creating package script '/home/pi/Mobile_robotsystem/ros2_ws/install/turtlebot3_control/share/turtlebot3_control/package.sh'
[54.755s] INFO:colcon.colcon_core.shell:Creating package script '/home/pi/Mobile_robotsystem/ros2_ws/install/turtlebot3_control/share/turtlebot3_control/package.bash'
[54.762s] INFO:colcon.colcon_core.shell:Creating package script '/home/pi/Mobile_robotsystem/ros2_ws/install/turtlebot3_control/share/turtlebot3_control/package.zsh'
[54.770s] Level 1:colcon.colcon_core.environment:create_file_with_runtime_dependencies(/home/pi/Mobile_robotsystem/ros2_ws/install/turtlebot3_control/share/colcon-core/packages/turtlebot3_control)
[54.787s] DEBUG:colcon.colcon_parallel_executor.executor.parallel:closing loop
[54.806s] DEBUG:colcon.colcon_parallel_executor.executor.parallel:loop closed
[54.817s] DEBUG:colcon.colcon_parallel_executor.executor.parallel:run_until_complete finished with '0'
[54.821s] DEBUG:colcon.colcon_core.event_reactor:joining thread
[55.182s] INFO:colcon.colcon_core.plugin_system:Skipping extension 'colcon_notification.desktop_notification.notify_send': Could not find 'notify-send'
[55.184s] INFO:colcon.colcon_core.plugin_system:Skipping extension 'colcon_notification.desktop_notification.terminal_notifier': Not used on non-Darwin systems
[55.197s] INFO:colcon.colcon_core.plugin_system:Skipping extension 'colcon_notification.desktop_notification.win32': Not used on non-Windows systems
[55.245s] INFO:colcon.colcon_notification.desktop_notification:Sending desktop notification using 'notify2'
[55.392s] DEBUG:colcon.colcon_notification.desktop_notification.notify2:Failed to initialize notify2: org.freedesktop.DBus.Error.ServiceUnknown: The name org.freedesktop.Notifications was not provided by any .service files
[55.396s] DEBUG:colcon.colcon_core.event_reactor:joined thread
[55.417s] INFO:colcon.colcon_core.shell:Creating prefix script '/home/pi/Mobile_robotsystem/ros2_ws/install/local_setup.ps1'
[55.430s] INFO:colcon.colcon_core.shell:Creating prefix util module '/home/pi/Mobile_robotsystem/ros2_ws/install/_local_setup_util_ps1.py'
[55.453s] INFO:colcon.colcon_core.shell:Creating prefix chain script '/home/pi/Mobile_robotsystem/ros2_ws/install/setup.ps1'
[55.506s] INFO:colcon.colcon_core.shell:Creating prefix script '/home/pi/Mobile_robotsystem/ros2_ws/install/local_setup.sh'
[55.523s] INFO:colcon.colcon_core.shell:Creating prefix util module '/home/pi/Mobile_robotsystem/ros2_ws/install/_local_setup_util_sh.py'
[55.531s] INFO:colcon.colcon_core.shell:Creating prefix chain script '/home/pi/Mobile_robotsystem/ros2_ws/install/setup.sh'
[55.554s] INFO:colcon.colcon_core.shell:Creating prefix script '/home/pi/Mobile_robotsystem/ros2_ws/install/local_setup.bash'
[55.564s] INFO:colcon.colcon_core.shell:Creating prefix chain script '/home/pi/Mobile_robotsystem/ros2_ws/install/setup.bash'
[55.584s] INFO:colcon.colcon_core.shell:Creating prefix script '/home/pi/Mobile_robotsystem/ros2_ws/install/local_setup.zsh'
[55.592s] INFO:colcon.colcon_core.shell:Creating prefix chain script '/home/pi/Mobile_robotsystem/ros2_ws/install/setup.zsh'
