[1.701s] DEBUG:colcon:Command line arguments: ['/usr/bin/colcon', 'build', '--packages-select', 'turtlebot3_control']
[1.702s] DEBUG:colcon:Parsed command line arguments: Namespace(log_base=None, log_level=None, verb_name='build', build_base='build', install_base='install', merge_install=False, symlink_install=False, test_result_base=None, continue_on_error=False, executor='parallel', parallel_workers=4, event_handlers=None, ignore_user_meta=False, metas=['./colcon.meta'], base_paths=['.'], packages_ignore=None, packages_ignore_regex=None, paths=None, packages_up_to=None, packages_up_to_regex=None, packages_above=None, packages_above_and_dependencies=None, packages_above_depth=None, packages_select_by_dep=None, packages_skip_by_dep=None, packages_skip_up_to=None, packages_select_build_failed=False, packages_skip_build_finished=False, packages_select_test_failures=False, packages_skip_test_passed=False, packages_select=['turtlebot3_control'], packages_skip=None, packages_select_regex=None, packages_skip_regex=None, packages_start=None, packages_end=None, allow_overriding=[], cmake_args=None, cmake_target=None, cmake_target_skip_unavailable=False, cmake_clean_cache=False, cmake_clean_first=False, cmake_force_configure=False, ament_cmake_args=None, catkin_cmake_args=None, catkin_skip_building_tests=False, verb_parser=<colcon_defaults.argument_parser.defaults.DefaultArgumentsDecorator object at 0xffffb616fee0>, verb_extension=<colcon_core.verb.build.BuildVerb object at 0xffffb60b1300>, main=<bound method BuildVerb.main of <colcon_core.verb.build.BuildVerb object at 0xffffb60b1300>>)
[4.653s] Level 1:colcon.colcon_core.package_discovery:discover_packages(colcon_meta) check parameters
[4.654s] Level 1:colcon.colcon_core.package_discovery:discover_packages(recursive) check parameters
[4.680s] Level 1:colcon.colcon_core.package_discovery:discover_packages(ignore) check parameters
[4.680s] Level 1:colcon.colcon_core.package_discovery:discover_packages(path) check parameters
[4.681s] Level 1:colcon.colcon_core.package_discovery:discover_packages(colcon_meta) discover
[4.682s] Level 1:colcon.colcon_core.package_discovery:discover_packages(recursive) discover
[4.684s] INFO:colcon.colcon_core.package_discovery:Crawling recursively for packages in '/home/pi/ros2_ws'
[4.685s] Level 1:colcon.colcon_core.package_identification:_identify(.) by extensions ['ignore', 'ignore_ament_install']
[4.687s] Level 1:colcon.colcon_core.package_identification:_identify(.) by extension 'ignore'
[4.688s] Level 1:colcon.colcon_core.package_identification:_identify(.) by extension 'ignore_ament_install'
[4.690s] Level 1:colcon.colcon_core.package_identification:_identify(.) by extensions ['colcon_pkg']
[4.691s] Level 1:colcon.colcon_core.package_identification:_identify(.) by extension 'colcon_pkg'
[4.692s] Level 1:colcon.colcon_core.package_identification:_identify(.) by extensions ['colcon_meta']
[4.692s] Level 1:colcon.colcon_core.package_identification:_identify(.) by extension 'colcon_meta'
[4.693s] Level 1:colcon.colcon_core.package_identification:_identify(.) by extensions ['ros']
[4.693s] Level 1:colcon.colcon_core.package_identification:_identify(.) by extension 'ros'
[4.868s] Level 1:colcon.colcon_core.package_identification:_identify(.) by extensions ['cmake', 'python']
[4.869s] Level 1:colcon.colcon_core.package_identification:_identify(.) by extension 'cmake'
[4.869s] Level 1:colcon.colcon_core.package_identification:_identify(.) by extension 'python'
[4.870s] Level 1:colcon.colcon_core.package_identification:_identify(.) by extensions ['python_setup_py']
[4.870s] Level 1:colcon.colcon_core.package_identification:_identify(.) by extension 'python_setup_py'
[4.871s] Level 1:colcon.colcon_core.package_identification:_identify(build) by extensions ['ignore', 'ignore_ament_install']
[4.872s] Level 1:colcon.colcon_core.package_identification:_identify(build) by extension 'ignore'
[4.872s] Level 1:colcon.colcon_core.package_identification:_identify(build) ignored
[4.875s] Level 1:colcon.colcon_core.package_identification:_identify(dtmf_sounds) by extensions ['ignore', 'ignore_ament_install']
[4.876s] Level 1:colcon.colcon_core.package_identification:_identify(dtmf_sounds) by extension 'ignore'
[4.877s] Level 1:colcon.colcon_core.package_identification:_identify(dtmf_sounds) by extension 'ignore_ament_install'
[4.877s] Level 1:colcon.colcon_core.package_identification:_identify(dtmf_sounds) by extensions ['colcon_pkg']
[4.877s] Level 1:colcon.colcon_core.package_identification:_identify(dtmf_sounds) by extension 'colcon_pkg'
[4.878s] Level 1:colcon.colcon_core.package_identification:_identify(dtmf_sounds) by extensions ['colcon_meta']
[4.878s] Level 1:colcon.colcon_core.package_identification:_identify(dtmf_sounds) by extension 'colcon_meta'
[4.879s] Level 1:colcon.colcon_core.package_identification:_identify(dtmf_sounds) by extensions ['ros']
[4.879s] Level 1:colcon.colcon_core.package_identification:_identify(dtmf_sounds) by extension 'ros'
[4.880s] Level 1:colcon.colcon_core.package_identification:_identify(dtmf_sounds) by extensions ['cmake', 'python']
[4.880s] Level 1:colcon.colcon_core.package_identification:_identify(dtmf_sounds) by extension 'cmake'
[4.881s] Level 1:colcon.colcon_core.package_identification:_identify(dtmf_sounds) by extension 'python'
[4.881s] Level 1:colcon.colcon_core.package_identification:_identify(dtmf_sounds) by extensions ['python_setup_py']
[4.881s] Level 1:colcon.colcon_core.package_identification:_identify(dtmf_sounds) by extension 'python_setup_py'
[4.883s] Level 1:colcon.colcon_core.package_identification:_identify(install) by extensions ['ignore', 'ignore_ament_install']
[4.884s] Level 1:colcon.colcon_core.package_identification:_identify(install) by extension 'ignore'
[4.885s] Level 1:colcon.colcon_core.package_identification:_identify(install) ignored
[4.886s] Level 1:colcon.colcon_core.package_identification:_identify(log) by extensions ['ignore', 'ignore_ament_install']
[4.887s] Level 1:colcon.colcon_core.package_identification:_identify(log) by extension 'ignore'
[4.888s] Level 1:colcon.colcon_core.package_identification:_identify(log) ignored
[4.891s] Level 1:colcon.colcon_core.package_identification:_identify(src) by extensions ['ignore', 'ignore_ament_install']
[4.892s] Level 1:colcon.colcon_core.package_identification:_identify(src) by extension 'ignore'
[4.893s] Level 1:colcon.colcon_core.package_identification:_identify(src) by extension 'ignore_ament_install'
[4.893s] Level 1:colcon.colcon_core.package_identification:_identify(src) by extensions ['colcon_pkg']
[4.894s] Level 1:colcon.colcon_core.package_identification:_identify(src) by extension 'colcon_pkg'
[4.895s] Level 1:colcon.colcon_core.package_identification:_identify(src) by extensions ['colcon_meta']
[4.895s] Level 1:colcon.colcon_core.package_identification:_identify(src) by extension 'colcon_meta'
[4.896s] Level 1:colcon.colcon_core.package_identification:_identify(src) by extensions ['ros']
[4.896s] Level 1:colcon.colcon_core.package_identification:_identify(src) by extension 'ros'
[4.897s] Level 1:colcon.colcon_core.package_identification:_identify(src) by extensions ['cmake', 'python']
[4.898s] Level 1:colcon.colcon_core.package_identification:_identify(src) by extension 'cmake'
[4.898s] Level 1:colcon.colcon_core.package_identification:_identify(src) by extension 'python'
[4.899s] Level 1:colcon.colcon_core.package_identification:_identify(src) by extensions ['python_setup_py']
[4.899s] Level 1:colcon.colcon_core.package_identification:_identify(src) by extension 'python_setup_py'
[4.901s] Level 1:colcon.colcon_core.package_identification:_identify(src/cpp_pubsub) by extensions ['ignore', 'ignore_ament_install']
[4.902s] Level 1:colcon.colcon_core.package_identification:_identify(src/cpp_pubsub) by extension 'ignore'
[4.903s] Level 1:colcon.colcon_core.package_identification:_identify(src/cpp_pubsub) by extension 'ignore_ament_install'
[4.903s] Level 1:colcon.colcon_core.package_identification:_identify(src/cpp_pubsub) by extensions ['colcon_pkg']
[4.904s] Level 1:colcon.colcon_core.package_identification:_identify(src/cpp_pubsub) by extension 'colcon_pkg'
[4.904s] Level 1:colcon.colcon_core.package_identification:_identify(src/cpp_pubsub) by extensions ['colcon_meta']
[4.905s] Level 1:colcon.colcon_core.package_identification:_identify(src/cpp_pubsub) by extension 'colcon_meta'
[4.905s] Level 1:colcon.colcon_core.package_identification:_identify(src/cpp_pubsub) by extensions ['ros']
[4.905s] Level 1:colcon.colcon_core.package_identification:_identify(src/cpp_pubsub) by extension 'ros'
[4.938s] DEBUG:colcon.colcon_core.package_identification:Package 'src/cpp_pubsub' with type 'ros.ament_cmake' and name 'cpp_pubsub'
[4.942s] Level 1:colcon.colcon_core.package_identification:_identify(src/cpp_srvcli) by extensions ['ignore', 'ignore_ament_install']
[4.943s] Level 1:colcon.colcon_core.package_identification:_identify(src/cpp_srvcli) by extension 'ignore'
[4.943s] Level 1:colcon.colcon_core.package_identification:_identify(src/cpp_srvcli) by extension 'ignore_ament_install'
[4.944s] Level 1:colcon.colcon_core.package_identification:_identify(src/cpp_srvcli) by extensions ['colcon_pkg']
[4.945s] Level 1:colcon.colcon_core.package_identification:_identify(src/cpp_srvcli) by extension 'colcon_pkg'
[4.946s] Level 1:colcon.colcon_core.package_identification:_identify(src/cpp_srvcli) by extensions ['colcon_meta']
[4.947s] Level 1:colcon.colcon_core.package_identification:_identify(src/cpp_srvcli) by extension 'colcon_meta'
[4.948s] Level 1:colcon.colcon_core.package_identification:_identify(src/cpp_srvcli) by extensions ['ros']
[4.948s] Level 1:colcon.colcon_core.package_identification:_identify(src/cpp_srvcli) by extension 'ros'
[4.956s] DEBUG:colcon.colcon_core.package_identification:Package 'src/cpp_srvcli' with type 'ros.ament_cmake' and name 'cpp_srvcli'
[4.959s] Level 1:colcon.colcon_core.package_identification:_identify(src/turtlebot3_control) by extensions ['ignore', 'ignore_ament_install']
[4.960s] Level 1:colcon.colcon_core.package_identification:_identify(src/turtlebot3_control) by extension 'ignore'
[4.961s] Level 1:colcon.colcon_core.package_identification:_identify(src/turtlebot3_control) by extension 'ignore_ament_install'
[4.961s] Level 1:colcon.colcon_core.package_identification:_identify(src/turtlebot3_control) by extensions ['colcon_pkg']
[4.962s] Level 1:colcon.colcon_core.package_identification:_identify(src/turtlebot3_control) by extension 'colcon_pkg'
[4.962s] Level 1:colcon.colcon_core.package_identification:_identify(src/turtlebot3_control) by extensions ['colcon_meta']
[4.963s] Level 1:colcon.colcon_core.package_identification:_identify(src/turtlebot3_control) by extension 'colcon_meta'
[4.964s] Level 1:colcon.colcon_core.package_identification:_identify(src/turtlebot3_control) by extensions ['ros']
[4.964s] Level 1:colcon.colcon_core.package_identification:_identify(src/turtlebot3_control) by extension 'ros'
[4.972s] DEBUG:colcon.colcon_core.package_identification:Package 'src/turtlebot3_control' with type 'ros.ament_cmake' and name 'turtlebot3_control'
[4.973s] Level 1:colcon.colcon_core.package_discovery:discover_packages(recursive) using defaults
[4.973s] Level 1:colcon.colcon_core.package_discovery:discover_packages(ignore) discover
[4.973s] Level 1:colcon.colcon_core.package_discovery:discover_packages(ignore) using defaults
[4.974s] Level 1:colcon.colcon_core.package_discovery:discover_packages(path) discover
[4.974s] Level 1:colcon.colcon_core.package_discovery:discover_packages(path) using defaults
[5.250s] INFO:colcon.colcon_core.package_selection:Skipping not selected package 'cpp_pubsub' in 'src/cpp_pubsub'
[5.251s] INFO:colcon.colcon_core.package_selection:Skipping not selected package 'cpp_srvcli' in 'src/cpp_srvcli'
[5.257s] Level 1:colcon.colcon_core.package_discovery:discover_packages(prefix_path) check parameters
[5.257s] Level 1:colcon.colcon_core.package_discovery:discover_packages(prefix_path) discover
[5.302s] DEBUG:colcon.colcon_installed_package_information.package_discovery:Found 7 installed packages in /home/pi/turtlebot3_ws/install
[5.321s] DEBUG:colcon.colcon_installed_package_information.package_discovery:Found 273 installed packages in /opt/ros/humble
[5.335s] Level 1:colcon.colcon_core.package_discovery:discover_packages(prefix_path) using defaults
[5.929s] Level 5:colcon.colcon_core.verb:set package 'turtlebot3_control' build argument 'cmake_args' from command line to 'None'
[5.930s] Level 5:colcon.colcon_core.verb:set package 'turtlebot3_control' build argument 'cmake_target' from command line to 'None'
[5.930s] Level 5:colcon.colcon_core.verb:set package 'turtlebot3_control' build argument 'cmake_target_skip_unavailable' from command line to 'False'
[5.931s] Level 5:colcon.colcon_core.verb:set package 'turtlebot3_control' build argument 'cmake_clean_cache' from command line to 'False'
[5.931s] Level 5:colcon.colcon_core.verb:set package 'turtlebot3_control' build argument 'cmake_clean_first' from command line to 'False'
[5.931s] Level 5:colcon.colcon_core.verb:set package 'turtlebot3_control' build argument 'cmake_force_configure' from command line to 'False'
[5.931s] Level 5:colcon.colcon_core.verb:set package 'turtlebot3_control' build argument 'ament_cmake_args' from command line to 'None'
[5.931s] Level 5:colcon.colcon_core.verb:set package 'turtlebot3_control' build argument 'catkin_cmake_args' from command line to 'None'
[5.932s] Level 5:colcon.colcon_core.verb:set package 'turtlebot3_control' build argument 'catkin_skip_building_tests' from command line to 'False'
[5.932s] DEBUG:colcon.colcon_core.verb:Building package 'turtlebot3_control' with the following arguments: {'ament_cmake_args': None, 'build_base': '/home/pi/ros2_ws/build/turtlebot3_control', 'catkin_cmake_args': None, 'catkin_skip_building_tests': False, 'cmake_args': None, 'cmake_clean_cache': False, 'cmake_clean_first': False, 'cmake_force_configure': False, 'cmake_target': None, 'cmake_target_skip_unavailable': False, 'install_base': '/home/pi/ros2_ws/install/turtlebot3_control', 'merge_install': False, 'path': '/home/pi/ros2_ws/src/turtlebot3_control', 'symlink_install': False, 'test_result_base': None}
[5.933s] INFO:colcon.colcon_core.executor:Executing jobs using 'parallel' executor
[5.941s] DEBUG:colcon.colcon_parallel_executor.executor.parallel:run_until_complete
[5.944s] INFO:colcon.colcon_ros.task.ament_cmake.build:Building ROS package in '/home/pi/ros2_ws/src/turtlebot3_control' with build type 'ament_cmake'
[5.946s] INFO:colcon.colcon_cmake.task.cmake.build:Building CMake package in '/home/pi/ros2_ws/src/turtlebot3_control'
[6.001s] INFO:colcon.colcon_core.plugin_system:Skipping extension 'colcon_core.shell.bat': Not used on non-Windows systems
[6.004s] INFO:colcon.colcon_core.shell:Skip shell extension 'powershell' for command environment: Not usable outside of PowerShell
[6.005s] DEBUG:colcon.colcon_core.shell:Skip shell extension 'dsv' for command environment
[6.108s] DEBUG:colcon.colcon_core.event_handler.log_command:Invoking command in '/home/pi/ros2_ws/build/turtlebot3_control': CMAKE_PREFIX_PATH=${CMAKE_PREFIX_PATH}:/home/pi/turtlebot3_ws/install/turtlebot3_teleop:/home/pi/turtlebot3_ws/install/turtlebot3_example:/opt/ros/humble /usr/bin/cmake --build /home/pi/ros2_ws/build/turtlebot3_control -- -j4 -l4
[7.959s] DEBUG:colcon.colcon_core.event_handler.log_command:Invoked command in '/home/pi/ros2_ws/build/turtlebot3_control' returned '0': CMAKE_PREFIX_PATH=${CMAKE_PREFIX_PATH}:/home/pi/turtlebot3_ws/install/turtlebot3_teleop:/home/pi/turtlebot3_ws/install/turtlebot3_example:/opt/ros/humble /usr/bin/cmake --build /home/pi/ros2_ws/build/turtlebot3_control -- -j4 -l4
[8.040s] DEBUG:colcon.colcon_core.event_handler.log_command:Invoking command in '/home/pi/ros2_ws/build/turtlebot3_control': CMAKE_PREFIX_PATH=${CMAKE_PREFIX_PATH}:/home/pi/turtlebot3_ws/install/turtlebot3_teleop:/home/pi/turtlebot3_ws/install/turtlebot3_example:/opt/ros/humble /usr/bin/cmake --install /home/pi/ros2_ws/build/turtlebot3_control
[8.180s] Level 1:colcon.colcon_core.environment:create_environment_scripts_only(turtlebot3_control)
[8.185s] DEBUG:colcon.colcon_core.event_handler.log_command:Invoked command in '/home/pi/ros2_ws/build/turtlebot3_control' returned '0': CMAKE_PREFIX_PATH=${CMAKE_PREFIX_PATH}:/home/pi/turtlebot3_ws/install/turtlebot3_teleop:/home/pi/turtlebot3_ws/install/turtlebot3_example:/opt/ros/humble /usr/bin/cmake --install /home/pi/ros2_ws/build/turtlebot3_control
[8.252s] Level 1:colcon.colcon_core.environment:checking '/home/pi/ros2_ws/install/turtlebot3_control' for CMake module files
[8.261s] Level 1:colcon.colcon_core.environment:checking '/home/pi/ros2_ws/install/turtlebot3_control' for CMake config files
[8.271s] Level 1:colcon.colcon_core.shell:create_environment_hook('turtlebot3_control', 'cmake_prefix_path')
[8.273s] INFO:colcon.colcon_core.shell:Creating environment hook '/home/pi/ros2_ws/install/turtlebot3_control/share/turtlebot3_control/hook/cmake_prefix_path.ps1'
[8.285s] INFO:colcon.colcon_core.shell:Creating environment descriptor '/home/pi/ros2_ws/install/turtlebot3_control/share/turtlebot3_control/hook/cmake_prefix_path.dsv'
[8.295s] INFO:colcon.colcon_core.shell:Creating environment hook '/home/pi/ros2_ws/install/turtlebot3_control/share/turtlebot3_control/hook/cmake_prefix_path.sh'
[8.306s] Level 1:colcon.colcon_core.environment:checking '/home/pi/ros2_ws/install/turtlebot3_control/lib'
[8.309s] Level 1:colcon.colcon_core.environment:checking '/home/pi/ros2_ws/install/turtlebot3_control/bin'
[8.309s] Level 1:colcon.colcon_core.environment:checking '/home/pi/ros2_ws/install/turtlebot3_control/lib/pkgconfig/turtlebot3_control.pc'
[8.312s] Level 1:colcon.colcon_core.environment:checking '/home/pi/ros2_ws/install/turtlebot3_control/lib/python3.10/site-packages'
[8.314s] Level 1:colcon.colcon_core.environment:checking '/home/pi/ros2_ws/install/turtlebot3_control/bin'
[8.317s] INFO:colcon.colcon_core.shell:Creating package script '/home/pi/ros2_ws/install/turtlebot3_control/share/turtlebot3_control/package.ps1'
[8.326s] INFO:colcon.colcon_core.shell:Creating package descriptor '/home/pi/ros2_ws/install/turtlebot3_control/share/turtlebot3_control/package.dsv'
[8.335s] INFO:colcon.colcon_core.shell:Creating package script '/home/pi/ros2_ws/install/turtlebot3_control/share/turtlebot3_control/package.sh'
[8.345s] INFO:colcon.colcon_core.shell:Creating package script '/home/pi/ros2_ws/install/turtlebot3_control/share/turtlebot3_control/package.bash'
[8.358s] INFO:colcon.colcon_core.shell:Creating package script '/home/pi/ros2_ws/install/turtlebot3_control/share/turtlebot3_control/package.zsh'
[8.373s] Level 1:colcon.colcon_core.environment:create_file_with_runtime_dependencies(/home/pi/ros2_ws/install/turtlebot3_control/share/colcon-core/packages/turtlebot3_control)
[8.381s] Level 1:colcon.colcon_core.environment:create_environment_scripts_only(turtlebot3_control)
[8.384s] Level 1:colcon.colcon_core.environment:checking '/home/pi/ros2_ws/install/turtlebot3_control' for CMake module files
[8.391s] Level 1:colcon.colcon_core.environment:checking '/home/pi/ros2_ws/install/turtlebot3_control' for CMake config files
[8.395s] Level 1:colcon.colcon_core.shell:create_environment_hook('turtlebot3_control', 'cmake_prefix_path')
[8.397s] INFO:colcon.colcon_core.shell:Creating environment hook '/home/pi/ros2_ws/install/turtlebot3_control/share/turtlebot3_control/hook/cmake_prefix_path.ps1'
[8.402s] INFO:colcon.colcon_core.shell:Creating environment descriptor '/home/pi/ros2_ws/install/turtlebot3_control/share/turtlebot3_control/hook/cmake_prefix_path.dsv'
[8.406s] INFO:colcon.colcon_core.shell:Creating environment hook '/home/pi/ros2_ws/install/turtlebot3_control/share/turtlebot3_control/hook/cmake_prefix_path.sh'
[8.412s] Level 1:colcon.colcon_core.environment:checking '/home/pi/ros2_ws/install/turtlebot3_control/lib'
[8.413s] Level 1:colcon.colcon_core.environment:checking '/home/pi/ros2_ws/install/turtlebot3_control/bin'
[8.414s] Level 1:colcon.colcon_core.environment:checking '/home/pi/ros2_ws/install/turtlebot3_control/lib/pkgconfig/turtlebot3_control.pc'
[8.416s] Level 1:colcon.colcon_core.environment:checking '/home/pi/ros2_ws/install/turtlebot3_control/lib/python3.10/site-packages'
[8.419s] Level 1:colcon.colcon_core.environment:checking '/home/pi/ros2_ws/install/turtlebot3_control/bin'
[8.421s] INFO:colcon.colcon_core.shell:Creating package script '/home/pi/ros2_ws/install/turtlebot3_control/share/turtlebot3_control/package.ps1'
[8.426s] INFO:colcon.colcon_core.shell:Creating package descriptor '/home/pi/ros2_ws/install/turtlebot3_control/share/turtlebot3_control/package.dsv'
[8.431s] INFO:colcon.colcon_core.shell:Creating package script '/home/pi/ros2_ws/install/turtlebot3_control/share/turtlebot3_control/package.sh'
[8.436s] INFO:colcon.colcon_core.shell:Creating package script '/home/pi/ros2_ws/install/turtlebot3_control/share/turtlebot3_control/package.bash'
[8.442s] INFO:colcon.colcon_core.shell:Creating package script '/home/pi/ros2_ws/install/turtlebot3_control/share/turtlebot3_control/package.zsh'
[8.447s] Level 1:colcon.colcon_core.environment:create_file_with_runtime_dependencies(/home/pi/ros2_ws/install/turtlebot3_control/share/colcon-core/packages/turtlebot3_control)
[8.449s] DEBUG:colcon.colcon_parallel_executor.executor.parallel:closing loop
[8.452s] DEBUG:colcon.colcon_parallel_executor.executor.parallel:loop closed
[8.453s] DEBUG:colcon.colcon_parallel_executor.executor.parallel:run_until_complete finished with '0'
[8.454s] DEBUG:colcon.colcon_core.event_reactor:joining thread
[8.510s] INFO:colcon.colcon_core.plugin_system:Skipping extension 'colcon_notification.desktop_notification.notify_send': Could not find 'notify-send'
[8.511s] INFO:colcon.colcon_core.plugin_system:Skipping extension 'colcon_notification.desktop_notification.terminal_notifier': Not used on non-Darwin systems
[8.511s] INFO:colcon.colcon_core.plugin_system:Skipping extension 'colcon_notification.desktop_notification.win32': Not used on non-Windows systems
[8.512s] INFO:colcon.colcon_notification.desktop_notification:Sending desktop notification using 'notify2'
[8.575s] DEBUG:colcon.colcon_notification.desktop_notification.notify2:Failed to initialize notify2: org.freedesktop.DBus.Error.ServiceUnknown: The name org.freedesktop.Notifications was not provided by any .service files
[8.576s] DEBUG:colcon.colcon_core.event_reactor:joined thread
[8.578s] INFO:colcon.colcon_core.shell:Creating prefix script '/home/pi/ros2_ws/install/local_setup.ps1'
[8.592s] INFO:colcon.colcon_core.shell:Creating prefix util module '/home/pi/ros2_ws/install/_local_setup_util_ps1.py'
[8.611s] INFO:colcon.colcon_core.shell:Creating prefix chain script '/home/pi/ros2_ws/install/setup.ps1'
[8.626s] INFO:colcon.colcon_core.shell:Creating prefix script '/home/pi/ros2_ws/install/local_setup.sh'
[8.636s] INFO:colcon.colcon_core.shell:Creating prefix util module '/home/pi/ros2_ws/install/_local_setup_util_sh.py'
[8.643s] INFO:colcon.colcon_core.shell:Creating prefix chain script '/home/pi/ros2_ws/install/setup.sh'
[8.660s] INFO:colcon.colcon_core.shell:Creating prefix script '/home/pi/ros2_ws/install/local_setup.bash'
[8.668s] INFO:colcon.colcon_core.shell:Creating prefix chain script '/home/pi/ros2_ws/install/setup.bash'
[8.684s] INFO:colcon.colcon_core.shell:Creating prefix script '/home/pi/ros2_ws/install/local_setup.zsh'
[8.693s] INFO:colcon.colcon_core.shell:Creating prefix chain script '/home/pi/ros2_ws/install/setup.zsh'
