[0.087s] DEBUG:colcon:Command line arguments: ['/usr/bin/colcon', 'build', '--packages-select', 'gazebo_ros', 'gazebo_plugins', 'gazebo_msgs', 'gazebo_ros_control']
[0.087s] DEBUG:colcon:Parsed command line arguments: Namespace(log_base=None, log_level=None, verb_name='build', build_base='build', install_base='install', merge_install=False, symlink_install=False, test_result_base=None, continue_on_error=False, executor='parallel', parallel_workers=16, event_handlers=None, ignore_user_meta=False, metas=['./colcon.meta'], base_paths=['.'], packages_ignore=None, packages_ignore_regex=None, paths=None, packages_up_to=None, packages_up_to_regex=None, packages_above=None, packages_above_and_dependencies=None, packages_above_depth=None, packages_select_by_dep=None, packages_skip_by_dep=None, packages_skip_up_to=None, packages_select_build_failed=False, packages_skip_build_finished=False, packages_select_test_failures=False, packages_skip_test_passed=False, packages_select=['gazebo_ros', 'gazebo_plugins', 'gazebo_msgs', 'gazebo_ros_control'], packages_skip=None, packages_select_regex=None, packages_skip_regex=None, packages_start=None, packages_end=None, allow_overriding=[], cmake_args=None, cmake_target=None, cmake_target_skip_unavailable=False, cmake_clean_cache=False, cmake_clean_first=False, cmake_force_configure=False, mixin_files=None, mixin=None, verb_parser=<colcon_mixin.mixin.mixin_argument.MixinArgumentDecorator object at 0x7f1ca5eea4d0>, verb_extension=<colcon_core.verb.build.BuildVerb object at 0x7f1ca5ee9fc0>, main=<bound method BuildVerb.main of <colcon_core.verb.build.BuildVerb object at 0x7f1ca5ee9fc0>>, mixin_verb=('build',))
[0.232s] Level 1:colcon.colcon_core.package_discovery:discover_packages(colcon_meta) check parameters
[0.232s] Level 1:colcon.colcon_core.package_discovery:discover_packages(recursive) check parameters
[0.232s] Level 1:colcon.colcon_core.package_discovery:discover_packages(ignore) check parameters
[0.232s] Level 1:colcon.colcon_core.package_discovery:discover_packages(path) check parameters
[0.232s] Level 1:colcon.colcon_core.package_discovery:discover_packages(colcon_meta) discover
[0.232s] Level 1:colcon.colcon_core.package_discovery:discover_packages(recursive) discover
[0.232s] INFO:colcon.colcon_core.package_discovery:Crawling recursively for packages in '/home/chris/git/Mobile_robotsystem/robot_code/cpp/ros2_ws_gazebo'
[0.232s] Level 1:colcon.colcon_core.package_identification:_identify(.) by extensions ['ignore']
[0.232s] Level 1:colcon.colcon_core.package_identification:_identify(.) by extension 'ignore'
[0.232s] Level 1:colcon.colcon_core.package_identification:_identify(.) by extensions ['colcon_pkg']
[0.233s] Level 1:colcon.colcon_core.package_identification:_identify(.) by extension 'colcon_pkg'
[0.233s] Level 1:colcon.colcon_core.package_identification:_identify(.) by extensions ['colcon_meta']
[0.233s] Level 1:colcon.colcon_core.package_identification:_identify(.) by extension 'colcon_meta'
[0.233s] Level 1:colcon.colcon_core.package_identification:_identify(.) by extensions ['cmake', 'python']
[0.233s] Level 1:colcon.colcon_core.package_identification:_identify(.) by extension 'cmake'
[0.233s] Level 1:colcon.colcon_core.package_identification:_identify(.) by extension 'python'
[0.233s] Level 1:colcon.colcon_core.package_identification:_identify(.) by extensions ['python_setup_py']
[0.233s] Level 1:colcon.colcon_core.package_identification:_identify(.) by extension 'python_setup_py'
[0.233s] Level 1:colcon.colcon_core.package_identification:_identify(build) by extensions ['ignore']
[0.233s] Level 1:colcon.colcon_core.package_identification:_identify(build) by extension 'ignore'
[0.233s] Level 1:colcon.colcon_core.package_identification:_identify(build) ignored
[0.233s] Level 1:colcon.colcon_core.package_identification:_identify(gazebo_ros_pkgs) by extensions ['ignore']
[0.233s] Level 1:colcon.colcon_core.package_identification:_identify(gazebo_ros_pkgs) by extension 'ignore'
[0.233s] Level 1:colcon.colcon_core.package_identification:_identify(gazebo_ros_pkgs) by extensions ['colcon_pkg']
[0.233s] Level 1:colcon.colcon_core.package_identification:_identify(gazebo_ros_pkgs) by extension 'colcon_pkg'
[0.233s] Level 1:colcon.colcon_core.package_identification:_identify(gazebo_ros_pkgs) by extensions ['colcon_meta']
[0.233s] Level 1:colcon.colcon_core.package_identification:_identify(gazebo_ros_pkgs) by extension 'colcon_meta'
[0.233s] Level 1:colcon.colcon_core.package_identification:_identify(gazebo_ros_pkgs) by extensions ['cmake', 'python']
[0.233s] Level 1:colcon.colcon_core.package_identification:_identify(gazebo_ros_pkgs) by extension 'cmake'
[0.233s] Level 1:colcon.colcon_core.package_identification:_identify(gazebo_ros_pkgs) by extension 'python'
[0.233s] Level 1:colcon.colcon_core.package_identification:_identify(gazebo_ros_pkgs) by extensions ['python_setup_py']
[0.234s] Level 1:colcon.colcon_core.package_identification:_identify(gazebo_ros_pkgs) by extension 'python_setup_py'
[0.234s] Level 1:colcon.colcon_core.package_identification:_identify(gazebo_ros_pkgs/gazebo_dev) by extensions ['ignore']
[0.234s] Level 1:colcon.colcon_core.package_identification:_identify(gazebo_ros_pkgs/gazebo_dev) by extension 'ignore'
[0.234s] Level 1:colcon.colcon_core.package_identification:_identify(gazebo_ros_pkgs/gazebo_dev) by extensions ['colcon_pkg']
[0.234s] Level 1:colcon.colcon_core.package_identification:_identify(gazebo_ros_pkgs/gazebo_dev) by extension 'colcon_pkg'
[0.234s] Level 1:colcon.colcon_core.package_identification:_identify(gazebo_ros_pkgs/gazebo_dev) by extensions ['colcon_meta']
[0.234s] Level 1:colcon.colcon_core.package_identification:_identify(gazebo_ros_pkgs/gazebo_dev) by extension 'colcon_meta'
[0.234s] Level 1:colcon.colcon_core.package_identification:_identify(gazebo_ros_pkgs/gazebo_dev) by extensions ['cmake', 'python']
[0.234s] Level 1:colcon.colcon_core.package_identification:_identify(gazebo_ros_pkgs/gazebo_dev) by extension 'cmake'
[0.236s] Level 1:colcon.colcon_core.package_identification:_identify(gazebo_ros_pkgs/gazebo_dev) by extension 'python'
[0.236s] DEBUG:colcon.colcon_core.package_identification:Package 'gazebo_ros_pkgs/gazebo_dev' with type 'cmake' and name 'gazebo_dev'
[0.236s] Level 1:colcon.colcon_core.package_identification:_identify(gazebo_ros_pkgs/gazebo_msgs) by extensions ['ignore']
[0.236s] Level 1:colcon.colcon_core.package_identification:_identify(gazebo_ros_pkgs/gazebo_msgs) by extension 'ignore'
[0.236s] Level 1:colcon.colcon_core.package_identification:_identify(gazebo_ros_pkgs/gazebo_msgs) by extensions ['colcon_pkg']
[0.236s] Level 1:colcon.colcon_core.package_identification:_identify(gazebo_ros_pkgs/gazebo_msgs) by extension 'colcon_pkg'
[0.236s] Level 1:colcon.colcon_core.package_identification:_identify(gazebo_ros_pkgs/gazebo_msgs) by extensions ['colcon_meta']
[0.236s] Level 1:colcon.colcon_core.package_identification:_identify(gazebo_ros_pkgs/gazebo_msgs) by extension 'colcon_meta'
[0.236s] Level 1:colcon.colcon_core.package_identification:_identify(gazebo_ros_pkgs/gazebo_msgs) by extensions ['cmake', 'python']
[0.236s] Level 1:colcon.colcon_core.package_identification:_identify(gazebo_ros_pkgs/gazebo_msgs) by extension 'cmake'
[0.237s] Level 1:colcon.colcon_core.package_identification:_identify(gazebo_ros_pkgs/gazebo_msgs) by extension 'python'
[0.237s] DEBUG:colcon.colcon_core.package_identification:Package 'gazebo_ros_pkgs/gazebo_msgs' with type 'cmake' and name 'gazebo_msgs'
[0.237s] Level 1:colcon.colcon_core.package_identification:_identify(gazebo_ros_pkgs/gazebo_plugins) by extensions ['ignore']
[0.237s] Level 1:colcon.colcon_core.package_identification:_identify(gazebo_ros_pkgs/gazebo_plugins) by extension 'ignore'
[0.237s] Level 1:colcon.colcon_core.package_identification:_identify(gazebo_ros_pkgs/gazebo_plugins) by extensions ['colcon_pkg']
[0.237s] Level 1:colcon.colcon_core.package_identification:_identify(gazebo_ros_pkgs/gazebo_plugins) by extension 'colcon_pkg'
[0.237s] Level 1:colcon.colcon_core.package_identification:_identify(gazebo_ros_pkgs/gazebo_plugins) by extensions ['colcon_meta']
[0.237s] Level 1:colcon.colcon_core.package_identification:_identify(gazebo_ros_pkgs/gazebo_plugins) by extension 'colcon_meta'
[0.237s] Level 1:colcon.colcon_core.package_identification:_identify(gazebo_ros_pkgs/gazebo_plugins) by extensions ['cmake', 'python']
[0.237s] Level 1:colcon.colcon_core.package_identification:_identify(gazebo_ros_pkgs/gazebo_plugins) by extension 'cmake'
[0.239s] Level 1:colcon.colcon_core.package_identification:_identify(gazebo_ros_pkgs/gazebo_plugins) by extension 'python'
[0.239s] DEBUG:colcon.colcon_core.package_identification:Package 'gazebo_ros_pkgs/gazebo_plugins' with type 'cmake' and name 'gazebo_plugins'
[0.239s] Level 1:colcon.colcon_core.package_identification:_identify(gazebo_ros_pkgs/gazebo_ros) by extensions ['ignore']
[0.240s] Level 1:colcon.colcon_core.package_identification:_identify(gazebo_ros_pkgs/gazebo_ros) by extension 'ignore'
[0.240s] Level 1:colcon.colcon_core.package_identification:_identify(gazebo_ros_pkgs/gazebo_ros) by extensions ['colcon_pkg']
[0.240s] Level 1:colcon.colcon_core.package_identification:_identify(gazebo_ros_pkgs/gazebo_ros) by extension 'colcon_pkg'
[0.240s] Level 1:colcon.colcon_core.package_identification:_identify(gazebo_ros_pkgs/gazebo_ros) by extensions ['colcon_meta']
[0.240s] Level 1:colcon.colcon_core.package_identification:_identify(gazebo_ros_pkgs/gazebo_ros) by extension 'colcon_meta'
[0.240s] Level 1:colcon.colcon_core.package_identification:_identify(gazebo_ros_pkgs/gazebo_ros) by extensions ['cmake', 'python']
[0.240s] Level 1:colcon.colcon_core.package_identification:_identify(gazebo_ros_pkgs/gazebo_ros) by extension 'cmake'
[0.241s] Level 1:colcon.colcon_core.package_identification:_identify(gazebo_ros_pkgs/gazebo_ros) by extension 'python'
[0.241s] DEBUG:colcon.colcon_core.package_identification:Package 'gazebo_ros_pkgs/gazebo_ros' with type 'cmake' and name 'gazebo_ros'
[0.241s] Level 1:colcon.colcon_core.package_identification:_identify(gazebo_ros_pkgs/gazebo_ros_control) by extensions ['ignore']
[0.241s] Level 1:colcon.colcon_core.package_identification:_identify(gazebo_ros_pkgs/gazebo_ros_control) by extension 'ignore'
[0.242s] Level 1:colcon.colcon_core.package_identification:_identify(gazebo_ros_pkgs/gazebo_ros_control) by extensions ['colcon_pkg']
[0.242s] Level 1:colcon.colcon_core.package_identification:_identify(gazebo_ros_pkgs/gazebo_ros_control) by extension 'colcon_pkg'
[0.242s] Level 1:colcon.colcon_core.package_identification:_identify(gazebo_ros_pkgs/gazebo_ros_control) by extensions ['colcon_meta']
[0.242s] Level 1:colcon.colcon_core.package_identification:_identify(gazebo_ros_pkgs/gazebo_ros_control) by extension 'colcon_meta'
[0.242s] Level 1:colcon.colcon_core.package_identification:_identify(gazebo_ros_pkgs/gazebo_ros_control) by extensions ['cmake', 'python']
[0.242s] Level 1:colcon.colcon_core.package_identification:_identify(gazebo_ros_pkgs/gazebo_ros_control) by extension 'cmake'
[0.242s] Level 1:colcon.colcon_core.package_identification:_identify(gazebo_ros_pkgs/gazebo_ros_control) by extension 'python'
[0.242s] Level 1:colcon.colcon_core.package_identification:_identify(gazebo_ros_pkgs/gazebo_ros_control) by extensions ['python_setup_py']
[0.242s] Level 1:colcon.colcon_core.package_identification:_identify(gazebo_ros_pkgs/gazebo_ros_control) by extension 'python_setup_py'
[0.242s] Level 1:colcon.colcon_core.package_identification:_identify(gazebo_ros_pkgs/gazebo_ros_pkgs) by extensions ['ignore']
[0.242s] Level 1:colcon.colcon_core.package_identification:_identify(gazebo_ros_pkgs/gazebo_ros_pkgs) by extension 'ignore'
[0.242s] Level 1:colcon.colcon_core.package_identification:_identify(gazebo_ros_pkgs/gazebo_ros_pkgs) by extensions ['colcon_pkg']
[0.242s] Level 1:colcon.colcon_core.package_identification:_identify(gazebo_ros_pkgs/gazebo_ros_pkgs) by extension 'colcon_pkg'
[0.243s] Level 1:colcon.colcon_core.package_identification:_identify(gazebo_ros_pkgs/gazebo_ros_pkgs) by extensions ['colcon_meta']
[0.243s] Level 1:colcon.colcon_core.package_identification:_identify(gazebo_ros_pkgs/gazebo_ros_pkgs) by extension 'colcon_meta'
[0.243s] Level 1:colcon.colcon_core.package_identification:_identify(gazebo_ros_pkgs/gazebo_ros_pkgs) by extensions ['cmake', 'python']
[0.243s] Level 1:colcon.colcon_core.package_identification:_identify(gazebo_ros_pkgs/gazebo_ros_pkgs) by extension 'cmake'
[0.243s] Level 1:colcon.colcon_core.package_identification:_identify(gazebo_ros_pkgs/gazebo_ros_pkgs) by extension 'python'
[0.243s] DEBUG:colcon.colcon_core.package_identification:Package 'gazebo_ros_pkgs/gazebo_ros_pkgs' with type 'cmake' and name 'gazebo_ros_pkgs'
[0.243s] Level 1:colcon.colcon_core.package_identification:_identify(install) by extensions ['ignore']
[0.243s] Level 1:colcon.colcon_core.package_identification:_identify(install) by extension 'ignore'
[0.243s] Level 1:colcon.colcon_core.package_identification:_identify(install) ignored
[0.243s] Level 1:colcon.colcon_core.package_identification:_identify(log) by extensions ['ignore']
[0.243s] Level 1:colcon.colcon_core.package_identification:_identify(log) by extension 'ignore'
[0.243s] Level 1:colcon.colcon_core.package_identification:_identify(log) ignored
[0.243s] Level 1:colcon.colcon_core.package_identification:_identify(src) by extensions ['ignore']
[0.244s] Level 1:colcon.colcon_core.package_identification:_identify(src) by extension 'ignore'
[0.244s] Level 1:colcon.colcon_core.package_identification:_identify(src) by extensions ['colcon_pkg']
[0.244s] Level 1:colcon.colcon_core.package_identification:_identify(src) by extension 'colcon_pkg'
[0.244s] Level 1:colcon.colcon_core.package_identification:_identify(src) by extensions ['colcon_meta']
[0.244s] Level 1:colcon.colcon_core.package_identification:_identify(src) by extension 'colcon_meta'
[0.244s] Level 1:colcon.colcon_core.package_identification:_identify(src) by extensions ['cmake', 'python']
[0.244s] Level 1:colcon.colcon_core.package_identification:_identify(src) by extension 'cmake'
[0.244s] Level 1:colcon.colcon_core.package_identification:_identify(src) by extension 'python'
[0.244s] Level 1:colcon.colcon_core.package_identification:_identify(src) by extensions ['python_setup_py']
[0.244s] Level 1:colcon.colcon_core.package_identification:_identify(src) by extension 'python_setup_py'
[0.244s] Level 1:colcon.colcon_core.package_identification:_identify(src/build) by extensions ['ignore']
[0.244s] Level 1:colcon.colcon_core.package_identification:_identify(src/build) by extension 'ignore'
[0.244s] Level 1:colcon.colcon_core.package_identification:_identify(src/build) ignored
[0.244s] Level 1:colcon.colcon_core.package_identification:_identify(src/install) by extensions ['ignore']
[0.244s] Level 1:colcon.colcon_core.package_identification:_identify(src/install) by extension 'ignore'
[0.244s] Level 1:colcon.colcon_core.package_identification:_identify(src/install) ignored
[0.244s] Level 1:colcon.colcon_core.package_identification:_identify(src/log) by extensions ['ignore']
[0.244s] Level 1:colcon.colcon_core.package_identification:_identify(src/log) by extension 'ignore'
[0.245s] Level 1:colcon.colcon_core.package_identification:_identify(src/log) ignored
[0.245s] Level 1:colcon.colcon_core.package_identification:_identify(src/turtlebot3_simulations) by extensions ['ignore']
[0.245s] Level 1:colcon.colcon_core.package_identification:_identify(src/turtlebot3_simulations) by extension 'ignore'
[0.245s] Level 1:colcon.colcon_core.package_identification:_identify(src/turtlebot3_simulations) by extensions ['colcon_pkg']
[0.245s] Level 1:colcon.colcon_core.package_identification:_identify(src/turtlebot3_simulations) by extension 'colcon_pkg'
[0.245s] Level 1:colcon.colcon_core.package_identification:_identify(src/turtlebot3_simulations) by extensions ['colcon_meta']
[0.245s] Level 1:colcon.colcon_core.package_identification:_identify(src/turtlebot3_simulations) by extension 'colcon_meta'
[0.245s] Level 1:colcon.colcon_core.package_identification:_identify(src/turtlebot3_simulations) by extensions ['cmake', 'python']
[0.245s] Level 1:colcon.colcon_core.package_identification:_identify(src/turtlebot3_simulations) by extension 'cmake'
[0.245s] Level 1:colcon.colcon_core.package_identification:_identify(src/turtlebot3_simulations) by extension 'python'
[0.245s] Level 1:colcon.colcon_core.package_identification:_identify(src/turtlebot3_simulations) by extensions ['python_setup_py']
[0.245s] Level 1:colcon.colcon_core.package_identification:_identify(src/turtlebot3_simulations) by extension 'python_setup_py'
[0.245s] Level 1:colcon.colcon_core.package_identification:_identify(src/turtlebot3_simulations/turtlebot3_fake_node) by extensions ['ignore']
[0.245s] Level 1:colcon.colcon_core.package_identification:_identify(src/turtlebot3_simulations/turtlebot3_fake_node) by extension 'ignore'
[0.245s] Level 1:colcon.colcon_core.package_identification:_identify(src/turtlebot3_simulations/turtlebot3_fake_node) by extensions ['colcon_pkg']
[0.245s] Level 1:colcon.colcon_core.package_identification:_identify(src/turtlebot3_simulations/turtlebot3_fake_node) by extension 'colcon_pkg'
[0.245s] Level 1:colcon.colcon_core.package_identification:_identify(src/turtlebot3_simulations/turtlebot3_fake_node) by extensions ['colcon_meta']
[0.246s] Level 1:colcon.colcon_core.package_identification:_identify(src/turtlebot3_simulations/turtlebot3_fake_node) by extension 'colcon_meta'
[0.246s] Level 1:colcon.colcon_core.package_identification:_identify(src/turtlebot3_simulations/turtlebot3_fake_node) by extensions ['cmake', 'python']
[0.246s] Level 1:colcon.colcon_core.package_identification:_identify(src/turtlebot3_simulations/turtlebot3_fake_node) by extension 'cmake'
[0.246s] Level 1:colcon.colcon_core.package_identification:_identify(src/turtlebot3_simulations/turtlebot3_fake_node) by extension 'python'
[0.246s] DEBUG:colcon.colcon_core.package_identification:Package 'src/turtlebot3_simulations/turtlebot3_fake_node' with type 'cmake' and name 'turtlebot3_fake_node'
[0.246s] Level 1:colcon.colcon_core.package_identification:_identify(src/turtlebot3_simulations/turtlebot3_gazebo) by extensions ['ignore']
[0.246s] Level 1:colcon.colcon_core.package_identification:_identify(src/turtlebot3_simulations/turtlebot3_gazebo) by extension 'ignore'
[0.246s] Level 1:colcon.colcon_core.package_identification:_identify(src/turtlebot3_simulations/turtlebot3_gazebo) by extensions ['colcon_pkg']
[0.246s] Level 1:colcon.colcon_core.package_identification:_identify(src/turtlebot3_simulations/turtlebot3_gazebo) by extension 'colcon_pkg'
[0.246s] Level 1:colcon.colcon_core.package_identification:_identify(src/turtlebot3_simulations/turtlebot3_gazebo) by extensions ['colcon_meta']
[0.246s] Level 1:colcon.colcon_core.package_identification:_identify(src/turtlebot3_simulations/turtlebot3_gazebo) by extension 'colcon_meta'
[0.247s] Level 1:colcon.colcon_core.package_identification:_identify(src/turtlebot3_simulations/turtlebot3_gazebo) by extensions ['cmake', 'python']
[0.247s] Level 1:colcon.colcon_core.package_identification:_identify(src/turtlebot3_simulations/turtlebot3_gazebo) by extension 'cmake'
[0.248s] Level 1:colcon.colcon_core.package_identification:_identify(src/turtlebot3_simulations/turtlebot3_gazebo) by extension 'python'
[0.248s] DEBUG:colcon.colcon_core.package_identification:Package 'src/turtlebot3_simulations/turtlebot3_gazebo' with type 'cmake' and name 'turtlebot3_gazebo'
[0.248s] Level 1:colcon.colcon_core.package_identification:_identify(src/turtlebot3_simulations/turtlebot3_simulations) by extensions ['ignore']
[0.248s] Level 1:colcon.colcon_core.package_identification:_identify(src/turtlebot3_simulations/turtlebot3_simulations) by extension 'ignore'
[0.248s] Level 1:colcon.colcon_core.package_identification:_identify(src/turtlebot3_simulations/turtlebot3_simulations) by extensions ['colcon_pkg']
[0.248s] Level 1:colcon.colcon_core.package_identification:_identify(src/turtlebot3_simulations/turtlebot3_simulations) by extension 'colcon_pkg'
[0.248s] Level 1:colcon.colcon_core.package_identification:_identify(src/turtlebot3_simulations/turtlebot3_simulations) by extensions ['colcon_meta']
[0.248s] Level 1:colcon.colcon_core.package_identification:_identify(src/turtlebot3_simulations/turtlebot3_simulations) by extension 'colcon_meta'
[0.248s] Level 1:colcon.colcon_core.package_identification:_identify(src/turtlebot3_simulations/turtlebot3_simulations) by extensions ['cmake', 'python']
[0.248s] Level 1:colcon.colcon_core.package_identification:_identify(src/turtlebot3_simulations/turtlebot3_simulations) by extension 'cmake'
[0.248s] Level 1:colcon.colcon_core.package_identification:_identify(src/turtlebot3_simulations/turtlebot3_simulations) by extension 'python'
[0.248s] DEBUG:colcon.colcon_core.package_identification:Package 'src/turtlebot3_simulations/turtlebot3_simulations' with type 'cmake' and name 'turtlebot3_simulations'
[0.248s] Level 1:colcon.colcon_core.package_discovery:discover_packages(recursive) using defaults
[0.248s] Level 1:colcon.colcon_core.package_discovery:discover_packages(ignore) discover
[0.248s] Level 1:colcon.colcon_core.package_discovery:discover_packages(ignore) using defaults
[0.248s] Level 1:colcon.colcon_core.package_discovery:discover_packages(path) discover
[0.249s] Level 1:colcon.colcon_core.package_discovery:discover_packages(path) using defaults
[0.249s] WARNING:colcon.colcon_core.package_selection:ignoring unknown package 'gazebo_ros_control' in --packages-select
[0.264s] INFO:colcon.colcon_metadata.metadata.colcon_pkg:Updating descriptor of package 'gazebo_ros_pkgs/gazebo_dev' from colcon.pkg: {'dependencies': ['Gazebo']}
[0.264s] INFO:colcon.colcon_metadata.metadata.colcon_pkg:Updating descriptor of package 'gazebo_ros_pkgs/gazebo_ros' from colcon.pkg: {'dependencies': ['Gazebo']}
[0.265s] INFO:colcon.colcon_metadata.metadata.colcon_pkg:Updating descriptor of package 'gazebo_ros_pkgs/gazebo_plugins' from colcon.pkg: {'dependencies': ['Gazebo']}
[0.266s] INFO:colcon.colcon_core.package_selection:Skipping not selected package 'gazebo_dev' in 'gazebo_ros_pkgs/gazebo_dev'
[0.266s] INFO:colcon.colcon_core.package_selection:Skipping not selected package 'gazebo_ros_pkgs' in 'gazebo_ros_pkgs/gazebo_ros_pkgs'
[0.266s] INFO:colcon.colcon_core.package_selection:Skipping not selected package 'turtlebot3_fake_node' in 'src/turtlebot3_simulations/turtlebot3_fake_node'
[0.266s] INFO:colcon.colcon_core.package_selection:Skipping not selected package 'turtlebot3_simulations' in 'src/turtlebot3_simulations/turtlebot3_simulations'
[0.266s] INFO:colcon.colcon_core.package_selection:Skipping not selected package 'turtlebot3_gazebo' in 'src/turtlebot3_simulations/turtlebot3_gazebo'
[0.266s] Level 1:colcon.colcon_core.package_discovery:discover_packages(prefix_path) check parameters
[0.267s] Level 1:colcon.colcon_core.package_discovery:discover_packages(prefix_path) discover
[0.267s] DEBUG:colcon.colcon_installed_package_information.package_discovery:Found 1 installed packages in /home/chris/git/Mobile_robotsystem/robot_code/cpp/ros2_ws/install
[0.268s] DEBUG:colcon.colcon_installed_package_information.package_discovery:Found 3 installed packages in /home/chris/git/Mobile_robotsystem/robot_code/cpp/ros2_ws_gazebo/install
[0.268s] DEBUG:colcon.colcon_installed_package_information.package_discovery:Found 0 installed packages in /home/chris/git/Mobile_robotsystem/robot_code/cpp/ros2_ws/src/cpp_pubsub/src/install
[0.268s] Level 1:colcon.colcon_core.package_discovery:discover_packages(prefix_path) using defaults
[0.269s] Level 5:colcon.colcon_core.verb:set package 'gazebo_msgs' build argument 'cmake_args' from command line to 'None'
[0.269s] Level 5:colcon.colcon_core.verb:set package 'gazebo_msgs' build argument 'cmake_target' from command line to 'None'
[0.269s] Level 5:colcon.colcon_core.verb:set package 'gazebo_msgs' build argument 'cmake_target_skip_unavailable' from command line to 'False'
[0.269s] Level 5:colcon.colcon_core.verb:set package 'gazebo_msgs' build argument 'cmake_clean_cache' from command line to 'False'
[0.269s] Level 5:colcon.colcon_core.verb:set package 'gazebo_msgs' build argument 'cmake_clean_first' from command line to 'False'
[0.269s] Level 5:colcon.colcon_core.verb:set package 'gazebo_msgs' build argument 'cmake_force_configure' from command line to 'False'
[0.269s] DEBUG:colcon.colcon_core.verb:Building package 'gazebo_msgs' with the following arguments: {'build_base': '/home/chris/git/Mobile_robotsystem/robot_code/cpp/ros2_ws_gazebo/build/gazebo_msgs', 'cmake_args': None, 'cmake_clean_cache': False, 'cmake_clean_first': False, 'cmake_force_configure': False, 'cmake_target': None, 'cmake_target_skip_unavailable': False, 'install_base': '/home/chris/git/Mobile_robotsystem/robot_code/cpp/ros2_ws_gazebo/install/gazebo_msgs', 'merge_install': False, 'path': '/home/chris/git/Mobile_robotsystem/robot_code/cpp/ros2_ws_gazebo/gazebo_ros_pkgs/gazebo_msgs', 'symlink_install': False, 'test_result_base': None}
[0.270s] Level 5:colcon.colcon_core.verb:set package 'gazebo_ros' build argument 'cmake_args' from command line to 'None'
[0.270s] Level 5:colcon.colcon_core.verb:set package 'gazebo_ros' build argument 'cmake_target' from command line to 'None'
[0.270s] Level 5:colcon.colcon_core.verb:set package 'gazebo_ros' build argument 'cmake_target_skip_unavailable' from command line to 'False'
[0.270s] Level 5:colcon.colcon_core.verb:set package 'gazebo_ros' build argument 'cmake_clean_cache' from command line to 'False'
[0.270s] Level 5:colcon.colcon_core.verb:set package 'gazebo_ros' build argument 'cmake_clean_first' from command line to 'False'
[0.270s] Level 5:colcon.colcon_core.verb:set package 'gazebo_ros' build argument 'cmake_force_configure' from command line to 'False'
[0.270s] DEBUG:colcon.colcon_core.verb:Building package 'gazebo_ros' with the following arguments: {'build_base': '/home/chris/git/Mobile_robotsystem/robot_code/cpp/ros2_ws_gazebo/build/gazebo_ros', 'cmake_args': None, 'cmake_clean_cache': False, 'cmake_clean_first': False, 'cmake_force_configure': False, 'cmake_target': None, 'cmake_target_skip_unavailable': False, 'install_base': '/home/chris/git/Mobile_robotsystem/robot_code/cpp/ros2_ws_gazebo/install/gazebo_ros', 'merge_install': False, 'path': '/home/chris/git/Mobile_robotsystem/robot_code/cpp/ros2_ws_gazebo/gazebo_ros_pkgs/gazebo_ros', 'symlink_install': False, 'test_result_base': None}
[0.270s] Level 5:colcon.colcon_core.verb:set package 'gazebo_plugins' build argument 'cmake_args' from command line to 'None'
[0.270s] Level 5:colcon.colcon_core.verb:set package 'gazebo_plugins' build argument 'cmake_target' from command line to 'None'
[0.270s] Level 5:colcon.colcon_core.verb:set package 'gazebo_plugins' build argument 'cmake_target_skip_unavailable' from command line to 'False'
[0.270s] Level 5:colcon.colcon_core.verb:set package 'gazebo_plugins' build argument 'cmake_clean_cache' from command line to 'False'
[0.270s] Level 5:colcon.colcon_core.verb:set package 'gazebo_plugins' build argument 'cmake_clean_first' from command line to 'False'
[0.270s] Level 5:colcon.colcon_core.verb:set package 'gazebo_plugins' build argument 'cmake_force_configure' from command line to 'False'
[0.270s] DEBUG:colcon.colcon_core.verb:Building package 'gazebo_plugins' with the following arguments: {'build_base': '/home/chris/git/Mobile_robotsystem/robot_code/cpp/ros2_ws_gazebo/build/gazebo_plugins', 'cmake_args': None, 'cmake_clean_cache': False, 'cmake_clean_first': False, 'cmake_force_configure': False, 'cmake_target': None, 'cmake_target_skip_unavailable': False, 'install_base': '/home/chris/git/Mobile_robotsystem/robot_code/cpp/ros2_ws_gazebo/install/gazebo_plugins', 'merge_install': False, 'path': '/home/chris/git/Mobile_robotsystem/robot_code/cpp/ros2_ws_gazebo/gazebo_ros_pkgs/gazebo_plugins', 'symlink_install': False, 'test_result_base': None}
[0.270s] INFO:colcon.colcon_core.executor:Executing jobs using 'parallel' executor
[0.271s] DEBUG:colcon.colcon_parallel_executor.executor.parallel:run_until_complete
[0.271s] INFO:colcon.colcon_cmake.task.cmake.build:Building CMake package in '/home/chris/git/Mobile_robotsystem/robot_code/cpp/ros2_ws_gazebo/gazebo_ros_pkgs/gazebo_msgs'
[0.274s] INFO:colcon.colcon_core.plugin_system:Skipping extension 'colcon_core.shell.bat': Not used on non-Windows systems
[0.274s] INFO:colcon.colcon_core.shell:Skip shell extension 'powershell' for command environment: Not usable outside of PowerShell
[0.274s] DEBUG:colcon.colcon_core.shell:Skip shell extension 'dsv' for command environment
[0.284s] DEBUG:colcon.colcon_core.event_handler.log_command:Invoking command in '/home/chris/git/Mobile_robotsystem/robot_code/cpp/ros2_ws_gazebo/build/gazebo_msgs': /usr/bin/cmake /home/chris/git/Mobile_robotsystem/robot_code/cpp/ros2_ws_gazebo/gazebo_ros_pkgs/gazebo_msgs -DCMAKE_INSTALL_PREFIX=/home/chris/git/Mobile_robotsystem/robot_code/cpp/ros2_ws_gazebo/install/gazebo_msgs
[2.516s] DEBUG:colcon.colcon_core.event_handler.log_command:Invoked command in '/home/chris/git/Mobile_robotsystem/robot_code/cpp/ros2_ws_gazebo/build/gazebo_msgs' returned '0': /usr/bin/cmake /home/chris/git/Mobile_robotsystem/robot_code/cpp/ros2_ws_gazebo/gazebo_ros_pkgs/gazebo_msgs -DCMAKE_INSTALL_PREFIX=/home/chris/git/Mobile_robotsystem/robot_code/cpp/ros2_ws_gazebo/install/gazebo_msgs
[2.519s] DEBUG:colcon.colcon_core.event_handler.log_command:Invoking command in '/home/chris/git/Mobile_robotsystem/robot_code/cpp/ros2_ws_gazebo/build/gazebo_msgs': /usr/bin/cmake --build /home/chris/git/Mobile_robotsystem/robot_code/cpp/ros2_ws_gazebo/build/gazebo_msgs -- -j16 -l16
[34.884s] DEBUG:colcon.colcon_core.event_handler.log_command:Invoked command in '/home/chris/git/Mobile_robotsystem/robot_code/cpp/ros2_ws_gazebo/build/gazebo_msgs' returned '0': /usr/bin/cmake --build /home/chris/git/Mobile_robotsystem/robot_code/cpp/ros2_ws_gazebo/build/gazebo_msgs -- -j16 -l16
[36.505s] DEBUG:colcon.colcon_core.event_handler.log_command:Invoking command in '/home/chris/git/Mobile_robotsystem/robot_code/cpp/ros2_ws_gazebo/build/gazebo_msgs': /usr/bin/cmake --install /home/chris/git/Mobile_robotsystem/robot_code/cpp/ros2_ws_gazebo/build/gazebo_msgs
[36.906s] Level 1:colcon.colcon_core.environment:create_environment_scripts_only(gazebo_msgs)
[36.907s] DEBUG:colcon.colcon_core.event_handler.log_command:Invoked command in '/home/chris/git/Mobile_robotsystem/robot_code/cpp/ros2_ws_gazebo/build/gazebo_msgs' returned '0': /usr/bin/cmake --install /home/chris/git/Mobile_robotsystem/robot_code/cpp/ros2_ws_gazebo/build/gazebo_msgs
[36.909s] Level 1:colcon.colcon_core.environment:checking '/home/chris/git/Mobile_robotsystem/robot_code/cpp/ros2_ws_gazebo/install/gazebo_msgs' for CMake module files
[36.909s] Level 1:colcon.colcon_core.environment:checking '/home/chris/git/Mobile_robotsystem/robot_code/cpp/ros2_ws_gazebo/install/gazebo_msgs' for CMake config files
[36.909s] Level 1:colcon.colcon_core.shell:create_environment_hook('gazebo_msgs', 'cmake_prefix_path')
[36.910s] INFO:colcon.colcon_core.shell:Creating environment hook '/home/chris/git/Mobile_robotsystem/robot_code/cpp/ros2_ws_gazebo/install/gazebo_msgs/share/gazebo_msgs/hook/cmake_prefix_path.ps1'
[36.911s] INFO:colcon.colcon_core.shell:Creating environment descriptor '/home/chris/git/Mobile_robotsystem/robot_code/cpp/ros2_ws_gazebo/install/gazebo_msgs/share/gazebo_msgs/hook/cmake_prefix_path.dsv'
[36.911s] INFO:colcon.colcon_core.shell:Creating environment hook '/home/chris/git/Mobile_robotsystem/robot_code/cpp/ros2_ws_gazebo/install/gazebo_msgs/share/gazebo_msgs/hook/cmake_prefix_path.sh'
[36.912s] Level 1:colcon.colcon_core.environment:checking '/home/chris/git/Mobile_robotsystem/robot_code/cpp/ros2_ws_gazebo/install/gazebo_msgs/lib'
[36.912s] Level 1:colcon.colcon_core.shell:create_environment_hook('gazebo_msgs', 'ld_library_path_lib')
[36.912s] INFO:colcon.colcon_core.shell:Creating environment hook '/home/chris/git/Mobile_robotsystem/robot_code/cpp/ros2_ws_gazebo/install/gazebo_msgs/share/gazebo_msgs/hook/ld_library_path_lib.ps1'
[36.913s] INFO:colcon.colcon_core.shell:Creating environment descriptor '/home/chris/git/Mobile_robotsystem/robot_code/cpp/ros2_ws_gazebo/install/gazebo_msgs/share/gazebo_msgs/hook/ld_library_path_lib.dsv'
[36.913s] INFO:colcon.colcon_core.shell:Creating environment hook '/home/chris/git/Mobile_robotsystem/robot_code/cpp/ros2_ws_gazebo/install/gazebo_msgs/share/gazebo_msgs/hook/ld_library_path_lib.sh'
[36.913s] Level 1:colcon.colcon_core.environment:checking '/home/chris/git/Mobile_robotsystem/robot_code/cpp/ros2_ws_gazebo/install/gazebo_msgs/bin'
[36.913s] Level 1:colcon.colcon_core.environment:checking '/home/chris/git/Mobile_robotsystem/robot_code/cpp/ros2_ws_gazebo/install/gazebo_msgs/lib/pkgconfig/gazebo_msgs.pc'
[36.914s] Level 1:colcon.colcon_core.environment:checking '/home/chris/git/Mobile_robotsystem/robot_code/cpp/ros2_ws_gazebo/install/gazebo_msgs/lib/python3.10/site-packages'
[36.914s] Level 1:colcon.colcon_core.environment:checking '/home/chris/git/Mobile_robotsystem/robot_code/cpp/ros2_ws_gazebo/install/gazebo_msgs/bin'
[36.914s] INFO:colcon.colcon_core.shell:Creating package script '/home/chris/git/Mobile_robotsystem/robot_code/cpp/ros2_ws_gazebo/install/gazebo_msgs/share/gazebo_msgs/package.ps1'
[36.915s] INFO:colcon.colcon_core.shell:Creating package descriptor '/home/chris/git/Mobile_robotsystem/robot_code/cpp/ros2_ws_gazebo/install/gazebo_msgs/share/gazebo_msgs/package.dsv'
[36.915s] INFO:colcon.colcon_core.shell:Creating package script '/home/chris/git/Mobile_robotsystem/robot_code/cpp/ros2_ws_gazebo/install/gazebo_msgs/share/gazebo_msgs/package.sh'
[36.916s] INFO:colcon.colcon_core.shell:Creating package script '/home/chris/git/Mobile_robotsystem/robot_code/cpp/ros2_ws_gazebo/install/gazebo_msgs/share/gazebo_msgs/package.bash'
[36.916s] INFO:colcon.colcon_core.shell:Creating package script '/home/chris/git/Mobile_robotsystem/robot_code/cpp/ros2_ws_gazebo/install/gazebo_msgs/share/gazebo_msgs/package.zsh'
[36.917s] Level 1:colcon.colcon_core.environment:create_file_with_runtime_dependencies(/home/chris/git/Mobile_robotsystem/robot_code/cpp/ros2_ws_gazebo/install/gazebo_msgs/share/colcon-core/packages/gazebo_msgs)
[36.917s] INFO:colcon.colcon_cmake.task.cmake.build:Building CMake package in '/home/chris/git/Mobile_robotsystem/robot_code/cpp/ros2_ws_gazebo/gazebo_ros_pkgs/gazebo_ros'
[36.918s] INFO:colcon.colcon_core.shell:Skip shell extension 'powershell' for command environment: Not usable outside of PowerShell
[36.918s] DEBUG:colcon.colcon_core.shell:Skip shell extension 'dsv' for command environment
[36.919s] ERROR:colcon.colcon_cmake.task.cmake.build:Failed to find the following files:
- /home/chris/git/Mobile_robotsystem/robot_code/cpp/ros2_ws_gazebo/install/gazebo_dev/share/gazebo_dev/package.sh
Check that the following packages have been built:
- gazebo_dev
[36.930s] DEBUG:colcon.colcon_parallel_executor.executor.parallel:closing loop
[36.930s] DEBUG:colcon.colcon_parallel_executor.executor.parallel:loop closed
[36.930s] DEBUG:colcon.colcon_parallel_executor.executor.parallel:run_until_complete finished with '1'
[36.930s] DEBUG:colcon.colcon_core.event_reactor:joining thread
[36.936s] INFO:colcon.colcon_core.plugin_system:Skipping extension 'colcon_notification.desktop_notification.terminal_notifier': Not used on non-Darwin systems
[36.936s] INFO:colcon.colcon_core.plugin_system:Skipping extension 'colcon_notification.desktop_notification.win32': Not used on non-Windows systems
[36.936s] INFO:colcon.colcon_notification.desktop_notification:Sending desktop notification using 'notify2'
[36.949s] DEBUG:colcon.colcon_core.event_reactor:joined thread
[36.950s] INFO:colcon.colcon_core.shell:Creating prefix script '/home/chris/git/Mobile_robotsystem/robot_code/cpp/ros2_ws_gazebo/install/local_setup.ps1'
[36.951s] INFO:colcon.colcon_core.shell:Creating prefix util module '/home/chris/git/Mobile_robotsystem/robot_code/cpp/ros2_ws_gazebo/install/_local_setup_util_ps1.py'
[36.955s] INFO:colcon.colcon_core.shell:Creating prefix chain script '/home/chris/git/Mobile_robotsystem/robot_code/cpp/ros2_ws_gazebo/install/setup.ps1'
[36.957s] INFO:colcon.colcon_core.shell:Creating prefix script '/home/chris/git/Mobile_robotsystem/robot_code/cpp/ros2_ws_gazebo/install/local_setup.sh'
[36.957s] INFO:colcon.colcon_core.shell:Creating prefix util module '/home/chris/git/Mobile_robotsystem/robot_code/cpp/ros2_ws_gazebo/install/_local_setup_util_sh.py'
[36.958s] INFO:colcon.colcon_core.shell:Creating prefix chain script '/home/chris/git/Mobile_robotsystem/robot_code/cpp/ros2_ws_gazebo/install/setup.sh'
[36.959s] INFO:colcon.colcon_core.shell:Creating prefix script '/home/chris/git/Mobile_robotsystem/robot_code/cpp/ros2_ws_gazebo/install/local_setup.bash'
[36.959s] INFO:colcon.colcon_core.shell:Creating prefix chain script '/home/chris/git/Mobile_robotsystem/robot_code/cpp/ros2_ws_gazebo/install/setup.bash'
[36.960s] INFO:colcon.colcon_core.shell:Creating prefix script '/home/chris/git/Mobile_robotsystem/robot_code/cpp/ros2_ws_gazebo/install/local_setup.zsh'
[36.961s] INFO:colcon.colcon_core.shell:Creating prefix chain script '/home/chris/git/Mobile_robotsystem/robot_code/cpp/ros2_ws_gazebo/install/setup.zsh'
