[0.112s] Invoking command in '/home/pi/Mobile_robotsystem/ros2_ws/build/turtlebot3_control': CMAKE_PREFIX_PATH=${CMAKE_PREFIX_PATH}:/home/pi/turtlebot3_ws/install/turtlebot3_teleop:/home/pi/turtlebot3_ws/install/turtlebot3_example:/opt/ros/humble /usr/bin/cmake --build /home/pi/Mobile_robotsystem/ros2_ws/build/turtlebot3_control -- -j4 -l4
[0.498s] [35m[1mConsolidate compiler generated dependencies of target move_turtlebot[0m
[0.787s] [  6%] [32mBuilding CXX object CMakeFiles/move_turtlebot.dir/src/main.cpp.o[0m
[30.144s] In file included from [01m[K/home/pi/Mobile_robotsystem/ros2_ws/src/turtlebot3_control/src/main.cpp:9[m[K:
[30.146s] [01m[K/home/pi/Mobile_robotsystem/ros2_ws/src/turtlebot3_control/../../../cpp/include/audio/audio_input.h:63:12:[m[K [01;35m[Kwarning: [m[K‘[01m[Kint read_mic_callback(const void*, void*, long unsigned int, const PaStreamCallbackTimeInfo*, PaStreamCallbackFlags, void*)[m[K’ declared ‘[01m[Kstatic[m[K’ but never defined [[01;35m[K]8;;https://gcc.gnu.org/onlinedocs/gcc/Warning-Options.html#index-Wunused-function-Wunused-function]8;;[m[K]
[30.147s]    63 | static int [01;35m[Kread_mic_callback[m[K(const void *input_buffer, void *output_buffer,
[30.148s]       |            [01;35m[K^~~~~~~~~~~~~~~~~[m[K
[39.809s] [ 13%] [32m[1mLinking CXX executable move_turtlebot[0m
[43.356s] [100%] Built target move_turtlebot
[43.554s] Invoked command in '/home/pi/Mobile_robotsystem/ros2_ws/build/turtlebot3_control' returned '0': CMAKE_PREFIX_PATH=${CMAKE_PREFIX_PATH}:/home/pi/turtlebot3_ws/install/turtlebot3_teleop:/home/pi/turtlebot3_ws/install/turtlebot3_example:/opt/ros/humble /usr/bin/cmake --build /home/pi/Mobile_robotsystem/ros2_ws/build/turtlebot3_control -- -j4 -l4
[43.634s] Invoking command in '/home/pi/Mobile_robotsystem/ros2_ws/build/turtlebot3_control': CMAKE_PREFIX_PATH=${CMAKE_PREFIX_PATH}:/home/pi/turtlebot3_ws/install/turtlebot3_teleop:/home/pi/turtlebot3_ws/install/turtlebot3_example:/opt/ros/humble /usr/bin/cmake --install /home/pi/Mobile_robotsystem/ros2_ws/build/turtlebot3_control
[43.684s] -- Install configuration: ""
[43.687s] -- Installing: /home/pi/Mobile_robotsystem/ros2_ws/install/turtlebot3_control/lib/turtlebot3_control/move_turtlebot
[43.708s] -- Set runtime path of "/home/pi/Mobile_robotsystem/ros2_ws/install/turtlebot3_control/lib/turtlebot3_control/move_turtlebot" to ""
[43.710s] -- Up-to-date: /home/pi/Mobile_robotsystem/ros2_ws/install/turtlebot3_control/share/ament_index/resource_index/package_run_dependencies/turtlebot3_control
[43.711s] -- Up-to-date: /home/pi/Mobile_robotsystem/ros2_ws/install/turtlebot3_control/share/ament_index/resource_index/parent_prefix_path/turtlebot3_control
[43.712s] -- Up-to-date: /home/pi/Mobile_robotsystem/ros2_ws/install/turtlebot3_control/share/turtlebot3_control/environment/ament_prefix_path.sh
[43.714s] -- Up-to-date: /home/pi/Mobile_robotsystem/ros2_ws/install/turtlebot3_control/share/turtlebot3_control/environment/ament_prefix_path.dsv
[43.715s] -- Up-to-date: /home/pi/Mobile_robotsystem/ros2_ws/install/turtlebot3_control/share/turtlebot3_control/environment/path.sh
[43.716s] -- Up-to-date: /home/pi/Mobile_robotsystem/ros2_ws/install/turtlebot3_control/share/turtlebot3_control/environment/path.dsv
[43.718s] -- Up-to-date: /home/pi/Mobile_robotsystem/ros2_ws/install/turtlebot3_control/share/turtlebot3_control/local_setup.bash
[43.719s] -- Up-to-date: /home/pi/Mobile_robotsystem/ros2_ws/install/turtlebot3_control/share/turtlebot3_control/local_setup.sh
[43.719s] -- Up-to-date: /home/pi/Mobile_robotsystem/ros2_ws/install/turtlebot3_control/share/turtlebot3_control/local_setup.zsh
[43.721s] -- Up-to-date: /home/pi/Mobile_robotsystem/ros2_ws/install/turtlebot3_control/share/turtlebot3_control/local_setup.dsv
[43.722s] -- Installing: /home/pi/Mobile_robotsystem/ros2_ws/install/turtlebot3_control/share/turtlebot3_control/package.dsv
[43.723s] -- Up-to-date: /home/pi/Mobile_robotsystem/ros2_ws/install/turtlebot3_control/share/ament_index/resource_index/packages/turtlebot3_control
[43.724s] -- Up-to-date: /home/pi/Mobile_robotsystem/ros2_ws/install/turtlebot3_control/share/turtlebot3_control/cmake/turtlebot3_controlConfig.cmake
[43.726s] -- Up-to-date: /home/pi/Mobile_robotsystem/ros2_ws/install/turtlebot3_control/share/turtlebot3_control/cmake/turtlebot3_controlConfig-version.cmake
[43.726s] -- Up-to-date: /home/pi/Mobile_robotsystem/ros2_ws/install/turtlebot3_control/share/turtlebot3_control/package.xml
[43.737s] Invoked command in '/home/pi/Mobile_robotsystem/ros2_ws/build/turtlebot3_control' returned '0': CMAKE_PREFIX_PATH=${CMAKE_PREFIX_PATH}:/home/pi/turtlebot3_ws/install/turtlebot3_teleop:/home/pi/turtlebot3_ws/install/turtlebot3_example:/opt/ros/humble /usr/bin/cmake --install /home/pi/Mobile_robotsystem/ros2_ws/build/turtlebot3_control
