[1.090s] DEBUG:colcon:Command line arguments: ['/usr/bin/colcon', 'build', '--packages-select', 'turtlebot3_control']
[1.090s] DEBUG:colcon:Parsed command line arguments: Namespace(log_base=None, log_level=None, verb_name='build', build_base='build', install_base='install', merge_install=False, symlink_install=False, test_result_base=None, continue_on_error=False, executor='parallel', parallel_workers=4, event_handlers=None, ignore_user_meta=False, metas=['./colcon.meta'], base_paths=['.'], packages_ignore=None, packages_ignore_regex=None, paths=None, packages_up_to=None, packages_up_to_regex=None, packages_above=None, packages_above_and_dependencies=None, packages_above_depth=None, packages_select_by_dep=None, packages_skip_by_dep=None, packages_skip_up_to=None, packages_select_build_failed=False, packages_skip_build_finished=False, packages_select_test_failures=False, packages_skip_test_passed=False, packages_select=['turtlebot3_control'], packages_skip=None, packages_select_regex=None, packages_skip_regex=None, packages_start=None, packages_end=None, allow_overriding=[], cmake_args=None, cmake_target=None, cmake_target_skip_unavailable=False, cmake_clean_cache=False, cmake_clean_first=False, cmake_force_configure=False, ament_cmake_args=None, catkin_cmake_args=None, catkin_skip_building_tests=False, verb_parser=<colcon_defaults.argument_parser.defaults.DefaultArgumentsDecorator object at 0xffffa16dfee0>, verb_extension=<colcon_core.verb.build.BuildVerb object at 0xffffa1621300>, main=<bound method BuildVerb.main of <colcon_core.verb.build.BuildVerb object at 0xffffa1621300>>)
[3.037s] Level 1:colcon.colcon_core.package_discovery:discover_packages(colcon_meta) check parameters
[3.038s] Level 1:colcon.colcon_core.package_discovery:discover_packages(recursive) check parameters
[3.039s] Level 1:colcon.colcon_core.package_discovery:discover_packages(ignore) check parameters
[3.039s] Level 1:colcon.colcon_core.package_discovery:discover_packages(path) check parameters
[3.039s] Level 1:colcon.colcon_core.package_discovery:discover_packages(colcon_meta) discover
[3.040s] Level 1:colcon.colcon_core.package_discovery:discover_packages(recursive) discover
[3.040s] INFO:colcon.colcon_core.package_discovery:Crawling recursively for packages in '/home/pi/ros2_ws'
[3.041s] Level 1:colcon.colcon_core.package_identification:_identify(.) by extensions ['ignore', 'ignore_ament_install']
[3.042s] Level 1:colcon.colcon_core.package_identification:_identify(.) by extension 'ignore'
[3.043s] Level 1:colcon.colcon_core.package_identification:_identify(.) by extension 'ignore_ament_install'
[3.043s] Level 1:colcon.colcon_core.package_identification:_identify(.) by extensions ['colcon_pkg']
[3.044s] Level 1:colcon.colcon_core.package_identification:_identify(.) by extension 'colcon_pkg'
[3.044s] Level 1:colcon.colcon_core.package_identification:_identify(.) by extensions ['colcon_meta']
[3.045s] Level 1:colcon.colcon_core.package_identification:_identify(.) by extension 'colcon_meta'
[3.046s] Level 1:colcon.colcon_core.package_identification:_identify(.) by extensions ['ros']
[3.046s] Level 1:colcon.colcon_core.package_identification:_identify(.) by extension 'ros'
[3.159s] Level 1:colcon.colcon_core.package_identification:_identify(.) by extensions ['cmake', 'python']
[3.159s] Level 1:colcon.colcon_core.package_identification:_identify(.) by extension 'cmake'
[3.160s] Level 1:colcon.colcon_core.package_identification:_identify(.) by extension 'python'
[3.160s] Level 1:colcon.colcon_core.package_identification:_identify(.) by extensions ['python_setup_py']
[3.161s] Level 1:colcon.colcon_core.package_identification:_identify(.) by extension 'python_setup_py'
[3.162s] Level 1:colcon.colcon_core.package_identification:_identify(build) by extensions ['ignore', 'ignore_ament_install']
[3.162s] Level 1:colcon.colcon_core.package_identification:_identify(build) by extension 'ignore'
[3.163s] Level 1:colcon.colcon_core.package_identification:_identify(build) ignored
[3.164s] Level 1:colcon.colcon_core.package_identification:_identify(dtmf_sounds) by extensions ['ignore', 'ignore_ament_install']
[3.165s] Level 1:colcon.colcon_core.package_identification:_identify(dtmf_sounds) by extension 'ignore'
[3.166s] Level 1:colcon.colcon_core.package_identification:_identify(dtmf_sounds) by extension 'ignore_ament_install'
[3.166s] Level 1:colcon.colcon_core.package_identification:_identify(dtmf_sounds) by extensions ['colcon_pkg']
[3.167s] Level 1:colcon.colcon_core.package_identification:_identify(dtmf_sounds) by extension 'colcon_pkg'
[3.167s] Level 1:colcon.colcon_core.package_identification:_identify(dtmf_sounds) by extensions ['colcon_meta']
[3.167s] Level 1:colcon.colcon_core.package_identification:_identify(dtmf_sounds) by extension 'colcon_meta'
[3.168s] Level 1:colcon.colcon_core.package_identification:_identify(dtmf_sounds) by extensions ['ros']
[3.168s] Level 1:colcon.colcon_core.package_identification:_identify(dtmf_sounds) by extension 'ros'
[3.169s] Level 1:colcon.colcon_core.package_identification:_identify(dtmf_sounds) by extensions ['cmake', 'python']
[3.169s] Level 1:colcon.colcon_core.package_identification:_identify(dtmf_sounds) by extension 'cmake'
[3.170s] Level 1:colcon.colcon_core.package_identification:_identify(dtmf_sounds) by extension 'python'
[3.170s] Level 1:colcon.colcon_core.package_identification:_identify(dtmf_sounds) by extensions ['python_setup_py']
[3.170s] Level 1:colcon.colcon_core.package_identification:_identify(dtmf_sounds) by extension 'python_setup_py'
[3.172s] Level 1:colcon.colcon_core.package_identification:_identify(install) by extensions ['ignore', 'ignore_ament_install']
[3.173s] Level 1:colcon.colcon_core.package_identification:_identify(install) by extension 'ignore'
[3.173s] Level 1:colcon.colcon_core.package_identification:_identify(install) ignored
[3.174s] Level 1:colcon.colcon_core.package_identification:_identify(log) by extensions ['ignore', 'ignore_ament_install']
[3.175s] Level 1:colcon.colcon_core.package_identification:_identify(log) by extension 'ignore'
[3.175s] Level 1:colcon.colcon_core.package_identification:_identify(log) ignored
[3.177s] Level 1:colcon.colcon_core.package_identification:_identify(src) by extensions ['ignore', 'ignore_ament_install']
[3.177s] Level 1:colcon.colcon_core.package_identification:_identify(src) by extension 'ignore'
[3.178s] Level 1:colcon.colcon_core.package_identification:_identify(src) by extension 'ignore_ament_install'
[3.178s] Level 1:colcon.colcon_core.package_identification:_identify(src) by extensions ['colcon_pkg']
[3.179s] Level 1:colcon.colcon_core.package_identification:_identify(src) by extension 'colcon_pkg'
[3.179s] Level 1:colcon.colcon_core.package_identification:_identify(src) by extensions ['colcon_meta']
[3.179s] Level 1:colcon.colcon_core.package_identification:_identify(src) by extension 'colcon_meta'
[3.180s] Level 1:colcon.colcon_core.package_identification:_identify(src) by extensions ['ros']
[3.180s] Level 1:colcon.colcon_core.package_identification:_identify(src) by extension 'ros'
[3.181s] Level 1:colcon.colcon_core.package_identification:_identify(src) by extensions ['cmake', 'python']
[3.181s] Level 1:colcon.colcon_core.package_identification:_identify(src) by extension 'cmake'
[3.182s] Level 1:colcon.colcon_core.package_identification:_identify(src) by extension 'python'
[3.182s] Level 1:colcon.colcon_core.package_identification:_identify(src) by extensions ['python_setup_py']
[3.182s] Level 1:colcon.colcon_core.package_identification:_identify(src) by extension 'python_setup_py'
[3.184s] Level 1:colcon.colcon_core.package_identification:_identify(src/cpp_pubsub) by extensions ['ignore', 'ignore_ament_install']
[3.185s] Level 1:colcon.colcon_core.package_identification:_identify(src/cpp_pubsub) by extension 'ignore'
[3.185s] Level 1:colcon.colcon_core.package_identification:_identify(src/cpp_pubsub) by extension 'ignore_ament_install'
[3.186s] Level 1:colcon.colcon_core.package_identification:_identify(src/cpp_pubsub) by extensions ['colcon_pkg']
[3.186s] Level 1:colcon.colcon_core.package_identification:_identify(src/cpp_pubsub) by extension 'colcon_pkg'
[3.186s] Level 1:colcon.colcon_core.package_identification:_identify(src/cpp_pubsub) by extensions ['colcon_meta']
[3.187s] Level 1:colcon.colcon_core.package_identification:_identify(src/cpp_pubsub) by extension 'colcon_meta'
[3.187s] Level 1:colcon.colcon_core.package_identification:_identify(src/cpp_pubsub) by extensions ['ros']
[3.187s] Level 1:colcon.colcon_core.package_identification:_identify(src/cpp_pubsub) by extension 'ros'
[3.209s] DEBUG:colcon.colcon_core.package_identification:Package 'src/cpp_pubsub' with type 'ros.ament_cmake' and name 'cpp_pubsub'
[3.210s] Level 1:colcon.colcon_core.package_identification:_identify(src/cpp_srvcli) by extensions ['ignore', 'ignore_ament_install']
[3.211s] Level 1:colcon.colcon_core.package_identification:_identify(src/cpp_srvcli) by extension 'ignore'
[3.212s] Level 1:colcon.colcon_core.package_identification:_identify(src/cpp_srvcli) by extension 'ignore_ament_install'
[3.213s] Level 1:colcon.colcon_core.package_identification:_identify(src/cpp_srvcli) by extensions ['colcon_pkg']
[3.213s] Level 1:colcon.colcon_core.package_identification:_identify(src/cpp_srvcli) by extension 'colcon_pkg'
[3.213s] Level 1:colcon.colcon_core.package_identification:_identify(src/cpp_srvcli) by extensions ['colcon_meta']
[3.214s] Level 1:colcon.colcon_core.package_identification:_identify(src/cpp_srvcli) by extension 'colcon_meta'
[3.214s] Level 1:colcon.colcon_core.package_identification:_identify(src/cpp_srvcli) by extensions ['ros']
[3.214s] Level 1:colcon.colcon_core.package_identification:_identify(src/cpp_srvcli) by extension 'ros'
[3.220s] DEBUG:colcon.colcon_core.package_identification:Package 'src/cpp_srvcli' with type 'ros.ament_cmake' and name 'cpp_srvcli'
[3.221s] Level 1:colcon.colcon_core.package_identification:_identify(src/turtlebot3_control) by extensions ['ignore', 'ignore_ament_install']
[3.222s] Level 1:colcon.colcon_core.package_identification:_identify(src/turtlebot3_control) by extension 'ignore'
[3.223s] Level 1:colcon.colcon_core.package_identification:_identify(src/turtlebot3_control) by extension 'ignore_ament_install'
[3.223s] Level 1:colcon.colcon_core.package_identification:_identify(src/turtlebot3_control) by extensions ['colcon_pkg']
[3.224s] Level 1:colcon.colcon_core.package_identification:_identify(src/turtlebot3_control) by extension 'colcon_pkg'
[3.224s] Level 1:colcon.colcon_core.package_identification:_identify(src/turtlebot3_control) by extensions ['colcon_meta']
[3.225s] Level 1:colcon.colcon_core.package_identification:_identify(src/turtlebot3_control) by extension 'colcon_meta'
[3.225s] Level 1:colcon.colcon_core.package_identification:_identify(src/turtlebot3_control) by extensions ['ros']
[3.226s] Level 1:colcon.colcon_core.package_identification:_identify(src/turtlebot3_control) by extension 'ros'
[3.231s] DEBUG:colcon.colcon_core.package_identification:Package 'src/turtlebot3_control' with type 'ros.ament_cmake' and name 'turtlebot3_control'
[3.231s] Level 1:colcon.colcon_core.package_discovery:discover_packages(recursive) using defaults
[3.232s] Level 1:colcon.colcon_core.package_discovery:discover_packages(ignore) discover
[3.232s] Level 1:colcon.colcon_core.package_discovery:discover_packages(ignore) using defaults
[3.233s] Level 1:colcon.colcon_core.package_discovery:discover_packages(path) discover
[3.233s] Level 1:colcon.colcon_core.package_discovery:discover_packages(path) using defaults
[3.411s] INFO:colcon.colcon_core.package_selection:Skipping not selected package 'cpp_pubsub' in 'src/cpp_pubsub'
[3.412s] INFO:colcon.colcon_core.package_selection:Skipping not selected package 'cpp_srvcli' in 'src/cpp_srvcli'
[3.416s] Level 1:colcon.colcon_core.package_discovery:discover_packages(prefix_path) check parameters
[3.416s] Level 1:colcon.colcon_core.package_discovery:discover_packages(prefix_path) discover
[3.438s] DEBUG:colcon.colcon_installed_package_information.package_discovery:Found 1 installed packages in /home/pi/ros2_ws/install
[3.445s] DEBUG:colcon.colcon_installed_package_information.package_discovery:Found 7 installed packages in /home/pi/turtlebot3_ws/install
[3.463s] DEBUG:colcon.colcon_installed_package_information.package_discovery:Found 273 installed packages in /opt/ros/humble
[3.477s] Level 1:colcon.colcon_core.package_discovery:discover_packages(prefix_path) using defaults
[4.023s] Level 5:colcon.colcon_core.verb:set package 'turtlebot3_control' build argument 'cmake_args' from command line to 'None'
[4.023s] Level 5:colcon.colcon_core.verb:set package 'turtlebot3_control' build argument 'cmake_target' from command line to 'None'
[4.023s] Level 5:colcon.colcon_core.verb:set package 'turtlebot3_control' build argument 'cmake_target_skip_unavailable' from command line to 'False'
[4.024s] Level 5:colcon.colcon_core.verb:set package 'turtlebot3_control' build argument 'cmake_clean_cache' from command line to 'False'
[4.024s] Level 5:colcon.colcon_core.verb:set package 'turtlebot3_control' build argument 'cmake_clean_first' from command line to 'False'
[4.024s] Level 5:colcon.colcon_core.verb:set package 'turtlebot3_control' build argument 'cmake_force_configure' from command line to 'False'
[4.024s] Level 5:colcon.colcon_core.verb:set package 'turtlebot3_control' build argument 'ament_cmake_args' from command line to 'None'
[4.025s] Level 5:colcon.colcon_core.verb:set package 'turtlebot3_control' build argument 'catkin_cmake_args' from command line to 'None'
[4.025s] Level 5:colcon.colcon_core.verb:set package 'turtlebot3_control' build argument 'catkin_skip_building_tests' from command line to 'False'
[4.025s] DEBUG:colcon.colcon_core.verb:Building package 'turtlebot3_control' with the following arguments: {'ament_cmake_args': None, 'build_base': '/home/pi/ros2_ws/build/turtlebot3_control', 'catkin_cmake_args': None, 'catkin_skip_building_tests': False, 'cmake_args': None, 'cmake_clean_cache': False, 'cmake_clean_first': False, 'cmake_force_configure': False, 'cmake_target': None, 'cmake_target_skip_unavailable': False, 'install_base': '/home/pi/ros2_ws/install/turtlebot3_control', 'merge_install': False, 'path': '/home/pi/ros2_ws/src/turtlebot3_control', 'symlink_install': False, 'test_result_base': None}
[4.026s] INFO:colcon.colcon_core.executor:Executing jobs using 'parallel' executor
[4.034s] DEBUG:colcon.colcon_parallel_executor.executor.parallel:run_until_complete
[4.036s] INFO:colcon.colcon_ros.task.ament_cmake.build:Building ROS package in '/home/pi/ros2_ws/src/turtlebot3_control' with build type 'ament_cmake'
[4.037s] INFO:colcon.colcon_cmake.task.cmake.build:Building CMake package in '/home/pi/ros2_ws/src/turtlebot3_control'
[4.061s] INFO:colcon.colcon_core.plugin_system:Skipping extension 'colcon_core.shell.bat': Not used on non-Windows systems
[4.063s] INFO:colcon.colcon_core.shell:Skip shell extension 'powershell' for command environment: Not usable outside of PowerShell
[4.063s] DEBUG:colcon.colcon_core.shell:Skip shell extension 'dsv' for command environment
[4.153s] DEBUG:colcon.colcon_core.event_handler.log_command:Invoking command in '/home/pi/ros2_ws/build/turtlebot3_control': CMAKE_PREFIX_PATH=${CMAKE_PREFIX_PATH}:/home/pi/turtlebot3_ws/install/turtlebot3_teleop:/home/pi/turtlebot3_ws/install/turtlebot3_example:/opt/ros/humble /usr/bin/cmake --build /home/pi/ros2_ws/build/turtlebot3_control -- -j4 -l4
[19.141s] DEBUG:colcon.colcon_core.event_handler.log_command:Invoked command in '/home/pi/ros2_ws/build/turtlebot3_control' returned '0': CMAKE_PREFIX_PATH=${CMAKE_PREFIX_PATH}:/home/pi/turtlebot3_ws/install/turtlebot3_teleop:/home/pi/turtlebot3_ws/install/turtlebot3_example:/opt/ros/humble /usr/bin/cmake --build /home/pi/ros2_ws/build/turtlebot3_control -- -j4 -l4
[19.222s] DEBUG:colcon.colcon_core.event_handler.log_command:Invoking command in '/home/pi/ros2_ws/build/turtlebot3_control': CMAKE_PREFIX_PATH=${CMAKE_PREFIX_PATH}:/home/pi/turtlebot3_ws/install/turtlebot3_teleop:/home/pi/turtlebot3_ws/install/turtlebot3_example:/opt/ros/humble /usr/bin/cmake --install /home/pi/ros2_ws/build/turtlebot3_control
[19.318s] Level 1:colcon.colcon_core.environment:create_environment_scripts_only(turtlebot3_control)
[19.321s] DEBUG:colcon.colcon_core.event_handler.log_command:Invoked command in '/home/pi/ros2_ws/build/turtlebot3_control' returned '0': CMAKE_PREFIX_PATH=${CMAKE_PREFIX_PATH}:/home/pi/turtlebot3_ws/install/turtlebot3_teleop:/home/pi/turtlebot3_ws/install/turtlebot3_example:/opt/ros/humble /usr/bin/cmake --install /home/pi/ros2_ws/build/turtlebot3_control
[19.348s] Level 1:colcon.colcon_core.environment:checking '/home/pi/ros2_ws/install/turtlebot3_control' for CMake module files
[19.354s] Level 1:colcon.colcon_core.environment:checking '/home/pi/ros2_ws/install/turtlebot3_control' for CMake config files
[19.359s] Level 1:colcon.colcon_core.shell:create_environment_hook('turtlebot3_control', 'cmake_prefix_path')
[19.361s] INFO:colcon.colcon_core.shell:Creating environment hook '/home/pi/ros2_ws/install/turtlebot3_control/share/turtlebot3_control/hook/cmake_prefix_path.ps1'
[19.367s] INFO:colcon.colcon_core.shell:Creating environment descriptor '/home/pi/ros2_ws/install/turtlebot3_control/share/turtlebot3_control/hook/cmake_prefix_path.dsv'
[19.372s] INFO:colcon.colcon_core.shell:Creating environment hook '/home/pi/ros2_ws/install/turtlebot3_control/share/turtlebot3_control/hook/cmake_prefix_path.sh'
[19.382s] Level 1:colcon.colcon_core.environment:checking '/home/pi/ros2_ws/install/turtlebot3_control/lib'
[19.383s] Level 1:colcon.colcon_core.environment:checking '/home/pi/ros2_ws/install/turtlebot3_control/bin'
[19.384s] Level 1:colcon.colcon_core.environment:checking '/home/pi/ros2_ws/install/turtlebot3_control/lib/pkgconfig/turtlebot3_control.pc'
[19.386s] Level 1:colcon.colcon_core.environment:checking '/home/pi/ros2_ws/install/turtlebot3_control/lib/python3.10/site-packages'
[19.389s] Level 1:colcon.colcon_core.environment:checking '/home/pi/ros2_ws/install/turtlebot3_control/bin'
[19.391s] INFO:colcon.colcon_core.shell:Creating package script '/home/pi/ros2_ws/install/turtlebot3_control/share/turtlebot3_control/package.ps1'
[19.399s] INFO:colcon.colcon_core.shell:Creating package descriptor '/home/pi/ros2_ws/install/turtlebot3_control/share/turtlebot3_control/package.dsv'
[19.405s] INFO:colcon.colcon_core.shell:Creating package script '/home/pi/ros2_ws/install/turtlebot3_control/share/turtlebot3_control/package.sh'
[19.413s] INFO:colcon.colcon_core.shell:Creating package script '/home/pi/ros2_ws/install/turtlebot3_control/share/turtlebot3_control/package.bash'
[19.420s] INFO:colcon.colcon_core.shell:Creating package script '/home/pi/ros2_ws/install/turtlebot3_control/share/turtlebot3_control/package.zsh'
[19.428s] Level 1:colcon.colcon_core.environment:create_file_with_runtime_dependencies(/home/pi/ros2_ws/install/turtlebot3_control/share/colcon-core/packages/turtlebot3_control)
[19.434s] Level 1:colcon.colcon_core.environment:create_environment_scripts_only(turtlebot3_control)
[19.436s] Level 1:colcon.colcon_core.environment:checking '/home/pi/ros2_ws/install/turtlebot3_control' for CMake module files
[19.442s] Level 1:colcon.colcon_core.environment:checking '/home/pi/ros2_ws/install/turtlebot3_control' for CMake config files
[19.446s] Level 1:colcon.colcon_core.shell:create_environment_hook('turtlebot3_control', 'cmake_prefix_path')
[19.449s] INFO:colcon.colcon_core.shell:Creating environment hook '/home/pi/ros2_ws/install/turtlebot3_control/share/turtlebot3_control/hook/cmake_prefix_path.ps1'
[19.454s] INFO:colcon.colcon_core.shell:Creating environment descriptor '/home/pi/ros2_ws/install/turtlebot3_control/share/turtlebot3_control/hook/cmake_prefix_path.dsv'
[19.459s] INFO:colcon.colcon_core.shell:Creating environment hook '/home/pi/ros2_ws/install/turtlebot3_control/share/turtlebot3_control/hook/cmake_prefix_path.sh'
[19.466s] Level 1:colcon.colcon_core.environment:checking '/home/pi/ros2_ws/install/turtlebot3_control/lib'
[19.467s] Level 1:colcon.colcon_core.environment:checking '/home/pi/ros2_ws/install/turtlebot3_control/bin'
[19.468s] Level 1:colcon.colcon_core.environment:checking '/home/pi/ros2_ws/install/turtlebot3_control/lib/pkgconfig/turtlebot3_control.pc'
[19.471s] Level 1:colcon.colcon_core.environment:checking '/home/pi/ros2_ws/install/turtlebot3_control/lib/python3.10/site-packages'
[19.474s] Level 1:colcon.colcon_core.environment:checking '/home/pi/ros2_ws/install/turtlebot3_control/bin'
[19.477s] INFO:colcon.colcon_core.shell:Creating package script '/home/pi/ros2_ws/install/turtlebot3_control/share/turtlebot3_control/package.ps1'
[19.482s] INFO:colcon.colcon_core.shell:Creating package descriptor '/home/pi/ros2_ws/install/turtlebot3_control/share/turtlebot3_control/package.dsv'
[19.488s] INFO:colcon.colcon_core.shell:Creating package script '/home/pi/ros2_ws/install/turtlebot3_control/share/turtlebot3_control/package.sh'
[19.493s] INFO:colcon.colcon_core.shell:Creating package script '/home/pi/ros2_ws/install/turtlebot3_control/share/turtlebot3_control/package.bash'
[19.501s] INFO:colcon.colcon_core.shell:Creating package script '/home/pi/ros2_ws/install/turtlebot3_control/share/turtlebot3_control/package.zsh'
[19.506s] Level 1:colcon.colcon_core.environment:create_file_with_runtime_dependencies(/home/pi/ros2_ws/install/turtlebot3_control/share/colcon-core/packages/turtlebot3_control)
[19.509s] DEBUG:colcon.colcon_parallel_executor.executor.parallel:closing loop
[19.512s] DEBUG:colcon.colcon_parallel_executor.executor.parallel:loop closed
[19.513s] DEBUG:colcon.colcon_parallel_executor.executor.parallel:run_until_complete finished with '0'
[19.514s] DEBUG:colcon.colcon_core.event_reactor:joining thread
[19.568s] INFO:colcon.colcon_core.plugin_system:Skipping extension 'colcon_notification.desktop_notification.notify_send': Could not find 'notify-send'
[19.569s] INFO:colcon.colcon_core.plugin_system:Skipping extension 'colcon_notification.desktop_notification.terminal_notifier': Not used on non-Darwin systems
[19.570s] INFO:colcon.colcon_core.plugin_system:Skipping extension 'colcon_notification.desktop_notification.win32': Not used on non-Windows systems
[19.570s] INFO:colcon.colcon_notification.desktop_notification:Sending desktop notification using 'notify2'
[19.576s] DEBUG:colcon.colcon_notification.desktop_notification.notify2:Failed to initialize notify2: org.freedesktop.DBus.Error.ServiceUnknown: The name org.freedesktop.Notifications was not provided by any .service files
[19.577s] DEBUG:colcon.colcon_core.event_reactor:joined thread
[19.579s] INFO:colcon.colcon_core.shell:Creating prefix script '/home/pi/ros2_ws/install/local_setup.ps1'
[19.588s] INFO:colcon.colcon_core.shell:Creating prefix util module '/home/pi/ros2_ws/install/_local_setup_util_ps1.py'
[19.605s] INFO:colcon.colcon_core.shell:Creating prefix chain script '/home/pi/ros2_ws/install/setup.ps1'
[19.619s] INFO:colcon.colcon_core.shell:Creating prefix script '/home/pi/ros2_ws/install/local_setup.sh'
[19.625s] INFO:colcon.colcon_core.shell:Creating prefix util module '/home/pi/ros2_ws/install/_local_setup_util_sh.py'
[19.631s] INFO:colcon.colcon_core.shell:Creating prefix chain script '/home/pi/ros2_ws/install/setup.sh'
[19.645s] INFO:colcon.colcon_core.shell:Creating prefix script '/home/pi/ros2_ws/install/local_setup.bash'
[19.651s] INFO:colcon.colcon_core.shell:Creating prefix chain script '/home/pi/ros2_ws/install/setup.bash'
[19.664s] INFO:colcon.colcon_core.shell:Creating prefix script '/home/pi/ros2_ws/install/local_setup.zsh'
[19.670s] INFO:colcon.colcon_core.shell:Creating prefix chain script '/home/pi/ros2_ws/install/setup.zsh'
