[0.011s] Invoking command in '/home/sarah/git/Mobile_robotsystem/robot_code/cpp/ros2_ws/build/cpp_srvcli': /usr/bin/cmake /home/sarah/git/Mobile_robotsystem/robot_code/cpp/ros2_ws/src/cpp_srvcli -DCMAKE_TOOLCHAIN_FILE=/home/sarah/git/Mobile_robotsystem/robot_code/cpp/ros2_ws/src/turtlebot3_control/toolchain.cmake -DCMAKE_PREFIX_PATH=/opt/ros/arm-humble -DCMAKE_INSTALL_PREFIX=/home/sarah/git/Mobile_robotsystem/robot_code/cpp/ros2_ws/install/cpp_srvcli
[0.022s] [31mCMake Error at CMakeLists.txt:4 (find_package):
[0.023s]   By not providing "Findament_cmake.cmake" in CMAKE_MODULE_PATH this project
[0.023s]   has asked CMake to find a package configuration file provided by
[0.023s]   "ament_cmake", but CMake did not find one.
[0.023s] 
[0.023s]   Could not find a package configuration file provided by "ament_cmake" with
[0.023s]   any of the following names:
[0.023s] 
[0.024s]     ament_cmakeConfig.cmake
[0.024s]     ament_cmake-config.cmake
[0.024s] 
[0.024s]   Add the installation prefix of "ament_cmake" to CMAKE_PREFIX_PATH or set
[0.025s]   "ament_cmake_DIR" to a directory containing one of the above files.  If
[0.025s]   "ament_cmake" provides a separate development package or SDK, be sure it
[0.025s]   has been installed.
[0.025s] 
[0.025s] [0m
[0.026s] -- Configuring incomplete, errors occurred!
[0.026s] See also "/home/sarah/git/Mobile_robotsystem/robot_code/cpp/ros2_ws/build/cpp_srvcli/CMakeFiles/CMakeOutput.log".
[0.026s] Invoked command in '/home/sarah/git/Mobile_robotsystem/robot_code/cpp/ros2_ws/build/cpp_srvcli' returned '1': /usr/bin/cmake /home/sarah/git/Mobile_robotsystem/robot_code/cpp/ros2_ws/src/cpp_srvcli -DCMAKE_TOOLCHAIN_FILE=/home/sarah/git/Mobile_robotsystem/robot_code/cpp/ros2_ws/src/turtlebot3_control/toolchain.cmake -DCMAKE_PREFIX_PATH=/opt/ros/arm-humble -DCMAKE_INSTALL_PREFIX=/home/sarah/git/Mobile_robotsystem/robot_code/cpp/ros2_ws/install/cpp_srvcli
