[0.009s] Invoking command in '/home/sarah/git/Mobile_robotsystem/robot_code/cpp/ros2_ws/build/turtlebot3_control': CMAKE_PREFIX_PATH=/opt/ros/humble /usr/bin/cmake --build /home/sarah/git/Mobile_robotsystem/robot_code/cpp/ros2_ws/build/turtlebot3_control -- -j16 -l16
[0.063s] [35m[1mConsolidate compiler generated dependencies of target move_turtlebot[0m
[0.075s] [ 33%] [32mBuilding CXX object CMakeFiles/move_turtlebot.dir/src/main.cpp.o[0m
[3.360s] [ 66%] [32m[1mLinking CXX executable move_turtlebot[0m
[3.597s] [100%] Built target move_turtlebot
[3.602s] Invoked command in '/home/sarah/git/Mobile_robotsystem/robot_code/cpp/ros2_ws/build/turtlebot3_control' returned '0': CMAKE_PREFIX_PATH=/opt/ros/humble /usr/bin/cmake --build /home/sarah/git/Mobile_robotsystem/robot_code/cpp/ros2_ws/build/turtlebot3_control -- -j16 -l16
[3.620s] Invoking command in '/home/sarah/git/Mobile_robotsystem/robot_code/cpp/ros2_ws/build/turtlebot3_control': CMAKE_PREFIX_PATH=/opt/ros/humble /usr/bin/cmake --install /home/sarah/git/Mobile_robotsystem/robot_code/cpp/ros2_ws/build/turtlebot3_control
[3.624s] -- Install configuration: ""
[3.625s] -- Installing: /home/sarah/git/Mobile_robotsystem/robot_code/cpp/ros2_ws/install/turtlebot3_control/lib/turtlebot3_control/move_turtlebot
[3.626s] -- Set runtime path of "/home/sarah/git/Mobile_robotsystem/robot_code/cpp/ros2_ws/install/turtlebot3_control/lib/turtlebot3_control/move_turtlebot" to ""
[3.626s] -- Up-to-date: /home/sarah/git/Mobile_robotsystem/robot_code/cpp/ros2_ws/install/turtlebot3_control/share/ament_index/resource_index/package_run_dependencies/turtlebot3_control
[3.626s] -- Up-to-date: /home/sarah/git/Mobile_robotsystem/robot_code/cpp/ros2_ws/install/turtlebot3_control/share/ament_index/resource_index/parent_prefix_path/turtlebot3_control
[3.626s] -- Up-to-date: /home/sarah/git/Mobile_robotsystem/robot_code/cpp/ros2_ws/install/turtlebot3_control/share/turtlebot3_control/environment/ament_prefix_path.sh
[3.626s] -- Up-to-date: /home/sarah/git/Mobile_robotsystem/robot_code/cpp/ros2_ws/install/turtlebot3_control/share/turtlebot3_control/environment/ament_prefix_path.dsv
[3.626s] -- Up-to-date: /home/sarah/git/Mobile_robotsystem/robot_code/cpp/ros2_ws/install/turtlebot3_control/share/turtlebot3_control/environment/path.sh
[3.626s] -- Up-to-date: /home/sarah/git/Mobile_robotsystem/robot_code/cpp/ros2_ws/install/turtlebot3_control/share/turtlebot3_control/environment/path.dsv
[3.626s] -- Up-to-date: /home/sarah/git/Mobile_robotsystem/robot_code/cpp/ros2_ws/install/turtlebot3_control/share/turtlebot3_control/local_setup.bash
[3.626s] -- Up-to-date: /home/sarah/git/Mobile_robotsystem/robot_code/cpp/ros2_ws/install/turtlebot3_control/share/turtlebot3_control/local_setup.sh
[3.626s] -- Up-to-date: /home/sarah/git/Mobile_robotsystem/robot_code/cpp/ros2_ws/install/turtlebot3_control/share/turtlebot3_control/local_setup.zsh
[3.626s] -- Up-to-date: /home/sarah/git/Mobile_robotsystem/robot_code/cpp/ros2_ws/install/turtlebot3_control/share/turtlebot3_control/local_setup.dsv
[3.626s] -- Installing: /home/sarah/git/Mobile_robotsystem/robot_code/cpp/ros2_ws/install/turtlebot3_control/share/turtlebot3_control/package.dsv
[3.626s] -- Up-to-date: /home/sarah/git/Mobile_robotsystem/robot_code/cpp/ros2_ws/install/turtlebot3_control/share/ament_index/resource_index/packages/turtlebot3_control
[3.627s] -- Up-to-date: /home/sarah/git/Mobile_robotsystem/robot_code/cpp/ros2_ws/install/turtlebot3_control/share/turtlebot3_control/cmake/turtlebot3_controlConfig.cmake
[3.627s] -- Up-to-date: /home/sarah/git/Mobile_robotsystem/robot_code/cpp/ros2_ws/install/turtlebot3_control/share/turtlebot3_control/cmake/turtlebot3_controlConfig-version.cmake
[3.627s] -- Up-to-date: /home/sarah/git/Mobile_robotsystem/robot_code/cpp/ros2_ws/install/turtlebot3_control/share/turtlebot3_control/package.xml
[3.628s] Invoked command in '/home/sarah/git/Mobile_robotsystem/robot_code/cpp/ros2_ws/build/turtlebot3_control' returned '0': CMAKE_PREFIX_PATH=/opt/ros/humble /usr/bin/cmake --install /home/sarah/git/Mobile_robotsystem/robot_code/cpp/ros2_ws/build/turtlebot3_control
