[0.008s] Invoking command in '/home/sarah/git/Mobile_robotsystem/robot_code/cpp/ros2_ws/build/turtlebot3_control': /usr/bin/cmake --build /home/sarah/git/Mobile_robotsystem/robot_code/cpp/ros2_ws/build/turtlebot3_control -- -j16 -l16
[0.057s] [35m[1mConsolidate compiler generated dependencies of target move_turtlebot[0m
[0.070s] [100%] Built target move_turtlebot
[0.076s] Invoked command in '/home/sarah/git/Mobile_robotsystem/robot_code/cpp/ros2_ws/build/turtlebot3_control' returned '0': /usr/bin/cmake --build /home/sarah/git/Mobile_robotsystem/robot_code/cpp/ros2_ws/build/turtlebot3_control -- -j16 -l16
[0.092s] Invoking command in '/home/sarah/git/Mobile_robotsystem/robot_code/cpp/ros2_ws/build/turtlebot3_control': /usr/bin/cmake --install /home/sarah/git/Mobile_robotsystem/robot_code/cpp/ros2_ws/build/turtlebot3_control
[0.095s] -- Install configuration: ""
[0.096s] -- Up-to-date: /home/sarah/git/Mobile_robotsystem/robot_code/cpp/ros2_ws/install/turtlebot3_control/lib/turtlebot3_control/move_turtlebot
[0.096s] -- Up-to-date: /home/sarah/git/Mobile_robotsystem/robot_code/cpp/ros2_ws/install/turtlebot3_control/share/ament_index/resource_index/package_run_dependencies/turtlebot3_control
[0.096s] -- Up-to-date: /home/sarah/git/Mobile_robotsystem/robot_code/cpp/ros2_ws/install/turtlebot3_control/share/ament_index/resource_index/parent_prefix_path/turtlebot3_control
[0.097s] -- Up-to-date: /home/sarah/git/Mobile_robotsystem/robot_code/cpp/ros2_ws/install/turtlebot3_control/share/turtlebot3_control/environment/ament_prefix_path.sh
[0.097s] -- Up-to-date: /home/sarah/git/Mobile_robotsystem/robot_code/cpp/ros2_ws/install/turtlebot3_control/share/turtlebot3_control/environment/ament_prefix_path.dsv
[0.097s] -- Up-to-date: /home/sarah/git/Mobile_robotsystem/robot_code/cpp/ros2_ws/install/turtlebot3_control/share/turtlebot3_control/environment/path.sh
[0.097s] -- Up-to-date: /home/sarah/git/Mobile_robotsystem/robot_code/cpp/ros2_ws/install/turtlebot3_control/share/turtlebot3_control/environment/path.dsv
[0.097s] -- Up-to-date: /home/sarah/git/Mobile_robotsystem/robot_code/cpp/ros2_ws/install/turtlebot3_control/share/turtlebot3_control/local_setup.bash
[0.097s] -- Up-to-date: /home/sarah/git/Mobile_robotsystem/robot_code/cpp/ros2_ws/install/turtlebot3_control/share/turtlebot3_control/local_setup.sh
[0.097s] -- Up-to-date: /home/sarah/git/Mobile_robotsystem/robot_code/cpp/ros2_ws/install/turtlebot3_control/share/turtlebot3_control/local_setup.zsh
[0.097s] -- Up-to-date: /home/sarah/git/Mobile_robotsystem/robot_code/cpp/ros2_ws/install/turtlebot3_control/share/turtlebot3_control/local_setup.dsv
[0.097s] -- Installing: /home/sarah/git/Mobile_robotsystem/robot_code/cpp/ros2_ws/install/turtlebot3_control/share/turtlebot3_control/package.dsv
[0.097s] -- Up-to-date: /home/sarah/git/Mobile_robotsystem/robot_code/cpp/ros2_ws/install/turtlebot3_control/share/ament_index/resource_index/packages/turtlebot3_control
[0.097s] -- Up-to-date: /home/sarah/git/Mobile_robotsystem/robot_code/cpp/ros2_ws/install/turtlebot3_control/share/turtlebot3_control/cmake/turtlebot3_controlConfig.cmake
[0.097s] -- Up-to-date: /home/sarah/git/Mobile_robotsystem/robot_code/cpp/ros2_ws/install/turtlebot3_control/share/turtlebot3_control/cmake/turtlebot3_controlConfig-version.cmake
[0.097s] -- Up-to-date: /home/sarah/git/Mobile_robotsystem/robot_code/cpp/ros2_ws/install/turtlebot3_control/share/turtlebot3_control/package.xml
[0.098s] Invoked command in '/home/sarah/git/Mobile_robotsystem/robot_code/cpp/ros2_ws/build/turtlebot3_control' returned '0': /usr/bin/cmake --install /home/sarah/git/Mobile_robotsystem/robot_code/cpp/ros2_ws/build/turtlebot3_control
