[0.152s] DEBUG:colcon:Command line arguments: ['/usr/bin/colcon', 'list', '-p']
[0.152s] DEBUG:colcon:Parsed command line arguments: Namespace(base_paths=['.'], build_base='build', ignore_user_meta=False, log_base=None, log_level=None, main=<bound method ListVerb.main of <colcon_package_information.verb.list.ListVerb object at 0x7f62c15e53d0>>, metas=['./colcon.meta'], names_only=False, packages_above=None, packages_above_and_dependencies=None, packages_above_depth=None, packages_end=None, packages_ignore=None, packages_ignore_regex=None, packages_select=None, packages_select_build_failed=False, packages_select_by_dep=None, packages_select_regex=None, packages_select_test_failures=False, packages_skip=None, packages_skip_build_finished=False, packages_skip_by_dep=None, packages_skip_regex=None, packages_skip_test_passed=False, packages_skip_up_to=None, packages_start=None, packages_up_to=None, packages_up_to_regex=None, paths=None, paths_only=True, topological_graph=False, topological_graph_density=False, topological_graph_dot=False, topological_graph_dot_cluster=False, topological_graph_dot_include_skipped=False, topological_graph_legend=False, topological_order=False, verb_extension=<colcon_package_information.verb.list.ListVerb object at 0x7f62c15e53d0>, verb_name='list', verb_parser=<colcon_defaults.argument_parser.defaults.DefaultArgumentsDecorator object at 0x7f62c15e5ee0>)
[0.266s] Level 1:colcon.colcon_core.package_discovery:discover_packages(colcon_meta) check parameters
[0.266s] Level 1:colcon.colcon_core.package_discovery:discover_packages(recursive) check parameters
[0.267s] Level 1:colcon.colcon_core.package_discovery:discover_packages(ignore) check parameters
[0.267s] Level 1:colcon.colcon_core.package_discovery:discover_packages(path) check parameters
[0.267s] Level 1:colcon.colcon_core.package_discovery:discover_packages(colcon_meta) discover
[0.267s] Level 1:colcon.colcon_core.package_discovery:discover_packages(recursive) discover
[0.267s] INFO:colcon.colcon_core.package_discovery:Crawling recursively for packages in '/ws'
[0.267s] Level 1:colcon.colcon_core.package_identification:_identify(.) by extensions ['ignore', 'ignore_ament_install']
[0.267s] Level 1:colcon.colcon_core.package_identification:_identify(.) by extension 'ignore'
[0.267s] Level 1:colcon.colcon_core.package_identification:_identify(.) by extension 'ignore_ament_install'
[0.267s] Level 1:colcon.colcon_core.package_identification:_identify(.) by extensions ['colcon_pkg']
[0.268s] Level 1:colcon.colcon_core.package_identification:_identify(.) by extension 'colcon_pkg'
[0.268s] Level 1:colcon.colcon_core.package_identification:_identify(.) by extensions ['colcon_meta']
[0.268s] Level 1:colcon.colcon_core.package_identification:_identify(.) by extension 'colcon_meta'
[0.268s] Level 1:colcon.colcon_core.package_identification:_identify(.) by extensions ['ros']
[0.268s] Level 1:colcon.colcon_core.package_identification:_identify(.) by extension 'ros'
[0.276s] Level 1:colcon.colcon_core.package_identification:_identify(.) by extensions ['cmake', 'python']
[0.276s] Level 1:colcon.colcon_core.package_identification:_identify(.) by extension 'cmake'
[0.276s] Level 1:colcon.colcon_core.package_identification:_identify(.) by extension 'python'
[0.276s] Level 1:colcon.colcon_core.package_identification:_identify(.) by extensions ['python_setup_py']
[0.276s] Level 1:colcon.colcon_core.package_identification:_identify(.) by extension 'python_setup_py'
[0.277s] Level 1:colcon.colcon_core.package_identification:_identify(build) by extensions ['ignore', 'ignore_ament_install']
[0.278s] Level 1:colcon.colcon_core.package_identification:_identify(build) by extension 'ignore'
[0.278s] Level 1:colcon.colcon_core.package_identification:_identify(build) ignored
[0.278s] Level 1:colcon.colcon_core.package_identification:_identify(cc_internals) by extensions ['ignore', 'ignore_ament_install']
[0.278s] Level 1:colcon.colcon_core.package_identification:_identify(cc_internals) by extension 'ignore'
[0.278s] Level 1:colcon.colcon_core.package_identification:_identify(cc_internals) by extension 'ignore_ament_install'
[0.279s] Level 1:colcon.colcon_core.package_identification:_identify(cc_internals) by extensions ['colcon_pkg']
[0.279s] Level 1:colcon.colcon_core.package_identification:_identify(cc_internals) by extension 'colcon_pkg'
[0.279s] Level 1:colcon.colcon_core.package_identification:_identify(cc_internals) by extensions ['colcon_meta']
[0.279s] Level 1:colcon.colcon_core.package_identification:_identify(cc_internals) by extension 'colcon_meta'
[0.279s] Level 1:colcon.colcon_core.package_identification:_identify(cc_internals) by extensions ['ros']
[0.279s] Level 1:colcon.colcon_core.package_identification:_identify(cc_internals) by extension 'ros'
[0.279s] Level 1:colcon.colcon_core.package_identification:_identify(cc_internals) by extensions ['cmake', 'python']
[0.279s] Level 1:colcon.colcon_core.package_identification:_identify(cc_internals) by extension 'cmake'
[0.279s] Level 1:colcon.colcon_core.package_identification:_identify(cc_internals) by extension 'python'
[0.279s] Level 1:colcon.colcon_core.package_identification:_identify(cc_internals) by extensions ['python_setup_py']
[0.279s] Level 1:colcon.colcon_core.package_identification:_identify(cc_internals) by extension 'python_setup_py'
[0.279s] Level 1:colcon.colcon_core.package_identification:_identify(cc_internals/aarch64-ubuntu-humble) by extensions ['ignore', 'ignore_ament_install']
[0.279s] Level 1:colcon.colcon_core.package_identification:_identify(cc_internals/aarch64-ubuntu-humble) by extension 'ignore'
[0.279s] Level 1:colcon.colcon_core.package_identification:_identify(cc_internals/aarch64-ubuntu-humble) by extension 'ignore_ament_install'
[0.279s] Level 1:colcon.colcon_core.package_identification:_identify(cc_internals/aarch64-ubuntu-humble) by extensions ['colcon_pkg']
[0.279s] Level 1:colcon.colcon_core.package_identification:_identify(cc_internals/aarch64-ubuntu-humble) by extension 'colcon_pkg'
[0.279s] Level 1:colcon.colcon_core.package_identification:_identify(cc_internals/aarch64-ubuntu-humble) by extensions ['colcon_meta']
[0.279s] Level 1:colcon.colcon_core.package_identification:_identify(cc_internals/aarch64-ubuntu-humble) by extension 'colcon_meta'
[0.279s] Level 1:colcon.colcon_core.package_identification:_identify(cc_internals/aarch64-ubuntu-humble) by extensions ['ros']
[0.279s] Level 1:colcon.colcon_core.package_identification:_identify(cc_internals/aarch64-ubuntu-humble) by extension 'ros'
[0.279s] Level 1:colcon.colcon_core.package_identification:_identify(cc_internals/aarch64-ubuntu-humble) by extensions ['cmake', 'python']
[0.279s] Level 1:colcon.colcon_core.package_identification:_identify(cc_internals/aarch64-ubuntu-humble) by extension 'cmake'
[0.279s] Level 1:colcon.colcon_core.package_identification:_identify(cc_internals/aarch64-ubuntu-humble) by extension 'python'
[0.279s] Level 1:colcon.colcon_core.package_identification:_identify(cc_internals/aarch64-ubuntu-humble) by extensions ['python_setup_py']
[0.279s] Level 1:colcon.colcon_core.package_identification:_identify(cc_internals/aarch64-ubuntu-humble) by extension 'python_setup_py'
[0.279s] Level 1:colcon.colcon_core.package_identification:_identify(cc_internals/aarch64-ubuntu-humble/bin) by extensions ['ignore', 'ignore_ament_install']
[0.280s] Level 1:colcon.colcon_core.package_identification:_identify(cc_internals/aarch64-ubuntu-humble/bin) by extension 'ignore'
[0.280s] Level 1:colcon.colcon_core.package_identification:_identify(cc_internals/aarch64-ubuntu-humble/bin) by extension 'ignore_ament_install'
[0.280s] Level 1:colcon.colcon_core.package_identification:_identify(cc_internals/aarch64-ubuntu-humble/bin) by extensions ['colcon_pkg']
[0.280s] Level 1:colcon.colcon_core.package_identification:_identify(cc_internals/aarch64-ubuntu-humble/bin) by extension 'colcon_pkg'
[0.280s] Level 1:colcon.colcon_core.package_identification:_identify(cc_internals/aarch64-ubuntu-humble/bin) by extensions ['colcon_meta']
[0.280s] Level 1:colcon.colcon_core.package_identification:_identify(cc_internals/aarch64-ubuntu-humble/bin) by extension 'colcon_meta'
[0.280s] Level 1:colcon.colcon_core.package_identification:_identify(cc_internals/aarch64-ubuntu-humble/bin) by extensions ['ros']
[0.280s] Level 1:colcon.colcon_core.package_identification:_identify(cc_internals/aarch64-ubuntu-humble/bin) by extension 'ros'
[0.280s] Level 1:colcon.colcon_core.package_identification:_identify(cc_internals/aarch64-ubuntu-humble/bin) by extensions ['cmake', 'python']
[0.280s] Level 1:colcon.colcon_core.package_identification:_identify(cc_internals/aarch64-ubuntu-humble/bin) by extension 'cmake'
[0.280s] Level 1:colcon.colcon_core.package_identification:_identify(cc_internals/aarch64-ubuntu-humble/bin) by extension 'python'
[0.280s] Level 1:colcon.colcon_core.package_identification:_identify(cc_internals/aarch64-ubuntu-humble/bin) by extensions ['python_setup_py']
[0.280s] Level 1:colcon.colcon_core.package_identification:_identify(cc_internals/aarch64-ubuntu-humble/bin) by extension 'python_setup_py'
[0.280s] Level 1:colcon.colcon_core.package_identification:_identify(cc_internals/aarch64-ubuntu-humble/mixins) by extensions ['ignore', 'ignore_ament_install']
[0.280s] Level 1:colcon.colcon_core.package_identification:_identify(cc_internals/aarch64-ubuntu-humble/mixins) by extension 'ignore'
[0.280s] Level 1:colcon.colcon_core.package_identification:_identify(cc_internals/aarch64-ubuntu-humble/mixins) by extension 'ignore_ament_install'
[0.280s] Level 1:colcon.colcon_core.package_identification:_identify(cc_internals/aarch64-ubuntu-humble/mixins) by extensions ['colcon_pkg']
[0.280s] Level 1:colcon.colcon_core.package_identification:_identify(cc_internals/aarch64-ubuntu-humble/mixins) by extension 'colcon_pkg'
[0.281s] Level 1:colcon.colcon_core.package_identification:_identify(cc_internals/aarch64-ubuntu-humble/mixins) by extensions ['colcon_meta']
[0.281s] Level 1:colcon.colcon_core.package_identification:_identify(cc_internals/aarch64-ubuntu-humble/mixins) by extension 'colcon_meta'
[0.281s] Level 1:colcon.colcon_core.package_identification:_identify(cc_internals/aarch64-ubuntu-humble/mixins) by extensions ['ros']
[0.281s] Level 1:colcon.colcon_core.package_identification:_identify(cc_internals/aarch64-ubuntu-humble/mixins) by extension 'ros'
[0.281s] Level 1:colcon.colcon_core.package_identification:_identify(cc_internals/aarch64-ubuntu-humble/mixins) by extensions ['cmake', 'python']
[0.281s] Level 1:colcon.colcon_core.package_identification:_identify(cc_internals/aarch64-ubuntu-humble/mixins) by extension 'cmake'
[0.281s] Level 1:colcon.colcon_core.package_identification:_identify(cc_internals/aarch64-ubuntu-humble/mixins) by extension 'python'
[0.281s] Level 1:colcon.colcon_core.package_identification:_identify(cc_internals/aarch64-ubuntu-humble/mixins) by extensions ['python_setup_py']
[0.281s] Level 1:colcon.colcon_core.package_identification:_identify(cc_internals/aarch64-ubuntu-humble/mixins) by extension 'python_setup_py'
[0.281s] Level 1:colcon.colcon_core.package_identification:_identify(cc_internals/aarch64-ubuntu-humble/user-custom-data) by extensions ['ignore', 'ignore_ament_install']
[0.281s] Level 1:colcon.colcon_core.package_identification:_identify(cc_internals/aarch64-ubuntu-humble/user-custom-data) by extension 'ignore'
[0.281s] Level 1:colcon.colcon_core.package_identification:_identify(cc_internals/aarch64-ubuntu-humble/user-custom-data) by extension 'ignore_ament_install'
[0.281s] Level 1:colcon.colcon_core.package_identification:_identify(cc_internals/aarch64-ubuntu-humble/user-custom-data) by extensions ['colcon_pkg']
[0.281s] Level 1:colcon.colcon_core.package_identification:_identify(cc_internals/aarch64-ubuntu-humble/user-custom-data) by extension 'colcon_pkg'
[0.281s] Level 1:colcon.colcon_core.package_identification:_identify(cc_internals/aarch64-ubuntu-humble/user-custom-data) by extensions ['colcon_meta']
[0.281s] Level 1:colcon.colcon_core.package_identification:_identify(cc_internals/aarch64-ubuntu-humble/user-custom-data) by extension 'colcon_meta'
[0.281s] Level 1:colcon.colcon_core.package_identification:_identify(cc_internals/aarch64-ubuntu-humble/user-custom-data) by extensions ['ros']
[0.281s] Level 1:colcon.colcon_core.package_identification:_identify(cc_internals/aarch64-ubuntu-humble/user-custom-data) by extension 'ros'
[0.281s] Level 1:colcon.colcon_core.package_identification:_identify(cc_internals/aarch64-ubuntu-humble/user-custom-data) by extensions ['cmake', 'python']
[0.281s] Level 1:colcon.colcon_core.package_identification:_identify(cc_internals/aarch64-ubuntu-humble/user-custom-data) by extension 'cmake'
[0.281s] Level 1:colcon.colcon_core.package_identification:_identify(cc_internals/aarch64-ubuntu-humble/user-custom-data) by extension 'python'
[0.281s] Level 1:colcon.colcon_core.package_identification:_identify(cc_internals/aarch64-ubuntu-humble/user-custom-data) by extensions ['python_setup_py']
[0.281s] Level 1:colcon.colcon_core.package_identification:_identify(cc_internals/aarch64-ubuntu-humble/user-custom-data) by extension 'python_setup_py'
[0.282s] Level 1:colcon.colcon_core.package_identification:_identify(cc_internals/metrics) by extensions ['ignore', 'ignore_ament_install']
[0.282s] Level 1:colcon.colcon_core.package_identification:_identify(cc_internals/metrics) by extension 'ignore'
[0.282s] Level 1:colcon.colcon_core.package_identification:_identify(cc_internals/metrics) by extension 'ignore_ament_install'
[0.283s] Level 1:colcon.colcon_core.package_identification:_identify(cc_internals/metrics) by extensions ['colcon_pkg']
[0.283s] Level 1:colcon.colcon_core.package_identification:_identify(cc_internals/metrics) by extension 'colcon_pkg'
[0.283s] Level 1:colcon.colcon_core.package_identification:_identify(cc_internals/metrics) by extensions ['colcon_meta']
[0.283s] Level 1:colcon.colcon_core.package_identification:_identify(cc_internals/metrics) by extension 'colcon_meta'
[0.283s] Level 1:colcon.colcon_core.package_identification:_identify(cc_internals/metrics) by extensions ['ros']
[0.283s] Level 1:colcon.colcon_core.package_identification:_identify(cc_internals/metrics) by extension 'ros'
[0.283s] Level 1:colcon.colcon_core.package_identification:_identify(cc_internals/metrics) by extensions ['cmake', 'python']
[0.283s] Level 1:colcon.colcon_core.package_identification:_identify(cc_internals/metrics) by extension 'cmake'
[0.283s] Level 1:colcon.colcon_core.package_identification:_identify(cc_internals/metrics) by extension 'python'
[0.283s] Level 1:colcon.colcon_core.package_identification:_identify(cc_internals/metrics) by extensions ['python_setup_py']
[0.283s] Level 1:colcon.colcon_core.package_identification:_identify(cc_internals/metrics) by extension 'python_setup_py'
[0.284s] Level 1:colcon.colcon_core.package_identification:_identify(install) by extensions ['ignore', 'ignore_ament_install']
[0.284s] Level 1:colcon.colcon_core.package_identification:_identify(install) by extension 'ignore'
[0.284s] Level 1:colcon.colcon_core.package_identification:_identify(install) ignored
[0.284s] Level 1:colcon.colcon_core.package_identification:_identify(log) by extensions ['ignore', 'ignore_ament_install']
[0.284s] Level 1:colcon.colcon_core.package_identification:_identify(log) by extension 'ignore'
[0.284s] Level 1:colcon.colcon_core.package_identification:_identify(log) ignored
[0.285s] Level 1:colcon.colcon_core.package_identification:_identify(src) by extensions ['ignore', 'ignore_ament_install']
[0.285s] Level 1:colcon.colcon_core.package_identification:_identify(src) by extension 'ignore'
[0.285s] Level 1:colcon.colcon_core.package_identification:_identify(src) by extension 'ignore_ament_install'
[0.285s] Level 1:colcon.colcon_core.package_identification:_identify(src) by extensions ['colcon_pkg']
[0.285s] Level 1:colcon.colcon_core.package_identification:_identify(src) by extension 'colcon_pkg'
[0.285s] Level 1:colcon.colcon_core.package_identification:_identify(src) by extensions ['colcon_meta']
[0.285s] Level 1:colcon.colcon_core.package_identification:_identify(src) by extension 'colcon_meta'
[0.285s] Level 1:colcon.colcon_core.package_identification:_identify(src) by extensions ['ros']
[0.285s] Level 1:colcon.colcon_core.package_identification:_identify(src) by extension 'ros'
[0.285s] Level 1:colcon.colcon_core.package_identification:_identify(src) by extensions ['cmake', 'python']
[0.285s] Level 1:colcon.colcon_core.package_identification:_identify(src) by extension 'cmake'
[0.285s] Level 1:colcon.colcon_core.package_identification:_identify(src) by extension 'python'
[0.285s] Level 1:colcon.colcon_core.package_identification:_identify(src) by extensions ['python_setup_py']
[0.285s] Level 1:colcon.colcon_core.package_identification:_identify(src) by extension 'python_setup_py'
[0.285s] Level 1:colcon.colcon_core.package_identification:_identify(src/cpp_pubsub) by extensions ['ignore', 'ignore_ament_install']
[0.286s] Level 1:colcon.colcon_core.package_identification:_identify(src/cpp_pubsub) by extension 'ignore'
[0.286s] Level 1:colcon.colcon_core.package_identification:_identify(src/cpp_pubsub) by extension 'ignore_ament_install'
[0.286s] Level 1:colcon.colcon_core.package_identification:_identify(src/cpp_pubsub) by extensions ['colcon_pkg']
[0.286s] Level 1:colcon.colcon_core.package_identification:_identify(src/cpp_pubsub) by extension 'colcon_pkg'
[0.286s] Level 1:colcon.colcon_core.package_identification:_identify(src/cpp_pubsub) by extensions ['colcon_meta']
[0.286s] Level 1:colcon.colcon_core.package_identification:_identify(src/cpp_pubsub) by extension 'colcon_meta'
[0.286s] Level 1:colcon.colcon_core.package_identification:_identify(src/cpp_pubsub) by extensions ['ros']
[0.286s] Level 1:colcon.colcon_core.package_identification:_identify(src/cpp_pubsub) by extension 'ros'
[0.290s] DEBUG:colcon.colcon_core.package_identification:Package 'src/cpp_pubsub' with type 'ros.ament_cmake' and name 'cpp_pubsub'
[0.291s] Level 1:colcon.colcon_core.package_identification:_identify(src/cpp_srvcli) by extensions ['ignore', 'ignore_ament_install']
[0.291s] Level 1:colcon.colcon_core.package_identification:_identify(src/cpp_srvcli) by extension 'ignore'
[0.291s] Level 1:colcon.colcon_core.package_identification:_identify(src/cpp_srvcli) by extension 'ignore_ament_install'
[0.291s] Level 1:colcon.colcon_core.package_identification:_identify(src/cpp_srvcli) by extensions ['colcon_pkg']
[0.291s] Level 1:colcon.colcon_core.package_identification:_identify(src/cpp_srvcli) by extension 'colcon_pkg'
[0.291s] Level 1:colcon.colcon_core.package_identification:_identify(src/cpp_srvcli) by extensions ['colcon_meta']
[0.291s] Level 1:colcon.colcon_core.package_identification:_identify(src/cpp_srvcli) by extension 'colcon_meta'
[0.291s] Level 1:colcon.colcon_core.package_identification:_identify(src/cpp_srvcli) by extensions ['ros']
[0.291s] Level 1:colcon.colcon_core.package_identification:_identify(src/cpp_srvcli) by extension 'ros'
[0.292s] DEBUG:colcon.colcon_core.package_identification:Package 'src/cpp_srvcli' with type 'ros.ament_cmake' and name 'cpp_srvcli'
[0.292s] Level 1:colcon.colcon_core.package_identification:_identify(src/turtlebot3_control) by extensions ['ignore', 'ignore_ament_install']
[0.292s] Level 1:colcon.colcon_core.package_identification:_identify(src/turtlebot3_control) by extension 'ignore'
[0.292s] Level 1:colcon.colcon_core.package_identification:_identify(src/turtlebot3_control) by extension 'ignore_ament_install'
[0.292s] Level 1:colcon.colcon_core.package_identification:_identify(src/turtlebot3_control) by extensions ['colcon_pkg']
[0.292s] Level 1:colcon.colcon_core.package_identification:_identify(src/turtlebot3_control) by extension 'colcon_pkg'
[0.292s] Level 1:colcon.colcon_core.package_identification:_identify(src/turtlebot3_control) by extensions ['colcon_meta']
[0.292s] Level 1:colcon.colcon_core.package_identification:_identify(src/turtlebot3_control) by extension 'colcon_meta'
[0.292s] Level 1:colcon.colcon_core.package_identification:_identify(src/turtlebot3_control) by extensions ['ros']
[0.292s] Level 1:colcon.colcon_core.package_identification:_identify(src/turtlebot3_control) by extension 'ros'
[0.294s] DEBUG:colcon.colcon_core.package_identification:Package 'src/turtlebot3_control' with type 'ros.ament_cmake' and name 'turtlebot3_control'
[0.294s] Level 1:colcon.colcon_core.package_discovery:discover_packages(recursive) using defaults
[0.294s] Level 1:colcon.colcon_core.package_discovery:discover_packages(ignore) discover
[0.294s] Level 1:colcon.colcon_core.package_discovery:discover_packages(ignore) using defaults
[0.294s] Level 1:colcon.colcon_core.package_discovery:discover_packages(path) discover
[0.294s] Level 1:colcon.colcon_core.package_discovery:discover_packages(path) using defaults
