[0.114s] Invoking command in '/home/pi/Mobile_robotsystem/ros2_ws/build/turtlebot3_control': CMAKE_PREFIX_PATH=${CMAKE_PREFIX_PATH}:/home/pi/turtlebot3_ws/install/turtlebot3_teleop:/home/pi/turtlebot3_ws/install/turtlebot3_example:/opt/ros/humble /usr/bin/cmake --build /home/pi/Mobile_robotsystem/ros2_ws/build/turtlebot3_control -- -j4 -l4
[0.587s] [35m[1mConsolidate compiler generated dependencies of target move_turtlebot[0m
[0.874s] [  6%] [32mBuilding CXX object CMakeFiles/move_turtlebot.dir/src/main.cpp.o[0m
[30.193s] In file included from [01m[K/home/pi/Mobile_robotsystem/ros2_ws/src/turtlebot3_control/src/main.cpp:9[m[K:
[30.194s] [01m[K/home/pi/Mobile_robotsystem/ros2_ws/src/turtlebot3_control/../../../cpp/include/audio/audio_input.h:63:12:[m[K [01;35m[Kwarning: [m[K‘[01m[Kint read_mic_callback(const void*, void*, long unsigned int, const PaStreamCallbackTimeInfo*, PaStreamCallbackFlags, void*)[m[K’ declared ‘[01m[Kstatic[m[K’ but never defined [[01;35m[K]8;;https://gcc.gnu.org/onlinedocs/gcc/Warning-Options.html#index-Wunused-function-Wunused-function]8;;[m[K]
[30.195s]    63 | static int [01;35m[Kread_mic_callback[m[K(const void *input_buffer, void *output_buffer,
[30.196s]       |            [01;35m[K^~~~~~~~~~~~~~~~~[m[K
[39.968s] [ 13%] [32m[1mLinking CXX executable move_turtlebot[0m
[43.338s] [100%] Built target move_turtlebot
[43.421s] Invoked command in '/home/pi/Mobile_robotsystem/ros2_ws/build/turtlebot3_control' returned '0': CMAKE_PREFIX_PATH=${CMAKE_PREFIX_PATH}:/home/pi/turtlebot3_ws/install/turtlebot3_teleop:/home/pi/turtlebot3_ws/install/turtlebot3_example:/opt/ros/humble /usr/bin/cmake --build /home/pi/Mobile_robotsystem/ros2_ws/build/turtlebot3_control -- -j4 -l4
[43.501s] Invoking command in '/home/pi/Mobile_robotsystem/ros2_ws/build/turtlebot3_control': CMAKE_PREFIX_PATH=${CMAKE_PREFIX_PATH}:/home/pi/turtlebot3_ws/install/turtlebot3_teleop:/home/pi/turtlebot3_ws/install/turtlebot3_example:/opt/ros/humble /usr/bin/cmake --install /home/pi/Mobile_robotsystem/ros2_ws/build/turtlebot3_control
[43.549s] -- Install configuration: ""
[43.552s] -- Installing: /home/pi/Mobile_robotsystem/ros2_ws/install/turtlebot3_control/lib/turtlebot3_control/move_turtlebot
[43.574s] -- Set runtime path of "/home/pi/Mobile_robotsystem/ros2_ws/install/turtlebot3_control/lib/turtlebot3_control/move_turtlebot" to ""
[43.575s] -- Up-to-date: /home/pi/Mobile_robotsystem/ros2_ws/install/turtlebot3_control/share/ament_index/resource_index/package_run_dependencies/turtlebot3_control
[43.576s] -- Up-to-date: /home/pi/Mobile_robotsystem/ros2_ws/install/turtlebot3_control/share/ament_index/resource_index/parent_prefix_path/turtlebot3_control
[43.577s] -- Up-to-date: /home/pi/Mobile_robotsystem/ros2_ws/install/turtlebot3_control/share/turtlebot3_control/environment/ament_prefix_path.sh
[43.579s] -- Up-to-date: /home/pi/Mobile_robotsystem/ros2_ws/install/turtlebot3_control/share/turtlebot3_control/environment/ament_prefix_path.dsv
[43.580s] -- Up-to-date: /home/pi/Mobile_robotsystem/ros2_ws/install/turtlebot3_control/share/turtlebot3_control/environment/path.sh
[43.582s] -- Up-to-date: /home/pi/Mobile_robotsystem/ros2_ws/install/turtlebot3_control/share/turtlebot3_control/environment/path.dsv
[43.583s] -- Up-to-date: /home/pi/Mobile_robotsystem/ros2_ws/install/turtlebot3_control/share/turtlebot3_control/local_setup.bash
[43.584s] -- Up-to-date: /home/pi/Mobile_robotsystem/ros2_ws/install/turtlebot3_control/share/turtlebot3_control/local_setup.sh
[43.584s] -- Up-to-date: /home/pi/Mobile_robotsystem/ros2_ws/install/turtlebot3_control/share/turtlebot3_control/local_setup.zsh
[43.586s] -- Up-to-date: /home/pi/Mobile_robotsystem/ros2_ws/install/turtlebot3_control/share/turtlebot3_control/local_setup.dsv
[43.587s] -- Installing: /home/pi/Mobile_robotsystem/ros2_ws/install/turtlebot3_control/share/turtlebot3_control/package.dsv
[43.588s] -- Up-to-date: /home/pi/Mobile_robotsystem/ros2_ws/install/turtlebot3_control/share/ament_index/resource_index/packages/turtlebot3_control
[43.589s] -- Up-to-date: /home/pi/Mobile_robotsystem/ros2_ws/install/turtlebot3_control/share/turtlebot3_control/cmake/turtlebot3_controlConfig.cmake
[43.591s] -- Up-to-date: /home/pi/Mobile_robotsystem/ros2_ws/install/turtlebot3_control/share/turtlebot3_control/cmake/turtlebot3_controlConfig-version.cmake
[43.591s] -- Up-to-date: /home/pi/Mobile_robotsystem/ros2_ws/install/turtlebot3_control/share/turtlebot3_control/package.xml
[43.602s] Invoked command in '/home/pi/Mobile_robotsystem/ros2_ws/build/turtlebot3_control' returned '0': CMAKE_PREFIX_PATH=${CMAKE_PREFIX_PATH}:/home/pi/turtlebot3_ws/install/turtlebot3_teleop:/home/pi/turtlebot3_ws/install/turtlebot3_example:/opt/ros/humble /usr/bin/cmake --install /home/pi/Mobile_robotsystem/ros2_ws/build/turtlebot3_control
