[0.111s] Invoking command in '/home/pi/Mobile_robotsystem/ros2_ws/build/turtlebot3_control': CMAKE_PREFIX_PATH=${CMAKE_PREFIX_PATH}:/home/pi/turtlebot3_ws/install/turtlebot3_teleop:/home/pi/turtlebot3_ws/install/turtlebot3_example:/opt/ros/humble /usr/bin/cmake --build /home/pi/Mobile_robotsystem/ros2_ws/build/turtlebot3_control -- -j4 -l4
[0.502s] [35m[1mConsolidate compiler generated dependencies of target move_turtlebot[0m
[0.797s] [  6%] [32mBuilding CXX object CMakeFiles/move_turtlebot.dir/src/main.cpp.o[0m
[0.805s] [ 13%] [32mBuilding CXX object CMakeFiles/move_turtlebot.dir/src/move_turtlebot.cpp.o[0m
[54.063s] [01m[K/home/pi/Mobile_robotsystem/ros2_ws/src/turtlebot3_control/src/main.cpp:[m[K In function ‘[01m[Kint main(int, char**)[m[K’:
[54.125s] [01m[K/home/pi/Mobile_robotsystem/ros2_ws/src/turtlebot3_control/src/main.cpp:190:10:[m[K [01;35m[Kwarning: [m[Kunused variable ‘[01m[Kack_check[m[K’ [[01;35m[K]8;;https://gcc.gnu.org/onlinedocs/gcc/Warning-Options.html#index-Wunused-variable-Wunused-variable]8;;[m[K]
[54.128s]   190 |     bool [01;35m[Kack_check[m[K = false;
[54.130s]       |          [01;35m[K^~~~~~~~~[m[K
[117.195s] In file included from [01m[K/home/pi/Mobile_robotsystem/ros2_ws/src/turtlebot3_control/src/main.cpp:9[m[K:
[117.236s] [01m[K/home/pi/Mobile_robotsystem/ros2_ws/src/turtlebot3_control/../../../cpp/include/audio/audio_input.h:[m[K At global scope:
[117.246s] [01m[K/home/pi/Mobile_robotsystem/ros2_ws/src/turtlebot3_control/../../../cpp/include/audio/audio_input.h:63:12:[m[K [01;35m[Kwarning: [m[K‘[01m[Kint read_mic_callback(const void*, void*, long unsigned int, const PaStreamCallbackTimeInfo*, PaStreamCallbackFlags, void*)[m[K’ declared ‘[01m[Kstatic[m[K’ but never defined [[01;35m[K]8;;https://gcc.gnu.org/onlinedocs/gcc/Warning-Options.html#index-Wunused-function-Wunused-function]8;;[m[K]
[117.253s]    63 | static int [01;35m[Kread_mic_callback[m[K(const void *input_buffer, void *output_buffer,
[117.254s]       |            [01;35m[K^~~~~~~~~~~~~~~~~[m[K
[166.285s] [ 20%] [32m[1mLinking CXX executable move_turtlebot[0m
[171.747s] [100%] Built target move_turtlebot
[173.282s] Invoked command in '/home/pi/Mobile_robotsystem/ros2_ws/build/turtlebot3_control' returned '0': CMAKE_PREFIX_PATH=${CMAKE_PREFIX_PATH}:/home/pi/turtlebot3_ws/install/turtlebot3_teleop:/home/pi/turtlebot3_ws/install/turtlebot3_example:/opt/ros/humble /usr/bin/cmake --build /home/pi/Mobile_robotsystem/ros2_ws/build/turtlebot3_control -- -j4 -l4
[174.013s] Invoking command in '/home/pi/Mobile_robotsystem/ros2_ws/build/turtlebot3_control': CMAKE_PREFIX_PATH=${CMAKE_PREFIX_PATH}:/home/pi/turtlebot3_ws/install/turtlebot3_teleop:/home/pi/turtlebot3_ws/install/turtlebot3_example:/opt/ros/humble /usr/bin/cmake --install /home/pi/Mobile_robotsystem/ros2_ws/build/turtlebot3_control
[174.212s] -- Install configuration: ""
[174.215s] -- Installing: /home/pi/Mobile_robotsystem/ros2_ws/install/turtlebot3_control/lib/turtlebot3_control/move_turtlebot
[174.217s] -- Set runtime path of "/home/pi/Mobile_robotsystem/ros2_ws/install/turtlebot3_control/lib/turtlebot3_control/move_turtlebot" to ""
[174.218s] -- Up-to-date: /home/pi/Mobile_robotsystem/ros2_ws/install/turtlebot3_control/share/ament_index/resource_index/package_run_dependencies/turtlebot3_control
[174.219s] -- Up-to-date: /home/pi/Mobile_robotsystem/ros2_ws/install/turtlebot3_control/share/ament_index/resource_index/parent_prefix_path/turtlebot3_control
[174.234s] -- Up-to-date: /home/pi/Mobile_robotsystem/ros2_ws/install/turtlebot3_control/share/turtlebot3_control/environment/ament_prefix_path.sh
[174.245s] -- Up-to-date: /home/pi/Mobile_robotsystem/ros2_ws/install/turtlebot3_control/share/turtlebot3_control/environment/ament_prefix_path.dsv
[174.247s] -- Up-to-date: /home/pi/Mobile_robotsystem/ros2_ws/install/turtlebot3_control/share/turtlebot3_control/environment/path.sh
[174.248s] -- Up-to-date: /home/pi/Mobile_robotsystem/ros2_ws/install/turtlebot3_control/share/turtlebot3_control/environment/path.dsv
[174.251s] -- Up-to-date: /home/pi/Mobile_robotsystem/ros2_ws/install/turtlebot3_control/share/turtlebot3_control/local_setup.bash
[174.253s] -- Up-to-date: /home/pi/Mobile_robotsystem/ros2_ws/install/turtlebot3_control/share/turtlebot3_control/local_setup.sh
[174.254s] -- Up-to-date: /home/pi/Mobile_robotsystem/ros2_ws/install/turtlebot3_control/share/turtlebot3_control/local_setup.zsh
[174.256s] -- Up-to-date: /home/pi/Mobile_robotsystem/ros2_ws/install/turtlebot3_control/share/turtlebot3_control/local_setup.dsv
[174.257s] -- Installing: /home/pi/Mobile_robotsystem/ros2_ws/install/turtlebot3_control/share/turtlebot3_control/package.dsv
[174.262s] -- Up-to-date: /home/pi/Mobile_robotsystem/ros2_ws/install/turtlebot3_control/share/ament_index/resource_index/packages/turtlebot3_control
[174.266s] -- Up-to-date: /home/pi/Mobile_robotsystem/ros2_ws/install/turtlebot3_control/share/turtlebot3_control/cmake/turtlebot3_controlConfig.cmake
[174.267s] -- Up-to-date: /home/pi/Mobile_robotsystem/ros2_ws/install/turtlebot3_control/share/turtlebot3_control/cmake/turtlebot3_controlConfig-version.cmake
[174.273s] -- Up-to-date: /home/pi/Mobile_robotsystem/ros2_ws/install/turtlebot3_control/share/turtlebot3_control/package.xml
[174.406s] Invoked command in '/home/pi/Mobile_robotsystem/ros2_ws/build/turtlebot3_control' returned '0': CMAKE_PREFIX_PATH=${CMAKE_PREFIX_PATH}:/home/pi/turtlebot3_ws/install/turtlebot3_teleop:/home/pi/turtlebot3_ws/install/turtlebot3_example:/opt/ros/humble /usr/bin/cmake --install /home/pi/Mobile_robotsystem/ros2_ws/build/turtlebot3_control
