[1.080s] DEBUG:colcon:Command line arguments: ['/usr/bin/colcon', 'build', '--packages-select', 'turtlebot3_control']
[1.081s] DEBUG:colcon:Parsed command line arguments: Namespace(log_base=None, log_level=None, verb_name='build', build_base='build', install_base='install', merge_install=False, symlink_install=False, test_result_base=None, continue_on_error=False, executor='parallel', parallel_workers=4, event_handlers=None, ignore_user_meta=False, metas=['./colcon.meta'], base_paths=['.'], packages_ignore=None, packages_ignore_regex=None, paths=None, packages_up_to=None, packages_up_to_regex=None, packages_above=None, packages_above_and_dependencies=None, packages_above_depth=None, packages_select_by_dep=None, packages_skip_by_dep=None, packages_skip_up_to=None, packages_select_build_failed=False, packages_skip_build_finished=False, packages_select_test_failures=False, packages_skip_test_passed=False, packages_select=['turtlebot3_control'], packages_skip=None, packages_select_regex=None, packages_skip_regex=None, packages_start=None, packages_end=None, allow_overriding=[], cmake_args=None, cmake_target=None, cmake_target_skip_unavailable=False, cmake_clean_cache=False, cmake_clean_first=False, cmake_force_configure=False, ament_cmake_args=None, catkin_cmake_args=None, catkin_skip_building_tests=False, verb_parser=<colcon_defaults.argument_parser.defaults.DefaultArgumentsDecorator object at 0xffffaf82fe80>, verb_extension=<colcon_core.verb.build.BuildVerb object at 0xffffaf7712a0>, main=<bound method BuildVerb.main of <colcon_core.verb.build.BuildVerb object at 0xffffaf7712a0>>)
[3.015s] Level 1:colcon.colcon_core.package_discovery:discover_packages(colcon_meta) check parameters
[3.015s] Level 1:colcon.colcon_core.package_discovery:discover_packages(recursive) check parameters
[3.016s] Level 1:colcon.colcon_core.package_discovery:discover_packages(ignore) check parameters
[3.016s] Level 1:colcon.colcon_core.package_discovery:discover_packages(path) check parameters
[3.017s] Level 1:colcon.colcon_core.package_discovery:discover_packages(colcon_meta) discover
[3.017s] Level 1:colcon.colcon_core.package_discovery:discover_packages(recursive) discover
[3.017s] INFO:colcon.colcon_core.package_discovery:Crawling recursively for packages in '/home/pi/Mobile_robotsystem/ros2_ws'
[3.018s] Level 1:colcon.colcon_core.package_identification:_identify(.) by extensions ['ignore', 'ignore_ament_install']
[3.019s] Level 1:colcon.colcon_core.package_identification:_identify(.) by extension 'ignore'
[3.020s] Level 1:colcon.colcon_core.package_identification:_identify(.) by extension 'ignore_ament_install'
[3.020s] Level 1:colcon.colcon_core.package_identification:_identify(.) by extensions ['colcon_pkg']
[3.021s] Level 1:colcon.colcon_core.package_identification:_identify(.) by extension 'colcon_pkg'
[3.021s] Level 1:colcon.colcon_core.package_identification:_identify(.) by extensions ['colcon_meta']
[3.021s] Level 1:colcon.colcon_core.package_identification:_identify(.) by extension 'colcon_meta'
[3.022s] Level 1:colcon.colcon_core.package_identification:_identify(.) by extensions ['ros']
[3.022s] Level 1:colcon.colcon_core.package_identification:_identify(.) by extension 'ros'
[3.140s] Level 1:colcon.colcon_core.package_identification:_identify(.) by extensions ['cmake', 'python']
[3.141s] Level 1:colcon.colcon_core.package_identification:_identify(.) by extension 'cmake'
[3.141s] Level 1:colcon.colcon_core.package_identification:_identify(.) by extension 'python'
[3.142s] Level 1:colcon.colcon_core.package_identification:_identify(.) by extensions ['python_setup_py']
[3.142s] Level 1:colcon.colcon_core.package_identification:_identify(.) by extension 'python_setup_py'
[3.143s] Level 1:colcon.colcon_core.package_identification:_identify(build) by extensions ['ignore', 'ignore_ament_install']
[3.144s] Level 1:colcon.colcon_core.package_identification:_identify(build) by extension 'ignore'
[3.145s] Level 1:colcon.colcon_core.package_identification:_identify(build) ignored
[3.146s] Level 1:colcon.colcon_core.package_identification:_identify(dtmf_sounds) by extensions ['ignore', 'ignore_ament_install']
[3.147s] Level 1:colcon.colcon_core.package_identification:_identify(dtmf_sounds) by extension 'ignore'
[3.148s] Level 1:colcon.colcon_core.package_identification:_identify(dtmf_sounds) by extension 'ignore_ament_install'
[3.149s] Level 1:colcon.colcon_core.package_identification:_identify(dtmf_sounds) by extensions ['colcon_pkg']
[3.150s] Level 1:colcon.colcon_core.package_identification:_identify(dtmf_sounds) by extension 'colcon_pkg'
[3.150s] Level 1:colcon.colcon_core.package_identification:_identify(dtmf_sounds) by extensions ['colcon_meta']
[3.150s] Level 1:colcon.colcon_core.package_identification:_identify(dtmf_sounds) by extension 'colcon_meta'
[3.151s] Level 1:colcon.colcon_core.package_identification:_identify(dtmf_sounds) by extensions ['ros']
[3.151s] Level 1:colcon.colcon_core.package_identification:_identify(dtmf_sounds) by extension 'ros'
[3.152s] Level 1:colcon.colcon_core.package_identification:_identify(dtmf_sounds) by extensions ['cmake', 'python']
[3.152s] Level 1:colcon.colcon_core.package_identification:_identify(dtmf_sounds) by extension 'cmake'
[3.153s] Level 1:colcon.colcon_core.package_identification:_identify(dtmf_sounds) by extension 'python'
[3.153s] Level 1:colcon.colcon_core.package_identification:_identify(dtmf_sounds) by extensions ['python_setup_py']
[3.153s] Level 1:colcon.colcon_core.package_identification:_identify(dtmf_sounds) by extension 'python_setup_py'
[3.154s] Level 1:colcon.colcon_core.package_identification:_identify(install) by extensions ['ignore', 'ignore_ament_install']
[3.155s] Level 1:colcon.colcon_core.package_identification:_identify(install) by extension 'ignore'
[3.156s] Level 1:colcon.colcon_core.package_identification:_identify(install) ignored
[3.158s] Level 1:colcon.colcon_core.package_identification:_identify(log) by extensions ['ignore', 'ignore_ament_install']
[3.159s] Level 1:colcon.colcon_core.package_identification:_identify(log) by extension 'ignore'
[3.159s] Level 1:colcon.colcon_core.package_identification:_identify(log) ignored
[3.160s] Level 1:colcon.colcon_core.package_identification:_identify(src) by extensions ['ignore', 'ignore_ament_install']
[3.161s] Level 1:colcon.colcon_core.package_identification:_identify(src) by extension 'ignore'
[3.162s] Level 1:colcon.colcon_core.package_identification:_identify(src) by extension 'ignore_ament_install'
[3.162s] Level 1:colcon.colcon_core.package_identification:_identify(src) by extensions ['colcon_pkg']
[3.162s] Level 1:colcon.colcon_core.package_identification:_identify(src) by extension 'colcon_pkg'
[3.163s] Level 1:colcon.colcon_core.package_identification:_identify(src) by extensions ['colcon_meta']
[3.163s] Level 1:colcon.colcon_core.package_identification:_identify(src) by extension 'colcon_meta'
[3.164s] Level 1:colcon.colcon_core.package_identification:_identify(src) by extensions ['ros']
[3.164s] Level 1:colcon.colcon_core.package_identification:_identify(src) by extension 'ros'
[3.165s] Level 1:colcon.colcon_core.package_identification:_identify(src) by extensions ['cmake', 'python']
[3.165s] Level 1:colcon.colcon_core.package_identification:_identify(src) by extension 'cmake'
[3.165s] Level 1:colcon.colcon_core.package_identification:_identify(src) by extension 'python'
[3.166s] Level 1:colcon.colcon_core.package_identification:_identify(src) by extensions ['python_setup_py']
[3.166s] Level 1:colcon.colcon_core.package_identification:_identify(src) by extension 'python_setup_py'
[3.167s] Level 1:colcon.colcon_core.package_identification:_identify(src/cpp_pubsub) by extensions ['ignore', 'ignore_ament_install']
[3.168s] Level 1:colcon.colcon_core.package_identification:_identify(src/cpp_pubsub) by extension 'ignore'
[3.169s] Level 1:colcon.colcon_core.package_identification:_identify(src/cpp_pubsub) by extension 'ignore_ament_install'
[3.169s] Level 1:colcon.colcon_core.package_identification:_identify(src/cpp_pubsub) by extensions ['colcon_pkg']
[3.169s] Level 1:colcon.colcon_core.package_identification:_identify(src/cpp_pubsub) by extension 'colcon_pkg'
[3.170s] Level 1:colcon.colcon_core.package_identification:_identify(src/cpp_pubsub) by extensions ['colcon_meta']
[3.170s] Level 1:colcon.colcon_core.package_identification:_identify(src/cpp_pubsub) by extension 'colcon_meta'
[3.171s] Level 1:colcon.colcon_core.package_identification:_identify(src/cpp_pubsub) by extensions ['ros']
[3.171s] Level 1:colcon.colcon_core.package_identification:_identify(src/cpp_pubsub) by extension 'ros'
[3.192s] DEBUG:colcon.colcon_core.package_identification:Package 'src/cpp_pubsub' with type 'ros.ament_cmake' and name 'cpp_pubsub'
[3.194s] Level 1:colcon.colcon_core.package_identification:_identify(src/cpp_srvcli) by extensions ['ignore', 'ignore_ament_install']
[3.195s] Level 1:colcon.colcon_core.package_identification:_identify(src/cpp_srvcli) by extension 'ignore'
[3.195s] Level 1:colcon.colcon_core.package_identification:_identify(src/cpp_srvcli) by extension 'ignore_ament_install'
[3.196s] Level 1:colcon.colcon_core.package_identification:_identify(src/cpp_srvcli) by extensions ['colcon_pkg']
[3.196s] Level 1:colcon.colcon_core.package_identification:_identify(src/cpp_srvcli) by extension 'colcon_pkg'
[3.197s] Level 1:colcon.colcon_core.package_identification:_identify(src/cpp_srvcli) by extensions ['colcon_meta']
[3.197s] Level 1:colcon.colcon_core.package_identification:_identify(src/cpp_srvcli) by extension 'colcon_meta'
[3.198s] Level 1:colcon.colcon_core.package_identification:_identify(src/cpp_srvcli) by extensions ['ros']
[3.198s] Level 1:colcon.colcon_core.package_identification:_identify(src/cpp_srvcli) by extension 'ros'
[3.203s] DEBUG:colcon.colcon_core.package_identification:Package 'src/cpp_srvcli' with type 'ros.ament_cmake' and name 'cpp_srvcli'
[3.205s] Level 1:colcon.colcon_core.package_identification:_identify(src/turtlebot3_control) by extensions ['ignore', 'ignore_ament_install']
[3.206s] Level 1:colcon.colcon_core.package_identification:_identify(src/turtlebot3_control) by extension 'ignore'
[3.206s] Level 1:colcon.colcon_core.package_identification:_identify(src/turtlebot3_control) by extension 'ignore_ament_install'
[3.207s] Level 1:colcon.colcon_core.package_identification:_identify(src/turtlebot3_control) by extensions ['colcon_pkg']
[3.207s] Level 1:colcon.colcon_core.package_identification:_identify(src/turtlebot3_control) by extension 'colcon_pkg'
[3.207s] Level 1:colcon.colcon_core.package_identification:_identify(src/turtlebot3_control) by extensions ['colcon_meta']
[3.208s] Level 1:colcon.colcon_core.package_identification:_identify(src/turtlebot3_control) by extension 'colcon_meta'
[3.208s] Level 1:colcon.colcon_core.package_identification:_identify(src/turtlebot3_control) by extensions ['ros']
[3.209s] Level 1:colcon.colcon_core.package_identification:_identify(src/turtlebot3_control) by extension 'ros'
[3.214s] DEBUG:colcon.colcon_core.package_identification:Package 'src/turtlebot3_control' with type 'ros.ament_cmake' and name 'turtlebot3_control'
[3.215s] Level 1:colcon.colcon_core.package_discovery:discover_packages(recursive) using defaults
[3.215s] Level 1:colcon.colcon_core.package_discovery:discover_packages(ignore) discover
[3.215s] Level 1:colcon.colcon_core.package_discovery:discover_packages(ignore) using defaults
[3.216s] Level 1:colcon.colcon_core.package_discovery:discover_packages(path) discover
[3.216s] Level 1:colcon.colcon_core.package_discovery:discover_packages(path) using defaults
[3.391s] INFO:colcon.colcon_core.package_selection:Skipping not selected package 'cpp_pubsub' in 'src/cpp_pubsub'
[3.391s] INFO:colcon.colcon_core.package_selection:Skipping not selected package 'cpp_srvcli' in 'src/cpp_srvcli'
[3.395s] Level 1:colcon.colcon_core.package_discovery:discover_packages(prefix_path) check parameters
[3.396s] Level 1:colcon.colcon_core.package_discovery:discover_packages(prefix_path) discover
[3.420s] DEBUG:colcon.colcon_installed_package_information.package_discovery:Found 7 installed packages in /home/pi/turtlebot3_ws/install
[3.437s] DEBUG:colcon.colcon_installed_package_information.package_discovery:Found 273 installed packages in /opt/ros/humble
[3.452s] Level 1:colcon.colcon_core.package_discovery:discover_packages(prefix_path) using defaults
[3.987s] Level 5:colcon.colcon_core.verb:set package 'turtlebot3_control' build argument 'cmake_args' from command line to 'None'
[3.987s] Level 5:colcon.colcon_core.verb:set package 'turtlebot3_control' build argument 'cmake_target' from command line to 'None'
[3.987s] Level 5:colcon.colcon_core.verb:set package 'turtlebot3_control' build argument 'cmake_target_skip_unavailable' from command line to 'False'
[3.988s] Level 5:colcon.colcon_core.verb:set package 'turtlebot3_control' build argument 'cmake_clean_cache' from command line to 'False'
[3.988s] Level 5:colcon.colcon_core.verb:set package 'turtlebot3_control' build argument 'cmake_clean_first' from command line to 'False'
[3.988s] Level 5:colcon.colcon_core.verb:set package 'turtlebot3_control' build argument 'cmake_force_configure' from command line to 'False'
[3.988s] Level 5:colcon.colcon_core.verb:set package 'turtlebot3_control' build argument 'ament_cmake_args' from command line to 'None'
[3.989s] Level 5:colcon.colcon_core.verb:set package 'turtlebot3_control' build argument 'catkin_cmake_args' from command line to 'None'
[3.989s] Level 5:colcon.colcon_core.verb:set package 'turtlebot3_control' build argument 'catkin_skip_building_tests' from command line to 'False'
[3.989s] DEBUG:colcon.colcon_core.verb:Building package 'turtlebot3_control' with the following arguments: {'ament_cmake_args': None, 'build_base': '/home/pi/Mobile_robotsystem/ros2_ws/build/turtlebot3_control', 'catkin_cmake_args': None, 'catkin_skip_building_tests': False, 'cmake_args': None, 'cmake_clean_cache': False, 'cmake_clean_first': False, 'cmake_force_configure': False, 'cmake_target': None, 'cmake_target_skip_unavailable': False, 'install_base': '/home/pi/Mobile_robotsystem/ros2_ws/install/turtlebot3_control', 'merge_install': False, 'path': '/home/pi/Mobile_robotsystem/ros2_ws/src/turtlebot3_control', 'symlink_install': False, 'test_result_base': None}
[3.991s] INFO:colcon.colcon_core.executor:Executing jobs using 'parallel' executor
[3.998s] DEBUG:colcon.colcon_parallel_executor.executor.parallel:run_until_complete
[4.000s] INFO:colcon.colcon_ros.task.ament_cmake.build:Building ROS package in '/home/pi/Mobile_robotsystem/ros2_ws/src/turtlebot3_control' with build type 'ament_cmake'
[4.001s] INFO:colcon.colcon_cmake.task.cmake.build:Building CMake package in '/home/pi/Mobile_robotsystem/ros2_ws/src/turtlebot3_control'
[4.025s] INFO:colcon.colcon_core.plugin_system:Skipping extension 'colcon_core.shell.bat': Not used on non-Windows systems
[4.026s] INFO:colcon.colcon_core.shell:Skip shell extension 'powershell' for command environment: Not usable outside of PowerShell
[4.027s] DEBUG:colcon.colcon_core.shell:Skip shell extension 'dsv' for command environment
[4.112s] DEBUG:colcon.colcon_core.event_handler.log_command:Invoking command in '/home/pi/Mobile_robotsystem/ros2_ws/build/turtlebot3_control': CMAKE_PREFIX_PATH=${CMAKE_PREFIX_PATH}:/home/pi/turtlebot3_ws/install/turtlebot3_teleop:/home/pi/turtlebot3_ws/install/turtlebot3_example:/opt/ros/humble /usr/bin/cmake --build /home/pi/Mobile_robotsystem/ros2_ws/build/turtlebot3_control -- -j4 -l4
[46.869s] DEBUG:colcon.colcon_core.event_handler.log_command:Invoked command in '/home/pi/Mobile_robotsystem/ros2_ws/build/turtlebot3_control' returned '2': CMAKE_PREFIX_PATH=${CMAKE_PREFIX_PATH}:/home/pi/turtlebot3_ws/install/turtlebot3_teleop:/home/pi/turtlebot3_ws/install/turtlebot3_example:/opt/ros/humble /usr/bin/cmake --build /home/pi/Mobile_robotsystem/ros2_ws/build/turtlebot3_control -- -j4 -l4
[46.875s] Level 1:colcon.colcon_core.environment:create_environment_scripts_only(turtlebot3_control)
[46.904s] Level 1:colcon.colcon_core.environment:checking '/home/pi/Mobile_robotsystem/ros2_ws/install/turtlebot3_control' for CMake module files
[46.910s] Level 1:colcon.colcon_core.environment:checking '/home/pi/Mobile_robotsystem/ros2_ws/install/turtlebot3_control' for CMake config files
[46.915s] Level 1:colcon.colcon_core.shell:create_environment_hook('turtlebot3_control', 'cmake_prefix_path')
[46.917s] INFO:colcon.colcon_core.shell:Creating environment hook '/home/pi/Mobile_robotsystem/ros2_ws/install/turtlebot3_control/share/turtlebot3_control/hook/cmake_prefix_path.ps1'
[46.922s] INFO:colcon.colcon_core.shell:Creating environment descriptor '/home/pi/Mobile_robotsystem/ros2_ws/install/turtlebot3_control/share/turtlebot3_control/hook/cmake_prefix_path.dsv'
[46.927s] INFO:colcon.colcon_core.shell:Creating environment hook '/home/pi/Mobile_robotsystem/ros2_ws/install/turtlebot3_control/share/turtlebot3_control/hook/cmake_prefix_path.sh'
[46.935s] Level 1:colcon.colcon_core.environment:checking '/home/pi/Mobile_robotsystem/ros2_ws/install/turtlebot3_control/lib'
[46.937s] Level 1:colcon.colcon_core.environment:checking '/home/pi/Mobile_robotsystem/ros2_ws/install/turtlebot3_control/bin'
[46.938s] Level 1:colcon.colcon_core.environment:checking '/home/pi/Mobile_robotsystem/ros2_ws/install/turtlebot3_control/lib/pkgconfig/turtlebot3_control.pc'
[46.940s] Level 1:colcon.colcon_core.environment:checking '/home/pi/Mobile_robotsystem/ros2_ws/install/turtlebot3_control/lib/python3.10/site-packages'
[46.943s] Level 1:colcon.colcon_core.environment:checking '/home/pi/Mobile_robotsystem/ros2_ws/install/turtlebot3_control/bin'
[46.946s] INFO:colcon.colcon_core.shell:Creating package script '/home/pi/Mobile_robotsystem/ros2_ws/install/turtlebot3_control/share/turtlebot3_control/package.ps1'
[46.955s] INFO:colcon.colcon_core.shell:Creating package descriptor '/home/pi/Mobile_robotsystem/ros2_ws/install/turtlebot3_control/share/turtlebot3_control/package.dsv'
[46.961s] INFO:colcon.colcon_core.shell:Creating package script '/home/pi/Mobile_robotsystem/ros2_ws/install/turtlebot3_control/share/turtlebot3_control/package.sh'
[46.968s] INFO:colcon.colcon_core.shell:Creating package script '/home/pi/Mobile_robotsystem/ros2_ws/install/turtlebot3_control/share/turtlebot3_control/package.bash'
[46.976s] INFO:colcon.colcon_core.shell:Creating package script '/home/pi/Mobile_robotsystem/ros2_ws/install/turtlebot3_control/share/turtlebot3_control/package.zsh'
[46.983s] Level 1:colcon.colcon_core.environment:create_file_with_runtime_dependencies(/home/pi/Mobile_robotsystem/ros2_ws/install/turtlebot3_control/share/colcon-core/packages/turtlebot3_control)
[46.996s] DEBUG:colcon.colcon_parallel_executor.executor.parallel:closing loop
[46.997s] DEBUG:colcon.colcon_parallel_executor.executor.parallel:loop closed
[46.998s] DEBUG:colcon.colcon_parallel_executor.executor.parallel:run_until_complete finished with '2'
[46.999s] DEBUG:colcon.colcon_core.event_reactor:joining thread
[47.046s] INFO:colcon.colcon_core.plugin_system:Skipping extension 'colcon_notification.desktop_notification.notify_send': Could not find 'notify-send'
[47.047s] INFO:colcon.colcon_core.plugin_system:Skipping extension 'colcon_notification.desktop_notification.terminal_notifier': Not used on non-Darwin systems
[47.047s] INFO:colcon.colcon_core.plugin_system:Skipping extension 'colcon_notification.desktop_notification.win32': Not used on non-Windows systems
[47.048s] INFO:colcon.colcon_notification.desktop_notification:Sending desktop notification using 'notify2'
[47.055s] DEBUG:colcon.colcon_notification.desktop_notification.notify2:Failed to initialize notify2: org.freedesktop.DBus.Error.ServiceUnknown: The name org.freedesktop.Notifications was not provided by any .service files
[47.055s] DEBUG:colcon.colcon_core.event_reactor:joined thread
[47.058s] INFO:colcon.colcon_core.shell:Creating prefix script '/home/pi/Mobile_robotsystem/ros2_ws/install/local_setup.ps1'
[47.066s] INFO:colcon.colcon_core.shell:Creating prefix util module '/home/pi/Mobile_robotsystem/ros2_ws/install/_local_setup_util_ps1.py'
[47.080s] INFO:colcon.colcon_core.shell:Creating prefix chain script '/home/pi/Mobile_robotsystem/ros2_ws/install/setup.ps1'
[47.093s] INFO:colcon.colcon_core.shell:Creating prefix script '/home/pi/Mobile_robotsystem/ros2_ws/install/local_setup.sh'
[47.100s] INFO:colcon.colcon_core.shell:Creating prefix util module '/home/pi/Mobile_robotsystem/ros2_ws/install/_local_setup_util_sh.py'
[47.106s] INFO:colcon.colcon_core.shell:Creating prefix chain script '/home/pi/Mobile_robotsystem/ros2_ws/install/setup.sh'
[47.119s] INFO:colcon.colcon_core.shell:Creating prefix script '/home/pi/Mobile_robotsystem/ros2_ws/install/local_setup.bash'
[47.125s] INFO:colcon.colcon_core.shell:Creating prefix chain script '/home/pi/Mobile_robotsystem/ros2_ws/install/setup.bash'
[47.137s] INFO:colcon.colcon_core.shell:Creating prefix script '/home/pi/Mobile_robotsystem/ros2_ws/install/local_setup.zsh'
[47.143s] INFO:colcon.colcon_core.shell:Creating prefix chain script '/home/pi/Mobile_robotsystem/ros2_ws/install/setup.zsh'
