[0.136s] Invoking command in '/home/pi/Mobile_robotsystem/ros2_ws/build/turtlebot3_control': CMAKE_PREFIX_PATH=${CMAKE_PREFIX_PATH}:/home/pi/turtlebot3_ws/install/turtlebot3_teleop:/home/pi/turtlebot3_ws/install/turtlebot3_example:/opt/ros/humble /usr/bin/cmake --build /home/pi/Mobile_robotsystem/ros2_ws/build/turtlebot3_control -- -j4 -l4
[0.600s] [35m[1mConsolidate compiler generated dependencies of target move_turtlebot[0m
[0.905s] [  6%] [32mBuilding CXX object CMakeFiles/move_turtlebot.dir/src/main.cpp.o[0m
[0.913s] [ 13%] [32mBuilding CXX object CMakeFiles/move_turtlebot.dir/src/move_turtlebot.cpp.o[0m
[70.992s] [01m[K/home/pi/Mobile_robotsystem/ros2_ws/src/turtlebot3_control/src/main.cpp:[m[K In function ‘[01m[Kint main(int, char**)[m[K’:
[71.079s] [01m[K/home/pi/Mobile_robotsystem/ros2_ws/src/turtlebot3_control/src/main.cpp:200:10:[m[K [01;35m[Kwarning: [m[Kunused variable ‘[01m[Kack_check[m[K’ [[01;35m[K]8;;https://gcc.gnu.org/onlinedocs/gcc/Warning-Options.html#index-Wunused-variable-Wunused-variable]8;;[m[K]
[71.082s]   200 |     bool [01;35m[Kack_check[m[K = false;
[71.083s]       |          [01;35m[K^~~~~~~~~[m[K
[119.438s] In file included from [01m[K/home/pi/Mobile_robotsystem/ros2_ws/src/turtlebot3_control/src/main.cpp:9[m[K:
[119.459s] [01m[K/home/pi/Mobile_robotsystem/ros2_ws/src/turtlebot3_control/../../../cpp/include/audio/audio_input.h:[m[K At global scope:
[119.464s] [01m[K/home/pi/Mobile_robotsystem/ros2_ws/src/turtlebot3_control/../../../cpp/include/audio/audio_input.h:63:12:[m[K [01;35m[Kwarning: [m[K‘[01m[Kint read_mic_callback(const void*, void*, long unsigned int, const PaStreamCallbackTimeInfo*, PaStreamCallbackFlags, void*)[m[K’ declared ‘[01m[Kstatic[m[K’ but never defined [[01;35m[K]8;;https://gcc.gnu.org/onlinedocs/gcc/Warning-Options.html#index-Wunused-function-Wunused-function]8;;[m[K]
[119.469s]    63 | static int [01;35m[Kread_mic_callback[m[K(const void *input_buffer, void *output_buffer,
[119.470s]       |            [01;35m[K^~~~~~~~~~~~~~~~~[m[K
[139.802s] [ 20%] [32m[1mLinking CXX executable move_turtlebot[0m
[146.912s] [100%] Built target move_turtlebot
[147.968s] Invoked command in '/home/pi/Mobile_robotsystem/ros2_ws/build/turtlebot3_control' returned '0': CMAKE_PREFIX_PATH=${CMAKE_PREFIX_PATH}:/home/pi/turtlebot3_ws/install/turtlebot3_teleop:/home/pi/turtlebot3_ws/install/turtlebot3_example:/opt/ros/humble /usr/bin/cmake --build /home/pi/Mobile_robotsystem/ros2_ws/build/turtlebot3_control -- -j4 -l4
[148.762s] Invoking command in '/home/pi/Mobile_robotsystem/ros2_ws/build/turtlebot3_control': CMAKE_PREFIX_PATH=${CMAKE_PREFIX_PATH}:/home/pi/turtlebot3_ws/install/turtlebot3_teleop:/home/pi/turtlebot3_ws/install/turtlebot3_example:/opt/ros/humble /usr/bin/cmake --install /home/pi/Mobile_robotsystem/ros2_ws/build/turtlebot3_control
[148.980s] -- Install configuration: ""
[148.983s] -- Installing: /home/pi/Mobile_robotsystem/ros2_ws/install/turtlebot3_control/lib/turtlebot3_control/move_turtlebot
[148.984s] -- Set runtime path of "/home/pi/Mobile_robotsystem/ros2_ws/install/turtlebot3_control/lib/turtlebot3_control/move_turtlebot" to ""
[148.986s] -- Up-to-date: /home/pi/Mobile_robotsystem/ros2_ws/install/turtlebot3_control/share/ament_index/resource_index/package_run_dependencies/turtlebot3_control
[148.987s] -- Up-to-date: /home/pi/Mobile_robotsystem/ros2_ws/install/turtlebot3_control/share/ament_index/resource_index/parent_prefix_path/turtlebot3_control
[148.989s] -- Up-to-date: /home/pi/Mobile_robotsystem/ros2_ws/install/turtlebot3_control/share/turtlebot3_control/environment/ament_prefix_path.sh
[148.997s] -- Up-to-date: /home/pi/Mobile_robotsystem/ros2_ws/install/turtlebot3_control/share/turtlebot3_control/environment/ament_prefix_path.dsv
[148.998s] -- Up-to-date: /home/pi/Mobile_robotsystem/ros2_ws/install/turtlebot3_control/share/turtlebot3_control/environment/path.sh
[149.000s] -- Up-to-date: /home/pi/Mobile_robotsystem/ros2_ws/install/turtlebot3_control/share/turtlebot3_control/environment/path.dsv
[149.001s] -- Up-to-date: /home/pi/Mobile_robotsystem/ros2_ws/install/turtlebot3_control/share/turtlebot3_control/local_setup.bash
[149.003s] -- Up-to-date: /home/pi/Mobile_robotsystem/ros2_ws/install/turtlebot3_control/share/turtlebot3_control/local_setup.sh
[149.004s] -- Up-to-date: /home/pi/Mobile_robotsystem/ros2_ws/install/turtlebot3_control/share/turtlebot3_control/local_setup.zsh
[149.005s] -- Up-to-date: /home/pi/Mobile_robotsystem/ros2_ws/install/turtlebot3_control/share/turtlebot3_control/local_setup.dsv
[149.006s] -- Installing: /home/pi/Mobile_robotsystem/ros2_ws/install/turtlebot3_control/share/turtlebot3_control/package.dsv
[149.013s] -- Up-to-date: /home/pi/Mobile_robotsystem/ros2_ws/install/turtlebot3_control/share/ament_index/resource_index/packages/turtlebot3_control
[149.016s] -- Up-to-date: /home/pi/Mobile_robotsystem/ros2_ws/install/turtlebot3_control/share/turtlebot3_control/cmake/turtlebot3_controlConfig.cmake
[149.018s] -- Up-to-date: /home/pi/Mobile_robotsystem/ros2_ws/install/turtlebot3_control/share/turtlebot3_control/cmake/turtlebot3_controlConfig-version.cmake
[149.023s] -- Up-to-date: /home/pi/Mobile_robotsystem/ros2_ws/install/turtlebot3_control/share/turtlebot3_control/package.xml
[149.635s] Invoked command in '/home/pi/Mobile_robotsystem/ros2_ws/build/turtlebot3_control' returned '0': CMAKE_PREFIX_PATH=${CMAKE_PREFIX_PATH}:/home/pi/turtlebot3_ws/install/turtlebot3_teleop:/home/pi/turtlebot3_ws/install/turtlebot3_example:/opt/ros/humble /usr/bin/cmake --install /home/pi/Mobile_robotsystem/ros2_ws/build/turtlebot3_control
