[0.118s] Invoking command in '/home/pi/Mobile_robotsystem/ros2_ws/build/turtlebot3_control': CMAKE_PREFIX_PATH=${CMAKE_PREFIX_PATH}:/home/pi/turtlebot3_ws/install/turtlebot3_teleop:/home/pi/turtlebot3_ws/install/turtlebot3_example:/opt/ros/humble /usr/bin/cmake --build /home/pi/Mobile_robotsystem/ros2_ws/build/turtlebot3_control -- -j4 -l4
[0.354s] -- Found SFML 2.5.1 in /usr/lib/aarch64-linux-gnu/cmake/SFML
[0.355s] -- Found ament_cmake: 1.3.10 (/opt/ros/humble/share/ament_cmake/cmake)
[1.664s] -- Found rclcpp: 16.0.10 (/opt/ros/humble/share/rclcpp/cmake)
[1.994s] -- Found rosidl_generator_c: 3.1.5 (/opt/ros/humble/share/rosidl_generator_c/cmake)
[2.019s] -- Found rosidl_adapter: 3.1.5 (/opt/ros/humble/share/rosidl_adapter/cmake)
[2.072s] -- Found rosidl_generator_cpp: 3.1.5 (/opt/ros/humble/share/rosidl_generator_cpp/cmake)
[2.158s] -- Using all available rosidl_typesupport_c: rosidl_typesupport_fastrtps_c;rosidl_typesupport_introspection_c
[2.272s] -- Using all available rosidl_typesupport_cpp: rosidl_typesupport_fastrtps_cpp;rosidl_typesupport_introspection_cpp
[2.565s] -- Found rmw_implementation_cmake: 6.1.2 (/opt/ros/humble/share/rmw_implementation_cmake/cmake)
[2.579s] -- Found rmw_fastrtps_cpp: 6.2.7 (/opt/ros/humble/share/rmw_fastrtps_cpp/cmake)
[4.232s] -- Using RMW implementation 'rmw_fastrtps_cpp' as default
[4.689s] -- Found geometry_msgs: 4.2.4 (/opt/ros/humble/share/geometry_msgs/cmake)
[4.804s] -- Found nav_msgs: 4.2.4 (/opt/ros/humble/share/nav_msgs/cmake)
[4.961s] -- Found tf2: 0.25.8 (/opt/ros/humble/share/tf2/cmake)
[4.995s] -- Found tf2_geometry_msgs: 0.25.8 (/opt/ros/humble/share/tf2_geometry_msgs/cmake)
[5.017s] -- Found eigen3_cmake_module: 0.1.1 (/opt/ros/humble/share/eigen3_cmake_module/cmake)
[5.028s] -- Ensuring Eigen3 include directory is part of orocos-kdl CMake target
[5.762s] -- Found rosidl_default_generators: 1.2.0 (/opt/ros/humble/share/rosidl_default_generators/cmake)
[5.831s] -- Found PortAudio: /usr/local/lib/libportaudio.so
[5.832s] -- Found PortAudio headers: /usr/local/include
[5.843s] -- Found SFML 2.5.1 in /usr/lib/aarch64-linux-gnu/cmake/SFML
[5.844s] -- SFML found: 
[6.549s] -- Configuring done
[6.608s] [31mCMake Error at CMakeLists.txt:74 (add_executable):
[6.609s]   Cannot find source file:
[6.610s] 
[6.611s]     ../../../cpp/audio/wave_generator.cpp
[6.612s] 
[6.613s]   Tried extensions .c .C .c++ .cc .cpp .cxx .cu .mpp .m .M .mm .ixx .cppm .h
[6.614s]   .hh .h++ .hm .hpp .hxx .in .txx .f .F .for .f77 .f90 .f95 .f03 .hip .ispc
[6.616s] 
[6.617s] [0m
[6.623s] [31mCMake Error at CMakeLists.txt:74 (add_executable):
[6.624s]   No SOURCES given to target: move_turtlebot
[6.625s] 
[6.626s] [0m
[6.626s] [0mCMake Generate step failed.  Build files cannot be regenerated correctly.[0m
[6.692s] gmake: *** [Makefile:375: cmake_check_build_system] Error 1
[6.708s] Invoked command in '/home/pi/Mobile_robotsystem/ros2_ws/build/turtlebot3_control' returned '2': CMAKE_PREFIX_PATH=${CMAKE_PREFIX_PATH}:/home/pi/turtlebot3_ws/install/turtlebot3_teleop:/home/pi/turtlebot3_ws/install/turtlebot3_example:/opt/ros/humble /usr/bin/cmake --build /home/pi/Mobile_robotsystem/ros2_ws/build/turtlebot3_control -- -j4 -l4
