[0.158s] Invoking command in '/home/pi/ros2_ws/build/turtlebot3_control': CMAKE_PREFIX_PATH=${CMAKE_PREFIX_PATH}:/home/pi/turtlebot3_ws/install/turtlebot3_teleop:/home/pi/turtlebot3_ws/install/turtlebot3_example:/opt/ros/humble /usr/bin/cmake --build /home/pi/ros2_ws/build/turtlebot3_control -- -j4 -l4
[1.448s] [35m[1mConsolidate compiler generated dependencies of target move_turtlebot[0m
[1.929s] [100%] Built target move_turtlebot
[2.009s] Invoked command in '/home/pi/ros2_ws/build/turtlebot3_control' returned '0': CMAKE_PREFIX_PATH=${CMAKE_PREFIX_PATH}:/home/pi/turtlebot3_ws/install/turtlebot3_teleop:/home/pi/turtlebot3_ws/install/turtlebot3_example:/opt/ros/humble /usr/bin/cmake --build /home/pi/ros2_ws/build/turtlebot3_control -- -j4 -l4
[2.090s] Invoking command in '/home/pi/ros2_ws/build/turtlebot3_control': CMAKE_PREFIX_PATH=${CMAKE_PREFIX_PATH}:/home/pi/turtlebot3_ws/install/turtlebot3_teleop:/home/pi/turtlebot3_ws/install/turtlebot3_example:/opt/ros/humble /usr/bin/cmake --install /home/pi/ros2_ws/build/turtlebot3_control
[2.155s] -- Install configuration: ""
[2.174s] -- Up-to-date: /home/pi/ros2_ws/install/turtlebot3_control/lib/turtlebot3_control/move_turtlebot
[2.183s] -- Up-to-date: /home/pi/ros2_ws/install/turtlebot3_control/share/ament_index/resource_index/package_run_dependencies/turtlebot3_control
[2.185s] -- Up-to-date: /home/pi/ros2_ws/install/turtlebot3_control/share/ament_index/resource_index/parent_prefix_path/turtlebot3_control
[2.189s] -- Up-to-date: /home/pi/ros2_ws/install/turtlebot3_control/share/turtlebot3_control/environment/ament_prefix_path.sh
[2.191s] -- Up-to-date: /home/pi/ros2_ws/install/turtlebot3_control/share/turtlebot3_control/environment/ament_prefix_path.dsv
[2.193s] -- Up-to-date: /home/pi/ros2_ws/install/turtlebot3_control/share/turtlebot3_control/environment/path.sh
[2.195s] -- Up-to-date: /home/pi/ros2_ws/install/turtlebot3_control/share/turtlebot3_control/environment/path.dsv
[2.198s] -- Up-to-date: /home/pi/ros2_ws/install/turtlebot3_control/share/turtlebot3_control/local_setup.bash
[2.199s] -- Up-to-date: /home/pi/ros2_ws/install/turtlebot3_control/share/turtlebot3_control/local_setup.sh
[2.200s] -- Up-to-date: /home/pi/ros2_ws/install/turtlebot3_control/share/turtlebot3_control/local_setup.zsh
[2.202s] -- Up-to-date: /home/pi/ros2_ws/install/turtlebot3_control/share/turtlebot3_control/local_setup.dsv
[2.203s] -- Installing: /home/pi/ros2_ws/install/turtlebot3_control/share/turtlebot3_control/package.dsv
[2.204s] -- Up-to-date: /home/pi/ros2_ws/install/turtlebot3_control/share/ament_index/resource_index/packages/turtlebot3_control
[2.206s] -- Up-to-date: /home/pi/ros2_ws/install/turtlebot3_control/share/turtlebot3_control/cmake/turtlebot3_controlConfig.cmake
[2.208s] -- Up-to-date: /home/pi/ros2_ws/install/turtlebot3_control/share/turtlebot3_control/cmake/turtlebot3_controlConfig-version.cmake
[2.209s] -- Up-to-date: /home/pi/ros2_ws/install/turtlebot3_control/share/turtlebot3_control/package.xml
[2.235s] Invoked command in '/home/pi/ros2_ws/build/turtlebot3_control' returned '0': CMAKE_PREFIX_PATH=${CMAKE_PREFIX_PATH}:/home/pi/turtlebot3_ws/install/turtlebot3_teleop:/home/pi/turtlebot3_ws/install/turtlebot3_example:/opt/ros/humble /usr/bin/cmake --install /home/pi/ros2_ws/build/turtlebot3_control
