[0.180s] DEBUG:colcon:Command line arguments: ['/usr/bin/colcon', 'build', '--packages-select', 'turtlebot3_control']
[0.180s] DEBUG:colcon:Parsed command line arguments: Namespace(log_base=None, log_level=None, verb_name='build', build_base='build', install_base='install', merge_install=False, symlink_install=False, test_result_base=None, continue_on_error=False, executor='parallel', parallel_workers=16, event_handlers=None, ignore_user_meta=False, metas=['./colcon.meta'], base_paths=['.'], packages_ignore=None, packages_ignore_regex=None, paths=None, packages_up_to=None, packages_up_to_regex=None, packages_above=None, packages_above_and_dependencies=None, packages_above_depth=None, packages_select_by_dep=None, packages_skip_by_dep=None, packages_skip_up_to=None, packages_select_build_failed=False, packages_skip_build_finished=False, packages_select_test_failures=False, packages_skip_test_passed=False, packages_select=['turtlebot3_control'], packages_skip=None, packages_select_regex=None, packages_skip_regex=None, packages_start=None, packages_end=None, allow_overriding=[], cmake_args=None, cmake_target=None, cmake_target_skip_unavailable=False, cmake_clean_cache=False, cmake_clean_first=False, cmake_force_configure=False, ament_cmake_args=None, catkin_cmake_args=None, catkin_skip_building_tests=False, mixin_files=None, mixin=None, verb_parser=<colcon_mixin.mixin.mixin_argument.MixinArgumentDecorator object at 0x7f15755d5480>, verb_extension=<colcon_core.verb.build.BuildVerb object at 0x7f15755d4f10>, main=<bound method BuildVerb.main of <colcon_core.verb.build.BuildVerb object at 0x7f15755d4f10>>, mixin_verb=('build',))
[0.328s] Level 1:colcon.colcon_core.package_discovery:discover_packages(colcon_meta) check parameters
[0.328s] Level 1:colcon.colcon_core.package_discovery:discover_packages(recursive) check parameters
[0.328s] Level 1:colcon.colcon_core.package_discovery:discover_packages(ignore) check parameters
[0.328s] Level 1:colcon.colcon_core.package_discovery:discover_packages(path) check parameters
[0.328s] Level 1:colcon.colcon_core.package_discovery:discover_packages(colcon_meta) discover
[0.328s] Level 1:colcon.colcon_core.package_discovery:discover_packages(recursive) discover
[0.328s] INFO:colcon.colcon_core.package_discovery:Crawling recursively for packages in '/home/sarah/git/Mobile_robotsystem/robot_code/cpp/ros2_ws'
[0.328s] Level 1:colcon.colcon_core.package_identification:_identify(.) by extensions ['ignore', 'ignore_ament_install']
[0.328s] Level 1:colcon.colcon_core.package_identification:_identify(.) by extension 'ignore'
[0.328s] Level 1:colcon.colcon_core.package_identification:_identify(.) by extension 'ignore_ament_install'
[0.328s] Level 1:colcon.colcon_core.package_identification:_identify(.) by extensions ['colcon_pkg']
[0.328s] Level 1:colcon.colcon_core.package_identification:_identify(.) by extension 'colcon_pkg'
[0.328s] Level 1:colcon.colcon_core.package_identification:_identify(.) by extensions ['colcon_meta']
[0.328s] Level 1:colcon.colcon_core.package_identification:_identify(.) by extension 'colcon_meta'
[0.329s] Level 1:colcon.colcon_core.package_identification:_identify(.) by extensions ['ros']
[0.329s] Level 1:colcon.colcon_core.package_identification:_identify(.) by extension 'ros'
[0.337s] Level 1:colcon.colcon_core.package_identification:_identify(.) by extensions ['cmake', 'python']
[0.337s] Level 1:colcon.colcon_core.package_identification:_identify(.) by extension 'cmake'
[0.337s] Level 1:colcon.colcon_core.package_identification:_identify(.) by extension 'python'
[0.337s] Level 1:colcon.colcon_core.package_identification:_identify(.) by extensions ['python_setup_py']
[0.337s] Level 1:colcon.colcon_core.package_identification:_identify(.) by extension 'python_setup_py'
[0.337s] Level 1:colcon.colcon_core.package_identification:_identify(build) by extensions ['ignore', 'ignore_ament_install']
[0.337s] Level 1:colcon.colcon_core.package_identification:_identify(build) by extension 'ignore'
[0.338s] Level 1:colcon.colcon_core.package_identification:_identify(build) ignored
[0.338s] Level 1:colcon.colcon_core.package_identification:_identify(install) by extensions ['ignore', 'ignore_ament_install']
[0.338s] Level 1:colcon.colcon_core.package_identification:_identify(install) by extension 'ignore'
[0.338s] Level 1:colcon.colcon_core.package_identification:_identify(install) ignored
[0.338s] Level 1:colcon.colcon_core.package_identification:_identify(log) by extensions ['ignore', 'ignore_ament_install']
[0.338s] Level 1:colcon.colcon_core.package_identification:_identify(log) by extension 'ignore'
[0.338s] Level 1:colcon.colcon_core.package_identification:_identify(log) ignored
[0.338s] Level 1:colcon.colcon_core.package_identification:_identify(src) by extensions ['ignore', 'ignore_ament_install']
[0.338s] Level 1:colcon.colcon_core.package_identification:_identify(src) by extension 'ignore'
[0.338s] Level 1:colcon.colcon_core.package_identification:_identify(src) by extension 'ignore_ament_install'
[0.338s] Level 1:colcon.colcon_core.package_identification:_identify(src) by extensions ['colcon_pkg']
[0.338s] Level 1:colcon.colcon_core.package_identification:_identify(src) by extension 'colcon_pkg'
[0.338s] Level 1:colcon.colcon_core.package_identification:_identify(src) by extensions ['colcon_meta']
[0.338s] Level 1:colcon.colcon_core.package_identification:_identify(src) by extension 'colcon_meta'
[0.338s] Level 1:colcon.colcon_core.package_identification:_identify(src) by extensions ['ros']
[0.338s] Level 1:colcon.colcon_core.package_identification:_identify(src) by extension 'ros'
[0.338s] Level 1:colcon.colcon_core.package_identification:_identify(src) by extensions ['cmake', 'python']
[0.338s] Level 1:colcon.colcon_core.package_identification:_identify(src) by extension 'cmake'
[0.338s] Level 1:colcon.colcon_core.package_identification:_identify(src) by extension 'python'
[0.338s] Level 1:colcon.colcon_core.package_identification:_identify(src) by extensions ['python_setup_py']
[0.338s] Level 1:colcon.colcon_core.package_identification:_identify(src) by extension 'python_setup_py'
[0.338s] Level 1:colcon.colcon_core.package_identification:_identify(src/cpp_pubsub) by extensions ['ignore', 'ignore_ament_install']
[0.338s] Level 1:colcon.colcon_core.package_identification:_identify(src/cpp_pubsub) by extension 'ignore'
[0.338s] Level 1:colcon.colcon_core.package_identification:_identify(src/cpp_pubsub) by extension 'ignore_ament_install'
[0.338s] Level 1:colcon.colcon_core.package_identification:_identify(src/cpp_pubsub) by extensions ['colcon_pkg']
[0.338s] Level 1:colcon.colcon_core.package_identification:_identify(src/cpp_pubsub) by extension 'colcon_pkg'
[0.338s] Level 1:colcon.colcon_core.package_identification:_identify(src/cpp_pubsub) by extensions ['colcon_meta']
[0.338s] Level 1:colcon.colcon_core.package_identification:_identify(src/cpp_pubsub) by extension 'colcon_meta'
[0.338s] Level 1:colcon.colcon_core.package_identification:_identify(src/cpp_pubsub) by extensions ['ros']
[0.338s] Level 1:colcon.colcon_core.package_identification:_identify(src/cpp_pubsub) by extension 'ros'
[0.340s] DEBUG:colcon.colcon_core.package_identification:Package 'src/cpp_pubsub' with type 'ros.ament_cmake' and name 'cpp_pubsub'
[0.340s] Level 1:colcon.colcon_core.package_identification:_identify(src/cpp_srvcli) by extensions ['ignore', 'ignore_ament_install']
[0.341s] Level 1:colcon.colcon_core.package_identification:_identify(src/cpp_srvcli) by extension 'ignore'
[0.341s] Level 1:colcon.colcon_core.package_identification:_identify(src/cpp_srvcli) by extension 'ignore_ament_install'
[0.341s] Level 1:colcon.colcon_core.package_identification:_identify(src/cpp_srvcli) by extensions ['colcon_pkg']
[0.341s] Level 1:colcon.colcon_core.package_identification:_identify(src/cpp_srvcli) by extension 'colcon_pkg'
[0.341s] Level 1:colcon.colcon_core.package_identification:_identify(src/cpp_srvcli) by extensions ['colcon_meta']
[0.341s] Level 1:colcon.colcon_core.package_identification:_identify(src/cpp_srvcli) by extension 'colcon_meta'
[0.341s] Level 1:colcon.colcon_core.package_identification:_identify(src/cpp_srvcli) by extensions ['ros']
[0.341s] Level 1:colcon.colcon_core.package_identification:_identify(src/cpp_srvcli) by extension 'ros'
[0.341s] DEBUG:colcon.colcon_core.package_identification:Package 'src/cpp_srvcli' with type 'ros.ament_cmake' and name 'cpp_srvcli'
[0.341s] Level 1:colcon.colcon_core.package_identification:_identify(src/turtlebot3_control) by extensions ['ignore', 'ignore_ament_install']
[0.341s] Level 1:colcon.colcon_core.package_identification:_identify(src/turtlebot3_control) by extension 'ignore'
[0.341s] Level 1:colcon.colcon_core.package_identification:_identify(src/turtlebot3_control) by extension 'ignore_ament_install'
[0.341s] Level 1:colcon.colcon_core.package_identification:_identify(src/turtlebot3_control) by extensions ['colcon_pkg']
[0.341s] Level 1:colcon.colcon_core.package_identification:_identify(src/turtlebot3_control) by extension 'colcon_pkg'
[0.341s] Level 1:colcon.colcon_core.package_identification:_identify(src/turtlebot3_control) by extensions ['colcon_meta']
[0.341s] Level 1:colcon.colcon_core.package_identification:_identify(src/turtlebot3_control) by extension 'colcon_meta'
[0.341s] Level 1:colcon.colcon_core.package_identification:_identify(src/turtlebot3_control) by extensions ['ros']
[0.341s] Level 1:colcon.colcon_core.package_identification:_identify(src/turtlebot3_control) by extension 'ros'
[0.342s] DEBUG:colcon.colcon_core.package_identification:Package 'src/turtlebot3_control' with type 'ros.ament_cmake' and name 'turtlebot3_control'
[0.342s] Level 1:colcon.colcon_core.package_discovery:discover_packages(recursive) using defaults
[0.342s] Level 1:colcon.colcon_core.package_discovery:discover_packages(ignore) discover
[0.342s] Level 1:colcon.colcon_core.package_discovery:discover_packages(ignore) using defaults
[0.342s] Level 1:colcon.colcon_core.package_discovery:discover_packages(path) discover
[0.342s] Level 1:colcon.colcon_core.package_discovery:discover_packages(path) using defaults
[0.362s] INFO:colcon.colcon_core.package_selection:Skipping not selected package 'cpp_pubsub' in 'src/cpp_pubsub'
[0.362s] INFO:colcon.colcon_core.package_selection:Skipping not selected package 'cpp_srvcli' in 'src/cpp_srvcli'
[0.362s] Level 1:colcon.colcon_core.package_discovery:discover_packages(prefix_path) check parameters
[0.362s] Level 1:colcon.colcon_core.package_discovery:discover_packages(prefix_path) discover
[0.364s] Level 1:colcon.colcon_core.package_discovery:discover_packages(prefix_path) using defaults
[0.365s] Level 5:colcon.colcon_core.verb:set package 'turtlebot3_control' build argument 'cmake_args' from command line to 'None'
[0.365s] Level 5:colcon.colcon_core.verb:set package 'turtlebot3_control' build argument 'cmake_target' from command line to 'None'
[0.365s] Level 5:colcon.colcon_core.verb:set package 'turtlebot3_control' build argument 'cmake_target_skip_unavailable' from command line to 'False'
[0.365s] Level 5:colcon.colcon_core.verb:set package 'turtlebot3_control' build argument 'cmake_clean_cache' from command line to 'False'
[0.365s] Level 5:colcon.colcon_core.verb:set package 'turtlebot3_control' build argument 'cmake_clean_first' from command line to 'False'
[0.365s] Level 5:colcon.colcon_core.verb:set package 'turtlebot3_control' build argument 'cmake_force_configure' from command line to 'False'
[0.365s] Level 5:colcon.colcon_core.verb:set package 'turtlebot3_control' build argument 'ament_cmake_args' from command line to 'None'
[0.365s] Level 5:colcon.colcon_core.verb:set package 'turtlebot3_control' build argument 'catkin_cmake_args' from command line to 'None'
[0.365s] Level 5:colcon.colcon_core.verb:set package 'turtlebot3_control' build argument 'catkin_skip_building_tests' from command line to 'False'
[0.365s] DEBUG:colcon.colcon_core.verb:Building package 'turtlebot3_control' with the following arguments: {'ament_cmake_args': None, 'build_base': '/home/sarah/git/Mobile_robotsystem/robot_code/cpp/ros2_ws/build/turtlebot3_control', 'catkin_cmake_args': None, 'catkin_skip_building_tests': False, 'cmake_args': None, 'cmake_clean_cache': False, 'cmake_clean_first': False, 'cmake_force_configure': False, 'cmake_target': None, 'cmake_target_skip_unavailable': False, 'install_base': '/home/sarah/git/Mobile_robotsystem/robot_code/cpp/ros2_ws/install/turtlebot3_control', 'merge_install': False, 'path': '/home/sarah/git/Mobile_robotsystem/robot_code/cpp/ros2_ws/src/turtlebot3_control', 'symlink_install': False, 'test_result_base': None}
[0.365s] INFO:colcon.colcon_core.executor:Executing jobs using 'parallel' executor
[0.366s] DEBUG:colcon.colcon_parallel_executor.executor.parallel:run_until_complete
[0.366s] INFO:colcon.colcon_ros.task.ament_cmake.build:Building ROS package in '/home/sarah/git/Mobile_robotsystem/robot_code/cpp/ros2_ws/src/turtlebot3_control' with build type 'ament_cmake'
[0.366s] INFO:colcon.colcon_cmake.task.cmake.build:Building CMake package in '/home/sarah/git/Mobile_robotsystem/robot_code/cpp/ros2_ws/src/turtlebot3_control'
[0.369s] INFO:colcon.colcon_core.plugin_system:Skipping extension 'colcon_core.shell.bat': Not used on non-Windows systems
[0.369s] INFO:colcon.colcon_core.shell:Skip shell extension 'powershell' for command environment: Not usable outside of PowerShell
[0.369s] DEBUG:colcon.colcon_core.shell:Skip shell extension 'dsv' for command environment
[0.376s] DEBUG:colcon.colcon_core.event_handler.log_command:Invoking command in '/home/sarah/git/Mobile_robotsystem/robot_code/cpp/ros2_ws/build/turtlebot3_control': /usr/bin/cmake --build /home/sarah/git/Mobile_robotsystem/robot_code/cpp/ros2_ws/build/turtlebot3_control -- -j16 -l16
[3.694s] DEBUG:colcon.colcon_core.event_handler.log_command:Invoked command in '/home/sarah/git/Mobile_robotsystem/robot_code/cpp/ros2_ws/build/turtlebot3_control' returned '0': /usr/bin/cmake --build /home/sarah/git/Mobile_robotsystem/robot_code/cpp/ros2_ws/build/turtlebot3_control -- -j16 -l16
[3.713s] DEBUG:colcon.colcon_core.event_handler.log_command:Invoking command in '/home/sarah/git/Mobile_robotsystem/robot_code/cpp/ros2_ws/build/turtlebot3_control': /usr/bin/cmake --install /home/sarah/git/Mobile_robotsystem/robot_code/cpp/ros2_ws/build/turtlebot3_control
[3.721s] Level 1:colcon.colcon_core.environment:create_environment_scripts_only(turtlebot3_control)
[3.721s] DEBUG:colcon.colcon_core.event_handler.log_command:Invoked command in '/home/sarah/git/Mobile_robotsystem/robot_code/cpp/ros2_ws/build/turtlebot3_control' returned '0': /usr/bin/cmake --install /home/sarah/git/Mobile_robotsystem/robot_code/cpp/ros2_ws/build/turtlebot3_control
[3.725s] Level 1:colcon.colcon_core.environment:checking '/home/sarah/git/Mobile_robotsystem/robot_code/cpp/ros2_ws/install/turtlebot3_control' for CMake module files
[3.725s] Level 1:colcon.colcon_core.environment:checking '/home/sarah/git/Mobile_robotsystem/robot_code/cpp/ros2_ws/install/turtlebot3_control' for CMake config files
[3.725s] Level 1:colcon.colcon_core.shell:create_environment_hook('turtlebot3_control', 'cmake_prefix_path')
[3.725s] INFO:colcon.colcon_core.shell:Creating environment hook '/home/sarah/git/Mobile_robotsystem/robot_code/cpp/ros2_ws/install/turtlebot3_control/share/turtlebot3_control/hook/cmake_prefix_path.ps1'
[3.726s] INFO:colcon.colcon_core.shell:Creating environment descriptor '/home/sarah/git/Mobile_robotsystem/robot_code/cpp/ros2_ws/install/turtlebot3_control/share/turtlebot3_control/hook/cmake_prefix_path.dsv'
[3.727s] INFO:colcon.colcon_core.shell:Creating environment hook '/home/sarah/git/Mobile_robotsystem/robot_code/cpp/ros2_ws/install/turtlebot3_control/share/turtlebot3_control/hook/cmake_prefix_path.sh'
[3.727s] Level 1:colcon.colcon_core.environment:checking '/home/sarah/git/Mobile_robotsystem/robot_code/cpp/ros2_ws/install/turtlebot3_control/lib'
[3.727s] Level 1:colcon.colcon_core.environment:checking '/home/sarah/git/Mobile_robotsystem/robot_code/cpp/ros2_ws/install/turtlebot3_control/bin'
[3.728s] Level 1:colcon.colcon_core.environment:checking '/home/sarah/git/Mobile_robotsystem/robot_code/cpp/ros2_ws/install/turtlebot3_control/lib/pkgconfig/turtlebot3_control.pc'
[3.729s] Level 1:colcon.colcon_core.environment:checking '/home/sarah/git/Mobile_robotsystem/robot_code/cpp/ros2_ws/install/turtlebot3_control/lib/python3.10/site-packages'
[3.730s] Level 1:colcon.colcon_core.environment:checking '/home/sarah/git/Mobile_robotsystem/robot_code/cpp/ros2_ws/install/turtlebot3_control/bin'
[3.730s] INFO:colcon.colcon_core.shell:Creating package script '/home/sarah/git/Mobile_robotsystem/robot_code/cpp/ros2_ws/install/turtlebot3_control/share/turtlebot3_control/package.ps1'
[3.731s] INFO:colcon.colcon_core.shell:Creating package descriptor '/home/sarah/git/Mobile_robotsystem/robot_code/cpp/ros2_ws/install/turtlebot3_control/share/turtlebot3_control/package.dsv'
[3.731s] INFO:colcon.colcon_core.shell:Creating package script '/home/sarah/git/Mobile_robotsystem/robot_code/cpp/ros2_ws/install/turtlebot3_control/share/turtlebot3_control/package.sh'
[3.732s] INFO:colcon.colcon_core.shell:Creating package script '/home/sarah/git/Mobile_robotsystem/robot_code/cpp/ros2_ws/install/turtlebot3_control/share/turtlebot3_control/package.bash'
[3.733s] INFO:colcon.colcon_core.shell:Creating package script '/home/sarah/git/Mobile_robotsystem/robot_code/cpp/ros2_ws/install/turtlebot3_control/share/turtlebot3_control/package.zsh'
[3.733s] Level 1:colcon.colcon_core.environment:create_file_with_runtime_dependencies(/home/sarah/git/Mobile_robotsystem/robot_code/cpp/ros2_ws/install/turtlebot3_control/share/colcon-core/packages/turtlebot3_control)
[3.747s] Level 1:colcon.colcon_core.environment:create_environment_scripts_only(turtlebot3_control)
[3.747s] Level 1:colcon.colcon_core.environment:checking '/home/sarah/git/Mobile_robotsystem/robot_code/cpp/ros2_ws/install/turtlebot3_control' for CMake module files
[3.747s] Level 1:colcon.colcon_core.environment:checking '/home/sarah/git/Mobile_robotsystem/robot_code/cpp/ros2_ws/install/turtlebot3_control' for CMake config files
[3.747s] Level 1:colcon.colcon_core.shell:create_environment_hook('turtlebot3_control', 'cmake_prefix_path')
[3.747s] INFO:colcon.colcon_core.shell:Creating environment hook '/home/sarah/git/Mobile_robotsystem/robot_code/cpp/ros2_ws/install/turtlebot3_control/share/turtlebot3_control/hook/cmake_prefix_path.ps1'
[3.748s] INFO:colcon.colcon_core.shell:Creating environment descriptor '/home/sarah/git/Mobile_robotsystem/robot_code/cpp/ros2_ws/install/turtlebot3_control/share/turtlebot3_control/hook/cmake_prefix_path.dsv'
[3.748s] INFO:colcon.colcon_core.shell:Creating environment hook '/home/sarah/git/Mobile_robotsystem/robot_code/cpp/ros2_ws/install/turtlebot3_control/share/turtlebot3_control/hook/cmake_prefix_path.sh'
[3.748s] Level 1:colcon.colcon_core.environment:checking '/home/sarah/git/Mobile_robotsystem/robot_code/cpp/ros2_ws/install/turtlebot3_control/lib'
[3.748s] Level 1:colcon.colcon_core.environment:checking '/home/sarah/git/Mobile_robotsystem/robot_code/cpp/ros2_ws/install/turtlebot3_control/bin'
[3.749s] Level 1:colcon.colcon_core.environment:checking '/home/sarah/git/Mobile_robotsystem/robot_code/cpp/ros2_ws/install/turtlebot3_control/lib/pkgconfig/turtlebot3_control.pc'
[3.749s] Level 1:colcon.colcon_core.environment:checking '/home/sarah/git/Mobile_robotsystem/robot_code/cpp/ros2_ws/install/turtlebot3_control/lib/python3.10/site-packages'
[3.749s] Level 1:colcon.colcon_core.environment:checking '/home/sarah/git/Mobile_robotsystem/robot_code/cpp/ros2_ws/install/turtlebot3_control/bin'
[3.749s] INFO:colcon.colcon_core.shell:Creating package script '/home/sarah/git/Mobile_robotsystem/robot_code/cpp/ros2_ws/install/turtlebot3_control/share/turtlebot3_control/package.ps1'
[3.749s] INFO:colcon.colcon_core.shell:Creating package descriptor '/home/sarah/git/Mobile_robotsystem/robot_code/cpp/ros2_ws/install/turtlebot3_control/share/turtlebot3_control/package.dsv'
[3.750s] INFO:colcon.colcon_core.shell:Creating package script '/home/sarah/git/Mobile_robotsystem/robot_code/cpp/ros2_ws/install/turtlebot3_control/share/turtlebot3_control/package.sh'
[3.750s] INFO:colcon.colcon_core.shell:Creating package script '/home/sarah/git/Mobile_robotsystem/robot_code/cpp/ros2_ws/install/turtlebot3_control/share/turtlebot3_control/package.bash'
[3.750s] INFO:colcon.colcon_core.shell:Creating package script '/home/sarah/git/Mobile_robotsystem/robot_code/cpp/ros2_ws/install/turtlebot3_control/share/turtlebot3_control/package.zsh'
[3.750s] Level 1:colcon.colcon_core.environment:create_file_with_runtime_dependencies(/home/sarah/git/Mobile_robotsystem/robot_code/cpp/ros2_ws/install/turtlebot3_control/share/colcon-core/packages/turtlebot3_control)
[3.750s] DEBUG:colcon.colcon_parallel_executor.executor.parallel:closing loop
[3.751s] DEBUG:colcon.colcon_parallel_executor.executor.parallel:loop closed
[3.751s] DEBUG:colcon.colcon_parallel_executor.executor.parallel:run_until_complete finished with '0'
[3.751s] DEBUG:colcon.colcon_core.event_reactor:joining thread
[3.797s] INFO:colcon.colcon_core.plugin_system:Skipping extension 'colcon_notification.desktop_notification.notify_send': Could not find 'notify-send'
[3.797s] INFO:colcon.colcon_core.plugin_system:Skipping extension 'colcon_notification.desktop_notification.terminal_notifier': Not used on non-Darwin systems
[3.797s] INFO:colcon.colcon_core.plugin_system:Skipping extension 'colcon_notification.desktop_notification.win32': Not used on non-Windows systems
[3.798s] INFO:colcon.colcon_notification.desktop_notification:Sending desktop notification using 'notify2'
[3.798s] DEBUG:colcon.colcon_notification.desktop_notification.notify2:Failed to initialize notify2: org.freedesktop.DBus.Error.FileNotFound: Failed to connect to socket /run/user/1000/bus: No such file or directory
[3.798s] DEBUG:colcon.colcon_core.event_reactor:joined thread
[3.799s] INFO:colcon.colcon_core.shell:Creating prefix script '/home/sarah/git/Mobile_robotsystem/robot_code/cpp/ros2_ws/install/local_setup.ps1'
[3.801s] INFO:colcon.colcon_core.shell:Creating prefix util module '/home/sarah/git/Mobile_robotsystem/robot_code/cpp/ros2_ws/install/_local_setup_util_ps1.py'
[3.802s] INFO:colcon.colcon_core.shell:Creating prefix chain script '/home/sarah/git/Mobile_robotsystem/robot_code/cpp/ros2_ws/install/setup.ps1'
[3.803s] INFO:colcon.colcon_core.shell:Creating prefix script '/home/sarah/git/Mobile_robotsystem/robot_code/cpp/ros2_ws/install/local_setup.sh'
[3.803s] INFO:colcon.colcon_core.shell:Creating prefix util module '/home/sarah/git/Mobile_robotsystem/robot_code/cpp/ros2_ws/install/_local_setup_util_sh.py'
[3.804s] INFO:colcon.colcon_core.shell:Creating prefix chain script '/home/sarah/git/Mobile_robotsystem/robot_code/cpp/ros2_ws/install/setup.sh'
[3.804s] INFO:colcon.colcon_core.shell:Creating prefix script '/home/sarah/git/Mobile_robotsystem/robot_code/cpp/ros2_ws/install/local_setup.bash'
[3.805s] INFO:colcon.colcon_core.shell:Creating prefix chain script '/home/sarah/git/Mobile_robotsystem/robot_code/cpp/ros2_ws/install/setup.bash'
[3.805s] INFO:colcon.colcon_core.shell:Creating prefix script '/home/sarah/git/Mobile_robotsystem/robot_code/cpp/ros2_ws/install/local_setup.zsh'
[3.806s] INFO:colcon.colcon_core.shell:Creating prefix chain script '/home/sarah/git/Mobile_robotsystem/robot_code/cpp/ros2_ws/install/setup.zsh'
