[0.085s] DEBUG:colcon:Command line arguments: ['/usr/bin/colcon', 'build']
[0.085s] DEBUG:colcon:Parsed command line arguments: Namespace(log_base=None, log_level=None, verb_name='build', build_base='build', install_base='install', merge_install=False, symlink_install=False, test_result_base=None, continue_on_error=False, executor='parallel', parallel_workers=16, event_handlers=None, ignore_user_meta=False, metas=['./colcon.meta'], base_paths=['.'], packages_ignore=None, packages_ignore_regex=None, paths=None, packages_up_to=None, packages_up_to_regex=None, packages_above=None, packages_above_and_dependencies=None, packages_above_depth=None, packages_select_by_dep=None, packages_skip_by_dep=None, packages_skip_up_to=None, packages_select_build_failed=False, packages_skip_build_finished=False, packages_select_test_failures=False, packages_skip_test_passed=False, packages_select=None, packages_skip=None, packages_select_regex=None, packages_skip_regex=None, packages_start=None, packages_end=None, allow_overriding=[], cmake_args=None, cmake_target=None, cmake_target_skip_unavailable=False, cmake_clean_cache=False, cmake_clean_first=False, cmake_force_configure=False, mixin_files=None, mixin=None, verb_parser=<colcon_mixin.mixin.mixin_argument.MixinArgumentDecorator object at 0x7f67a651e4d0>, verb_extension=<colcon_core.verb.build.BuildVerb object at 0x7f67a651dfc0>, main=<bound method BuildVerb.main of <colcon_core.verb.build.BuildVerb object at 0x7f67a651dfc0>>, mixin_verb=('build',))
[0.233s] Level 1:colcon.colcon_core.package_discovery:discover_packages(colcon_meta) check parameters
[0.233s] Level 1:colcon.colcon_core.package_discovery:discover_packages(recursive) check parameters
[0.233s] Level 1:colcon.colcon_core.package_discovery:discover_packages(ignore) check parameters
[0.233s] Level 1:colcon.colcon_core.package_discovery:discover_packages(path) check parameters
[0.233s] Level 1:colcon.colcon_core.package_discovery:discover_packages(colcon_meta) discover
[0.233s] Level 1:colcon.colcon_core.package_discovery:discover_packages(recursive) discover
[0.233s] INFO:colcon.colcon_core.package_discovery:Crawling recursively for packages in '/home/chris/git/Mobile_robotsystem/robot_code/cpp/ros2_ws_gazebo'
[0.233s] Level 1:colcon.colcon_core.package_identification:_identify(.) by extensions ['ignore']
[0.233s] Level 1:colcon.colcon_core.package_identification:_identify(.) by extension 'ignore'
[0.233s] Level 1:colcon.colcon_core.package_identification:_identify(.) by extensions ['colcon_pkg']
[0.233s] Level 1:colcon.colcon_core.package_identification:_identify(.) by extension 'colcon_pkg'
[0.233s] Level 1:colcon.colcon_core.package_identification:_identify(.) by extensions ['colcon_meta']
[0.233s] Level 1:colcon.colcon_core.package_identification:_identify(.) by extension 'colcon_meta'
[0.233s] Level 1:colcon.colcon_core.package_identification:_identify(.) by extensions ['cmake', 'python']
[0.233s] Level 1:colcon.colcon_core.package_identification:_identify(.) by extension 'cmake'
[0.233s] Level 1:colcon.colcon_core.package_identification:_identify(.) by extension 'python'
[0.233s] Level 1:colcon.colcon_core.package_identification:_identify(.) by extensions ['python_setup_py']
[0.233s] Level 1:colcon.colcon_core.package_identification:_identify(.) by extension 'python_setup_py'
[0.234s] Level 1:colcon.colcon_core.package_identification:_identify(build) by extensions ['ignore']
[0.234s] Level 1:colcon.colcon_core.package_identification:_identify(build) by extension 'ignore'
[0.234s] Level 1:colcon.colcon_core.package_identification:_identify(build) ignored
[0.234s] Level 1:colcon.colcon_core.package_identification:_identify(install) by extensions ['ignore']
[0.234s] Level 1:colcon.colcon_core.package_identification:_identify(install) by extension 'ignore'
[0.234s] Level 1:colcon.colcon_core.package_identification:_identify(install) ignored
[0.234s] Level 1:colcon.colcon_core.package_identification:_identify(log) by extensions ['ignore']
[0.234s] Level 1:colcon.colcon_core.package_identification:_identify(log) by extension 'ignore'
[0.234s] Level 1:colcon.colcon_core.package_identification:_identify(log) ignored
[0.234s] Level 1:colcon.colcon_core.package_identification:_identify(src) by extensions ['ignore']
[0.234s] Level 1:colcon.colcon_core.package_identification:_identify(src) by extension 'ignore'
[0.234s] Level 1:colcon.colcon_core.package_identification:_identify(src) by extensions ['colcon_pkg']
[0.234s] Level 1:colcon.colcon_core.package_identification:_identify(src) by extension 'colcon_pkg'
[0.234s] Level 1:colcon.colcon_core.package_identification:_identify(src) by extensions ['colcon_meta']
[0.234s] Level 1:colcon.colcon_core.package_identification:_identify(src) by extension 'colcon_meta'
[0.234s] Level 1:colcon.colcon_core.package_identification:_identify(src) by extensions ['cmake', 'python']
[0.234s] Level 1:colcon.colcon_core.package_identification:_identify(src) by extension 'cmake'
[0.234s] Level 1:colcon.colcon_core.package_identification:_identify(src) by extension 'python'
[0.234s] Level 1:colcon.colcon_core.package_identification:_identify(src) by extensions ['python_setup_py']
[0.234s] Level 1:colcon.colcon_core.package_identification:_identify(src) by extension 'python_setup_py'
[0.234s] Level 1:colcon.colcon_core.package_identification:_identify(src/build) by extensions ['ignore']
[0.235s] Level 1:colcon.colcon_core.package_identification:_identify(src/build) by extension 'ignore'
[0.235s] Level 1:colcon.colcon_core.package_identification:_identify(src/build) ignored
[0.235s] Level 1:colcon.colcon_core.package_identification:_identify(src/install) by extensions ['ignore']
[0.235s] Level 1:colcon.colcon_core.package_identification:_identify(src/install) by extension 'ignore'
[0.235s] Level 1:colcon.colcon_core.package_identification:_identify(src/install) ignored
[0.235s] Level 1:colcon.colcon_core.package_identification:_identify(src/log) by extensions ['ignore']
[0.235s] Level 1:colcon.colcon_core.package_identification:_identify(src/log) by extension 'ignore'
[0.235s] Level 1:colcon.colcon_core.package_identification:_identify(src/log) ignored
[0.235s] Level 1:colcon.colcon_core.package_identification:_identify(src/turtlebot3_simulations) by extensions ['ignore']
[0.235s] Level 1:colcon.colcon_core.package_identification:_identify(src/turtlebot3_simulations) by extension 'ignore'
[0.235s] Level 1:colcon.colcon_core.package_identification:_identify(src/turtlebot3_simulations) by extensions ['colcon_pkg']
[0.235s] Level 1:colcon.colcon_core.package_identification:_identify(src/turtlebot3_simulations) by extension 'colcon_pkg'
[0.235s] Level 1:colcon.colcon_core.package_identification:_identify(src/turtlebot3_simulations) by extensions ['colcon_meta']
[0.235s] Level 1:colcon.colcon_core.package_identification:_identify(src/turtlebot3_simulations) by extension 'colcon_meta'
[0.235s] Level 1:colcon.colcon_core.package_identification:_identify(src/turtlebot3_simulations) by extensions ['cmake', 'python']
[0.235s] Level 1:colcon.colcon_core.package_identification:_identify(src/turtlebot3_simulations) by extension 'cmake'
[0.235s] Level 1:colcon.colcon_core.package_identification:_identify(src/turtlebot3_simulations) by extension 'python'
[0.235s] Level 1:colcon.colcon_core.package_identification:_identify(src/turtlebot3_simulations) by extensions ['python_setup_py']
[0.235s] Level 1:colcon.colcon_core.package_identification:_identify(src/turtlebot3_simulations) by extension 'python_setup_py'
[0.235s] Level 1:colcon.colcon_core.package_identification:_identify(src/turtlebot3_simulations/turtlebot3_fake_node) by extensions ['ignore']
[0.236s] Level 1:colcon.colcon_core.package_identification:_identify(src/turtlebot3_simulations/turtlebot3_fake_node) by extension 'ignore'
[0.236s] Level 1:colcon.colcon_core.package_identification:_identify(src/turtlebot3_simulations/turtlebot3_fake_node) by extensions ['colcon_pkg']
[0.236s] Level 1:colcon.colcon_core.package_identification:_identify(src/turtlebot3_simulations/turtlebot3_fake_node) by extension 'colcon_pkg'
[0.236s] Level 1:colcon.colcon_core.package_identification:_identify(src/turtlebot3_simulations/turtlebot3_fake_node) by extensions ['colcon_meta']
[0.236s] Level 1:colcon.colcon_core.package_identification:_identify(src/turtlebot3_simulations/turtlebot3_fake_node) by extension 'colcon_meta'
[0.236s] Level 1:colcon.colcon_core.package_identification:_identify(src/turtlebot3_simulations/turtlebot3_fake_node) by extensions ['cmake', 'python']
[0.236s] Level 1:colcon.colcon_core.package_identification:_identify(src/turtlebot3_simulations/turtlebot3_fake_node) by extension 'cmake'
[0.237s] Level 1:colcon.colcon_core.package_identification:_identify(src/turtlebot3_simulations/turtlebot3_fake_node) by extension 'python'
[0.237s] DEBUG:colcon.colcon_core.package_identification:Package 'src/turtlebot3_simulations/turtlebot3_fake_node' with type 'cmake' and name 'turtlebot3_fake_node'
[0.237s] Level 1:colcon.colcon_core.package_identification:_identify(src/turtlebot3_simulations/turtlebot3_gazebo) by extensions ['ignore']
[0.237s] Level 1:colcon.colcon_core.package_identification:_identify(src/turtlebot3_simulations/turtlebot3_gazebo) by extension 'ignore'
[0.237s] Level 1:colcon.colcon_core.package_identification:_identify(src/turtlebot3_simulations/turtlebot3_gazebo) by extensions ['colcon_pkg']
[0.237s] Level 1:colcon.colcon_core.package_identification:_identify(src/turtlebot3_simulations/turtlebot3_gazebo) by extension 'colcon_pkg'
[0.237s] Level 1:colcon.colcon_core.package_identification:_identify(src/turtlebot3_simulations/turtlebot3_gazebo) by extensions ['colcon_meta']
[0.237s] Level 1:colcon.colcon_core.package_identification:_identify(src/turtlebot3_simulations/turtlebot3_gazebo) by extension 'colcon_meta'
[0.237s] Level 1:colcon.colcon_core.package_identification:_identify(src/turtlebot3_simulations/turtlebot3_gazebo) by extensions ['cmake', 'python']
[0.237s] Level 1:colcon.colcon_core.package_identification:_identify(src/turtlebot3_simulations/turtlebot3_gazebo) by extension 'cmake'
[0.239s] Level 1:colcon.colcon_core.package_identification:_identify(src/turtlebot3_simulations/turtlebot3_gazebo) by extension 'python'
[0.239s] DEBUG:colcon.colcon_core.package_identification:Package 'src/turtlebot3_simulations/turtlebot3_gazebo' with type 'cmake' and name 'turtlebot3_gazebo'
[0.239s] Level 1:colcon.colcon_core.package_identification:_identify(src/turtlebot3_simulations/turtlebot3_simulations) by extensions ['ignore']
[0.239s] Level 1:colcon.colcon_core.package_identification:_identify(src/turtlebot3_simulations/turtlebot3_simulations) by extension 'ignore'
[0.239s] Level 1:colcon.colcon_core.package_identification:_identify(src/turtlebot3_simulations/turtlebot3_simulations) by extensions ['colcon_pkg']
[0.239s] Level 1:colcon.colcon_core.package_identification:_identify(src/turtlebot3_simulations/turtlebot3_simulations) by extension 'colcon_pkg'
[0.239s] Level 1:colcon.colcon_core.package_identification:_identify(src/turtlebot3_simulations/turtlebot3_simulations) by extensions ['colcon_meta']
[0.239s] Level 1:colcon.colcon_core.package_identification:_identify(src/turtlebot3_simulations/turtlebot3_simulations) by extension 'colcon_meta'
[0.239s] Level 1:colcon.colcon_core.package_identification:_identify(src/turtlebot3_simulations/turtlebot3_simulations) by extensions ['cmake', 'python']
[0.239s] Level 1:colcon.colcon_core.package_identification:_identify(src/turtlebot3_simulations/turtlebot3_simulations) by extension 'cmake'
[0.239s] Level 1:colcon.colcon_core.package_identification:_identify(src/turtlebot3_simulations/turtlebot3_simulations) by extension 'python'
[0.239s] DEBUG:colcon.colcon_core.package_identification:Package 'src/turtlebot3_simulations/turtlebot3_simulations' with type 'cmake' and name 'turtlebot3_simulations'
[0.239s] Level 1:colcon.colcon_core.package_discovery:discover_packages(recursive) using defaults
[0.239s] Level 1:colcon.colcon_core.package_discovery:discover_packages(ignore) discover
[0.239s] Level 1:colcon.colcon_core.package_discovery:discover_packages(ignore) using defaults
[0.239s] Level 1:colcon.colcon_core.package_discovery:discover_packages(path) discover
[0.239s] Level 1:colcon.colcon_core.package_discovery:discover_packages(path) using defaults
[0.254s] Level 1:colcon.colcon_core.package_discovery:discover_packages(prefix_path) check parameters
[0.254s] Level 1:colcon.colcon_core.package_discovery:discover_packages(prefix_path) discover
[0.254s] DEBUG:colcon.colcon_installed_package_information.package_discovery:Found 1 installed packages in /home/chris/git/Mobile_robotsystem/robot_code/cpp/ros2_ws/install
[0.255s] DEBUG:colcon.colcon_installed_package_information.package_discovery:Found 0 installed packages in /home/chris/git/Mobile_robotsystem/robot_code/cpp/ros2_ws_gazebo/install
[0.255s] DEBUG:colcon.colcon_installed_package_information.package_discovery:Found 0 installed packages in /home/chris/git/Mobile_robotsystem/robot_code/cpp/ros2_ws/src/cpp_pubsub/src/install
[0.255s] Level 1:colcon.colcon_core.package_discovery:discover_packages(prefix_path) using defaults
[0.256s] Level 5:colcon.colcon_core.verb:set package 'turtlebot3_fake_node' build argument 'cmake_args' from command line to 'None'
[0.256s] Level 5:colcon.colcon_core.verb:set package 'turtlebot3_fake_node' build argument 'cmake_target' from command line to 'None'
[0.256s] Level 5:colcon.colcon_core.verb:set package 'turtlebot3_fake_node' build argument 'cmake_target_skip_unavailable' from command line to 'False'
[0.256s] Level 5:colcon.colcon_core.verb:set package 'turtlebot3_fake_node' build argument 'cmake_clean_cache' from command line to 'False'
[0.256s] Level 5:colcon.colcon_core.verb:set package 'turtlebot3_fake_node' build argument 'cmake_clean_first' from command line to 'False'
[0.256s] Level 5:colcon.colcon_core.verb:set package 'turtlebot3_fake_node' build argument 'cmake_force_configure' from command line to 'False'
[0.256s] DEBUG:colcon.colcon_core.verb:Building package 'turtlebot3_fake_node' with the following arguments: {'build_base': '/home/chris/git/Mobile_robotsystem/robot_code/cpp/ros2_ws_gazebo/build/turtlebot3_fake_node', 'cmake_args': None, 'cmake_clean_cache': False, 'cmake_clean_first': False, 'cmake_force_configure': False, 'cmake_target': None, 'cmake_target_skip_unavailable': False, 'install_base': '/home/chris/git/Mobile_robotsystem/robot_code/cpp/ros2_ws_gazebo/install/turtlebot3_fake_node', 'merge_install': False, 'path': '/home/chris/git/Mobile_robotsystem/robot_code/cpp/ros2_ws_gazebo/src/turtlebot3_simulations/turtlebot3_fake_node', 'symlink_install': False, 'test_result_base': None}
[0.256s] Level 5:colcon.colcon_core.verb:set package 'turtlebot3_gazebo' build argument 'cmake_args' from command line to 'None'
[0.256s] Level 5:colcon.colcon_core.verb:set package 'turtlebot3_gazebo' build argument 'cmake_target' from command line to 'None'
[0.256s] Level 5:colcon.colcon_core.verb:set package 'turtlebot3_gazebo' build argument 'cmake_target_skip_unavailable' from command line to 'False'
[0.256s] Level 5:colcon.colcon_core.verb:set package 'turtlebot3_gazebo' build argument 'cmake_clean_cache' from command line to 'False'
[0.256s] Level 5:colcon.colcon_core.verb:set package 'turtlebot3_gazebo' build argument 'cmake_clean_first' from command line to 'False'
[0.256s] Level 5:colcon.colcon_core.verb:set package 'turtlebot3_gazebo' build argument 'cmake_force_configure' from command line to 'False'
[0.256s] DEBUG:colcon.colcon_core.verb:Building package 'turtlebot3_gazebo' with the following arguments: {'build_base': '/home/chris/git/Mobile_robotsystem/robot_code/cpp/ros2_ws_gazebo/build/turtlebot3_gazebo', 'cmake_args': None, 'cmake_clean_cache': False, 'cmake_clean_first': False, 'cmake_force_configure': False, 'cmake_target': None, 'cmake_target_skip_unavailable': False, 'install_base': '/home/chris/git/Mobile_robotsystem/robot_code/cpp/ros2_ws_gazebo/install/turtlebot3_gazebo', 'merge_install': False, 'path': '/home/chris/git/Mobile_robotsystem/robot_code/cpp/ros2_ws_gazebo/src/turtlebot3_simulations/turtlebot3_gazebo', 'symlink_install': False, 'test_result_base': None}
[0.256s] Level 5:colcon.colcon_core.verb:set package 'turtlebot3_simulations' build argument 'cmake_args' from command line to 'None'
[0.256s] Level 5:colcon.colcon_core.verb:set package 'turtlebot3_simulations' build argument 'cmake_target' from command line to 'None'
[0.256s] Level 5:colcon.colcon_core.verb:set package 'turtlebot3_simulations' build argument 'cmake_target_skip_unavailable' from command line to 'False'
[0.256s] Level 5:colcon.colcon_core.verb:set package 'turtlebot3_simulations' build argument 'cmake_clean_cache' from command line to 'False'
[0.256s] Level 5:colcon.colcon_core.verb:set package 'turtlebot3_simulations' build argument 'cmake_clean_first' from command line to 'False'
[0.256s] Level 5:colcon.colcon_core.verb:set package 'turtlebot3_simulations' build argument 'cmake_force_configure' from command line to 'False'
[0.256s] DEBUG:colcon.colcon_core.verb:Building package 'turtlebot3_simulations' with the following arguments: {'build_base': '/home/chris/git/Mobile_robotsystem/robot_code/cpp/ros2_ws_gazebo/build/turtlebot3_simulations', 'cmake_args': None, 'cmake_clean_cache': False, 'cmake_clean_first': False, 'cmake_force_configure': False, 'cmake_target': None, 'cmake_target_skip_unavailable': False, 'install_base': '/home/chris/git/Mobile_robotsystem/robot_code/cpp/ros2_ws_gazebo/install/turtlebot3_simulations', 'merge_install': False, 'path': '/home/chris/git/Mobile_robotsystem/robot_code/cpp/ros2_ws_gazebo/src/turtlebot3_simulations/turtlebot3_simulations', 'symlink_install': False, 'test_result_base': None}
[0.256s] INFO:colcon.colcon_core.executor:Executing jobs using 'parallel' executor
[0.257s] DEBUG:colcon.colcon_parallel_executor.executor.parallel:run_until_complete
[0.258s] INFO:colcon.colcon_cmake.task.cmake.build:Building CMake package in '/home/chris/git/Mobile_robotsystem/robot_code/cpp/ros2_ws_gazebo/src/turtlebot3_simulations/turtlebot3_fake_node'
[0.260s] INFO:colcon.colcon_core.plugin_system:Skipping extension 'colcon_core.shell.bat': Not used on non-Windows systems
[0.260s] INFO:colcon.colcon_core.shell:Skip shell extension 'powershell' for command environment: Not usable outside of PowerShell
[0.260s] DEBUG:colcon.colcon_core.shell:Skip shell extension 'dsv' for command environment
[0.262s] INFO:colcon.colcon_cmake.task.cmake.build:Building CMake package in '/home/chris/git/Mobile_robotsystem/robot_code/cpp/ros2_ws_gazebo/src/turtlebot3_simulations/turtlebot3_gazebo'
[0.263s] INFO:colcon.colcon_core.shell:Skip shell extension 'powershell' for command environment: Not usable outside of PowerShell
[0.263s] DEBUG:colcon.colcon_core.shell:Skip shell extension 'dsv' for command environment
[0.265s] INFO:colcon.colcon_cmake.task.cmake.build:Building CMake package in '/home/chris/git/Mobile_robotsystem/robot_code/cpp/ros2_ws_gazebo/src/turtlebot3_simulations/turtlebot3_simulations'
[0.265s] INFO:colcon.colcon_core.shell:Skip shell extension 'powershell' for command environment: Not usable outside of PowerShell
[0.265s] DEBUG:colcon.colcon_core.shell:Skip shell extension 'dsv' for command environment
[0.271s] DEBUG:colcon.colcon_core.event_handler.log_command:Invoking command in '/home/chris/git/Mobile_robotsystem/robot_code/cpp/ros2_ws_gazebo/build/turtlebot3_fake_node': /usr/bin/cmake /home/chris/git/Mobile_robotsystem/robot_code/cpp/ros2_ws_gazebo/src/turtlebot3_simulations/turtlebot3_fake_node -DCMAKE_INSTALL_PREFIX=/home/chris/git/Mobile_robotsystem/robot_code/cpp/ros2_ws_gazebo/install/turtlebot3_fake_node
[0.275s] DEBUG:colcon.colcon_core.event_handler.log_command:Invoking command in '/home/chris/git/Mobile_robotsystem/robot_code/cpp/ros2_ws_gazebo/build/turtlebot3_gazebo': /usr/bin/cmake /home/chris/git/Mobile_robotsystem/robot_code/cpp/ros2_ws_gazebo/src/turtlebot3_simulations/turtlebot3_gazebo -DCMAKE_INSTALL_PREFIX=/home/chris/git/Mobile_robotsystem/robot_code/cpp/ros2_ws_gazebo/install/turtlebot3_gazebo
[0.279s] DEBUG:colcon.colcon_core.event_handler.log_command:Invoking command in '/home/chris/git/Mobile_robotsystem/robot_code/cpp/ros2_ws_gazebo/build/turtlebot3_simulations': /usr/bin/cmake /home/chris/git/Mobile_robotsystem/robot_code/cpp/ros2_ws_gazebo/src/turtlebot3_simulations/turtlebot3_simulations -DCMAKE_INSTALL_PREFIX=/home/chris/git/Mobile_robotsystem/robot_code/cpp/ros2_ws_gazebo/install/turtlebot3_simulations
[1.050s] DEBUG:colcon.colcon_core.event_handler.log_command:Invoked command in '/home/chris/git/Mobile_robotsystem/robot_code/cpp/ros2_ws_gazebo/build/turtlebot3_simulations' returned '0': /usr/bin/cmake /home/chris/git/Mobile_robotsystem/robot_code/cpp/ros2_ws_gazebo/src/turtlebot3_simulations/turtlebot3_simulations -DCMAKE_INSTALL_PREFIX=/home/chris/git/Mobile_robotsystem/robot_code/cpp/ros2_ws_gazebo/install/turtlebot3_simulations
[1.053s] DEBUG:colcon.colcon_core.event_handler.log_command:Invoking command in '/home/chris/git/Mobile_robotsystem/robot_code/cpp/ros2_ws_gazebo/build/turtlebot3_simulations': /usr/bin/cmake --build /home/chris/git/Mobile_robotsystem/robot_code/cpp/ros2_ws_gazebo/build/turtlebot3_simulations -- -j16 -l16
[1.103s] DEBUG:colcon.colcon_core.event_handler.log_command:Invoked command in '/home/chris/git/Mobile_robotsystem/robot_code/cpp/ros2_ws_gazebo/build/turtlebot3_simulations' returned '0': /usr/bin/cmake --build /home/chris/git/Mobile_robotsystem/robot_code/cpp/ros2_ws_gazebo/build/turtlebot3_simulations -- -j16 -l16
[1.153s] DEBUG:colcon.colcon_core.event_handler.log_command:Invoking command in '/home/chris/git/Mobile_robotsystem/robot_code/cpp/ros2_ws_gazebo/build/turtlebot3_simulations': /usr/bin/cmake --install /home/chris/git/Mobile_robotsystem/robot_code/cpp/ros2_ws_gazebo/build/turtlebot3_simulations
[1.167s] Level 1:colcon.colcon_core.environment:create_environment_scripts_only(turtlebot3_simulations)
[1.168s] DEBUG:colcon.colcon_core.event_handler.log_command:Invoked command in '/home/chris/git/Mobile_robotsystem/robot_code/cpp/ros2_ws_gazebo/build/turtlebot3_simulations' returned '0': /usr/bin/cmake --install /home/chris/git/Mobile_robotsystem/robot_code/cpp/ros2_ws_gazebo/build/turtlebot3_simulations
[1.170s] Level 1:colcon.colcon_core.environment:checking '/home/chris/git/Mobile_robotsystem/robot_code/cpp/ros2_ws_gazebo/install/turtlebot3_simulations' for CMake module files
[1.170s] Level 1:colcon.colcon_core.environment:checking '/home/chris/git/Mobile_robotsystem/robot_code/cpp/ros2_ws_gazebo/install/turtlebot3_simulations' for CMake config files
[1.170s] Level 1:colcon.colcon_core.shell:create_environment_hook('turtlebot3_simulations', 'cmake_prefix_path')
[1.170s] INFO:colcon.colcon_core.shell:Creating environment hook '/home/chris/git/Mobile_robotsystem/robot_code/cpp/ros2_ws_gazebo/install/turtlebot3_simulations/share/turtlebot3_simulations/hook/cmake_prefix_path.ps1'
[1.171s] INFO:colcon.colcon_core.shell:Creating environment descriptor '/home/chris/git/Mobile_robotsystem/robot_code/cpp/ros2_ws_gazebo/install/turtlebot3_simulations/share/turtlebot3_simulations/hook/cmake_prefix_path.dsv'
[1.171s] INFO:colcon.colcon_core.shell:Creating environment hook '/home/chris/git/Mobile_robotsystem/robot_code/cpp/ros2_ws_gazebo/install/turtlebot3_simulations/share/turtlebot3_simulations/hook/cmake_prefix_path.sh'
[1.172s] Level 1:colcon.colcon_core.environment:checking '/home/chris/git/Mobile_robotsystem/robot_code/cpp/ros2_ws_gazebo/install/turtlebot3_simulations/bin'
[1.172s] Level 1:colcon.colcon_core.environment:checking '/home/chris/git/Mobile_robotsystem/robot_code/cpp/ros2_ws_gazebo/install/turtlebot3_simulations/lib/pkgconfig/turtlebot3_simulations.pc'
[1.173s] Level 1:colcon.colcon_core.environment:checking '/home/chris/git/Mobile_robotsystem/robot_code/cpp/ros2_ws_gazebo/install/turtlebot3_simulations/lib/python3.10/site-packages'
[1.174s] Level 1:colcon.colcon_core.environment:checking '/home/chris/git/Mobile_robotsystem/robot_code/cpp/ros2_ws_gazebo/install/turtlebot3_simulations/bin'
[1.174s] INFO:colcon.colcon_core.shell:Creating package script '/home/chris/git/Mobile_robotsystem/robot_code/cpp/ros2_ws_gazebo/install/turtlebot3_simulations/share/turtlebot3_simulations/package.ps1'
[1.174s] INFO:colcon.colcon_core.shell:Creating package descriptor '/home/chris/git/Mobile_robotsystem/robot_code/cpp/ros2_ws_gazebo/install/turtlebot3_simulations/share/turtlebot3_simulations/package.dsv'
[1.175s] INFO:colcon.colcon_core.shell:Creating package script '/home/chris/git/Mobile_robotsystem/robot_code/cpp/ros2_ws_gazebo/install/turtlebot3_simulations/share/turtlebot3_simulations/package.sh'
[1.176s] INFO:colcon.colcon_core.shell:Creating package script '/home/chris/git/Mobile_robotsystem/robot_code/cpp/ros2_ws_gazebo/install/turtlebot3_simulations/share/turtlebot3_simulations/package.bash'
[1.177s] INFO:colcon.colcon_core.shell:Creating package script '/home/chris/git/Mobile_robotsystem/robot_code/cpp/ros2_ws_gazebo/install/turtlebot3_simulations/share/turtlebot3_simulations/package.zsh'
[1.178s] Level 1:colcon.colcon_core.environment:create_file_with_runtime_dependencies(/home/chris/git/Mobile_robotsystem/robot_code/cpp/ros2_ws_gazebo/install/turtlebot3_simulations/share/colcon-core/packages/turtlebot3_simulations)
[1.827s] DEBUG:colcon.colcon_core.event_handler.log_command:Invoked command in '/home/chris/git/Mobile_robotsystem/robot_code/cpp/ros2_ws_gazebo/build/turtlebot3_fake_node' returned '0': /usr/bin/cmake /home/chris/git/Mobile_robotsystem/robot_code/cpp/ros2_ws_gazebo/src/turtlebot3_simulations/turtlebot3_fake_node -DCMAKE_INSTALL_PREFIX=/home/chris/git/Mobile_robotsystem/robot_code/cpp/ros2_ws_gazebo/install/turtlebot3_fake_node
[1.829s] DEBUG:colcon.colcon_core.event_handler.log_command:Invoking command in '/home/chris/git/Mobile_robotsystem/robot_code/cpp/ros2_ws_gazebo/build/turtlebot3_fake_node': /usr/bin/cmake --build /home/chris/git/Mobile_robotsystem/robot_code/cpp/ros2_ws_gazebo/build/turtlebot3_fake_node -- -j16 -l16
[3.104s] DEBUG:colcon.colcon_core.event_handler.log_command:Invoked command in '/home/chris/git/Mobile_robotsystem/robot_code/cpp/ros2_ws_gazebo/build/turtlebot3_gazebo' returned '0': /usr/bin/cmake /home/chris/git/Mobile_robotsystem/robot_code/cpp/ros2_ws_gazebo/src/turtlebot3_simulations/turtlebot3_gazebo -DCMAKE_INSTALL_PREFIX=/home/chris/git/Mobile_robotsystem/robot_code/cpp/ros2_ws_gazebo/install/turtlebot3_gazebo
[3.107s] DEBUG:colcon.colcon_core.event_handler.log_command:Invoking command in '/home/chris/git/Mobile_robotsystem/robot_code/cpp/ros2_ws_gazebo/build/turtlebot3_gazebo': /usr/bin/cmake --build /home/chris/git/Mobile_robotsystem/robot_code/cpp/ros2_ws_gazebo/build/turtlebot3_gazebo -- -j16 -l16
[12.927s] DEBUG:colcon.colcon_core.event_handler.log_command:Invoked command in '/home/chris/git/Mobile_robotsystem/robot_code/cpp/ros2_ws_gazebo/build/turtlebot3_fake_node' returned '0': /usr/bin/cmake --build /home/chris/git/Mobile_robotsystem/robot_code/cpp/ros2_ws_gazebo/build/turtlebot3_fake_node -- -j16 -l16
[12.984s] DEBUG:colcon.colcon_core.event_handler.log_command:Invoking command in '/home/chris/git/Mobile_robotsystem/robot_code/cpp/ros2_ws_gazebo/build/turtlebot3_fake_node': /usr/bin/cmake --install /home/chris/git/Mobile_robotsystem/robot_code/cpp/ros2_ws_gazebo/build/turtlebot3_fake_node
[13.017s] Level 1:colcon.colcon_core.environment:create_environment_scripts_only(turtlebot3_fake_node)
[13.017s] Level 1:colcon.colcon_core.environment:checking '/home/chris/git/Mobile_robotsystem/robot_code/cpp/ros2_ws_gazebo/install/turtlebot3_fake_node' for CMake module files
[13.018s] DEBUG:colcon.colcon_core.event_handler.log_command:Invoked command in '/home/chris/git/Mobile_robotsystem/robot_code/cpp/ros2_ws_gazebo/build/turtlebot3_fake_node' returned '0': /usr/bin/cmake --install /home/chris/git/Mobile_robotsystem/robot_code/cpp/ros2_ws_gazebo/build/turtlebot3_fake_node
[13.019s] Level 1:colcon.colcon_core.environment:checking '/home/chris/git/Mobile_robotsystem/robot_code/cpp/ros2_ws_gazebo/install/turtlebot3_fake_node' for CMake config files
[13.019s] Level 1:colcon.colcon_core.shell:create_environment_hook('turtlebot3_fake_node', 'cmake_prefix_path')
[13.019s] INFO:colcon.colcon_core.shell:Creating environment hook '/home/chris/git/Mobile_robotsystem/robot_code/cpp/ros2_ws_gazebo/install/turtlebot3_fake_node/share/turtlebot3_fake_node/hook/cmake_prefix_path.ps1'
[13.020s] INFO:colcon.colcon_core.shell:Creating environment descriptor '/home/chris/git/Mobile_robotsystem/robot_code/cpp/ros2_ws_gazebo/install/turtlebot3_fake_node/share/turtlebot3_fake_node/hook/cmake_prefix_path.dsv'
[13.021s] INFO:colcon.colcon_core.shell:Creating environment hook '/home/chris/git/Mobile_robotsystem/robot_code/cpp/ros2_ws_gazebo/install/turtlebot3_fake_node/share/turtlebot3_fake_node/hook/cmake_prefix_path.sh'
[13.022s] Level 1:colcon.colcon_core.environment:checking '/home/chris/git/Mobile_robotsystem/robot_code/cpp/ros2_ws_gazebo/install/turtlebot3_fake_node/lib'
[13.022s] Level 1:colcon.colcon_core.environment:checking '/home/chris/git/Mobile_robotsystem/robot_code/cpp/ros2_ws_gazebo/install/turtlebot3_fake_node/bin'
[13.022s] Level 1:colcon.colcon_core.environment:checking '/home/chris/git/Mobile_robotsystem/robot_code/cpp/ros2_ws_gazebo/install/turtlebot3_fake_node/lib/pkgconfig/turtlebot3_fake_node.pc'
[13.023s] Level 1:colcon.colcon_core.environment:checking '/home/chris/git/Mobile_robotsystem/robot_code/cpp/ros2_ws_gazebo/install/turtlebot3_fake_node/lib/python3.10/site-packages'
[13.023s] Level 1:colcon.colcon_core.environment:checking '/home/chris/git/Mobile_robotsystem/robot_code/cpp/ros2_ws_gazebo/install/turtlebot3_fake_node/bin'
[13.023s] INFO:colcon.colcon_core.shell:Creating package script '/home/chris/git/Mobile_robotsystem/robot_code/cpp/ros2_ws_gazebo/install/turtlebot3_fake_node/share/turtlebot3_fake_node/package.ps1'
[13.024s] INFO:colcon.colcon_core.shell:Creating package descriptor '/home/chris/git/Mobile_robotsystem/robot_code/cpp/ros2_ws_gazebo/install/turtlebot3_fake_node/share/turtlebot3_fake_node/package.dsv'
[13.025s] INFO:colcon.colcon_core.shell:Creating package script '/home/chris/git/Mobile_robotsystem/robot_code/cpp/ros2_ws_gazebo/install/turtlebot3_fake_node/share/turtlebot3_fake_node/package.sh'
[13.025s] INFO:colcon.colcon_core.shell:Creating package script '/home/chris/git/Mobile_robotsystem/robot_code/cpp/ros2_ws_gazebo/install/turtlebot3_fake_node/share/turtlebot3_fake_node/package.bash'
[13.026s] INFO:colcon.colcon_core.shell:Creating package script '/home/chris/git/Mobile_robotsystem/robot_code/cpp/ros2_ws_gazebo/install/turtlebot3_fake_node/share/turtlebot3_fake_node/package.zsh'
[13.026s] Level 1:colcon.colcon_core.environment:create_file_with_runtime_dependencies(/home/chris/git/Mobile_robotsystem/robot_code/cpp/ros2_ws_gazebo/install/turtlebot3_fake_node/share/colcon-core/packages/turtlebot3_fake_node)
[16.578s] DEBUG:colcon.colcon_core.event_handler.log_command:Invoked command in '/home/chris/git/Mobile_robotsystem/robot_code/cpp/ros2_ws_gazebo/build/turtlebot3_gazebo' returned '0': /usr/bin/cmake --build /home/chris/git/Mobile_robotsystem/robot_code/cpp/ros2_ws_gazebo/build/turtlebot3_gazebo -- -j16 -l16
[16.638s] DEBUG:colcon.colcon_core.event_handler.log_command:Invoking command in '/home/chris/git/Mobile_robotsystem/robot_code/cpp/ros2_ws_gazebo/build/turtlebot3_gazebo': /usr/bin/cmake --install /home/chris/git/Mobile_robotsystem/robot_code/cpp/ros2_ws_gazebo/build/turtlebot3_gazebo
[16.682s] Level 1:colcon.colcon_core.environment:create_environment_scripts_only(turtlebot3_gazebo)
[16.683s] Level 1:colcon.colcon_core.environment:checking '/home/chris/git/Mobile_robotsystem/robot_code/cpp/ros2_ws_gazebo/install/turtlebot3_gazebo' for CMake module files
[16.683s] DEBUG:colcon.colcon_core.event_handler.log_command:Invoked command in '/home/chris/git/Mobile_robotsystem/robot_code/cpp/ros2_ws_gazebo/build/turtlebot3_gazebo' returned '0': /usr/bin/cmake --install /home/chris/git/Mobile_robotsystem/robot_code/cpp/ros2_ws_gazebo/build/turtlebot3_gazebo
[16.684s] Level 1:colcon.colcon_core.environment:checking '/home/chris/git/Mobile_robotsystem/robot_code/cpp/ros2_ws_gazebo/install/turtlebot3_gazebo' for CMake config files
[16.684s] Level 1:colcon.colcon_core.shell:create_environment_hook('turtlebot3_gazebo', 'cmake_prefix_path')
[16.684s] INFO:colcon.colcon_core.shell:Creating environment hook '/home/chris/git/Mobile_robotsystem/robot_code/cpp/ros2_ws_gazebo/install/turtlebot3_gazebo/share/turtlebot3_gazebo/hook/cmake_prefix_path.ps1'
[16.685s] INFO:colcon.colcon_core.shell:Creating environment descriptor '/home/chris/git/Mobile_robotsystem/robot_code/cpp/ros2_ws_gazebo/install/turtlebot3_gazebo/share/turtlebot3_gazebo/hook/cmake_prefix_path.dsv'
[16.685s] INFO:colcon.colcon_core.shell:Creating environment hook '/home/chris/git/Mobile_robotsystem/robot_code/cpp/ros2_ws_gazebo/install/turtlebot3_gazebo/share/turtlebot3_gazebo/hook/cmake_prefix_path.sh'
[16.685s] Level 1:colcon.colcon_core.environment:checking '/home/chris/git/Mobile_robotsystem/robot_code/cpp/ros2_ws_gazebo/install/turtlebot3_gazebo/lib'
[16.685s] Level 1:colcon.colcon_core.environment:checking '/home/chris/git/Mobile_robotsystem/robot_code/cpp/ros2_ws_gazebo/install/turtlebot3_gazebo/bin'
[16.685s] Level 1:colcon.colcon_core.environment:checking '/home/chris/git/Mobile_robotsystem/robot_code/cpp/ros2_ws_gazebo/install/turtlebot3_gazebo/lib/pkgconfig/turtlebot3_gazebo.pc'
[16.686s] Level 1:colcon.colcon_core.environment:checking '/home/chris/git/Mobile_robotsystem/robot_code/cpp/ros2_ws_gazebo/install/turtlebot3_gazebo/lib/python3.10/site-packages'
[16.686s] Level 1:colcon.colcon_core.environment:checking '/home/chris/git/Mobile_robotsystem/robot_code/cpp/ros2_ws_gazebo/install/turtlebot3_gazebo/bin'
[16.686s] INFO:colcon.colcon_core.shell:Creating package script '/home/chris/git/Mobile_robotsystem/robot_code/cpp/ros2_ws_gazebo/install/turtlebot3_gazebo/share/turtlebot3_gazebo/package.ps1'
[16.686s] INFO:colcon.colcon_core.shell:Creating package descriptor '/home/chris/git/Mobile_robotsystem/robot_code/cpp/ros2_ws_gazebo/install/turtlebot3_gazebo/share/turtlebot3_gazebo/package.dsv'
[16.687s] INFO:colcon.colcon_core.shell:Creating package script '/home/chris/git/Mobile_robotsystem/robot_code/cpp/ros2_ws_gazebo/install/turtlebot3_gazebo/share/turtlebot3_gazebo/package.sh'
[16.687s] INFO:colcon.colcon_core.shell:Creating package script '/home/chris/git/Mobile_robotsystem/robot_code/cpp/ros2_ws_gazebo/install/turtlebot3_gazebo/share/turtlebot3_gazebo/package.bash'
[16.687s] INFO:colcon.colcon_core.shell:Creating package script '/home/chris/git/Mobile_robotsystem/robot_code/cpp/ros2_ws_gazebo/install/turtlebot3_gazebo/share/turtlebot3_gazebo/package.zsh'
[16.687s] Level 1:colcon.colcon_core.environment:create_file_with_runtime_dependencies(/home/chris/git/Mobile_robotsystem/robot_code/cpp/ros2_ws_gazebo/install/turtlebot3_gazebo/share/colcon-core/packages/turtlebot3_gazebo)
[16.688s] DEBUG:colcon.colcon_parallel_executor.executor.parallel:closing loop
[16.688s] DEBUG:colcon.colcon_parallel_executor.executor.parallel:loop closed
[16.688s] DEBUG:colcon.colcon_parallel_executor.executor.parallel:run_until_complete finished with '0'
[16.688s] DEBUG:colcon.colcon_core.event_reactor:joining thread
[16.696s] INFO:colcon.colcon_core.plugin_system:Skipping extension 'colcon_notification.desktop_notification.terminal_notifier': Not used on non-Darwin systems
[16.696s] INFO:colcon.colcon_core.plugin_system:Skipping extension 'colcon_notification.desktop_notification.win32': Not used on non-Windows systems
[16.696s] INFO:colcon.colcon_notification.desktop_notification:Sending desktop notification using 'notify2'
[16.708s] DEBUG:colcon.colcon_core.event_reactor:joined thread
[16.709s] INFO:colcon.colcon_core.shell:Creating prefix script '/home/chris/git/Mobile_robotsystem/robot_code/cpp/ros2_ws_gazebo/install/local_setup.ps1'
[16.710s] INFO:colcon.colcon_core.shell:Creating prefix util module '/home/chris/git/Mobile_robotsystem/robot_code/cpp/ros2_ws_gazebo/install/_local_setup_util_ps1.py'
[16.713s] INFO:colcon.colcon_core.shell:Creating prefix chain script '/home/chris/git/Mobile_robotsystem/robot_code/cpp/ros2_ws_gazebo/install/setup.ps1'
[16.713s] INFO:colcon.colcon_core.shell:Creating prefix script '/home/chris/git/Mobile_robotsystem/robot_code/cpp/ros2_ws_gazebo/install/local_setup.sh'
[16.714s] INFO:colcon.colcon_core.shell:Creating prefix util module '/home/chris/git/Mobile_robotsystem/robot_code/cpp/ros2_ws_gazebo/install/_local_setup_util_sh.py'
[16.714s] INFO:colcon.colcon_core.shell:Creating prefix chain script '/home/chris/git/Mobile_robotsystem/robot_code/cpp/ros2_ws_gazebo/install/setup.sh'
[16.716s] INFO:colcon.colcon_core.shell:Creating prefix script '/home/chris/git/Mobile_robotsystem/robot_code/cpp/ros2_ws_gazebo/install/local_setup.bash'
[16.717s] INFO:colcon.colcon_core.shell:Creating prefix chain script '/home/chris/git/Mobile_robotsystem/robot_code/cpp/ros2_ws_gazebo/install/setup.bash'
[16.718s] INFO:colcon.colcon_core.shell:Creating prefix script '/home/chris/git/Mobile_robotsystem/robot_code/cpp/ros2_ws_gazebo/install/local_setup.zsh'
[16.718s] INFO:colcon.colcon_core.shell:Creating prefix chain script '/home/chris/git/Mobile_robotsystem/robot_code/cpp/ros2_ws_gazebo/install/setup.zsh'
