/usr/bin/ld: CMakeFiles/move_turtlebot.dir/src/move_turtlebot.cpp.o: in function `robot_command::robot_command(std::__cxx11::basic_string<char, std::char_traits<char>, std::allocator<char> >, std::__cxx11::basic_string<char, std::char_traits<char>, std::allocator<char> >)':
move_turtlebot.cpp:(.text+0x0): multiple definition of `robot_command::robot_command(std::__cxx11::basic_string<char, std::char_traits<char>, std::allocator<char> >, std::__cxx11::basic_string<char, std::char_traits<char>, std::allocator<char> >)'; CMakeFiles/move_turtlebot.dir/src/main.cpp.o:main.cpp:(.text+0x8): first defined here
/usr/bin/ld: CMakeFiles/move_turtlebot.dir/src/move_turtlebot.cpp.o: in function `robot_command::robot_command(std::__cxx11::basic_string<char, std::char_traits<char>, std::allocator<char> >, std::__cxx11::basic_string<char, std::char_traits<char>, std::allocator<char> >)':
move_turtlebot.cpp:(.text+0x0): multiple definition of `robot_command::robot_command(std::__cxx11::basic_string<char, std::char_traits<char>, std::allocator<char> >, std::__cxx11::basic_string<char, std::char_traits<char>, std::allocator<char> >)'; CMakeFiles/move_turtlebot.dir/src/main.cpp.o:main.cpp:(.text+0x8): first defined here
/usr/bin/ld: CMakeFiles/move_turtlebot.dir/src/move_turtlebot.cpp.o: in function `ApplicationLayer::ApplicationLayer()':
move_turtlebot.cpp:(.text+0x58): multiple definition of `ApplicationLayer::ApplicationLayer()'; CMakeFiles/move_turtlebot.dir/src/main.cpp.o:main.cpp:(.text+0x60): first defined here
/usr/bin/ld: CMakeFiles/move_turtlebot.dir/src/move_turtlebot.cpp.o: in function `ApplicationLayer::create_all_commands_map()':
move_turtlebot.cpp:(.text+0x420): multiple definition of `ApplicationLayer::create_all_commands_map()'; CMakeFiles/move_turtlebot.dir/src/main.cpp.o:main.cpp:(.text+0x428): first defined here
/usr/bin/ld: CMakeFiles/move_turtlebot.dir/src/move_turtlebot.cpp.o: in function `ApplicationLayer::ApplicationLayer()':
move_turtlebot.cpp:(.text+0x58): multiple definition of `ApplicationLayer::ApplicationLayer()'; CMakeFiles/move_turtlebot.dir/src/main.cpp.o:main.cpp:(.text+0x60): first defined here
/usr/bin/ld: CMakeFiles/move_turtlebot.dir/src/move_turtlebot.cpp.o: in function `ApplicationLayer::add_direction(std::__cxx11::basic_string<char, std::char_traits<char>, std::allocator<char> > const&, std::__cxx11::basic_string<char, std::char_traits<char>, std::allocator<char> > const&)':
move_turtlebot.cpp:(.text+0x4ac): multiple definition of `ApplicationLayer::add_direction(std::__cxx11::basic_string<char, std::char_traits<char>, std::allocator<char> > const&, std::__cxx11::basic_string<char, std::char_traits<char>, std::allocator<char> > const&)'; CMakeFiles/move_turtlebot.dir/src/main.cpp.o:main.cpp:(.text+0x4b4): first defined here
/usr/bin/ld: CMakeFiles/move_turtlebot.dir/src/move_turtlebot.cpp.o: in function `ApplicationLayer::add_value(std::__cxx11::basic_string<char, std::char_traits<char>, std::allocator<char> > const&, std::__cxx11::basic_string<char, std::char_traits<char>, std::allocator<char> > const&)':
move_turtlebot.cpp:(.text+0x4f8): multiple definition of `ApplicationLayer::add_value(std::__cxx11::basic_string<char, std::char_traits<char>, std::allocator<char> > const&, std::__cxx11::basic_string<char, std::char_traits<char>, std::allocator<char> > const&)'; CMakeFiles/move_turtlebot.dir/src/main.cpp.o:main.cpp:(.text+0x500): first defined here
/usr/bin/ld: CMakeFiles/move_turtlebot.dir/src/move_turtlebot.cpp.o: in function `ApplicationLayer::add_command(std::__cxx11::basic_string<char, std::char_traits<char>, std::allocator<char> > const&, std::__cxx11::basic_string<char, std::char_traits<char>, std::allocator<char> > const&)':
move_turtlebot.cpp:(.text+0x548): multiple definition of `ApplicationLayer::add_command(std::__cxx11::basic_string<char, std::char_traits<char>, std::allocator<char> > const&, std::__cxx11::basic_string<char, std::char_traits<char>, std::allocator<char> > const&)'; CMakeFiles/move_turtlebot.dir/src/main.cpp.o:main.cpp:(.text+0x550): first defined here
/usr/bin/ld: CMakeFiles/move_turtlebot.dir/src/move_turtlebot.cpp.o: in function `ApplicationLayer::command_to_bits[abi:cxx11](robot_command const&)':
move_turtlebot.cpp:(.text+0x598): multiple definition of `ApplicationLayer::command_to_bits[abi:cxx11](robot_command const&)'; CMakeFiles/move_turtlebot.dir/src/main.cpp.o:main.cpp:(.text+0x5a0): first defined here
/usr/bin/ld: CMakeFiles/move_turtlebot.dir/src/move_turtlebot.cpp.o: in function `ApplicationLayer::command_vector_to_bitstream[abi:cxx11](std::vector<robot_command, std::allocator<robot_command> >&)':
move_turtlebot.cpp:(.text+0x908): multiple definition of `ApplicationLayer::command_vector_to_bitstream[abi:cxx11](std::vector<robot_command, std::allocator<robot_command> >&)'; CMakeFiles/move_turtlebot.dir/src/main.cpp.o:main.cpp:(.text+0x910): first defined here
/usr/bin/ld: CMakeFiles/move_turtlebot.dir/src/move_turtlebot.cpp.o: in function `ApplicationLayer::is_value(std::__cxx11::basic_string<char, std::char_traits<char>, std::allocator<char> > const&)':
move_turtlebot.cpp:(.text+0xa44): multiple definition of `ApplicationLayer::is_value(std::__cxx11::basic_string<char, std::char_traits<char>, std::allocator<char> > const&)'; CMakeFiles/move_turtlebot.dir/src/main.cpp.o:main.cpp:(.text+0xa4c): first defined here
/usr/bin/ld: CMakeFiles/move_turtlebot.dir/src/move_turtlebot.cpp.o: in function `ApplicationLayer::is_direction(std::__cxx11::basic_string<char, std::char_traits<char>, std::allocator<char> > const&)':
move_turtlebot.cpp:(.text+0xb18): multiple definition of `ApplicationLayer::is_direction(std::__cxx11::basic_string<char, std::char_traits<char>, std::allocator<char> > const&)'; CMakeFiles/move_turtlebot.dir/src/main.cpp.o:main.cpp:(.text+0xb20): first defined here
/usr/bin/ld: CMakeFiles/move_turtlebot.dir/src/move_turtlebot.cpp.o: in function `ApplicationLayer::find_key(std::__cxx11::basic_string<char, std::char_traits<char>, std::allocator<char> > const&, std::unordered_map<std::__cxx11::basic_string<char, std::char_traits<char>, std::allocator<char> >, std::__cxx11::basic_string<char, std::char_traits<char>, std::allocator<char> >, std::hash<std::__cxx11::basic_string<char, std::char_traits<char>, std::allocator<char> > >, std::equal_to<std::__cxx11::basic_string<char, std::char_traits<char>, std::allocator<char> > >, std::allocator<std::pair<std::__cxx11::basic_string<char, std::char_traits<char>, std::allocator<char> > const, std::__cxx11::basic_string<char, std::char_traits<char>, std::allocator<char> > > > > const&)':
move_turtlebot.cpp:(.text+0xbe8): multiple definition of `ApplicationLayer::find_key(std::__cxx11::basic_string<char, std::char_traits<char>, std::allocator<char> > const&, std::unordered_map<std::__cxx11::basic_string<char, std::char_traits<char>, std::allocator<char> >, std::__cxx11::basic_string<char, std::char_traits<char>, std::allocator<char> >, std::hash<std::__cxx11::basic_string<char, std::char_traits<char>, std::allocator<char> > >, std::equal_to<std::__cxx11::basic_string<char, std::char_traits<char>, std::allocator<char> > >, std::allocator<std::pair<std::__cxx11::basic_string<char, std::char_traits<char>, std::allocator<char> > const, std::__cxx11::basic_string<char, std::char_traits<char>, std::allocator<char> > > > > const&)'; CMakeFiles/move_turtlebot.dir/src/main.cpp.o:main.cpp:(.text+0xbf0): first defined here
/usr/bin/ld: CMakeFiles/move_turtlebot.dir/src/move_turtlebot.cpp.o: in function `ApplicationLayer::bits_to_commands(std::__cxx11::basic_string<char, std::char_traits<char>, std::allocator<char> >)':
move_turtlebot.cpp:(.text+0xd08): multiple definition of `ApplicationLayer::bits_to_commands(std::__cxx11::basic_string<char, std::char_traits<char>, std::allocator<char> >)'; CMakeFiles/move_turtlebot.dir/src/main.cpp.o:main.cpp:(.text+0xd10): first defined here
/usr/bin/ld: CMakeFiles/move_turtlebot.dir/src/move_turtlebot.cpp.o: in function `ApplicationLayer::print_robot_commands(std::vector<robot_command, std::allocator<robot_command> > const&)':
move_turtlebot.cpp:(.text+0x1110): multiple definition of `ApplicationLayer::print_robot_commands(std::vector<robot_command, std::allocator<robot_command> > const&)'; CMakeFiles/move_turtlebot.dir/src/main.cpp.o:main.cpp:(.text+0x1118): first defined here
/usr/bin/ld: CMakeFiles/move_turtlebot.dir/src/move_turtlebot.cpp.o: in function `ApplicationLayer::check_crc(std::__cxx11::basic_string<char, std::char_traits<char>, std::allocator<char> > const&)':
move_turtlebot.cpp:(.text+0x1240): multiple definition of `ApplicationLayer::check_crc(std::__cxx11::basic_string<char, std::char_traits<char>, std::allocator<char> > const&)'; CMakeFiles/move_turtlebot.dir/src/main.cpp.o:main.cpp:(.text+0x1248): first defined here
/usr/bin/ld: CMakeFiles/move_turtlebot.dir/src/move_turtlebot.cpp.o: in function `ApplicationLayer::encode_message(std::__cxx11::basic_string<char, std::char_traits<char>, std::allocator<char> > const&)':
move_turtlebot.cpp:(.text+0x1380): multiple definition of `ApplicationLayer::encode_message(std::__cxx11::basic_string<char, std::char_traits<char>, std::allocator<char> > const&)'; CMakeFiles/move_turtlebot.dir/src/main.cpp.o:main.cpp:(.text+0x1388): first defined here
/usr/bin/ld: CMakeFiles/move_turtlebot.dir/src/move_turtlebot.cpp.o: in function `ApplicationLayer::decode_message(std::__cxx11::basic_string<char, std::char_traits<char>, std::allocator<char> > const&)':
move_turtlebot.cpp:(.text+0x1414): multiple definition of `ApplicationLayer::decode_message(std::__cxx11::basic_string<char, std::char_traits<char>, std::allocator<char> > const&)'; CMakeFiles/move_turtlebot.dir/src/main.cpp.o:main.cpp:(.text+0x141c): first defined here
/usr/bin/ld: CMakeFiles/move_turtlebot.dir/home/pi/Mobile_robotsystem/cpp/src/communication_protocol/application_layer.cpp.o: in function `robot_command::robot_command(std::__cxx11::basic_string<char, std::char_traits<char>, std::allocator<char> >, std::__cxx11::basic_string<char, std::char_traits<char>, std::allocator<char> >)':
application_layer.cpp:(.text+0x0): multiple definition of `robot_command::robot_command(std::__cxx11::basic_string<char, std::char_traits<char>, std::allocator<char> >, std::__cxx11::basic_string<char, std::char_traits<char>, std::allocator<char> >)'; CMakeFiles/move_turtlebot.dir/src/main.cpp.o:main.cpp:(.text+0x8): first defined here
/usr/bin/ld: CMakeFiles/move_turtlebot.dir/home/pi/Mobile_robotsystem/cpp/src/communication_protocol/application_layer.cpp.o: in function `robot_command::robot_command(std::__cxx11::basic_string<char, std::char_traits<char>, std::allocator<char> >, std::__cxx11::basic_string<char, std::char_traits<char>, std::allocator<char> >)':
application_layer.cpp:(.text+0x0): multiple definition of `robot_command::robot_command(std::__cxx11::basic_string<char, std::char_traits<char>, std::allocator<char> >, std::__cxx11::basic_string<char, std::char_traits<char>, std::allocator<char> >)'; CMakeFiles/move_turtlebot.dir/src/main.cpp.o:main.cpp:(.text+0x8): first defined here
/usr/bin/ld: CMakeFiles/move_turtlebot.dir/home/pi/Mobile_robotsystem/cpp/src/communication_protocol/application_layer.cpp.o: in function `ApplicationLayer::ApplicationLayer()':
application_layer.cpp:(.text+0x58): multiple definition of `ApplicationLayer::ApplicationLayer()'; CMakeFiles/move_turtlebot.dir/src/main.cpp.o:main.cpp:(.text+0x60): first defined here
/usr/bin/ld: CMakeFiles/move_turtlebot.dir/home/pi/Mobile_robotsystem/cpp/src/communication_protocol/application_layer.cpp.o: in function `ApplicationLayer::create_all_commands_map()':
application_layer.cpp:(.text+0x420): multiple definition of `ApplicationLayer::create_all_commands_map()'; CMakeFiles/move_turtlebot.dir/src/main.cpp.o:main.cpp:(.text+0x428): first defined here
/usr/bin/ld: CMakeFiles/move_turtlebot.dir/home/pi/Mobile_robotsystem/cpp/src/communication_protocol/application_layer.cpp.o: in function `ApplicationLayer::ApplicationLayer()':
application_layer.cpp:(.text+0x58): multiple definition of `ApplicationLayer::ApplicationLayer()'; CMakeFiles/move_turtlebot.dir/src/main.cpp.o:main.cpp:(.text+0x60): first defined here
/usr/bin/ld: CMakeFiles/move_turtlebot.dir/home/pi/Mobile_robotsystem/cpp/src/communication_protocol/application_layer.cpp.o: in function `ApplicationLayer::add_direction(std::__cxx11::basic_string<char, std::char_traits<char>, std::allocator<char> > const&, std::__cxx11::basic_string<char, std::char_traits<char>, std::allocator<char> > const&)':
application_layer.cpp:(.text+0x4ac): multiple definition of `ApplicationLayer::add_direction(std::__cxx11::basic_string<char, std::char_traits<char>, std::allocator<char> > const&, std::__cxx11::basic_string<char, std::char_traits<char>, std::allocator<char> > const&)'; CMakeFiles/move_turtlebot.dir/src/main.cpp.o:main.cpp:(.text+0x4b4): first defined here
/usr/bin/ld: CMakeFiles/move_turtlebot.dir/home/pi/Mobile_robotsystem/cpp/src/communication_protocol/application_layer.cpp.o: in function `ApplicationLayer::add_value(std::__cxx11::basic_string<char, std::char_traits<char>, std::allocator<char> > const&, std::__cxx11::basic_string<char, std::char_traits<char>, std::allocator<char> > const&)':
application_layer.cpp:(.text+0x4f8): multiple definition of `ApplicationLayer::add_value(std::__cxx11::basic_string<char, std::char_traits<char>, std::allocator<char> > const&, std::__cxx11::basic_string<char, std::char_traits<char>, std::allocator<char> > const&)'; CMakeFiles/move_turtlebot.dir/src/main.cpp.o:main.cpp:(.text+0x500): first defined here
/usr/bin/ld: CMakeFiles/move_turtlebot.dir/home/pi/Mobile_robotsystem/cpp/src/communication_protocol/application_layer.cpp.o: in function `ApplicationLayer::add_command(std::__cxx11::basic_string<char, std::char_traits<char>, std::allocator<char> > const&, std::__cxx11::basic_string<char, std::char_traits<char>, std::allocator<char> > const&)':
application_layer.cpp:(.text+0x548): multiple definition of `ApplicationLayer::add_command(std::__cxx11::basic_string<char, std::char_traits<char>, std::allocator<char> > const&, std::__cxx11::basic_string<char, std::char_traits<char>, std::allocator<char> > const&)'; CMakeFiles/move_turtlebot.dir/src/main.cpp.o:main.cpp:(.text+0x550): first defined here
/usr/bin/ld: CMakeFiles/move_turtlebot.dir/home/pi/Mobile_robotsystem/cpp/src/communication_protocol/application_layer.cpp.o: in function `ApplicationLayer::command_to_bits[abi:cxx11](robot_command const&)':
application_layer.cpp:(.text+0x598): multiple definition of `ApplicationLayer::command_to_bits[abi:cxx11](robot_command const&)'; CMakeFiles/move_turtlebot.dir/src/main.cpp.o:main.cpp:(.text+0x5a0): first defined here
/usr/bin/ld: CMakeFiles/move_turtlebot.dir/home/pi/Mobile_robotsystem/cpp/src/communication_protocol/application_layer.cpp.o: in function `ApplicationLayer::command_vector_to_bitstream[abi:cxx11](std::vector<robot_command, std::allocator<robot_command> >&)':
application_layer.cpp:(.text+0x908): multiple definition of `ApplicationLayer::command_vector_to_bitstream[abi:cxx11](std::vector<robot_command, std::allocator<robot_command> >&)'; CMakeFiles/move_turtlebot.dir/src/main.cpp.o:main.cpp:(.text+0x910): first defined here
/usr/bin/ld: CMakeFiles/move_turtlebot.dir/home/pi/Mobile_robotsystem/cpp/src/communication_protocol/application_layer.cpp.o: in function `ApplicationLayer::is_value(std::__cxx11::basic_string<char, std::char_traits<char>, std::allocator<char> > const&)':
application_layer.cpp:(.text+0xa44): multiple definition of `ApplicationLayer::is_value(std::__cxx11::basic_string<char, std::char_traits<char>, std::allocator<char> > const&)'; CMakeFiles/move_turtlebot.dir/src/main.cpp.o:main.cpp:(.text+0xa4c): first defined here
/usr/bin/ld: CMakeFiles/move_turtlebot.dir/home/pi/Mobile_robotsystem/cpp/src/communication_protocol/application_layer.cpp.o: in function `ApplicationLayer::is_direction(std::__cxx11::basic_string<char, std::char_traits<char>, std::allocator<char> > const&)':
application_layer.cpp:(.text+0xb18): multiple definition of `ApplicationLayer::is_direction(std::__cxx11::basic_string<char, std::char_traits<char>, std::allocator<char> > const&)'; CMakeFiles/move_turtlebot.dir/src/main.cpp.o:main.cpp:(.text+0xb20): first defined here
/usr/bin/ld: CMakeFiles/move_turtlebot.dir/home/pi/Mobile_robotsystem/cpp/src/communication_protocol/application_layer.cpp.o: in function `ApplicationLayer::find_key(std::__cxx11::basic_string<char, std::char_traits<char>, std::allocator<char> > const&, std::unordered_map<std::__cxx11::basic_string<char, std::char_traits<char>, std::allocator<char> >, std::__cxx11::basic_string<char, std::char_traits<char>, std::allocator<char> >, std::hash<std::__cxx11::basic_string<char, std::char_traits<char>, std::allocator<char> > >, std::equal_to<std::__cxx11::basic_string<char, std::char_traits<char>, std::allocator<char> > >, std::allocator<std::pair<std::__cxx11::basic_string<char, std::char_traits<char>, std::allocator<char> > const, std::__cxx11::basic_string<char, std::char_traits<char>, std::allocator<char> > > > > const&)':
application_layer.cpp:(.text+0xbe8): multiple definition of `ApplicationLayer::find_key(std::__cxx11::basic_string<char, std::char_traits<char>, std::allocator<char> > const&, std::unordered_map<std::__cxx11::basic_string<char, std::char_traits<char>, std::allocator<char> >, std::__cxx11::basic_string<char, std::char_traits<char>, std::allocator<char> >, std::hash<std::__cxx11::basic_string<char, std::char_traits<char>, std::allocator<char> > >, std::equal_to<std::__cxx11::basic_string<char, std::char_traits<char>, std::allocator<char> > >, std::allocator<std::pair<std::__cxx11::basic_string<char, std::char_traits<char>, std::allocator<char> > const, std::__cxx11::basic_string<char, std::char_traits<char>, std::allocator<char> > > > > const&)'; CMakeFiles/move_turtlebot.dir/src/main.cpp.o:main.cpp:(.text+0xbf0): first defined here
/usr/bin/ld: CMakeFiles/move_turtlebot.dir/home/pi/Mobile_robotsystem/cpp/src/communication_protocol/application_layer.cpp.o: in function `ApplicationLayer::bits_to_commands(std::__cxx11::basic_string<char, std::char_traits<char>, std::allocator<char> >)':
application_layer.cpp:(.text+0xd08): multiple definition of `ApplicationLayer::bits_to_commands(std::__cxx11::basic_string<char, std::char_traits<char>, std::allocator<char> >)'; CMakeFiles/move_turtlebot.dir/src/main.cpp.o:main.cpp:(.text+0xd10): first defined here
/usr/bin/ld: CMakeFiles/move_turtlebot.dir/home/pi/Mobile_robotsystem/cpp/src/communication_protocol/application_layer.cpp.o: in function `ApplicationLayer::print_robot_commands(std::vector<robot_command, std::allocator<robot_command> > const&)':
application_layer.cpp:(.text+0x1110): multiple definition of `ApplicationLayer::print_robot_commands(std::vector<robot_command, std::allocator<robot_command> > const&)'; CMakeFiles/move_turtlebot.dir/src/main.cpp.o:main.cpp:(.text+0x1118): first defined here
/usr/bin/ld: CMakeFiles/move_turtlebot.dir/home/pi/Mobile_robotsystem/cpp/src/communication_protocol/application_layer.cpp.o: in function `ApplicationLayer::check_crc(std::__cxx11::basic_string<char, std::char_traits<char>, std::allocator<char> > const&)':
application_layer.cpp:(.text+0x1240): multiple definition of `ApplicationLayer::check_crc(std::__cxx11::basic_string<char, std::char_traits<char>, std::allocator<char> > const&)'; CMakeFiles/move_turtlebot.dir/src/main.cpp.o:main.cpp:(.text+0x1248): first defined here
/usr/bin/ld: CMakeFiles/move_turtlebot.dir/home/pi/Mobile_robotsystem/cpp/src/communication_protocol/application_layer.cpp.o: in function `ApplicationLayer::encode_message(std::__cxx11::basic_string<char, std::char_traits<char>, std::allocator<char> > const&)':
application_layer.cpp:(.text+0x1380): multiple definition of `ApplicationLayer::encode_message(std::__cxx11::basic_string<char, std::char_traits<char>, std::allocator<char> > const&)'; CMakeFiles/move_turtlebot.dir/src/main.cpp.o:main.cpp:(.text+0x1388): first defined here
/usr/bin/ld: CMakeFiles/move_turtlebot.dir/home/pi/Mobile_robotsystem/cpp/src/communication_protocol/application_layer.cpp.o: in function `ApplicationLayer::decode_message(std::__cxx11::basic_string<char, std::char_traits<char>, std::allocator<char> > const&)':
application_layer.cpp:(.text+0x1414): multiple definition of `ApplicationLayer::decode_message(std::__cxx11::basic_string<char, std::char_traits<char>, std::allocator<char> > const&)'; CMakeFiles/move_turtlebot.dir/src/main.cpp.o:main.cpp:(.text+0x141c): first defined here
collect2: error: ld returned 1 exit status
gmake[2]: *** [CMakeFiles/move_turtlebot.dir/build.make:421: move_turtlebot] Error 1
gmake[1]: *** [CMakeFiles/Makefile2:137: CMakeFiles/move_turtlebot.dir/all] Error 2
gmake: *** [Makefile:146: all] Error 2
