[0.145s] Invoking command in '/home/pi/Mobile_robotsystem/ros2_ws/build/turtlebot3_control': CMAKE_PREFIX_PATH=${CMAKE_PREFIX_PATH}:/home/pi/turtlebot3_ws/install/turtlebot3_teleop:/home/pi/turtlebot3_ws/install/turtlebot3_example:/opt/ros/humble /usr/bin/cmake --build /home/pi/Mobile_robotsystem/ros2_ws/build/turtlebot3_control -- -j4 -l4
[0.957s] [35m[1mConsolidate compiler generated dependencies of target move_turtlebot[0m
[1.415s] [  6%] [32m[1mLinking CXX executable move_turtlebot[0m
[1.703s] /usr/bin/ld: CMakeFiles/move_turtlebot.dir/src/move_turtlebot.cpp.o: in function `robot_command::robot_command(std::__cxx11::basic_string<char, std::char_traits<char>, std::allocator<char> >, std::__cxx11::basic_string<char, std::char_traits<char>, std::allocator<char> >)':
[1.721s] move_turtlebot.cpp:(.text+0x0): multiple definition of `robot_command::robot_command(std::__cxx11::basic_string<char, std::char_traits<char>, std::allocator<char> >, std::__cxx11::basic_string<char, std::char_traits<char>, std::allocator<char> >)'; CMakeFiles/move_turtlebot.dir/src/main.cpp.o:main.cpp:(.text+0x8): first defined here
[1.723s] /usr/bin/ld: CMakeFiles/move_turtlebot.dir/src/move_turtlebot.cpp.o: in function `robot_command::robot_command(std::__cxx11::basic_string<char, std::char_traits<char>, std::allocator<char> >, std::__cxx11::basic_string<char, std::char_traits<char>, std::allocator<char> >)':
[1.725s] move_turtlebot.cpp:(.text+0x0): multiple definition of `robot_command::robot_command(std::__cxx11::basic_string<char, std::char_traits<char>, std::allocator<char> >, std::__cxx11::basic_string<char, std::char_traits<char>, std::allocator<char> >)'; CMakeFiles/move_turtlebot.dir/src/main.cpp.o:main.cpp:(.text+0x8): first defined here
[1.726s] /usr/bin/ld: CMakeFiles/move_turtlebot.dir/src/move_turtlebot.cpp.o: in function `ApplicationLayer::ApplicationLayer()':
[1.728s] move_turtlebot.cpp:(.text+0x58): multiple definition of `ApplicationLayer::ApplicationLayer()'; CMakeFiles/move_turtlebot.dir/src/main.cpp.o:main.cpp:(.text+0x60): first defined here
[1.729s] /usr/bin/ld: CMakeFiles/move_turtlebot.dir/src/move_turtlebot.cpp.o: in function `ApplicationLayer::create_all_commands_map()':
[1.731s] move_turtlebot.cpp:(.text+0x420): multiple definition of `ApplicationLayer::create_all_commands_map()'; CMakeFiles/move_turtlebot.dir/src/main.cpp.o:main.cpp:(.text+0x428): first defined here
[1.733s] /usr/bin/ld: CMakeFiles/move_turtlebot.dir/src/move_turtlebot.cpp.o: in function `ApplicationLayer::ApplicationLayer()':
[1.736s] move_turtlebot.cpp:(.text+0x58): multiple definition of `ApplicationLayer::ApplicationLayer()'; CMakeFiles/move_turtlebot.dir/src/main.cpp.o:main.cpp:(.text+0x60): first defined here
[1.737s] /usr/bin/ld: CMakeFiles/move_turtlebot.dir/src/move_turtlebot.cpp.o: in function `ApplicationLayer::add_direction(std::__cxx11::basic_string<char, std::char_traits<char>, std::allocator<char> > const&, std::__cxx11::basic_string<char, std::char_traits<char>, std::allocator<char> > const&)':
[1.739s] move_turtlebot.cpp:(.text+0x4ac): multiple definition of `ApplicationLayer::add_direction(std::__cxx11::basic_string<char, std::char_traits<char>, std::allocator<char> > const&, std::__cxx11::basic_string<char, std::char_traits<char>, std::allocator<char> > const&)'; CMakeFiles/move_turtlebot.dir/src/main.cpp.o:main.cpp:(.text+0x4b4): first defined here
[1.740s] /usr/bin/ld: CMakeFiles/move_turtlebot.dir/src/move_turtlebot.cpp.o: in function `ApplicationLayer::add_value(std::__cxx11::basic_string<char, std::char_traits<char>, std::allocator<char> > const&, std::__cxx11::basic_string<char, std::char_traits<char>, std::allocator<char> > const&)':
[1.742s] move_turtlebot.cpp:(.text+0x4f8): multiple definition of `ApplicationLayer::add_value(std::__cxx11::basic_string<char, std::char_traits<char>, std::allocator<char> > const&, std::__cxx11::basic_string<char, std::char_traits<char>, std::allocator<char> > const&)'; CMakeFiles/move_turtlebot.dir/src/main.cpp.o:main.cpp:(.text+0x500): first defined here
[1.743s] /usr/bin/ld: CMakeFiles/move_turtlebot.dir/src/move_turtlebot.cpp.o: in function `ApplicationLayer::add_command(std::__cxx11::basic_string<char, std::char_traits<char>, std::allocator<char> > const&, std::__cxx11::basic_string<char, std::char_traits<char>, std::allocator<char> > const&)':
[1.745s] move_turtlebot.cpp:(.text+0x548): multiple definition of `ApplicationLayer::add_command(std::__cxx11::basic_string<char, std::char_traits<char>, std::allocator<char> > const&, std::__cxx11::basic_string<char, std::char_traits<char>, std::allocator<char> > const&)'; CMakeFiles/move_turtlebot.dir/src/main.cpp.o:main.cpp:(.text+0x550): first defined here
[1.746s] /usr/bin/ld: CMakeFiles/move_turtlebot.dir/src/move_turtlebot.cpp.o: in function `ApplicationLayer::command_to_bits[abi:cxx11](robot_command const&)':
[1.749s] move_turtlebot.cpp:(.text+0x598): multiple definition of `ApplicationLayer::command_to_bits[abi:cxx11](robot_command const&)'; CMakeFiles/move_turtlebot.dir/src/main.cpp.o:main.cpp:(.text+0x5a0): first defined here
[1.750s] /usr/bin/ld: CMakeFiles/move_turtlebot.dir/src/move_turtlebot.cpp.o: in function `ApplicationLayer::command_vector_to_bitstream[abi:cxx11](std::vector<robot_command, std::allocator<robot_command> >&)':
[1.753s] move_turtlebot.cpp:(.text+0x908): multiple definition of `ApplicationLayer::command_vector_to_bitstream[abi:cxx11](std::vector<robot_command, std::allocator<robot_command> >&)'; CMakeFiles/move_turtlebot.dir/src/main.cpp.o:main.cpp:(.text+0x910): first defined here
[1.754s] /usr/bin/ld: CMakeFiles/move_turtlebot.dir/src/move_turtlebot.cpp.o: in function `ApplicationLayer::is_value(std::__cxx11::basic_string<char, std::char_traits<char>, std::allocator<char> > const&)':
[1.756s] move_turtlebot.cpp:(.text+0xa44): multiple definition of `ApplicationLayer::is_value(std::__cxx11::basic_string<char, std::char_traits<char>, std::allocator<char> > const&)'; CMakeFiles/move_turtlebot.dir/src/main.cpp.o:main.cpp:(.text+0xa4c): first defined here
[1.757s] /usr/bin/ld: CMakeFiles/move_turtlebot.dir/src/move_turtlebot.cpp.o: in function `ApplicationLayer::is_direction(std::__cxx11::basic_string<char, std::char_traits<char>, std::allocator<char> > const&)':
[1.759s] move_turtlebot.cpp:(.text+0xb18): multiple definition of `ApplicationLayer::is_direction(std::__cxx11::basic_string<char, std::char_traits<char>, std::allocator<char> > const&)'; CMakeFiles/move_turtlebot.dir/src/main.cpp.o:main.cpp:(.text+0xb20): first defined here
[1.761s] /usr/bin/ld: CMakeFiles/move_turtlebot.dir/src/move_turtlebot.cpp.o: in function `ApplicationLayer::find_key(std::__cxx11::basic_string<char, std::char_traits<char>, std::allocator<char> > const&, std::unordered_map<std::__cxx11::basic_string<char, std::char_traits<char>, std::allocator<char> >, std::__cxx11::basic_string<char, std::char_traits<char>, std::allocator<char> >, std::hash<std::__cxx11::basic_string<char, std::char_traits<char>, std::allocator<char> > >, std::equal_to<std::__cxx11::basic_string<char, std::char_traits<char>, std::allocator<char> > >, std::allocator<std::pair<std::__cxx11::basic_string<char, std::char_traits<char>, std::allocator<char> > const, std::__cxx11::basic_string<char, std::char_traits<char>, std::allocator<char> > > > > const&)':
[1.763s] move_turtlebot.cpp:(.text+0xbe8): multiple definition of `ApplicationLayer::find_key(std::__cxx11::basic_string<char, std::char_traits<char>, std::allocator<char> > const&, std::unordered_map<std::__cxx11::basic_string<char, std::char_traits<char>, std::allocator<char> >, std::__cxx11::basic_string<char, std::char_traits<char>, std::allocator<char> >, std::hash<std::__cxx11::basic_string<char, std::char_traits<char>, std::allocator<char> > >, std::equal_to<std::__cxx11::basic_string<char, std::char_traits<char>, std::allocator<char> > >, std::allocator<std::pair<std::__cxx11::basic_string<char, std::char_traits<char>, std::allocator<char> > const, std::__cxx11::basic_string<char, std::char_traits<char>, std::allocator<char> > > > > const&)'; CMakeFiles/move_turtlebot.dir/src/main.cpp.o:main.cpp:(.text+0xbf0): first defined here
[1.764s] /usr/bin/ld: CMakeFiles/move_turtlebot.dir/src/move_turtlebot.cpp.o: in function `ApplicationLayer::bits_to_commands(std::__cxx11::basic_string<char, std::char_traits<char>, std::allocator<char> >)':
[1.766s] move_turtlebot.cpp:(.text+0xd08): multiple definition of `ApplicationLayer::bits_to_commands(std::__cxx11::basic_string<char, std::char_traits<char>, std::allocator<char> >)'; CMakeFiles/move_turtlebot.dir/src/main.cpp.o:main.cpp:(.text+0xd10): first defined here
[1.768s] /usr/bin/ld: CMakeFiles/move_turtlebot.dir/src/move_turtlebot.cpp.o: in function `ApplicationLayer::print_robot_commands(std::vector<robot_command, std::allocator<robot_command> > const&)':
[1.770s] move_turtlebot.cpp:(.text+0x1110): multiple definition of `ApplicationLayer::print_robot_commands(std::vector<robot_command, std::allocator<robot_command> > const&)'; CMakeFiles/move_turtlebot.dir/src/main.cpp.o:main.cpp:(.text+0x1118): first defined here
[1.771s] /usr/bin/ld: CMakeFiles/move_turtlebot.dir/src/move_turtlebot.cpp.o: in function `ApplicationLayer::check_crc(std::__cxx11::basic_string<char, std::char_traits<char>, std::allocator<char> > const&)':
[1.773s] move_turtlebot.cpp:(.text+0x1240): multiple definition of `ApplicationLayer::check_crc(std::__cxx11::basic_string<char, std::char_traits<char>, std::allocator<char> > const&)'; CMakeFiles/move_turtlebot.dir/src/main.cpp.o:main.cpp:(.text+0x1248): first defined here
[1.774s] /usr/bin/ld: CMakeFiles/move_turtlebot.dir/src/move_turtlebot.cpp.o: in function `ApplicationLayer::encode_message(std::__cxx11::basic_string<char, std::char_traits<char>, std::allocator<char> > const&)':
[1.777s] move_turtlebot.cpp:(.text+0x1380): multiple definition of `ApplicationLayer::encode_message(std::__cxx11::basic_string<char, std::char_traits<char>, std::allocator<char> > const&)'; CMakeFiles/move_turtlebot.dir/src/main.cpp.o:main.cpp:(.text+0x1388): first defined here
[1.778s] /usr/bin/ld: CMakeFiles/move_turtlebot.dir/src/move_turtlebot.cpp.o: in function `ApplicationLayer::decode_message(std::__cxx11::basic_string<char, std::char_traits<char>, std::allocator<char> > const&)':
[1.780s] move_turtlebot.cpp:(.text+0x1414): multiple definition of `ApplicationLayer::decode_message(std::__cxx11::basic_string<char, std::char_traits<char>, std::allocator<char> > const&)'; CMakeFiles/move_turtlebot.dir/src/main.cpp.o:main.cpp:(.text+0x141c): first defined here
[1.840s] /usr/bin/ld: CMakeFiles/move_turtlebot.dir/home/pi/Mobile_robotsystem/cpp/src/communication_protocol/application_layer.cpp.o: in function `robot_command::robot_command(std::__cxx11::basic_string<char, std::char_traits<char>, std::allocator<char> >, std::__cxx11::basic_string<char, std::char_traits<char>, std::allocator<char> >)':
[1.843s] application_layer.cpp:(.text+0x0): multiple definition of `robot_command::robot_command(std::__cxx11::basic_string<char, std::char_traits<char>, std::allocator<char> >, std::__cxx11::basic_string<char, std::char_traits<char>, std::allocator<char> >)'; CMakeFiles/move_turtlebot.dir/src/main.cpp.o:main.cpp:(.text+0x8): first defined here
[1.844s] /usr/bin/ld: CMakeFiles/move_turtlebot.dir/home/pi/Mobile_robotsystem/cpp/src/communication_protocol/application_layer.cpp.o: in function `robot_command::robot_command(std::__cxx11::basic_string<char, std::char_traits<char>, std::allocator<char> >, std::__cxx11::basic_string<char, std::char_traits<char>, std::allocator<char> >)':
[1.846s] application_layer.cpp:(.text+0x0): multiple definition of `robot_command::robot_command(std::__cxx11::basic_string<char, std::char_traits<char>, std::allocator<char> >, std::__cxx11::basic_string<char, std::char_traits<char>, std::allocator<char> >)'; CMakeFiles/move_turtlebot.dir/src/main.cpp.o:main.cpp:(.text+0x8): first defined here
[1.847s] /usr/bin/ld: CMakeFiles/move_turtlebot.dir/home/pi/Mobile_robotsystem/cpp/src/communication_protocol/application_layer.cpp.o: in function `ApplicationLayer::ApplicationLayer()':
[1.849s] application_layer.cpp:(.text+0x58): multiple definition of `ApplicationLayer::ApplicationLayer()'; CMakeFiles/move_turtlebot.dir/src/main.cpp.o:main.cpp:(.text+0x60): first defined here
[1.850s] /usr/bin/ld: CMakeFiles/move_turtlebot.dir/home/pi/Mobile_robotsystem/cpp/src/communication_protocol/application_layer.cpp.o: in function `ApplicationLayer::create_all_commands_map()':
[1.852s] application_layer.cpp:(.text+0x420): multiple definition of `ApplicationLayer::create_all_commands_map()'; CMakeFiles/move_turtlebot.dir/src/main.cpp.o:main.cpp:(.text+0x428): first defined here
[1.853s] /usr/bin/ld: CMakeFiles/move_turtlebot.dir/home/pi/Mobile_robotsystem/cpp/src/communication_protocol/application_layer.cpp.o: in function `ApplicationLayer::ApplicationLayer()':
[1.855s] application_layer.cpp:(.text+0x58): multiple definition of `ApplicationLayer::ApplicationLayer()'; CMakeFiles/move_turtlebot.dir/src/main.cpp.o:main.cpp:(.text+0x60): first defined here
[1.857s] /usr/bin/ld: CMakeFiles/move_turtlebot.dir/home/pi/Mobile_robotsystem/cpp/src/communication_protocol/application_layer.cpp.o: in function `ApplicationLayer::add_direction(std::__cxx11::basic_string<char, std::char_traits<char>, std::allocator<char> > const&, std::__cxx11::basic_string<char, std::char_traits<char>, std::allocator<char> > const&)':
[1.858s] application_layer.cpp:(.text+0x4ac): multiple definition of `ApplicationLayer::add_direction(std::__cxx11::basic_string<char, std::char_traits<char>, std::allocator<char> > const&, std::__cxx11::basic_string<char, std::char_traits<char>, std::allocator<char> > const&)'; CMakeFiles/move_turtlebot.dir/src/main.cpp.o:main.cpp:(.text+0x4b4): first defined here
[1.860s] /usr/bin/ld: CMakeFiles/move_turtlebot.dir/home/pi/Mobile_robotsystem/cpp/src/communication_protocol/application_layer.cpp.o: in function `ApplicationLayer::add_value(std::__cxx11::basic_string<char, std::char_traits<char>, std::allocator<char> > const&, std::__cxx11::basic_string<char, std::char_traits<char>, std::allocator<char> > const&)':
[1.862s] application_layer.cpp:(.text+0x4f8): multiple definition of `ApplicationLayer::add_value(std::__cxx11::basic_string<char, std::char_traits<char>, std::allocator<char> > const&, std::__cxx11::basic_string<char, std::char_traits<char>, std::allocator<char> > const&)'; CMakeFiles/move_turtlebot.dir/src/main.cpp.o:main.cpp:(.text+0x500): first defined here
[1.863s] /usr/bin/ld: CMakeFiles/move_turtlebot.dir/home/pi/Mobile_robotsystem/cpp/src/communication_protocol/application_layer.cpp.o: in function `ApplicationLayer::add_command(std::__cxx11::basic_string<char, std::char_traits<char>, std::allocator<char> > const&, std::__cxx11::basic_string<char, std::char_traits<char>, std::allocator<char> > const&)':
[1.865s] application_layer.cpp:(.text+0x548): multiple definition of `ApplicationLayer::add_command(std::__cxx11::basic_string<char, std::char_traits<char>, std::allocator<char> > const&, std::__cxx11::basic_string<char, std::char_traits<char>, std::allocator<char> > const&)'; CMakeFiles/move_turtlebot.dir/src/main.cpp.o:main.cpp:(.text+0x550): first defined here
[1.866s] /usr/bin/ld: CMakeFiles/move_turtlebot.dir/home/pi/Mobile_robotsystem/cpp/src/communication_protocol/application_layer.cpp.o: in function `ApplicationLayer::command_to_bits[abi:cxx11](robot_command const&)':
[1.869s] application_layer.cpp:(.text+0x598): multiple definition of `ApplicationLayer::command_to_bits[abi:cxx11](robot_command const&)'; CMakeFiles/move_turtlebot.dir/src/main.cpp.o:main.cpp:(.text+0x5a0): first defined here
[1.870s] /usr/bin/ld: CMakeFiles/move_turtlebot.dir/home/pi/Mobile_robotsystem/cpp/src/communication_protocol/application_layer.cpp.o: in function `ApplicationLayer::command_vector_to_bitstream[abi:cxx11](std::vector<robot_command, std::allocator<robot_command> >&)':
[1.872s] application_layer.cpp:(.text+0x908): multiple definition of `ApplicationLayer::command_vector_to_bitstream[abi:cxx11](std::vector<robot_command, std::allocator<robot_command> >&)'; CMakeFiles/move_turtlebot.dir/src/main.cpp.o:main.cpp:(.text+0x910): first defined here
[1.873s] /usr/bin/ld: CMakeFiles/move_turtlebot.dir/home/pi/Mobile_robotsystem/cpp/src/communication_protocol/application_layer.cpp.o: in function `ApplicationLayer::is_value(std::__cxx11::basic_string<char, std::char_traits<char>, std::allocator<char> > const&)':
[1.876s] application_layer.cpp:(.text+0xa44): multiple definition of `ApplicationLayer::is_value(std::__cxx11::basic_string<char, std::char_traits<char>, std::allocator<char> > const&)'; CMakeFiles/move_turtlebot.dir/src/main.cpp.o:main.cpp:(.text+0xa4c): first defined here
[1.877s] /usr/bin/ld: CMakeFiles/move_turtlebot.dir/home/pi/Mobile_robotsystem/cpp/src/communication_protocol/application_layer.cpp.o: in function `ApplicationLayer::is_direction(std::__cxx11::basic_string<char, std::char_traits<char>, std::allocator<char> > const&)':
[1.880s] application_layer.cpp:(.text+0xb18): multiple definition of `ApplicationLayer::is_direction(std::__cxx11::basic_string<char, std::char_traits<char>, std::allocator<char> > const&)'; CMakeFiles/move_turtlebot.dir/src/main.cpp.o:main.cpp:(.text+0xb20): first defined here
[1.881s] /usr/bin/ld: CMakeFiles/move_turtlebot.dir/home/pi/Mobile_robotsystem/cpp/src/communication_protocol/application_layer.cpp.o: in function `ApplicationLayer::find_key(std::__cxx11::basic_string<char, std::char_traits<char>, std::allocator<char> > const&, std::unordered_map<std::__cxx11::basic_string<char, std::char_traits<char>, std::allocator<char> >, std::__cxx11::basic_string<char, std::char_traits<char>, std::allocator<char> >, std::hash<std::__cxx11::basic_string<char, std::char_traits<char>, std::allocator<char> > >, std::equal_to<std::__cxx11::basic_string<char, std::char_traits<char>, std::allocator<char> > >, std::allocator<std::pair<std::__cxx11::basic_string<char, std::char_traits<char>, std::allocator<char> > const, std::__cxx11::basic_string<char, std::char_traits<char>, std::allocator<char> > > > > const&)':
[1.884s] application_layer.cpp:(.text+0xbe8): multiple definition of `ApplicationLayer::find_key(std::__cxx11::basic_string<char, std::char_traits<char>, std::allocator<char> > const&, std::unordered_map<std::__cxx11::basic_string<char, std::char_traits<char>, std::allocator<char> >, std::__cxx11::basic_string<char, std::char_traits<char>, std::allocator<char> >, std::hash<std::__cxx11::basic_string<char, std::char_traits<char>, std::allocator<char> > >, std::equal_to<std::__cxx11::basic_string<char, std::char_traits<char>, std::allocator<char> > >, std::allocator<std::pair<std::__cxx11::basic_string<char, std::char_traits<char>, std::allocator<char> > const, std::__cxx11::basic_string<char, std::char_traits<char>, std::allocator<char> > > > > const&)'; CMakeFiles/move_turtlebot.dir/src/main.cpp.o:main.cpp:(.text+0xbf0): first defined here
[1.887s] /usr/bin/ld: CMakeFiles/move_turtlebot.dir/home/pi/Mobile_robotsystem/cpp/src/communication_protocol/application_layer.cpp.o: in function `ApplicationLayer::bits_to_commands(std::__cxx11::basic_string<char, std::char_traits<char>, std::allocator<char> >)':
[1.888s] application_layer.cpp:(.text+0xd08): multiple definition of `ApplicationLayer::bits_to_commands(std::__cxx11::basic_string<char, std::char_traits<char>, std::allocator<char> >)'; CMakeFiles/move_turtlebot.dir/src/main.cpp.o:main.cpp:(.text+0xd10): first defined here
[1.890s] /usr/bin/ld: CMakeFiles/move_turtlebot.dir/home/pi/Mobile_robotsystem/cpp/src/communication_protocol/application_layer.cpp.o: in function `ApplicationLayer::print_robot_commands(std::vector<robot_command, std::allocator<robot_command> > const&)':
[1.891s] application_layer.cpp:(.text+0x1110): multiple definition of `ApplicationLayer::print_robot_commands(std::vector<robot_command, std::allocator<robot_command> > const&)'; CMakeFiles/move_turtlebot.dir/src/main.cpp.o:main.cpp:(.text+0x1118): first defined here
[1.892s] /usr/bin/ld: CMakeFiles/move_turtlebot.dir/home/pi/Mobile_robotsystem/cpp/src/communication_protocol/application_layer.cpp.o: in function `ApplicationLayer::check_crc(std::__cxx11::basic_string<char, std::char_traits<char>, std::allocator<char> > const&)':
[1.894s] application_layer.cpp:(.text+0x1240): multiple definition of `ApplicationLayer::check_crc(std::__cxx11::basic_string<char, std::char_traits<char>, std::allocator<char> > const&)'; CMakeFiles/move_turtlebot.dir/src/main.cpp.o:main.cpp:(.text+0x1248): first defined here
[1.896s] /usr/bin/ld: CMakeFiles/move_turtlebot.dir/home/pi/Mobile_robotsystem/cpp/src/communication_protocol/application_layer.cpp.o: in function `ApplicationLayer::encode_message(std::__cxx11::basic_string<char, std::char_traits<char>, std::allocator<char> > const&)':
[1.898s] application_layer.cpp:(.text+0x1380): multiple definition of `ApplicationLayer::encode_message(std::__cxx11::basic_string<char, std::char_traits<char>, std::allocator<char> > const&)'; CMakeFiles/move_turtlebot.dir/src/main.cpp.o:main.cpp:(.text+0x1388): first defined here
[1.899s] /usr/bin/ld: CMakeFiles/move_turtlebot.dir/home/pi/Mobile_robotsystem/cpp/src/communication_protocol/application_layer.cpp.o: in function `ApplicationLayer::decode_message(std::__cxx11::basic_string<char, std::char_traits<char>, std::allocator<char> > const&)':
[1.901s] application_layer.cpp:(.text+0x1414): multiple definition of `ApplicationLayer::decode_message(std::__cxx11::basic_string<char, std::char_traits<char>, std::allocator<char> > const&)'; CMakeFiles/move_turtlebot.dir/src/main.cpp.o:main.cpp:(.text+0x141c): first defined here
[5.196s] collect2: error: ld returned 1 exit status
[5.207s] gmake[2]: *** [CMakeFiles/move_turtlebot.dir/build.make:421: move_turtlebot] Error 1
[5.210s] gmake[1]: *** [CMakeFiles/Makefile2:137: CMakeFiles/move_turtlebot.dir/all] Error 2
[5.213s] gmake: *** [Makefile:146: all] Error 2
[5.230s] Invoked command in '/home/pi/Mobile_robotsystem/ros2_ws/build/turtlebot3_control' returned '2': CMAKE_PREFIX_PATH=${CMAKE_PREFIX_PATH}:/home/pi/turtlebot3_ws/install/turtlebot3_teleop:/home/pi/turtlebot3_ws/install/turtlebot3_example:/opt/ros/humble /usr/bin/cmake --build /home/pi/Mobile_robotsystem/ros2_ws/build/turtlebot3_control -- -j4 -l4
