[0.011s] Invoking command in '/home/chris/git/Mobile_robotsystem/robot_code/cpp/ros2_ws/build/turtlebot3_control': /usr/bin/cmake --build /home/chris/git/Mobile_robotsystem/robot_code/cpp/ros2_ws/build/turtlebot3_control -- -j16 -l16
[0.059s] -- Found ament_cmake: 1.3.10 (/opt/ros/humble/share/ament_cmake/cmake)
[0.185s] -- Found rclcpp: 16.0.10 (/opt/ros/humble/share/rclcpp/cmake)
[0.222s] -- Found rosidl_generator_c: 3.1.5 (/opt/ros/humble/share/rosidl_generator_c/cmake)
[0.225s] -- Found rosidl_adapter: 3.1.5 (/opt/ros/humble/share/rosidl_adapter/cmake)
[0.233s] -- Found rosidl_generator_cpp: 3.1.5 (/opt/ros/humble/share/rosidl_generator_cpp/cmake)
[0.243s] -- Using all available rosidl_typesupport_c: rosidl_typesupport_fastrtps_c;rosidl_typesupport_introspection_c
[0.255s] -- Using all available rosidl_typesupport_cpp: rosidl_typesupport_fastrtps_cpp;rosidl_typesupport_introspection_cpp
[0.290s] -- Found rmw_implementation_cmake: 6.1.2 (/opt/ros/humble/share/rmw_implementation_cmake/cmake)
[0.292s] -- Found rmw_fastrtps_cpp: 6.2.7 (/opt/ros/humble/share/rmw_fastrtps_cpp/cmake)
[0.426s] -- Using RMW implementation 'rmw_fastrtps_cpp' as default
[0.476s] -- Found geometry_msgs: 4.2.4 (/opt/ros/humble/share/geometry_msgs/cmake)
[0.488s] -- Found nav_msgs: 4.2.4 (/opt/ros/humble/share/nav_msgs/cmake)
[0.503s] -- Found tf2: 0.25.8 (/opt/ros/humble/share/tf2/cmake)
[0.507s] -- Found tf2_geometry_msgs: 0.25.8 (/opt/ros/humble/share/tf2_geometry_msgs/cmake)
[0.510s] -- Found eigen3_cmake_module: 0.1.1 (/opt/ros/humble/share/eigen3_cmake_module/cmake)
[0.511s] -- Ensuring Eigen3 include directory is part of orocos-kdl CMake target
[0.589s] -- Found rosidl_default_generators: 1.2.0 (/opt/ros/humble/share/rosidl_default_generators/cmake)
[0.652s] -- Configuring done
[0.672s] -- Generating done
[0.675s] -- Build files have been written to: /home/chris/git/Mobile_robotsystem/robot_code/cpp/ros2_ws/build/turtlebot3_control
[0.707s] [35m[1mConsolidate compiler generated dependencies of target move_turtlebot[0m
[0.748s] [ 66%] [32mBuilding CXX object CMakeFiles/move_turtlebot.dir/src/move_turtlebot.cpp.o[0m
[0.748s] [ 66%] [32mBuilding CXX object CMakeFiles/move_turtlebot.dir/src/main.cpp.o[0m
[4.597s] [100%] [32m[1mLinking CXX executable move_turtlebot[0m
[4.815s] [100%] Built target move_turtlebot
[4.828s] Invoked command in '/home/chris/git/Mobile_robotsystem/robot_code/cpp/ros2_ws/build/turtlebot3_control' returned '0': /usr/bin/cmake --build /home/chris/git/Mobile_robotsystem/robot_code/cpp/ros2_ws/build/turtlebot3_control -- -j16 -l16
[4.886s] Invoking command in '/home/chris/git/Mobile_robotsystem/robot_code/cpp/ros2_ws/build/turtlebot3_control': /usr/bin/cmake --install /home/chris/git/Mobile_robotsystem/robot_code/cpp/ros2_ws/build/turtlebot3_control
[4.893s] -- Install configuration: ""
[4.893s] -- Installing: /home/chris/git/Mobile_robotsystem/robot_code/cpp/ros2_ws/install/turtlebot3_control/lib/turtlebot3_control/move_turtlebot
[4.895s] -- Set runtime path of "/home/chris/git/Mobile_robotsystem/robot_code/cpp/ros2_ws/install/turtlebot3_control/lib/turtlebot3_control/move_turtlebot" to ""
[4.896s] -- Up-to-date: /home/chris/git/Mobile_robotsystem/robot_code/cpp/ros2_ws/install/turtlebot3_control/share/ament_index/resource_index/package_run_dependencies/turtlebot3_control
[4.896s] -- Installing: /home/chris/git/Mobile_robotsystem/robot_code/cpp/ros2_ws/install/turtlebot3_control/share/ament_index/resource_index/parent_prefix_path/turtlebot3_control
[4.896s] -- Installing: /home/chris/git/Mobile_robotsystem/robot_code/cpp/ros2_ws/install/turtlebot3_control/share/turtlebot3_control/environment/ament_prefix_path.sh
[4.896s] -- Installing: /home/chris/git/Mobile_robotsystem/robot_code/cpp/ros2_ws/install/turtlebot3_control/share/turtlebot3_control/environment/ament_prefix_path.dsv
[4.896s] -- Installing: /home/chris/git/Mobile_robotsystem/robot_code/cpp/ros2_ws/install/turtlebot3_control/share/turtlebot3_control/environment/path.sh
[4.896s] -- Installing: /home/chris/git/Mobile_robotsystem/robot_code/cpp/ros2_ws/install/turtlebot3_control/share/turtlebot3_control/environment/path.dsv
[4.897s] -- Up-to-date: /home/chris/git/Mobile_robotsystem/robot_code/cpp/ros2_ws/install/turtlebot3_control/share/turtlebot3_control/local_setup.bash
[4.897s] -- Up-to-date: /home/chris/git/Mobile_robotsystem/robot_code/cpp/ros2_ws/install/turtlebot3_control/share/turtlebot3_control/local_setup.sh
[4.897s] -- Up-to-date: /home/chris/git/Mobile_robotsystem/robot_code/cpp/ros2_ws/install/turtlebot3_control/share/turtlebot3_control/local_setup.zsh
[4.897s] -- Installing: /home/chris/git/Mobile_robotsystem/robot_code/cpp/ros2_ws/install/turtlebot3_control/share/turtlebot3_control/local_setup.dsv
[4.897s] -- Installing: /home/chris/git/Mobile_robotsystem/robot_code/cpp/ros2_ws/install/turtlebot3_control/share/turtlebot3_control/package.dsv
[4.897s] -- Up-to-date: /home/chris/git/Mobile_robotsystem/robot_code/cpp/ros2_ws/install/turtlebot3_control/share/ament_index/resource_index/packages/turtlebot3_control
[4.897s] -- Up-to-date: /home/chris/git/Mobile_robotsystem/robot_code/cpp/ros2_ws/install/turtlebot3_control/share/turtlebot3_control/cmake/turtlebot3_controlConfig.cmake
[4.897s] -- Up-to-date: /home/chris/git/Mobile_robotsystem/robot_code/cpp/ros2_ws/install/turtlebot3_control/share/turtlebot3_control/cmake/turtlebot3_controlConfig-version.cmake
[4.897s] -- Up-to-date: /home/chris/git/Mobile_robotsystem/robot_code/cpp/ros2_ws/install/turtlebot3_control/share/turtlebot3_control/package.xml
[4.900s] Invoked command in '/home/chris/git/Mobile_robotsystem/robot_code/cpp/ros2_ws/build/turtlebot3_control' returned '0': /usr/bin/cmake --install /home/chris/git/Mobile_robotsystem/robot_code/cpp/ros2_ws/build/turtlebot3_control
