[0.194s] Invoking command in '/home/pi/ros2_ws/build/turtlebot3_control': CMAKE_PREFIX_PATH=${CMAKE_PREFIX_PATH}:/home/pi/turtlebot3_ws/install/turtlebot3_teleop:/home/pi/turtlebot3_ws/install/turtlebot3_example:/opt/ros/humble /usr/bin/cmake --build /home/pi/ros2_ws/build/turtlebot3_control -- -j4 -l4
[0.758s] [35m[1mConsolidate compiler generated dependencies of target move_turtlebot[0m
[1.023s] [ 16%] [32mBuilding CXX object CMakeFiles/move_turtlebot.dir/src/main.cpp.o[0m
[39.448s] In file included from [01m[K/home/pi/ros2_ws/src/turtlebot3_control/src/main.cpp:9[m[K:
[39.461s] [01m[K/home/pi/ros2_ws/src/turtlebot3_control/include/audio_input.h:61:12:[m[K [01;35m[Kwarning: [m[K‘[01m[Kint read_mic_callback(const void*, void*, long unsigned int, const PaStreamCallbackTimeInfo*, PaStreamCallbackFlags, void*)[m[K’ declared ‘[01m[Kstatic[m[K’ but never defined [[01;35m[K]8;;https://gcc.gnu.org/onlinedocs/gcc/Warning-Options.html#index-Wunused-function-Wunused-function]8;;[m[K]
[39.463s]    61 | static int [01;35m[Kread_mic_callback[m[K(const void *input_buffer, void *output_buffer,
[39.464s]       |            [01;35m[K^~~~~~~~~~~~~~~~~[m[K
[51.560s] [ 33%] [32m[1mLinking CXX executable move_turtlebot[0m
[56.003s] [100%] Built target move_turtlebot
[56.239s] Invoked command in '/home/pi/ros2_ws/build/turtlebot3_control' returned '0': CMAKE_PREFIX_PATH=${CMAKE_PREFIX_PATH}:/home/pi/turtlebot3_ws/install/turtlebot3_teleop:/home/pi/turtlebot3_ws/install/turtlebot3_example:/opt/ros/humble /usr/bin/cmake --build /home/pi/ros2_ws/build/turtlebot3_control -- -j4 -l4
[56.343s] Invoking command in '/home/pi/ros2_ws/build/turtlebot3_control': CMAKE_PREFIX_PATH=${CMAKE_PREFIX_PATH}:/home/pi/turtlebot3_ws/install/turtlebot3_teleop:/home/pi/turtlebot3_ws/install/turtlebot3_example:/opt/ros/humble /usr/bin/cmake --install /home/pi/ros2_ws/build/turtlebot3_control
[56.416s] -- Install configuration: ""
[56.434s] -- Installing: /home/pi/ros2_ws/install/turtlebot3_control/lib/turtlebot3_control/move_turtlebot
[56.456s] -- Set runtime path of "/home/pi/ros2_ws/install/turtlebot3_control/lib/turtlebot3_control/move_turtlebot" to ""
[56.467s] -- Up-to-date: /home/pi/ros2_ws/install/turtlebot3_control/share/ament_index/resource_index/package_run_dependencies/turtlebot3_control
[56.470s] -- Up-to-date: /home/pi/ros2_ws/install/turtlebot3_control/share/ament_index/resource_index/parent_prefix_path/turtlebot3_control
[56.479s] -- Up-to-date: /home/pi/ros2_ws/install/turtlebot3_control/share/turtlebot3_control/environment/ament_prefix_path.sh
[56.481s] -- Up-to-date: /home/pi/ros2_ws/install/turtlebot3_control/share/turtlebot3_control/environment/ament_prefix_path.dsv
[56.483s] -- Up-to-date: /home/pi/ros2_ws/install/turtlebot3_control/share/turtlebot3_control/environment/path.sh
[56.485s] -- Up-to-date: /home/pi/ros2_ws/install/turtlebot3_control/share/turtlebot3_control/environment/path.dsv
[56.487s] -- Up-to-date: /home/pi/ros2_ws/install/turtlebot3_control/share/turtlebot3_control/local_setup.bash
[56.489s] -- Up-to-date: /home/pi/ros2_ws/install/turtlebot3_control/share/turtlebot3_control/local_setup.sh
[56.490s] -- Up-to-date: /home/pi/ros2_ws/install/turtlebot3_control/share/turtlebot3_control/local_setup.zsh
[56.491s] -- Up-to-date: /home/pi/ros2_ws/install/turtlebot3_control/share/turtlebot3_control/local_setup.dsv
[56.492s] -- Installing: /home/pi/ros2_ws/install/turtlebot3_control/share/turtlebot3_control/package.dsv
[56.495s] -- Up-to-date: /home/pi/ros2_ws/install/turtlebot3_control/share/ament_index/resource_index/packages/turtlebot3_control
[56.499s] -- Up-to-date: /home/pi/ros2_ws/install/turtlebot3_control/share/turtlebot3_control/cmake/turtlebot3_controlConfig.cmake
[56.500s] -- Up-to-date: /home/pi/ros2_ws/install/turtlebot3_control/share/turtlebot3_control/cmake/turtlebot3_controlConfig-version.cmake
[56.501s] -- Up-to-date: /home/pi/ros2_ws/install/turtlebot3_control/share/turtlebot3_control/package.xml
[56.516s] Invoked command in '/home/pi/ros2_ws/build/turtlebot3_control' returned '0': CMAKE_PREFIX_PATH=${CMAKE_PREFIX_PATH}:/home/pi/turtlebot3_ws/install/turtlebot3_teleop:/home/pi/turtlebot3_ws/install/turtlebot3_example:/opt/ros/humble /usr/bin/cmake --install /home/pi/ros2_ws/build/turtlebot3_control
