[0.127s] Invoking command in '/home/pi/ros2_ws/build/turtlebot3_control': CMAKE_PREFIX_PATH=${CMAKE_PREFIX_PATH}:/home/pi/turtlebot3_ws/install/turtlebot3_teleop:/home/pi/turtlebot3_ws/install/turtlebot3_example:/opt/ros/humble /usr/bin/cmake --build /home/pi/ros2_ws/build/turtlebot3_control -- -j4 -l4
[0.487s] [35m[1mConsolidate compiler generated dependencies of target move_turtlebot[0m
[0.712s] [ 20%] [32mBuilding CXX object CMakeFiles/move_turtlebot.dir/src/audio_input.cpp.o[0m
[7.129s] [01m[K/home/pi/ros2_ws/src/turtlebot3_control/src/audio_input.cpp:[m[K In function ‘[01m[Kint read_mic_callback(const void*, void*, long unsigned int, const PaStreamCallbackTimeInfo*, PaStreamCallbackFlags, void*)[m[K’:
[7.130s] [01m[K/home/pi/ros2_ws/src/turtlebot3_control/src/audio_input.cpp:162:60:[m[K [01;35m[Kwarning: [m[Kunused parameter ‘[01m[Ktime_info[m[K’ [[01;35m[K]8;;https://gcc.gnu.org/onlinedocs/gcc/Warning-Options.html#index-Wunused-parameter-Wunused-parameter]8;;[m[K]
[7.133s]   162 |                      [01;35m[Kconst PaStreamCallbackTimeInfo* time_info[m[K,
[7.134s]       |                      [01;35m[K~~~~~~~~~~~~~~~~~~~~~~~~~~~~~~~~^~~~~~~~~[m[K
[7.135s] 
[7.136s] [01m[K/home/pi/ros2_ws/src/turtlebot3_control/src/audio_input.cpp:163:50:[m[K [01;35m[Kwarning: [m[Kunused parameter ‘[01m[Kstatus_flags[m[K’ [[01;35m[K]8;;https://gcc.gnu.org/onlinedocs/gcc/Warning-Options.html#index-Wunused-parameter-Wunused-parameter]8;;[m[K]
[7.137s]   163 |                            [01;35m[KPaStreamCallbackFlags status_flags[m[K,
[7.138s]       |                            [01;35m[K~~~~~~~~~~~~~~~~~~~~~~^~~~~~~~~~~~[m[K
[9.625s] [ 40%] [32m[1mLinking CXX executable move_turtlebot[0m
[10.891s] [100%] Built target move_turtlebot
[10.973s] Invoked command in '/home/pi/ros2_ws/build/turtlebot3_control' returned '0': CMAKE_PREFIX_PATH=${CMAKE_PREFIX_PATH}:/home/pi/turtlebot3_ws/install/turtlebot3_teleop:/home/pi/turtlebot3_ws/install/turtlebot3_example:/opt/ros/humble /usr/bin/cmake --build /home/pi/ros2_ws/build/turtlebot3_control -- -j4 -l4
[11.053s] Invoking command in '/home/pi/ros2_ws/build/turtlebot3_control': CMAKE_PREFIX_PATH=${CMAKE_PREFIX_PATH}:/home/pi/turtlebot3_ws/install/turtlebot3_teleop:/home/pi/turtlebot3_ws/install/turtlebot3_example:/opt/ros/humble /usr/bin/cmake --install /home/pi/ros2_ws/build/turtlebot3_control
[11.106s] -- Install configuration: ""
[11.108s] -- Installing: /home/pi/ros2_ws/install/turtlebot3_control/lib/turtlebot3_control/move_turtlebot
[11.116s] -- Set runtime path of "/home/pi/ros2_ws/install/turtlebot3_control/lib/turtlebot3_control/move_turtlebot" to ""
[11.117s] -- Up-to-date: /home/pi/ros2_ws/install/turtlebot3_control/share/ament_index/resource_index/package_run_dependencies/turtlebot3_control
[11.119s] -- Up-to-date: /home/pi/ros2_ws/install/turtlebot3_control/share/ament_index/resource_index/parent_prefix_path/turtlebot3_control
[11.121s] -- Up-to-date: /home/pi/ros2_ws/install/turtlebot3_control/share/turtlebot3_control/environment/ament_prefix_path.sh
[11.123s] -- Up-to-date: /home/pi/ros2_ws/install/turtlebot3_control/share/turtlebot3_control/environment/ament_prefix_path.dsv
[11.125s] -- Up-to-date: /home/pi/ros2_ws/install/turtlebot3_control/share/turtlebot3_control/environment/path.sh
[11.126s] -- Up-to-date: /home/pi/ros2_ws/install/turtlebot3_control/share/turtlebot3_control/environment/path.dsv
[11.127s] -- Up-to-date: /home/pi/ros2_ws/install/turtlebot3_control/share/turtlebot3_control/local_setup.bash
[11.128s] -- Up-to-date: /home/pi/ros2_ws/install/turtlebot3_control/share/turtlebot3_control/local_setup.sh
[11.130s] -- Up-to-date: /home/pi/ros2_ws/install/turtlebot3_control/share/turtlebot3_control/local_setup.zsh
[11.131s] -- Up-to-date: /home/pi/ros2_ws/install/turtlebot3_control/share/turtlebot3_control/local_setup.dsv
[11.132s] -- Installing: /home/pi/ros2_ws/install/turtlebot3_control/share/turtlebot3_control/package.dsv
[11.133s] -- Up-to-date: /home/pi/ros2_ws/install/turtlebot3_control/share/ament_index/resource_index/packages/turtlebot3_control
[11.134s] -- Up-to-date: /home/pi/ros2_ws/install/turtlebot3_control/share/turtlebot3_control/cmake/turtlebot3_controlConfig.cmake
[11.135s] -- Up-to-date: /home/pi/ros2_ws/install/turtlebot3_control/share/turtlebot3_control/cmake/turtlebot3_controlConfig-version.cmake
[11.136s] -- Up-to-date: /home/pi/ros2_ws/install/turtlebot3_control/share/turtlebot3_control/package.xml
[11.145s] Invoked command in '/home/pi/ros2_ws/build/turtlebot3_control' returned '0': CMAKE_PREFIX_PATH=${CMAKE_PREFIX_PATH}:/home/pi/turtlebot3_ws/install/turtlebot3_teleop:/home/pi/turtlebot3_ws/install/turtlebot3_example:/opt/ros/humble /usr/bin/cmake --install /home/pi/ros2_ws/build/turtlebot3_control
