[0.012s] Invoking command in '/home/chris/git/Mobile_robotsystem/robot_code/cpp/ros2_ws_gazebo/src/build/turtlebot3_fake_node': /usr/bin/cmake /home/chris/git/Mobile_robotsystem/robot_code/cpp/ros2_ws_gazebo/src/turtlebot3_simulations/turtlebot3_fake_node -DCMAKE_INSTALL_PREFIX=/home/chris/git/Mobile_robotsystem/robot_code/cpp/ros2_ws_gazebo/src/install/turtlebot3_fake_node
[0.083s] -- The C compiler identification is GNU 11.4.0
[0.154s] -- The CXX compiler identification is GNU 11.4.0
[0.163s] -- Detecting C compiler ABI info
[0.251s] -- Detecting C compiler ABI info - done
[0.257s] -- Check for working C compiler: /usr/bin/cc - skipped
[0.257s] -- Detecting C compile features
[0.257s] -- Detecting C compile features - done
[0.261s] -- Detecting CXX compiler ABI info
[0.364s] -- Detecting CXX compiler ABI info - done
[0.370s] -- Check for working CXX compiler: /usr/bin/c++ - skipped
[0.371s] -- Detecting CXX compile features
[0.371s] -- Detecting CXX compile features - done
[0.375s] -- Found ament_cmake: 1.3.10 (/opt/ros/humble/share/ament_cmake/cmake)
[0.539s] -- Found Python3: /usr/bin/python3 (found version "3.10.12") found components: Interpreter 
[0.653s] [31mCMake Error at CMakeLists.txt:19 (find_package):
[0.653s]   By not providing "Findgeometry_msgs.cmake" in CMAKE_MODULE_PATH this
[0.653s]   project has asked CMake to find a package configuration file provided by
[0.653s]   "geometry_msgs", but CMake did not find one.
[0.653s] 
[0.654s]   Could not find a package configuration file provided by "geometry_msgs"
[0.654s]   with any of the following names:
[0.654s] 
[0.654s]     geometry_msgsConfig.cmake
[0.654s]     geometry_msgs-config.cmake
[0.654s] 
[0.654s]   Add the installation prefix of "geometry_msgs" to CMAKE_PREFIX_PATH or set
[0.654s]   "geometry_msgs_DIR" to a directory containing one of the above files.  If
[0.654s]   "geometry_msgs" provides a separate development package or SDK, be sure it
[0.654s]   has been installed.
[0.654s] 
[0.654s] [0m
[0.654s] -- Configuring incomplete, errors occurred!
[0.654s] See also "/home/chris/git/Mobile_robotsystem/robot_code/cpp/ros2_ws_gazebo/src/build/turtlebot3_fake_node/CMakeFiles/CMakeOutput.log".
[0.659s] Invoked command in '/home/chris/git/Mobile_robotsystem/robot_code/cpp/ros2_ws_gazebo/src/build/turtlebot3_fake_node' returned '1': /usr/bin/cmake /home/chris/git/Mobile_robotsystem/robot_code/cpp/ros2_ws_gazebo/src/turtlebot3_simulations/turtlebot3_fake_node -DCMAKE_INSTALL_PREFIX=/home/chris/git/Mobile_robotsystem/robot_code/cpp/ros2_ws_gazebo/src/install/turtlebot3_fake_node
