-- The C compiler identification is GNU 11.4.0
-- The CXX compiler identification is GNU 11.4.0
-- Detecting C compiler ABI info
-- Detecting C compiler ABI info - done
-- Check for working C compiler: /usr/bin/cc - skipped
-- Detecting C compile features
-- Detecting C compile features - done
-- Detecting CXX compiler ABI info
-- Detecting CXX compiler ABI info - done
-- Check for working CXX compiler: /usr/bin/c++ - skipped
-- Detecting CXX compile features
-- Detecting CXX compile features - done
-- Found SFML 2.5.1 in /usr/lib/aarch64-linux-gnu/cmake/SFML
-- Found ament_cmake: 1.3.10 (/opt/ros/humble/share/ament_cmake/cmake)
-- Found Python3: /usr/bin/python3 (found version "3.10.12") found components: Interpreter 
-- Found rclcpp: 16.0.10 (/opt/ros/humble/share/rclcpp/cmake)
-- Found rosidl_generator_c: 3.1.5 (/opt/ros/humble/share/rosidl_generator_c/cmake)
-- Found rosidl_adapter: 3.1.5 (/opt/ros/humble/share/rosidl_adapter/cmake)
-- Found rosidl_generator_cpp: 3.1.5 (/opt/ros/humble/share/rosidl_generator_cpp/cmake)
-- Using all available rosidl_typesupport_c: rosidl_typesupport_fastrtps_c;rosidl_typesupport_introspection_c
-- Using all available rosidl_typesupport_cpp: rosidl_typesupport_fastrtps_cpp;rosidl_typesupport_introspection_cpp
-- Found rmw_implementation_cmake: 6.1.2 (/opt/ros/humble/share/rmw_implementation_cmake/cmake)
-- Found rmw_fastrtps_cpp: 6.2.7 (/opt/ros/humble/share/rmw_fastrtps_cpp/cmake)
-- Found OpenSSL: /usr/lib/aarch64-linux-gnu/libcrypto.so (found version "3.0.2")  
-- Found FastRTPS: /opt/ros/humble/include  
-- Using RMW implementation 'rmw_fastrtps_cpp' as default
-- Looking for pthread.h
-- Looking for pthread.h - found
-- Performing Test CMAKE_HAVE_LIBC_PTHREAD
-- Performing Test CMAKE_HAVE_LIBC_PTHREAD - Success
-- Found Threads: TRUE  
-- Found geometry_msgs: 4.2.4 (/opt/ros/humble/share/geometry_msgs/cmake)
-- Found nav_msgs: 4.2.4 (/opt/ros/humble/share/nav_msgs/cmake)
-- Found tf2: 0.25.8 (/opt/ros/humble/share/tf2/cmake)
-- Found tf2_geometry_msgs: 0.25.8 (/opt/ros/humble/share/tf2_geometry_msgs/cmake)
-- Found eigen3_cmake_module: 0.1.1 (/opt/ros/humble/share/eigen3_cmake_module/cmake)
-- Found Eigen3: TRUE (found version "3.4.0") 
-- Ensuring Eigen3 include directory is part of orocos-kdl CMake target
-- Found rosidl_default_generators: 1.2.0 (/opt/ros/humble/share/rosidl_default_generators/cmake)
-- Found PortAudio: /usr/local/lib/libportaudio.so
-- Found PortAudio headers: /usr/local/include
-- Found SFML 2.5.1 in /usr/lib/aarch64-linux-gnu/cmake/SFML
-- SFML found: 
-- Configuring done
-- Generating done
-- Build files have been written to: /home/pi/Mobile_robotsystem/ros2_ws/build/turtlebot3_control
[ 13%] [32mBuilding CXX object CMakeFiles/move_turtlebot.dir/src/move_turtlebot.cpp.o[0m
[ 13%] [32mBuilding CXX object CMakeFiles/move_turtlebot.dir/src/main.cpp.o[0m
[ 20%] [32mBuilding CXX object CMakeFiles/move_turtlebot.dir/home/pi/Mobile_robotsystem/cpp/src/audio/audio_input.cpp.o[0m
[ 26%] [32mBuilding CXX object CMakeFiles/move_turtlebot.dir/home/pi/Mobile_robotsystem/cpp/src/audio/wave_generator.cpp.o[0m
[ 33%] [32mBuilding CXX object CMakeFiles/move_turtlebot.dir/home/pi/Mobile_robotsystem/cpp/src/algorithms/goertzel.cpp.o[0m
[ 46%] [32mBuilding CXX object CMakeFiles/move_turtlebot.dir/home/pi/Mobile_robotsystem/cpp/src/communication_protocol/data_link_layer.cpp.o[0m
[ 46%] [32mBuilding CXX object CMakeFiles/move_turtlebot.dir/home/pi/Mobile_robotsystem/cpp/src/communication_protocol/physical_layer.cpp.o[0m
[ 53%] [32mBuilding CXX object CMakeFiles/move_turtlebot.dir/home/pi/Mobile_robotsystem/cpp/src/communication_protocol/crc.cpp.o[0m
[ 60%] [32mBuilding CXX object CMakeFiles/move_turtlebot.dir/home/pi/Mobile_robotsystem/cpp/src/interfaces/al_to_tl.cpp.o[0m
[ 66%] [32mBuilding CXX object CMakeFiles/move_turtlebot.dir/home/pi/Mobile_robotsystem/cpp/src/interfaces/tl_to_dll.cpp.o[0m
[ 73%] [32mBuilding CXX object CMakeFiles/move_turtlebot.dir/home/pi/Mobile_robotsystem/cpp/src/interfaces/dll_to_pl.cpp.o[0m
[ 80%] [32mBuilding CXX object CMakeFiles/move_turtlebot.dir/home/pi/Mobile_robotsystem/cpp/src/interfaces/signal_processing.cpp.o[0m
[ 86%] [32mBuilding CXX object CMakeFiles/move_turtlebot.dir/home/pi/Mobile_robotsystem/cpp/src/communication_protocol/transport_layer.cpp.o[0m
[ 93%] [32mBuilding CXX object CMakeFiles/move_turtlebot.dir/home/pi/Mobile_robotsystem/cpp/src/communication_protocol/application_layer.cpp.o[0m
[100%] [32m[1mLinking CXX executable move_turtlebot[0m
