[0.009s] Invoking command in '/home/sarah/git/Mobile_robotsystem/robot_code/cpp/ros2_ws/build/turtlebot3_control': /usr/bin/cmake --build /home/sarah/git/Mobile_robotsystem/robot_code/cpp/ros2_ws/build/turtlebot3_control -- -j16 -l16
[0.054s] [35m[1mConsolidate compiler generated dependencies of target move_turtlebot[0m
[0.066s] [ 33%] [32mBuilding CXX object CMakeFiles/move_turtlebot.dir/src/main.cpp.o[0m
[0.066s] [ 66%] [32mBuilding CXX object CMakeFiles/move_turtlebot.dir/src/move_turtlebot.cpp.o[0m
[3.033s] [100%] [32m[1mLinking CXX executable move_turtlebot[0m
[3.321s] [100%] Built target move_turtlebot
[3.328s] Invoked command in '/home/sarah/git/Mobile_robotsystem/robot_code/cpp/ros2_ws/build/turtlebot3_control' returned '0': /usr/bin/cmake --build /home/sarah/git/Mobile_robotsystem/robot_code/cpp/ros2_ws/build/turtlebot3_control -- -j16 -l16
[3.347s] Invoking command in '/home/sarah/git/Mobile_robotsystem/robot_code/cpp/ros2_ws/build/turtlebot3_control': /usr/bin/cmake --install /home/sarah/git/Mobile_robotsystem/robot_code/cpp/ros2_ws/build/turtlebot3_control
[3.350s] -- Install configuration: ""
[3.351s] -- Installing: /home/sarah/git/Mobile_robotsystem/robot_code/cpp/ros2_ws/install/turtlebot3_control/lib/turtlebot3_control/move_turtlebot
[3.352s] -- Set runtime path of "/home/sarah/git/Mobile_robotsystem/robot_code/cpp/ros2_ws/install/turtlebot3_control/lib/turtlebot3_control/move_turtlebot" to ""
[3.352s] -- Up-to-date: /home/sarah/git/Mobile_robotsystem/robot_code/cpp/ros2_ws/install/turtlebot3_control/share/ament_index/resource_index/package_run_dependencies/turtlebot3_control
[3.352s] -- Up-to-date: /home/sarah/git/Mobile_robotsystem/robot_code/cpp/ros2_ws/install/turtlebot3_control/share/ament_index/resource_index/parent_prefix_path/turtlebot3_control
[3.352s] -- Up-to-date: /home/sarah/git/Mobile_robotsystem/robot_code/cpp/ros2_ws/install/turtlebot3_control/share/turtlebot3_control/environment/ament_prefix_path.sh
[3.353s] -- Up-to-date: /home/sarah/git/Mobile_robotsystem/robot_code/cpp/ros2_ws/install/turtlebot3_control/share/turtlebot3_control/environment/ament_prefix_path.dsv
[3.353s] -- Up-to-date: /home/sarah/git/Mobile_robotsystem/robot_code/cpp/ros2_ws/install/turtlebot3_control/share/turtlebot3_control/environment/path.sh
[3.353s] -- Up-to-date: /home/sarah/git/Mobile_robotsystem/robot_code/cpp/ros2_ws/install/turtlebot3_control/share/turtlebot3_control/environment/path.dsv
[3.353s] -- Up-to-date: /home/sarah/git/Mobile_robotsystem/robot_code/cpp/ros2_ws/install/turtlebot3_control/share/turtlebot3_control/local_setup.bash
[3.353s] -- Up-to-date: /home/sarah/git/Mobile_robotsystem/robot_code/cpp/ros2_ws/install/turtlebot3_control/share/turtlebot3_control/local_setup.sh
[3.353s] -- Up-to-date: /home/sarah/git/Mobile_robotsystem/robot_code/cpp/ros2_ws/install/turtlebot3_control/share/turtlebot3_control/local_setup.zsh
[3.353s] -- Up-to-date: /home/sarah/git/Mobile_robotsystem/robot_code/cpp/ros2_ws/install/turtlebot3_control/share/turtlebot3_control/local_setup.dsv
[3.353s] -- Installing: /home/sarah/git/Mobile_robotsystem/robot_code/cpp/ros2_ws/install/turtlebot3_control/share/turtlebot3_control/package.dsv
[3.354s] -- Up-to-date: /home/sarah/git/Mobile_robotsystem/robot_code/cpp/ros2_ws/install/turtlebot3_control/share/ament_index/resource_index/packages/turtlebot3_control
[3.354s] -- Up-to-date: /home/sarah/git/Mobile_robotsystem/robot_code/cpp/ros2_ws/install/turtlebot3_control/share/turtlebot3_control/cmake/turtlebot3_controlConfig.cmake
[3.354s] -- Up-to-date: /home/sarah/git/Mobile_robotsystem/robot_code/cpp/ros2_ws/install/turtlebot3_control/share/turtlebot3_control/cmake/turtlebot3_controlConfig-version.cmake
[3.354s] -- Up-to-date: /home/sarah/git/Mobile_robotsystem/robot_code/cpp/ros2_ws/install/turtlebot3_control/share/turtlebot3_control/package.xml
[3.354s] Invoked command in '/home/sarah/git/Mobile_robotsystem/robot_code/cpp/ros2_ws/build/turtlebot3_control' returned '0': /usr/bin/cmake --install /home/sarah/git/Mobile_robotsystem/robot_code/cpp/ros2_ws/build/turtlebot3_control
