[0.012s] Invoking command in '/home/chris/git/Mobile_robotsystem/robot_code/cpp/ros2_ws_gazebo/build/turtlebot3_fake_node': /usr/bin/cmake /home/chris/git/Mobile_robotsystem/robot_code/cpp/ros2_ws_gazebo/src/turtlebot3_simulations/turtlebot3_fake_node -DCMAKE_INSTALL_PREFIX=/home/chris/git/Mobile_robotsystem/robot_code/cpp/ros2_ws_gazebo/install/turtlebot3_fake_node
[0.094s] -- The C compiler identification is GNU 11.4.0
[0.168s] -- The CXX compiler identification is GNU 11.4.0
[0.178s] -- Detecting C compiler ABI info
[0.293s] -- Detecting C compiler ABI info - done
[0.300s] -- Check for working C compiler: /usr/bin/cc - skipped
[0.300s] -- Detecting C compile features
[0.300s] -- Detecting C compile features - done
[0.303s] -- Detecting CXX compiler ABI info
[0.416s] -- Detecting CXX compiler ABI info - done
[0.423s] -- Check for working CXX compiler: /usr/bin/c++ - skipped
[0.424s] -- Detecting CXX compile features
[0.424s] -- Detecting CXX compile features - done
[0.429s] -- Found ament_cmake: 1.3.10 (/opt/ros/humble/share/ament_cmake/cmake)
[0.608s] -- Found Python3: /usr/bin/python3 (found version "3.10.12") found components: Interpreter 
[0.723s] -- Found geometry_msgs: 4.2.4 (/opt/ros/humble/share/geometry_msgs/cmake)
[0.769s] -- Found rosidl_generator_c: 3.1.5 (/opt/ros/humble/share/rosidl_generator_c/cmake)
[0.775s] -- Found rosidl_adapter: 3.1.5 (/opt/ros/humble/share/rosidl_adapter/cmake)
[0.784s] -- Found rosidl_generator_cpp: 3.1.5 (/opt/ros/humble/share/rosidl_generator_cpp/cmake)
[0.797s] -- Using all available rosidl_typesupport_c: rosidl_typesupport_fastrtps_c;rosidl_typesupport_introspection_c
[0.814s] -- Using all available rosidl_typesupport_cpp: rosidl_typesupport_fastrtps_cpp;rosidl_typesupport_introspection_cpp
[0.852s] -- Found nav_msgs: 4.2.4 (/opt/ros/humble/share/nav_msgs/cmake)
[0.868s] -- Found rclcpp: 16.0.10 (/opt/ros/humble/share/rclcpp/cmake)
[0.910s] -- Found rmw_implementation_cmake: 6.1.2 (/opt/ros/humble/share/rmw_implementation_cmake/cmake)
[0.914s] -- Found rmw_fastrtps_cpp: 6.2.7 (/opt/ros/humble/share/rmw_fastrtps_cpp/cmake)
[1.051s] -- Found OpenSSL: /usr/lib/x86_64-linux-gnu/libcrypto.so (found version "3.0.2")  
[1.092s] -- Found FastRTPS: /opt/ros/humble/include  
[1.153s] -- Using RMW implementation 'rmw_fastrtps_cpp' as default
[1.165s] -- Looking for pthread.h
[1.255s] -- Looking for pthread.h - found
[1.255s] -- Performing Test CMAKE_HAVE_LIBC_PTHREAD
[1.348s] -- Performing Test CMAKE_HAVE_LIBC_PTHREAD - Success
[1.349s] -- Found Threads: TRUE  
[1.388s] -- Found sensor_msgs: 4.2.4 (/opt/ros/humble/share/sensor_msgs/cmake)
[1.404s] -- Found tf2: 0.25.8 (/opt/ros/humble/share/tf2/cmake)
[1.420s] -- Found tf2_msgs: 0.25.8 (/opt/ros/humble/share/tf2_msgs/cmake)
[1.458s] -- Found turtlebot3_msgs: 2.2.3 (/opt/ros/humble/share/turtlebot3_msgs/cmake)
[1.536s] -- Configuring done
[1.554s] -- Generating done
[1.556s] -- Build files have been written to: /home/chris/git/Mobile_robotsystem/robot_code/cpp/ros2_ws_gazebo/build/turtlebot3_fake_node
[1.569s] Invoked command in '/home/chris/git/Mobile_robotsystem/robot_code/cpp/ros2_ws_gazebo/build/turtlebot3_fake_node' returned '0': /usr/bin/cmake /home/chris/git/Mobile_robotsystem/robot_code/cpp/ros2_ws_gazebo/src/turtlebot3_simulations/turtlebot3_fake_node -DCMAKE_INSTALL_PREFIX=/home/chris/git/Mobile_robotsystem/robot_code/cpp/ros2_ws_gazebo/install/turtlebot3_fake_node
[1.571s] Invoking command in '/home/chris/git/Mobile_robotsystem/robot_code/cpp/ros2_ws_gazebo/build/turtlebot3_fake_node': /usr/bin/cmake --build /home/chris/git/Mobile_robotsystem/robot_code/cpp/ros2_ws_gazebo/build/turtlebot3_fake_node -- -j16 -l16
[1.632s] [ 50%] [32mBuilding CXX object CMakeFiles/turtlebot3_fake_node.dir/src/turtlebot3_fake_node.cpp.o[0m
[12.016s] [100%] [32m[1mLinking CXX executable turtlebot3_fake_node[0m
[12.650s] [100%] Built target turtlebot3_fake_node
[12.668s] Invoked command in '/home/chris/git/Mobile_robotsystem/robot_code/cpp/ros2_ws_gazebo/build/turtlebot3_fake_node' returned '0': /usr/bin/cmake --build /home/chris/git/Mobile_robotsystem/robot_code/cpp/ros2_ws_gazebo/build/turtlebot3_fake_node -- -j16 -l16
[12.725s] Invoking command in '/home/chris/git/Mobile_robotsystem/robot_code/cpp/ros2_ws_gazebo/build/turtlebot3_fake_node': /usr/bin/cmake --install /home/chris/git/Mobile_robotsystem/robot_code/cpp/ros2_ws_gazebo/build/turtlebot3_fake_node
[12.735s] -- Install configuration: ""
[12.735s] -- Installing: /home/chris/git/Mobile_robotsystem/robot_code/cpp/ros2_ws_gazebo/install/turtlebot3_fake_node/lib/turtlebot3_fake_node/turtlebot3_fake_node
[12.747s] -- Set runtime path of "/home/chris/git/Mobile_robotsystem/robot_code/cpp/ros2_ws_gazebo/install/turtlebot3_fake_node/lib/turtlebot3_fake_node/turtlebot3_fake_node" to ""
[12.748s] -- Installing: /home/chris/git/Mobile_robotsystem/robot_code/cpp/ros2_ws_gazebo/install/turtlebot3_fake_node/share/turtlebot3_fake_node/launch
[12.748s] -- Installing: /home/chris/git/Mobile_robotsystem/robot_code/cpp/ros2_ws_gazebo/install/turtlebot3_fake_node/share/turtlebot3_fake_node/launch/rviz2.launch.py
[12.748s] -- Installing: /home/chris/git/Mobile_robotsystem/robot_code/cpp/ros2_ws_gazebo/install/turtlebot3_fake_node/share/turtlebot3_fake_node/launch/turtlebot3_fake_node.launch.py
[12.748s] -- Installing: /home/chris/git/Mobile_robotsystem/robot_code/cpp/ros2_ws_gazebo/install/turtlebot3_fake_node/share/turtlebot3_fake_node/param
[12.748s] -- Installing: /home/chris/git/Mobile_robotsystem/robot_code/cpp/ros2_ws_gazebo/install/turtlebot3_fake_node/share/turtlebot3_fake_node/param/waffle_pi.yaml
[12.749s] -- Installing: /home/chris/git/Mobile_robotsystem/robot_code/cpp/ros2_ws_gazebo/install/turtlebot3_fake_node/share/turtlebot3_fake_node/param/burger.yaml
[12.749s] -- Installing: /home/chris/git/Mobile_robotsystem/robot_code/cpp/ros2_ws_gazebo/install/turtlebot3_fake_node/share/turtlebot3_fake_node/param/waffle.yaml
[12.749s] -- Installing: /home/chris/git/Mobile_robotsystem/robot_code/cpp/ros2_ws_gazebo/install/turtlebot3_fake_node/include/
[12.749s] -- Installing: /home/chris/git/Mobile_robotsystem/robot_code/cpp/ros2_ws_gazebo/install/turtlebot3_fake_node/include//turtlebot3_fake_node
[12.749s] -- Installing: /home/chris/git/Mobile_robotsystem/robot_code/cpp/ros2_ws_gazebo/install/turtlebot3_fake_node/include//turtlebot3_fake_node/turtlebot3_fake_node.hpp
[12.750s] -- Installing: /home/chris/git/Mobile_robotsystem/robot_code/cpp/ros2_ws_gazebo/install/turtlebot3_fake_node/share/ament_index/resource_index/package_run_dependencies/turtlebot3_fake_node
[12.750s] -- Installing: /home/chris/git/Mobile_robotsystem/robot_code/cpp/ros2_ws_gazebo/install/turtlebot3_fake_node/share/ament_index/resource_index/parent_prefix_path/turtlebot3_fake_node
[12.751s] -- Installing: /home/chris/git/Mobile_robotsystem/robot_code/cpp/ros2_ws_gazebo/install/turtlebot3_fake_node/share/turtlebot3_fake_node/environment/ament_prefix_path.sh
[12.751s] -- Installing: /home/chris/git/Mobile_robotsystem/robot_code/cpp/ros2_ws_gazebo/install/turtlebot3_fake_node/share/turtlebot3_fake_node/environment/ament_prefix_path.dsv
[12.751s] -- Installing: /home/chris/git/Mobile_robotsystem/robot_code/cpp/ros2_ws_gazebo/install/turtlebot3_fake_node/share/turtlebot3_fake_node/environment/path.sh
[12.752s] -- Installing: /home/chris/git/Mobile_robotsystem/robot_code/cpp/ros2_ws_gazebo/install/turtlebot3_fake_node/share/turtlebot3_fake_node/environment/path.dsv
[12.752s] -- Installing: /home/chris/git/Mobile_robotsystem/robot_code/cpp/ros2_ws_gazebo/install/turtlebot3_fake_node/share/turtlebot3_fake_node/local_setup.bash
[12.752s] -- Installing: /home/chris/git/Mobile_robotsystem/robot_code/cpp/ros2_ws_gazebo/install/turtlebot3_fake_node/share/turtlebot3_fake_node/local_setup.sh
[12.752s] -- Installing: /home/chris/git/Mobile_robotsystem/robot_code/cpp/ros2_ws_gazebo/install/turtlebot3_fake_node/share/turtlebot3_fake_node/local_setup.zsh
[12.753s] -- Installing: /home/chris/git/Mobile_robotsystem/robot_code/cpp/ros2_ws_gazebo/install/turtlebot3_fake_node/share/turtlebot3_fake_node/local_setup.dsv
[12.753s] -- Installing: /home/chris/git/Mobile_robotsystem/robot_code/cpp/ros2_ws_gazebo/install/turtlebot3_fake_node/share/turtlebot3_fake_node/package.dsv
[12.753s] -- Installing: /home/chris/git/Mobile_robotsystem/robot_code/cpp/ros2_ws_gazebo/install/turtlebot3_fake_node/share/ament_index/resource_index/packages/turtlebot3_fake_node
[12.754s] -- Installing: /home/chris/git/Mobile_robotsystem/robot_code/cpp/ros2_ws_gazebo/install/turtlebot3_fake_node/share/turtlebot3_fake_node/cmake/ament_cmake_export_include_directories-extras.cmake
[12.754s] -- Installing: /home/chris/git/Mobile_robotsystem/robot_code/cpp/ros2_ws_gazebo/install/turtlebot3_fake_node/share/turtlebot3_fake_node/cmake/ament_cmake_export_dependencies-extras.cmake
[12.754s] -- Installing: /home/chris/git/Mobile_robotsystem/robot_code/cpp/ros2_ws_gazebo/install/turtlebot3_fake_node/share/turtlebot3_fake_node/cmake/turtlebot3_fake_nodeConfig.cmake
[12.755s] -- Installing: /home/chris/git/Mobile_robotsystem/robot_code/cpp/ros2_ws_gazebo/install/turtlebot3_fake_node/share/turtlebot3_fake_node/cmake/turtlebot3_fake_nodeConfig-version.cmake
[12.755s] -- Installing: /home/chris/git/Mobile_robotsystem/robot_code/cpp/ros2_ws_gazebo/install/turtlebot3_fake_node/share/turtlebot3_fake_node/package.xml
[12.760s] Invoked command in '/home/chris/git/Mobile_robotsystem/robot_code/cpp/ros2_ws_gazebo/build/turtlebot3_fake_node' returned '0': /usr/bin/cmake --install /home/chris/git/Mobile_robotsystem/robot_code/cpp/ros2_ws_gazebo/build/turtlebot3_fake_node
